{"contracts\\access\\TrustedForwarder.sol":{"l":{"17":0,"34":0,"35":0,"51":0,"65":0,"66":0,"67":0,"80":0,"81":0,"82":0,"84":0,"95":0,"103":0},"path":"G:\\_projects\\intercoin\\StakingContract\\src\\contracts\\access\\TrustedForwarder.sol","s":{"1":0,"2":0,"3":0,"4":0,"5":0,"6":0,"7":0,"8":0,"9":0,"10":0,"11":0,"12":0},"b":{"1":[0,0],"2":[0,0],"3":[0,0],"4":[0,0]},"f":{"1":0,"2":0,"3":0,"4":0,"5":0,"6":0,"7":0},"fnMap":{"1":{"name":"constructor","line":15,"loc":{"start":{"line":14,"column":4},"end":{"line":18,"column":4}}},"2":{"name":"setTrustedForwarder","line":31,"loc":{"start":{"line":27,"column":4},"end":{"line":36,"column":4}}},"3":{"name":"isTrustedForwarder","line":43,"loc":{"start":{"line":43,"column":4},"end":{"line":52,"column":4}}},"4":{"name":"_msgSender","line":57,"loc":{"start":{"line":57,"column":4},"end":{"line":71,"column":4}}},"5":{"name":"transferOwnership","line":78,"loc":{"start":{"line":73,"column":4},"end":{"line":86,"column":4}}},"6":{"name":"_isTrustedForwarder","line":88,"loc":{"start":{"line":88,"column":4},"end":{"line":96,"column":4}}},"7":{"name":"_setTrustedForwarder","line":98,"loc":{"start":{"line":98,"column":4},"end":{"line":104,"column":4}}}},"statementMap":{"1":{"start":{"line":17,"column":8},"end":{"line":17,"column":37}},"2":{"start":{"line":34,"column":8},"end":{"line":34,"column":66}},"3":{"start":{"line":35,"column":8},"end":{"line":35,"column":38}},"4":{"start":{"line":51,"column":8},"end":{"line":51,"column":45}},"5":{"start":{"line":65,"column":8},"end":{"line":65,"column":26}},"6":{"start":{"line":66,"column":8},"end":{"line":66,"column":1434}},"7":{"start":{"line":80,"column":8},"end":{"line":80,"column":71}},"8":{"start":{"line":81,"column":8},"end":{"line":81,"column":1834}},"9":{"start":{"line":82,"column":12},"end":{"line":82,"column":41}},"10":{"start":{"line":84,"column":8},"end":{"line":84,"column":40}},"11":{"start":{"line":95,"column":8},"end":{"line":95,"column":45}},"12":{"start":{"line":103,"column":8},"end":{"line":103,"column":36}}},"branchMap":{"1":{"line":34,"type":"if","locations":[{"start":{"line":34,"column":8},"end":{"line":34,"column":8}},{"start":{"line":34,"column":8},"end":{"line":34,"column":8}}]},"2":{"line":66,"type":"if","locations":[{"start":{"line":66,"column":8},"end":{"line":66,"column":8}},{"start":{"line":66,"column":8},"end":{"line":66,"column":8}}]},"3":{"line":80,"type":"if","locations":[{"start":{"line":80,"column":8},"end":{"line":80,"column":8}},{"start":{"line":80,"column":8},"end":{"line":80,"column":8}}]},"4":{"line":81,"type":"if","locations":[{"start":{"line":81,"column":8},"end":{"line":81,"column":8}},{"start":{"line":81,"column":8},"end":{"line":81,"column":8}}]}}},"contracts\\access\\TrustedForwarderUpgradeable.sol":{"l":{"17":0,"18":0,"37":0,"38":0,"54":0,"68":0,"69":0,"70":0,"83":0,"91":0},"path":"G:\\_projects\\intercoin\\StakingContract\\src\\contracts\\access\\TrustedForwarderUpgradeable.sol","s":{"1":0,"2":0,"3":0,"4":0,"5":0,"6":0,"7":0,"8":0,"9":0},"b":{"1":[0,0],"2":[0,0]},"f":{"1":0,"2":0,"3":0,"4":0,"5":0,"6":0},"fnMap":{"1":{"name":"__TrustedForwarder_init","line":16,"loc":{"start":{"line":16,"column":4},"end":{"line":20,"column":4}}},"2":{"name":"setTrustedForwarder","line":34,"loc":{"start":{"line":29,"column":4},"end":{"line":39,"column":4}}},"3":{"name":"isTrustedForwarder","line":46,"loc":{"start":{"line":46,"column":4},"end":{"line":55,"column":4}}},"4":{"name":"_msgSender","line":60,"loc":{"start":{"line":60,"column":4},"end":{"line":74,"column":4}}},"5":{"name":"_isTrustedForwarder","line":76,"loc":{"start":{"line":76,"column":4},"end":{"line":84,"column":4}}},"6":{"name":"_setTrustedForwarder","line":86,"loc":{"start":{"line":86,"column":4},"end":{"line":92,"column":4}}}},"statementMap":{"1":{"start":{"line":17,"column":8},"end":{"line":17,"column":23}},"2":{"start":{"line":18,"column":8},"end":{"line":18,"column":37}},"3":{"start":{"line":37,"column":8},"end":{"line":37,"column":66}},"4":{"start":{"line":38,"column":8},"end":{"line":38,"column":38}},"5":{"start":{"line":54,"column":8},"end":{"line":54,"column":45}},"6":{"start":{"line":68,"column":8},"end":{"line":68,"column":26}},"7":{"start":{"line":69,"column":8},"end":{"line":69,"column":1675}},"8":{"start":{"line":83,"column":8},"end":{"line":83,"column":45}},"9":{"start":{"line":91,"column":8},"end":{"line":91,"column":36}}},"branchMap":{"1":{"line":37,"type":"if","locations":[{"start":{"line":37,"column":8},"end":{"line":37,"column":8}},{"start":{"line":37,"column":8},"end":{"line":37,"column":8}}]},"2":{"line":69,"type":"if","locations":[{"start":{"line":69,"column":8},"end":{"line":69,"column":8}},{"start":{"line":69,"column":8},"end":{"line":69,"column":8}}]}}},"contracts\\CommunityCoin.sol":{"l":{"99":116},"path":"G:\\_projects\\intercoin\\StakingContract\\src\\contracts\\CommunityCoin.sol","s":{"1":116},"b":{},"f":{"1":116},"fnMap":{"1":{"name":"initialize","line":98,"loc":{"start":{"line":87,"column":4},"end":{"line":113,"column":4}}}},"statementMap":{"1":{"start":{"line":99,"column":8},"end":{"line":99,"column":9873}}},"branchMap":{}},"contracts\\CommunityCoinBase.sol":{"l":{"106":22,"107":22,"108":21,"146":116,"147":116,"149":116,"151":116,"153":116,"155":116,"156":116,"158":116,"159":116,"160":58,"163":116,"165":116,"167":116,"168":116,"171":116,"173":116,"193":43,"196":43,"200":43,"203":43,"206":43,"207":43,"209":43,"210":0,"211":0,"213":0,"218":43,"219":43,"220":43,"227":43,"229":43,"230":43,"234":43,"236":43,"237":43,"239":43,"242":0,"246":43,"247":43,"249":43,"250":43,"257":43,"258":1,"259":1,"266":43,"267":0,"268":0,"269":0,"285":0,"287":0,"290":0,"312":0,"313":0,"315":0,"316":0,"346":46,"381":11,"401":11,"402":11,"403":5,"404":4,"408":1,"410":1,"412":1,"414":1,"422":12,"424":12,"425":0,"428":12,"429":12,"431":12,"432":6,"443":7,"445":5,"456":0,"458":0,"468":0,"470":0,"485":0,"487":0,"500":9,"504":2,"526":0,"541":0,"545":2,"546":2,"547":2,"560":8,"561":1,"564":7,"565":7,"574":117,"575":0,"578":117,"579":1,"586":117,"593":0,"597":8,"598":5,"599":2,"601":3,"602":3,"606":6,"607":6,"624":46,"636":43,"638":43,"656":11,"667":9,"669":9,"683":6,"685":6,"700":5,"707":5,"709":5,"711":5,"716":5,"740":11,"752":10,"768":7,"770":5,"778":11,"779":11,"781":11,"782":0,"786":11,"796":5,"798":5,"799":0,"802":5,"813":5,"814":5,"816":5,"817":5,"819":5,"822":5,"836":17,"846":10,"852":10,"854":10,"855":10,"856":1,"859":9,"860":2,"861":1,"862":1,"864":2,"867":2,"868":1,"869":1,"872":2,"874":2,"880":9,"883":16,"893":74,"895":74,"897":29,"900":29,"902":29,"903":29,"908":29,"911":29,"920":18,"943":698,"951":43,"952":41,"954":43,"955":43},"path":"G:\\_projects\\intercoin\\StakingContract\\src\\contracts\\CommunityCoinBase.sol","s":{"1":22,"2":21,"3":116,"4":116,"5":116,"6":116,"7":116,"8":116,"9":116,"10":116,"11":116,"12":58,"13":116,"14":116,"15":116,"16":116,"17":116,"18":116,"19":43,"20":43,"21":43,"22":43,"23":43,"24":43,"25":43,"26":0,"27":0,"28":0,"29":43,"30":43,"31":43,"32":43,"33":43,"34":43,"35":43,"36":43,"37":43,"38":43,"39":0,"40":43,"41":43,"42":43,"43":43,"44":43,"45":1,"46":1,"47":43,"48":0,"49":0,"50":0,"51":0,"52":0,"53":0,"54":0,"55":0,"56":0,"57":46,"58":11,"59":11,"60":11,"61":5,"62":4,"63":1,"64":1,"65":1,"66":1,"67":12,"68":12,"69":12,"70":12,"71":12,"72":7,"73":5,"74":0,"75":0,"76":0,"77":0,"78":0,"79":0,"80":9,"81":2,"82":0,"83":0,"84":2,"85":2,"86":2,"87":8,"88":7,"89":7,"90":117,"91":117,"92":1,"93":117,"94":0,"95":8,"96":5,"97":3,"98":3,"99":6,"100":6,"101":46,"102":43,"103":43,"104":11,"105":9,"106":9,"107":6,"108":6,"109":5,"110":5,"111":5,"112":5,"113":5,"114":11,"115":10,"116":7,"117":5,"118":11,"119":11,"120":11,"121":11,"122":5,"123":5,"124":5,"125":5,"126":5,"127":5,"128":5,"129":5,"130":5,"131":17,"132":10,"133":10,"134":10,"135":10,"136":9,"137":2,"138":1,"139":1,"140":2,"141":7,"142":2,"143":1,"144":1,"145":2,"146":2,"147":9,"148":16,"149":74,"150":74,"151":29,"152":29,"153":29,"154":29,"155":29,"156":29,"157":18,"158":698,"159":43,"160":41,"161":43,"162":43},"b":{"1":[58,58],"2":[43,0],"3":[0,43],"4":[0,0],"5":[0,43],"6":[1,42],"7":[0,43],"8":[0,0],"9":[0,12],"10":[6,6],"11":[2,0],"12":[1,7],"13":[0,117],"14":[1,116],"15":[2,3],"16":[6,0],"17":[11,0],"18":[0,11],"19":[0,5],"20":[5,0],"21":[10,7],"22":[1,9],"23":[2,7],"24":[1,1],"25":[2,5],"26":[1,1],"27":[29,45],"28":[0,29],"29":[29,0],"30":[11,18],"31":[41,2]},"f":{"1":22,"2":116,"3":43,"4":0,"5":0,"6":46,"7":11,"8":11,"9":1,"10":12,"11":7,"12":0,"13":0,"14":0,"15":9,"16":2,"17":0,"18":2,"19":8,"20":117,"21":0,"22":8,"23":6,"24":46,"25":11,"26":6,"27":11,"28":7,"29":11,"30":5,"31":17,"32":74,"33":698,"34":43},"fnMap":{"1":{"name":"proceedBurnUnstakeRedeem","line":105,"loc":{"start":{"line":105,"column":4},"end":{"line":109,"column":4}}},"2":{"name":"CommunityCoinBase__init","line":145,"loc":{"start":{"line":132,"column":4},"end":{"line":174,"column":4}}},"3":{"name":"issueWalletTokens","line":188,"loc":{"start":{"line":188,"column":4},"end":{"line":275,"column":4}}},"4":{"name":"addToCirculation","line":284,"loc":{"start":{"line":284,"column":4},"end":{"line":291,"column":4}}},"5":{"name":"tokensReceived","line":304,"loc":{"start":{"line":304,"column":4},"end":{"line":317,"column":4}}},"6":{"name":"produce","line":345,"loc":{"start":{"line":336,"column":4},"end":{"line":357,"column":4}}},"7":{"name":"produce","line":380,"loc":{"start":{"line":370,"column":4},"end":{"line":393,"column":4}}},"8":{"name":"unstake","line":400,"loc":{"start":{"line":400,"column":4},"end":{"line":405,"column":4}}},"9":{"name":"unstakeAndRemoveLiquidity","line":407,"loc":{"start":{"line":407,"column":4},"end":{"line":419,"column":4}}},"10":{"name":"_validateUnstake","line":421,"loc":{"start":{"line":421,"column":4},"end":{"line":434,"column":4}}},"11":{"name":"redeem","line":442,"loc":{"start":{"line":442,"column":4},"end":{"line":446,"column":4}}},"12":{"name":"redeem","line":455,"loc":{"start":{"line":455,"column":4},"end":{"line":459,"column":4}}},"13":{"name":"redeemAndRemoveLiquidity","line":467,"loc":{"start":{"line":467,"column":4},"end":{"line":475,"column":4}}},"14":{"name":"redeemAndRemoveLiquidity","line":484,"loc":{"start":{"line":484,"column":4},"end":{"line":492,"column":4}}},"15":{"name":"viewLockedWalletTokens","line":499,"loc":{"start":{"line":499,"column":4},"end":{"line":501,"column":4}}},"16":{"name":"viewLockedWalletTokensList","line":503,"loc":{"start":{"line":503,"column":4},"end":{"line":505,"column":4}}},"17":{"name":"simulateRedeemAndRemoveLiquidity","line":520,"loc":{"start":{"line":520,"column":4},"end":{"line":542,"column":4}}},"18":{"name":"claim","line":544,"loc":{"start":{"line":544,"column":4},"end":{"line":549,"column":4}}},"19":{"name":"setTrustedForwarder","line":557,"loc":{"start":{"line":557,"column":4},"end":{"line":570,"column":4}}},"20":{"name":"transferOwnership","line":572,"loc":{"start":{"line":572,"column":4},"end":{"line":587,"column":4}}},"21":{"name":"setCommission","line":592,"loc":{"start":{"line":592,"column":4},"end":{"line":594,"column":4}}},"22":{"name":"setTariff","line":596,"loc":{"start":{"line":596,"column":4},"end":{"line":603,"column":4}}},"23":{"name":"setupTaxAddress","line":605,"loc":{"start":{"line":605,"column":4},"end":{"line":608,"column":4}}},"24":{"name":"_produce","line":614,"loc":{"start":{"line":614,"column":4},"end":{"line":643,"column":4}}},"25":{"name":"_produce","line":645,"loc":{"start":{"line":645,"column":4},"end":{"line":674,"column":4}}},"26":{"name":"_unstake","line":681,"loc":{"start":{"line":676,"column":4},"end":{"line":720,"column":4}}},"27":{"name":"_poolStakesAvailable","line":723,"loc":{"start":{"line":723,"column":4},"end":{"line":760,"column":4}}},"28":{"name":"_redeem","line":762,"loc":{"start":{"line":762,"column":4},"end":{"line":771,"column":4}}},"29":{"name":"_burn","line":775,"loc":{"start":{"line":773,"column":4},"end":{"line":787,"column":4}}},"30":{"name":"__redeem","line":795,"loc":{"start":{"line":789,"column":4},"end":{"line":825,"column":4}}},"31":{"name":"_send","line":827,"loc":{"start":{"line":827,"column":4},"end":{"line":884,"column":4}}},"32":{"name":"_beforeTokenTransfer","line":886,"loc":{"start":{"line":886,"column":4},"end":{"line":930,"column":4}}},"33":{"name":"_msgSender","line":936,"loc":{"start":{"line":936,"column":4},"end":{"line":944,"column":4}}},"34":{"name":"_insertBonus","line":946,"loc":{"start":{"line":946,"column":4},"end":{"line":956,"column":4}}}},"statementMap":{"1":{"start":{"line":106,"column":8},"end":{"line":106,"column":35}},"2":{"start":{"line":108,"column":8},"end":{"line":108,"column":36}},"3":{"start":{"line":146,"column":8},"end":{"line":146,"column":45}},"4":{"start":{"line":147,"column":8},"end":{"line":147,"column":36}},"5":{"start":{"line":149,"column":8},"end":{"line":149,"column":23}},"6":{"start":{"line":151,"column":8},"end":{"line":151,"column":64}},"7":{"start":{"line":153,"column":8},"end":{"line":153,"column":31}},"8":{"start":{"line":155,"column":8},"end":{"line":155,"column":82}},"9":{"start":{"line":156,"column":8},"end":{"line":156,"column":52}},"10":{"start":{"line":158,"column":8},"end":{"line":158,"column":19}},"11":{"start":{"line":159,"column":8},"end":{"line":159,"column":6861}},"12":{"start":{"line":160,"column":12},"end":{"line":160,"column":36}},"13":{"start":{"line":163,"column":8},"end":{"line":163,"column":49}},"14":{"start":{"line":165,"column":8},"end":{"line":165,"column":48}},"15":{"start":{"line":167,"column":8},"end":{"line":167,"column":35}},"16":{"start":{"line":168,"column":8},"end":{"line":168,"column":33}},"17":{"start":{"line":171,"column":8},"end":{"line":171,"column":111}},"18":{"start":{"line":173,"column":8},"end":{"line":173,"column":107}},"19":{"start":{"line":193,"column":8},"end":{"line":193,"column":37}},"20":{"start":{"line":196,"column":8},"end":{"line":196,"column":8350}},"21":{"start":{"line":200,"column":8},"end":{"line":200,"column":43}},"22":{"start":{"line":203,"column":8},"end":{"line":203,"column":83}},"23":{"start":{"line":206,"column":8},"end":{"line":206,"column":38}},"24":{"start":{"line":207,"column":8},"end":{"line":207,"column":33}},"25":{"start":{"line":209,"column":8},"end":{"line":209,"column":8779}},"26":{"start":{"line":210,"column":12},"end":{"line":210,"column":42}},"27":{"start":{"line":211,"column":12},"end":{"line":211,"column":8870}},"28":{"start":{"line":213,"column":16},"end":{"line":213,"column":70}},"29":{"start":{"line":218,"column":8},"end":{"line":218,"column":80}},"30":{"start":{"line":219,"column":8},"end":{"line":219,"column":90}},"31":{"start":{"line":220,"column":8},"end":{"line":220,"column":94}},"32":{"start":{"line":227,"column":8},"end":{"line":227,"column":53}},"33":{"start":{"line":229,"column":8},"end":{"line":229,"column":58}},"34":{"start":{"line":230,"column":8},"end":{"line":230,"column":43}},"35":{"start":{"line":234,"column":8},"end":{"line":234,"column":51}},"36":{"start":{"line":236,"column":8},"end":{"line":236,"column":39}},"37":{"start":{"line":237,"column":8},"end":{"line":237,"column":36}},"38":{"start":{"line":239,"column":8},"end":{"line":239,"column":10279}},"39":{"start":{"line":242,"column":12},"end":{"line":242,"column":59}},"40":{"start":{"line":246,"column":8},"end":{"line":246,"column":53}},"41":{"start":{"line":247,"column":8},"end":{"line":247,"column":70}},"42":{"start":{"line":249,"column":8},"end":{"line":249,"column":102}},"43":{"start":{"line":250,"column":8},"end":{"line":250,"column":10865}},"44":{"start":{"line":257,"column":8},"end":{"line":257,"column":11069}},"45":{"start":{"line":258,"column":12},"end":{"line":258,"column":96}},"46":{"start":{"line":259,"column":12},"end":{"line":259,"column":11207}},"47":{"start":{"line":266,"column":8},"end":{"line":266,"column":11407}},"48":{"start":{"line":267,"column":12},"end":{"line":267,"column":50}},"49":{"start":{"line":268,"column":12},"end":{"line":268,"column":100}},"50":{"start":{"line":269,"column":12},"end":{"line":269,"column":11610}},"51":{"start":{"line":285,"column":8},"end":{"line":285,"column":50}},"52":{"start":{"line":287,"column":8},"end":{"line":287,"column":37}},"53":{"start":{"line":290,"column":8},"end":{"line":290,"column":116}},"54":{"start":{"line":312,"column":8},"end":{"line":312,"column":13352}},"55":{"start":{"line":315,"column":8},"end":{"line":315,"column":37}},"56":{"start":{"line":316,"column":8},"end":{"line":316,"column":79}},"57":{"start":{"line":346,"column":8},"end":{"line":346,"column":15265}},"58":{"start":{"line":381,"column":8},"end":{"line":381,"column":16918}},"59":{"start":{"line":401,"column":8},"end":{"line":401,"column":38}},"60":{"start":{"line":402,"column":8},"end":{"line":402,"column":40}},"61":{"start":{"line":403,"column":8},"end":{"line":403,"column":68}},"62":{"start":{"line":404,"column":8},"end":{"line":404,"column":105}},"63":{"start":{"line":408,"column":8},"end":{"line":408,"column":38}},"64":{"start":{"line":410,"column":8},"end":{"line":410,"column":40}},"65":{"start":{"line":412,"column":8},"end":{"line":412,"column":89}},"66":{"start":{"line":414,"column":8},"end":{"line":414,"column":18107}},"67":{"start":{"line":422,"column":8},"end":{"line":422,"column":44}},"68":{"start":{"line":424,"column":8},"end":{"line":424,"column":18415}},"69":{"start":{"line":428,"column":8},"end":{"line":428,"column":66}},"70":{"start":{"line":429,"column":8},"end":{"line":429,"column":50}},"71":{"start":{"line":431,"column":8},"end":{"line":431,"column":18636}},"72":{"start":{"line":443,"column":8},"end":{"line":443,"column":71}},"73":{"start":{"line":445,"column":8},"end":{"line":445,"column":109}},"74":{"start":{"line":456,"column":8},"end":{"line":456,"column":73}},"75":{"start":{"line":458,"column":8},"end":{"line":458,"column":109}},"76":{"start":{"line":468,"column":8},"end":{"line":468,"column":92}},"77":{"start":{"line":470,"column":8},"end":{"line":470,"column":20764}},"78":{"start":{"line":485,"column":8},"end":{"line":485,"column":94}},"79":{"start":{"line":487,"column":8},"end":{"line":487,"column":21727}},"80":{"start":{"line":500,"column":8},"end":{"line":500,"column":99}},"81":{"start":{"line":504,"column":8},"end":{"line":504,"column":108}},"82":{"start":{"line":526,"column":8},"end":{"line":526,"column":23406}},"83":{"start":{"line":541,"column":8},"end":{"line":541,"column":96}},"84":{"start":{"line":545,"column":8},"end":{"line":545,"column":103}},"85":{"start":{"line":546,"column":8},"end":{"line":546,"column":24095}},"86":{"start":{"line":547,"column":12},"end":{"line":547,"column":44}},"87":{"start":{"line":560,"column":8},"end":{"line":560,"column":24568}},"88":{"start":{"line":564,"column":8},"end":{"line":564,"column":38}},"89":{"start":{"line":565,"column":8},"end":{"line":565,"column":24717}},"90":{"start":{"line":574,"column":8},"end":{"line":574,"column":25079}},"91":{"start":{"line":578,"column":8},"end":{"line":578,"column":25195}},"92":{"start":{"line":579,"column":12},"end":{"line":579,"column":43}},"93":{"start":{"line":586,"column":8},"end":{"line":586,"column":40}},"94":{"start":{"line":593,"column":8},"end":{"line":593,"column":35}},"95":{"start":{"line":597,"column":8},"end":{"line":597,"column":45}},"96":{"start":{"line":598,"column":8},"end":{"line":598,"column":25897}},"97":{"start":{"line":601,"column":8},"end":{"line":601,"column":35}},"98":{"start":{"line":602,"column":8},"end":{"line":602,"column":37}},"99":{"start":{"line":606,"column":8},"end":{"line":606,"column":37}},"100":{"start":{"line":607,"column":8},"end":{"line":607,"column":27}},"101":{"start":{"line":624,"column":8},"end":{"line":624,"column":26839}},"102":{"start":{"line":636,"column":8},"end":{"line":636,"column":65}},"103":{"start":{"line":638,"column":8},"end":{"line":638,"column":27231}},"104":{"start":{"line":656,"column":8},"end":{"line":656,"column":27893}},"105":{"start":{"line":667,"column":8},"end":{"line":667,"column":55}},"106":{"start":{"line":669,"column":8},"end":{"line":669,"column":28253}},"107":{"start":{"line":683,"column":8},"end":{"line":683,"column":58}},"108":{"start":{"line":685,"column":8},"end":{"line":685,"column":28930}},"109":{"start":{"line":700,"column":8},"end":{"line":700,"column":29386}},"110":{"start":{"line":707,"column":12},"end":{"line":707,"column":69}},"111":{"start":{"line":709,"column":12},"end":{"line":709,"column":74}},"112":{"start":{"line":711,"column":12},"end":{"line":711,"column":51}},"113":{"start":{"line":716,"column":12},"end":{"line":716,"column":109}},"114":{"start":{"line":740,"column":8},"end":{"line":740,"column":30904}},"115":{"start":{"line":752,"column":8},"end":{"line":752,"column":31250}},"116":{"start":{"line":768,"column":8},"end":{"line":768,"column":40}},"117":{"start":{"line":770,"column":8},"end":{"line":770,"column":71}},"118":{"start":{"line":778,"column":8},"end":{"line":778,"column":40}},"119":{"start":{"line":779,"column":8},"end":{"line":779,"column":31975}},"120":{"start":{"line":781,"column":12},"end":{"line":781,"column":32120}},"121":{"start":{"line":786,"column":8},"end":{"line":786,"column":37}},"122":{"start":{"line":796,"column":8},"end":{"line":796,"column":63}},"123":{"start":{"line":798,"column":8},"end":{"line":798,"column":32598}},"124":{"start":{"line":802,"column":8},"end":{"line":802,"column":32720}},"125":{"start":{"line":813,"column":8},"end":{"line":813,"column":33223}},"126":{"start":{"line":814,"column":12},"end":{"line":814,"column":33275}},"127":{"start":{"line":816,"column":16},"end":{"line":816,"column":72}},"128":{"start":{"line":817,"column":16},"end":{"line":817,"column":50}},"129":{"start":{"line":819,"column":16},"end":{"line":819,"column":48}},"130":{"start":{"line":822,"column":16},"end":{"line":822,"column":132}},"131":{"start":{"line":836,"column":4},"end":{"line":836,"column":34085}},"132":{"start":{"line":846,"column":12},"end":{"line":846,"column":34535}},"133":{"start":{"line":852,"column":12},"end":{"line":852,"column":43}},"134":{"start":{"line":854,"column":12},"end":{"line":854,"column":115}},"135":{"start":{"line":855,"column":12},"end":{"line":855,"column":34891}},"136":{"start":{"line":859,"column":12},"end":{"line":859,"column":35004}},"137":{"start":{"line":860,"column":16},"end":{"line":860,"column":35055}},"138":{"start":{"line":861,"column":20},"end":{"line":861,"column":74}},"139":{"start":{"line":862,"column":20},"end":{"line":862,"column":43}},"140":{"start":{"line":864,"column":16},"end":{"line":864,"column":57}},"141":{"start":{"line":865,"column":19},"end":{"line":865,"column":35333}},"142":{"start":{"line":867,"column":16},"end":{"line":867,"column":35451}},"143":{"start":{"line":868,"column":20},"end":{"line":868,"column":72}},"144":{"start":{"line":869,"column":20},"end":{"line":869,"column":41}},"145":{"start":{"line":872,"column":16},"end":{"line":872,"column":59}},"146":{"start":{"line":874,"column":16},"end":{"line":874,"column":38}},"147":{"start":{"line":880,"column":12},"end":{"line":880,"column":44}},"148":{"start":{"line":883,"column":8},"end":{"line":883,"column":81}},"149":{"start":{"line":893,"column":8},"end":{"line":893,"column":61}},"150":{"start":{"line":895,"column":8},"end":{"line":895,"column":36203}},"151":{"start":{"line":897,"column":12},"end":{"line":897,"column":36277}},"152":{"start":{"line":900,"column":16},"end":{"line":900,"column":49}},"153":{"start":{"line":902,"column":16},"end":{"line":902,"column":36463}},"154":{"start":{"line":903,"column":20},"end":{"line":903,"column":62}},"155":{"start":{"line":908,"column":20},"end":{"line":908,"column":73}},"156":{"start":{"line":911,"column":20},"end":{"line":911,"column":36820}},"157":{"start":{"line":920,"column":24},"end":{"line":920,"column":96}},"158":{"start":{"line":943,"column":8},"end":{"line":943,"column":44}},"159":{"start":{"line":951,"column":8},"end":{"line":951,"column":38052}},"160":{"start":{"line":952,"column":12},"end":{"line":952,"column":53}},"161":{"start":{"line":954,"column":8},"end":{"line":954,"column":65}},"162":{"start":{"line":955,"column":8},"end":{"line":955,"column":50}}},"branchMap":{"1":{"line":159,"type":"if","locations":[{"start":{"line":159,"column":8},"end":{"line":159,"column":8}},{"start":{"line":159,"column":8},"end":{"line":159,"column":8}}]},"2":{"line":200,"type":"if","locations":[{"start":{"line":200,"column":8},"end":{"line":200,"column":8}},{"start":{"line":200,"column":8},"end":{"line":200,"column":8}}]},"3":{"line":209,"type":"if","locations":[{"start":{"line":209,"column":8},"end":{"line":209,"column":8}},{"start":{"line":209,"column":8},"end":{"line":209,"column":8}}]},"4":{"line":211,"type":"if","locations":[{"start":{"line":211,"column":12},"end":{"line":211,"column":12}},{"start":{"line":211,"column":12},"end":{"line":211,"column":12}}]},"5":{"line":239,"type":"if","locations":[{"start":{"line":239,"column":8},"end":{"line":239,"column":8}},{"start":{"line":239,"column":8},"end":{"line":239,"column":8}}]},"6":{"line":257,"type":"if","locations":[{"start":{"line":257,"column":8},"end":{"line":257,"column":8}},{"start":{"line":257,"column":8},"end":{"line":257,"column":8}}]},"7":{"line":266,"type":"if","locations":[{"start":{"line":266,"column":8},"end":{"line":266,"column":8}},{"start":{"line":266,"column":8},"end":{"line":266,"column":8}}]},"8":{"line":312,"type":"if","locations":[{"start":{"line":312,"column":8},"end":{"line":312,"column":8}},{"start":{"line":312,"column":8},"end":{"line":312,"column":8}}]},"9":{"line":424,"type":"if","locations":[{"start":{"line":424,"column":8},"end":{"line":424,"column":8}},{"start":{"line":424,"column":8},"end":{"line":424,"column":8}}]},"10":{"line":431,"type":"if","locations":[{"start":{"line":431,"column":8},"end":{"line":431,"column":8}},{"start":{"line":431,"column":8},"end":{"line":431,"column":8}}]},"11":{"line":546,"type":"if","locations":[{"start":{"line":546,"column":8},"end":{"line":546,"column":8}},{"start":{"line":546,"column":8},"end":{"line":546,"column":8}}]},"12":{"line":560,"type":"if","locations":[{"start":{"line":560,"column":8},"end":{"line":560,"column":8}},{"start":{"line":560,"column":8},"end":{"line":560,"column":8}}]},"13":{"line":574,"type":"if","locations":[{"start":{"line":574,"column":8},"end":{"line":574,"column":8}},{"start":{"line":574,"column":8},"end":{"line":574,"column":8}}]},"14":{"line":578,"type":"if","locations":[{"start":{"line":578,"column":8},"end":{"line":578,"column":8}},{"start":{"line":578,"column":8},"end":{"line":578,"column":8}}]},"15":{"line":598,"type":"if","locations":[{"start":{"line":598,"column":8},"end":{"line":598,"column":8}},{"start":{"line":598,"column":8},"end":{"line":598,"column":8}}]},"16":{"line":606,"type":"if","locations":[{"start":{"line":606,"column":8},"end":{"line":606,"column":8}},{"start":{"line":606,"column":8},"end":{"line":606,"column":8}}]},"17":{"line":779,"type":"if","locations":[{"start":{"line":779,"column":8},"end":{"line":779,"column":8}},{"start":{"line":779,"column":8},"end":{"line":779,"column":8}}]},"18":{"line":781,"type":"if","locations":[{"start":{"line":781,"column":12},"end":{"line":781,"column":12}},{"start":{"line":781,"column":12},"end":{"line":781,"column":12}}]},"19":{"line":798,"type":"if","locations":[{"start":{"line":798,"column":8},"end":{"line":798,"column":8}},{"start":{"line":798,"column":8},"end":{"line":798,"column":8}}]},"20":{"line":814,"type":"if","locations":[{"start":{"line":814,"column":12},"end":{"line":814,"column":12}},{"start":{"line":814,"column":12},"end":{"line":814,"column":12}}]},"21":{"line":836,"type":"if","locations":[{"start":{"line":836,"column":4},"end":{"line":836,"column":4}},{"start":{"line":836,"column":4},"end":{"line":836,"column":4}}]},"22":{"line":855,"type":"if","locations":[{"start":{"line":855,"column":12},"end":{"line":855,"column":12}},{"start":{"line":855,"column":12},"end":{"line":855,"column":12}}]},"23":{"line":859,"type":"if","locations":[{"start":{"line":859,"column":12},"end":{"line":859,"column":12}},{"start":{"line":859,"column":12},"end":{"line":859,"column":12}}]},"24":{"line":860,"type":"if","locations":[{"start":{"line":860,"column":16},"end":{"line":860,"column":16}},{"start":{"line":860,"column":16},"end":{"line":860,"column":16}}]},"25":{"line":865,"type":"if","locations":[{"start":{"line":865,"column":19},"end":{"line":865,"column":19}},{"start":{"line":865,"column":19},"end":{"line":865,"column":19}}]},"26":{"line":867,"type":"if","locations":[{"start":{"line":867,"column":16},"end":{"line":867,"column":16}},{"start":{"line":867,"column":16},"end":{"line":867,"column":16}}]},"27":{"line":895,"type":"if","locations":[{"start":{"line":895,"column":8},"end":{"line":895,"column":8}},{"start":{"line":895,"column":8},"end":{"line":895,"column":8}}]},"28":{"line":897,"type":"if","locations":[{"start":{"line":897,"column":12},"end":{"line":897,"column":12}},{"start":{"line":897,"column":12},"end":{"line":897,"column":12}}]},"29":{"line":902,"type":"if","locations":[{"start":{"line":902,"column":16},"end":{"line":902,"column":16}},{"start":{"line":902,"column":16},"end":{"line":902,"column":16}}]},"30":{"line":911,"type":"if","locations":[{"start":{"line":911,"column":20},"end":{"line":911,"column":20}},{"start":{"line":911,"column":20},"end":{"line":911,"column":20}}]},"31":{"line":951,"type":"if","locations":[{"start":{"line":951,"column":8},"end":{"line":951,"column":8}},{"start":{"line":951,"column":8},"end":{"line":951,"column":8}}]}}},"contracts\\CommunityCoinFactory.sol":{"l":{"119":174,"120":174,"121":174,"122":174,"135":1,"158":116,"159":116,"161":116,"163":116,"165":116,"167":116,"180":116,"183":116},"path":"G:\\_projects\\intercoin\\StakingContract\\src\\contracts\\CommunityCoinFactory.sol","s":{"1":174,"2":174,"3":174,"4":174,"5":1,"6":116,"7":116,"8":116,"9":116,"10":116,"11":116,"12":116,"13":116},"b":{"1":[116,0]},"f":{"1":174,"2":1,"3":116},"fnMap":{"1":{"name":"constructor","line":118,"loc":{"start":{"line":112,"column":4},"end":{"line":123,"column":4}}},"2":{"name":"instancesCount","line":134,"loc":{"start":{"line":134,"column":4},"end":{"line":136,"column":4}}},"3":{"name":"produce","line":157,"loc":{"start":{"line":151,"column":4},"end":{"line":184,"column":4}}}},"statementMap":{"1":{"start":{"line":119,"column":8},"end":{"line":119,"column":54}},"2":{"start":{"line":120,"column":8},"end":{"line":120,"column":82}},"3":{"start":{"line":121,"column":8},"end":{"line":121,"column":50}},"4":{"start":{"line":122,"column":8},"end":{"line":122,"column":60}},"5":{"start":{"line":135,"column":8},"end":{"line":135,"column":32}},"6":{"start":{"line":158,"column":8},"end":{"line":158,"column":53}},"7":{"start":{"line":159,"column":8},"end":{"line":159,"column":86}},"8":{"start":{"line":161,"column":8},"end":{"line":161,"column":88}},"9":{"start":{"line":163,"column":8},"end":{"line":163,"column":31}},"10":{"start":{"line":165,"column":8},"end":{"line":165,"column":56}},"11":{"start":{"line":167,"column":8},"end":{"line":167,"column":12592}},"12":{"start":{"line":180,"column":8},"end":{"line":180,"column":56}},"13":{"start":{"line":183,"column":8},"end":{"line":183,"column":33}}},"branchMap":{"1":{"line":161,"type":"if","locations":[{"start":{"line":161,"column":8},"end":{"line":161,"column":8}},{"start":{"line":161,"column":8},"end":{"line":161,"column":8}}]}}},"contracts\\CommunityStakingPool.sol":{"l":{"77":44,"85":44,"87":44,"88":44,"89":43,"90":43,"91":43,"93":43,"109":4,"110":4,"111":4,"131":1,"132":1,"148":4,"149":4,"150":4,"170":0,"171":0,"184":2,"185":2,"187":2,"196":0,"197":0,"206":14,"207":14,"208":14,"209":14,"210":14,"211":14,"220":1,"221":1,"222":1,"223":1,"231":10,"232":10,"233":10,"242":1,"243":1,"244":1,"245":1,"246":1,"261":1,"262":1,"263":1,"264":1,"272":1,"273":1,"283":2,"284":2,"285":2,"286":2,"289":2,"293":4,"302":4,"304":2,"305":2,"307":2,"313":2,"323":2,"325":2,"343":34,"345":34,"346":34,"347":19,"349":15,"354":2,"361":2,"362":2,"364":2,"365":2,"367":2,"373":2,"383":2,"385":2,"389":28,"402":28,"403":28,"405":28,"406":28,"407":28,"412":28,"422":28,"424":28,"435":1,"437":1,"438":1,"449":1,"450":1,"454":9,"458":9,"471":39,"472":39,"473":8,"480":42,"481":1,"485":41,"486":41,"487":41,"488":2,"489":2,"491":41,"492":30,"493":30,"495":41,"496":30,"497":30,"499":41,"500":31,"501":31,"503":41,"504":31,"505":31,"507":41,"508":31,"509":31,"511":41,"512":1,"516":41,"517":41,"518":41,"519":41,"520":41,"521":41,"522":41,"523":41,"524":41,"525":41},"path":"G:\\_projects\\intercoin\\StakingContract\\src\\contracts\\CommunityStakingPool.sol","s":{"1":44,"2":44,"3":44,"4":44,"5":43,"6":43,"7":43,"8":43,"9":4,"10":4,"11":4,"12":1,"13":1,"14":4,"15":4,"16":4,"17":0,"18":0,"19":2,"20":2,"21":2,"22":0,"23":0,"24":14,"25":14,"26":14,"27":14,"28":14,"29":14,"30":1,"31":1,"32":1,"33":1,"34":10,"35":10,"36":10,"37":1,"38":1,"39":1,"40":1,"41":1,"42":1,"43":1,"44":1,"45":1,"46":1,"47":1,"48":2,"49":2,"50":2,"51":2,"52":2,"53":4,"54":4,"55":2,"56":2,"57":2,"58":2,"59":2,"60":2,"61":34,"62":34,"63":34,"64":19,"65":15,"66":2,"67":2,"68":2,"69":2,"70":2,"71":2,"72":2,"73":2,"74":2,"75":28,"76":28,"77":28,"78":28,"79":28,"80":28,"81":28,"82":28,"83":28,"84":1,"85":1,"86":1,"87":1,"88":1,"89":9,"90":9,"91":39,"92":39,"93":42,"94":1,"95":41,"96":41,"97":41,"98":2,"99":2,"100":41,"101":30,"102":30,"103":41,"104":30,"105":30,"106":41,"107":31,"108":31,"109":41,"110":31,"111":31,"112":41,"113":31,"114":31,"115":41,"116":1,"117":41,"118":41,"119":41,"120":41,"121":41,"122":41,"123":41,"124":41,"125":41},"b":{"1":[43,1],"2":[14,0],"3":[1,0],"4":[2,0],"5":[2,2],"6":[2,0],"7":[2,0],"8":[34,0],"9":[19,15],"10":[2,0],"11":[2,0],"12":[2,0],"13":[28,0],"14":[28,0],"15":[28,0],"16":[1,0],"17":[8,31],"18":[1,41],"19":[2,39],"20":[30,11],"21":[30,11],"22":[31,10],"23":[31,10],"24":[31,10],"25":[1,40]},"f":{"1":44,"2":4,"3":1,"4":4,"5":0,"6":2,"7":0,"8":14,"9":1,"10":10,"11":1,"12":1,"13":1,"14":2,"15":4,"16":34,"17":2,"18":28,"19":1,"20":9,"21":39,"22":42},"fnMap":{"1":{"name":"initialize","line":76,"loc":{"start":{"line":68,"column":4},"end":{"line":94,"column":4}}},"2":{"name":"unstake","line":106,"loc":{"start":{"line":103,"column":4},"end":{"line":112,"column":4}}},"3":{"name":"unstakeAndRemoveLiquidity","line":124,"loc":{"start":{"line":121,"column":4},"end":{"line":133,"column":4}}},"4":{"name":"redeem","line":145,"loc":{"start":{"line":142,"column":4},"end":{"line":151,"column":4}}},"5":{"name":"redeemAndRemoveLiquidity","line":163,"loc":{"start":{"line":160,"column":4},"end":{"line":172,"column":4}}},"6":{"name":"sellAndStakeLiquidity","line":183,"loc":{"start":{"line":183,"column":4},"end":{"line":188,"column":4}}},"7":{"name":"sellAndStakeLiquidity","line":195,"loc":{"start":{"line":195,"column":4},"end":{"line":198,"column":4}}},"8":{"name":"buyAndStakeLiquidity","line":205,"loc":{"start":{"line":205,"column":4},"end":{"line":212,"column":4}}},"9":{"name":"buyAndStakeLiquidity","line":219,"loc":{"start":{"line":219,"column":4},"end":{"line":224,"column":4}}},"10":{"name":"buyAndStakeLiquidity","line":230,"loc":{"start":{"line":230,"column":4},"end":{"line":234,"column":4}}},"11":{"name":"buyAndStakeLiquidity","line":241,"loc":{"start":{"line":241,"column":4},"end":{"line":247,"column":4}}},"12":{"name":"buyAndStakeLiquidity","line":258,"loc":{"start":{"line":254,"column":4},"end":{"line":265,"column":4}}},"13":{"name":"buyAndStakeLiquidity","line":271,"loc":{"start":{"line":271,"column":4},"end":{"line":274,"column":4}}},"14":{"name":"stakeLiquidity","line":282,"loc":{"start":{"line":282,"column":4},"end":{"line":290,"column":4}}},"15":{"name":"addAndStakeLiquidity","line":292,"loc":{"start":{"line":292,"column":4},"end":{"line":326,"column":4}}},"16":{"name":"uniswapPrices","line":332,"loc":{"start":{"line":332,"column":4},"end":{"line":351,"column":4}}},"17":{"name":"_sellTradedAndStake","line":353,"loc":{"start":{"line":353,"column":4},"end":{"line":386,"column":4}}},"18":{"name":"_buyAndStakeLiquidity","line":388,"loc":{"start":{"line":388,"column":4},"end":{"line":425,"column":4}}},"19":{"name":"__redeemAndRemoveLiquidity","line":431,"loc":{"start":{"line":431,"column":4},"end":{"line":451,"column":4}}},"20":{"name":"__redeem","line":453,"loc":{"start":{"line":453,"column":4},"end":{"line":465,"column":4}}},"21":{"name":"_msgSender","line":470,"loc":{"start":{"line":470,"column":4},"end":{"line":477,"column":4}}},"22":{"name":"sqrt","line":479,"loc":{"start":{"line":479,"column":4},"end":{"line":527,"column":4}}}},"statementMap":{"1":{"start":{"line":77,"column":8},"end":{"line":77,"column":3043}},"2":{"start":{"line":85,"column":8},"end":{"line":85,"column":66}},"3":{"start":{"line":87,"column":8},"end":{"line":87,"column":97}},"4":{"start":{"line":88,"column":8},"end":{"line":88,"column":56}},"5":{"start":{"line":89,"column":8},"end":{"line":89,"column":43}},"6":{"start":{"line":90,"column":8},"end":{"line":90,"column":39}},"7":{"start":{"line":91,"column":8},"end":{"line":91,"column":39}},"8":{"start":{"line":93,"column":8},"end":{"line":93,"column":38}},"9":{"start":{"line":109,"column":8},"end":{"line":109,"column":51}},"10":{"start":{"line":110,"column":8},"end":{"line":110,"column":56}},"11":{"start":{"line":111,"column":8},"end":{"line":111,"column":44}},"12":{"start":{"line":131,"column":8},"end":{"line":131,"column":99}},"13":{"start":{"line":132,"column":8},"end":{"line":132,"column":44}},"14":{"start":{"line":148,"column":8},"end":{"line":148,"column":51}},"15":{"start":{"line":149,"column":8},"end":{"line":149,"column":56}},"16":{"start":{"line":150,"column":8},"end":{"line":150,"column":44}},"17":{"start":{"line":170,"column":8},"end":{"line":170,"column":99}},"18":{"start":{"line":171,"column":8},"end":{"line":171,"column":44}},"19":{"start":{"line":184,"column":8},"end":{"line":184,"column":38}},"20":{"start":{"line":185,"column":8},"end":{"line":185,"column":93}},"21":{"start":{"line":187,"column":8},"end":{"line":187,"column":54}},"22":{"start":{"line":196,"column":8},"end":{"line":196,"column":98}},"23":{"start":{"line":197,"column":8},"end":{"line":197,"column":58}},"24":{"start":{"line":206,"column":8},"end":{"line":206,"column":38}},"25":{"start":{"line":207,"column":8},"end":{"line":207,"column":53}},"26":{"start":{"line":208,"column":8},"end":{"line":208,"column":37}},"27":{"start":{"line":209,"column":8},"end":{"line":209,"column":46}},"28":{"start":{"line":210,"column":8},"end":{"line":210,"column":83}},"29":{"start":{"line":211,"column":8},"end":{"line":211,"column":57}},"30":{"start":{"line":220,"column":8},"end":{"line":220,"column":38}},"31":{"start":{"line":221,"column":8},"end":{"line":221,"column":82}},"32":{"start":{"line":222,"column":8},"end":{"line":222,"column":87}},"33":{"start":{"line":223,"column":8},"end":{"line":223,"column":57}},"34":{"start":{"line":231,"column":8},"end":{"line":231,"column":38}},"35":{"start":{"line":232,"column":8},"end":{"line":232,"column":89}},"36":{"start":{"line":233,"column":8},"end":{"line":233,"column":51}},"37":{"start":{"line":242,"column":8},"end":{"line":242,"column":53}},"38":{"start":{"line":243,"column":8},"end":{"line":243,"column":37}},"39":{"start":{"line":244,"column":8},"end":{"line":244,"column":46}},"40":{"start":{"line":245,"column":8},"end":{"line":245,"column":83}},"41":{"start":{"line":246,"column":8},"end":{"line":246,"column":61}},"42":{"start":{"line":261,"column":8},"end":{"line":261,"column":38}},"43":{"start":{"line":262,"column":8},"end":{"line":262,"column":82}},"44":{"start":{"line":263,"column":8},"end":{"line":263,"column":87}},"45":{"start":{"line":264,"column":8},"end":{"line":264,"column":61}},"46":{"start":{"line":272,"column":8},"end":{"line":272,"column":94}},"47":{"start":{"line":273,"column":8},"end":{"line":273,"column":55}},"48":{"start":{"line":283,"column":8},"end":{"line":283,"column":44}},"49":{"start":{"line":284,"column":8},"end":{"line":284,"column":100}},"50":{"start":{"line":285,"column":8},"end":{"line":285,"column":76}},"51":{"start":{"line":286,"column":8},"end":{"line":286,"column":12463}},"52":{"start":{"line":289,"column":8},"end":{"line":289,"column":55}},"53":{"start":{"line":293,"column":8},"end":{"line":293,"column":12811}},"54":{"start":{"line":302,"column":8},"end":{"line":302,"column":79}},"55":{"start":{"line":304,"column":8},"end":{"line":304,"column":98}},"56":{"start":{"line":305,"column":8},"end":{"line":305,"column":100}},"57":{"start":{"line":307,"column":8},"end":{"line":307,"column":13274}},"58":{"start":{"line":313,"column":8},"end":{"line":313,"column":13513}},"59":{"start":{"line":323,"column":8},"end":{"line":323,"column":44}},"60":{"start":{"line":325,"column":8},"end":{"line":325,"column":50}},"61":{"start":{"line":343,"column":8},"end":{"line":343,"column":76}},"62":{"start":{"line":345,"column":8},"end":{"line":345,"column":64}},"63":{"start":{"line":346,"column":8},"end":{"line":346,"column":14601}},"64":{"start":{"line":347,"column":12},"end":{"line":347,"column":107}},"65":{"start":{"line":349,"column":12},"end":{"line":349,"column":107}},"66":{"start":{"line":354,"column":8},"end":{"line":354,"column":14997}},"67":{"start":{"line":361,"column":8},"end":{"line":361,"column":80}},"68":{"start":{"line":362,"column":8},"end":{"line":362,"column":64}},"69":{"start":{"line":364,"column":8},"end":{"line":364,"column":83}},"70":{"start":{"line":365,"column":8},"end":{"line":365,"column":60}},"71":{"start":{"line":367,"column":8},"end":{"line":367,"column":15516}},"72":{"start":{"line":373,"column":8},"end":{"line":373,"column":15755}},"73":{"start":{"line":383,"column":8},"end":{"line":383,"column":44}},"74":{"start":{"line":385,"column":8},"end":{"line":385,"column":42}},"75":{"start":{"line":389,"column":8},"end":{"line":389,"column":16316}},"76":{"start":{"line":402,"column":8},"end":{"line":402,"column":87}},"77":{"start":{"line":403,"column":8},"end":{"line":403,"column":65}},"78":{"start":{"line":405,"column":8},"end":{"line":405,"column":82}},"79":{"start":{"line":406,"column":8},"end":{"line":406,"column":62}},"80":{"start":{"line":407,"column":8},"end":{"line":407,"column":17077}},"81":{"start":{"line":412,"column":8},"end":{"line":412,"column":17315}},"82":{"start":{"line":422,"column":8},"end":{"line":422,"column":44}},"83":{"start":{"line":424,"column":8},"end":{"line":424,"column":44}},"84":{"start":{"line":435,"column":8},"end":{"line":435,"column":56}},"85":{"start":{"line":437,"column":8},"end":{"line":437,"column":85}},"86":{"start":{"line":438,"column":8},"end":{"line":438,"column":18303}},"87":{"start":{"line":449,"column":8},"end":{"line":449,"column":91}},"88":{"start":{"line":450,"column":8},"end":{"line":450,"column":94}},"89":{"start":{"line":454,"column":8},"end":{"line":454,"column":37}},"90":{"start":{"line":458,"column":8},"end":{"line":458,"column":19374}},"91":{"start":{"line":471,"column":8},"end":{"line":471,"column":26}},"92":{"start":{"line":472,"column":8},"end":{"line":472,"column":19795}},"93":{"start":{"line":480,"column":8},"end":{"line":480,"column":20096}},"94":{"start":{"line":481,"column":12},"end":{"line":481,"column":20}},"95":{"start":{"line":485,"column":8},"end":{"line":485,"column":33}},"96":{"start":{"line":486,"column":8},"end":{"line":486,"column":17}},"97":{"start":{"line":487,"column":8},"end":{"line":487,"column":20319}},"98":{"start":{"line":488,"column":12},"end":{"line":488,"column":23}},"99":{"start":{"line":489,"column":12},"end":{"line":489,"column":24}},"100":{"start":{"line":491,"column":8},"end":{"line":491,"column":20441}},"101":{"start":{"line":492,"column":12},"end":{"line":492,"column":22}},"102":{"start":{"line":493,"column":12},"end":{"line":493,"column":24}},"103":{"start":{"line":495,"column":8},"end":{"line":495,"column":20546}},"104":{"start":{"line":496,"column":12},"end":{"line":496,"column":22}},"105":{"start":{"line":497,"column":12},"end":{"line":497,"column":24}},"106":{"start":{"line":499,"column":8},"end":{"line":499,"column":20643}},"107":{"start":{"line":500,"column":12},"end":{"line":500,"column":22}},"108":{"start":{"line":501,"column":12},"end":{"line":501,"column":23}},"109":{"start":{"line":503,"column":8},"end":{"line":503,"column":20735}},"110":{"start":{"line":504,"column":12},"end":{"line":504,"column":21}},"111":{"start":{"line":505,"column":12},"end":{"line":505,"column":23}},"112":{"start":{"line":507,"column":8},"end":{"line":507,"column":20824}},"113":{"start":{"line":508,"column":12},"end":{"line":508,"column":21}},"114":{"start":{"line":509,"column":12},"end":{"line":509,"column":23}},"115":{"start":{"line":511,"column":8},"end":{"line":511,"column":20912}},"116":{"start":{"line":512,"column":12},"end":{"line":512,"column":23}},"117":{"start":{"line":517,"column":12},"end":{"line":517,"column":46}},"118":{"start":{"line":518,"column":12},"end":{"line":518,"column":46}},"119":{"start":{"line":519,"column":12},"end":{"line":519,"column":46}},"120":{"start":{"line":520,"column":12},"end":{"line":520,"column":46}},"121":{"start":{"line":521,"column":12},"end":{"line":521,"column":46}},"122":{"start":{"line":522,"column":12},"end":{"line":522,"column":46}},"123":{"start":{"line":523,"column":12},"end":{"line":523,"column":46}},"124":{"start":{"line":524,"column":12},"end":{"line":524,"column":50}},"125":{"start":{"line":525,"column":12},"end":{"line":525,"column":75}}},"branchMap":{"1":{"line":88,"type":"if","locations":[{"start":{"line":88,"column":8},"end":{"line":88,"column":8}},{"start":{"line":88,"column":8},"end":{"line":88,"column":8}}]},"2":{"line":207,"type":"if","locations":[{"start":{"line":207,"column":8},"end":{"line":207,"column":8}},{"start":{"line":207,"column":8},"end":{"line":207,"column":8}}]},"3":{"line":242,"type":"if","locations":[{"start":{"line":242,"column":8},"end":{"line":242,"column":8}},{"start":{"line":242,"column":8},"end":{"line":242,"column":8}}]},"4":{"line":283,"type":"if","locations":[{"start":{"line":283,"column":8},"end":{"line":283,"column":8}},{"start":{"line":283,"column":8},"end":{"line":283,"column":8}}]},"5":{"line":302,"type":"if","locations":[{"start":{"line":302,"column":8},"end":{"line":302,"column":8}},{"start":{"line":302,"column":8},"end":{"line":302,"column":8}}]},"6":{"line":307,"type":"if","locations":[{"start":{"line":307,"column":8},"end":{"line":307,"column":8}},{"start":{"line":307,"column":8},"end":{"line":307,"column":8}}]},"7":{"line":323,"type":"if","locations":[{"start":{"line":323,"column":8},"end":{"line":323,"column":8}},{"start":{"line":323,"column":8},"end":{"line":323,"column":8}}]},"8":{"line":345,"type":"if","locations":[{"start":{"line":345,"column":8},"end":{"line":345,"column":8}},{"start":{"line":345,"column":8},"end":{"line":345,"column":8}}]},"9":{"line":346,"type":"if","locations":[{"start":{"line":346,"column":8},"end":{"line":346,"column":8}},{"start":{"line":346,"column":8},"end":{"line":346,"column":8}}]},"10":{"line":362,"type":"if","locations":[{"start":{"line":362,"column":8},"end":{"line":362,"column":8}},{"start":{"line":362,"column":8},"end":{"line":362,"column":8}}]},"11":{"line":367,"type":"if","locations":[{"start":{"line":367,"column":8},"end":{"line":367,"column":8}},{"start":{"line":367,"column":8},"end":{"line":367,"column":8}}]},"12":{"line":383,"type":"if","locations":[{"start":{"line":383,"column":8},"end":{"line":383,"column":8}},{"start":{"line":383,"column":8},"end":{"line":383,"column":8}}]},"13":{"line":403,"type":"if","locations":[{"start":{"line":403,"column":8},"end":{"line":403,"column":8}},{"start":{"line":403,"column":8},"end":{"line":403,"column":8}}]},"14":{"line":407,"type":"if","locations":[{"start":{"line":407,"column":8},"end":{"line":407,"column":8}},{"start":{"line":407,"column":8},"end":{"line":407,"column":8}}]},"15":{"line":422,"type":"if","locations":[{"start":{"line":422,"column":8},"end":{"line":422,"column":8}},{"start":{"line":422,"column":8},"end":{"line":422,"column":8}}]},"16":{"line":437,"type":"if","locations":[{"start":{"line":437,"column":8},"end":{"line":437,"column":8}},{"start":{"line":437,"column":8},"end":{"line":437,"column":8}}]},"17":{"line":472,"type":"if","locations":[{"start":{"line":472,"column":8},"end":{"line":472,"column":8}},{"start":{"line":472,"column":8},"end":{"line":472,"column":8}}]},"18":{"line":480,"type":"if","locations":[{"start":{"line":480,"column":8},"end":{"line":480,"column":8}},{"start":{"line":480,"column":8},"end":{"line":480,"column":8}}]},"19":{"line":487,"type":"if","locations":[{"start":{"line":487,"column":8},"end":{"line":487,"column":8}},{"start":{"line":487,"column":8},"end":{"line":487,"column":8}}]},"20":{"line":491,"type":"if","locations":[{"start":{"line":491,"column":8},"end":{"line":491,"column":8}},{"start":{"line":491,"column":8},"end":{"line":491,"column":8}}]},"21":{"line":495,"type":"if","locations":[{"start":{"line":495,"column":8},"end":{"line":495,"column":8}},{"start":{"line":495,"column":8},"end":{"line":495,"column":8}}]},"22":{"line":499,"type":"if","locations":[{"start":{"line":499,"column":8},"end":{"line":499,"column":8}},{"start":{"line":499,"column":8},"end":{"line":499,"column":8}}]},"23":{"line":503,"type":"if","locations":[{"start":{"line":503,"column":8},"end":{"line":503,"column":8}},{"start":{"line":503,"column":8},"end":{"line":503,"column":8}}]},"24":{"line":507,"type":"if","locations":[{"start":{"line":507,"column":8},"end":{"line":507,"column":8}},{"start":{"line":507,"column":8},"end":{"line":507,"column":8}}]},"25":{"line":511,"type":"if","locations":[{"start":{"line":511,"column":8},"end":{"line":511,"column":8}},{"start":{"line":511,"column":8},"end":{"line":511,"column":8}}]}}},"contracts\\CommunityStakingPoolBase.sol":{"l":{"73":10,"74":10,"126":53,"127":53,"128":53,"129":53,"134":53,"135":2,"138":53,"141":53,"142":53,"158":53,"160":0,"162":53,"163":53,"164":53,"165":53,"167":53,"174":53,"189":12,"190":12,"191":12,"192":0,"195":11,"196":9,"198":2,"201":1,"202":1,"203":1,"204":1,"205":0,"206":0,"216":41,"217":41,"218":1,"219":1,"220":2,"221":2,"222":2,"227":2,"228":2,"233":41,"244":7,"245":7,"246":0},"path":"G:\\_projects\\intercoin\\StakingContract\\src\\contracts\\CommunityStakingPoolBase.sol","s":{"1":10,"2":53,"3":53,"4":53,"5":53,"6":53,"7":2,"8":53,"9":53,"10":53,"11":53,"12":0,"13":53,"14":53,"15":53,"16":53,"17":53,"18":53,"19":12,"20":12,"21":12,"22":0,"23":12,"24":11,"25":9,"26":2,"27":1,"28":1,"29":1,"30":1,"31":0,"32":0,"33":41,"34":41,"35":1,"36":1,"37":2,"38":2,"39":2,"40":2,"41":2,"42":41,"43":7,"44":7},"b":{"1":[10,0],"2":[0,53],"3":[53,0],"4":[0,12],"5":[11,1],"6":[9,2],"7":[0,1],"8":[1,40],"9":[2,0],"10":[0,7]},"f":{"1":10,"2":0,"3":53,"4":53,"5":12,"6":41,"7":7},"fnMap":{"1":{"name":"onlyStaking","line":72,"loc":{"start":{"line":72,"column":4},"end":{"line":75,"column":4}}},"2":{"name":"tokensReceived","line":102,"loc":{"start":{"line":102,"column":4},"end":{"line":109,"column":25}}},"3":{"name":"CommunityStakingPoolBase_init","line":125,"loc":{"start":{"line":119,"column":4},"end":{"line":143,"column":4}}},"4":{"name":"doSwapOnUniswap","line":153,"loc":{"start":{"line":153,"column":4},"end":{"line":176,"column":4}}},"5":{"name":"_fractionAmountSend","line":182,"loc":{"start":{"line":182,"column":4},"end":{"line":209,"column":4}}},"6":{"name":"_stake","line":211,"loc":{"start":{"line":211,"column":4},"end":{"line":234,"column":4}}},"7":{"name":"_msgSender","line":243,"loc":{"start":{"line":243,"column":4},"end":{"line":250,"column":4}}}},"statementMap":{"1":{"start":{"line":73,"column":8},"end":{"line":73,"column":47}},"2":{"start":{"line":126,"column":8},"end":{"line":126,"column":45}},"3":{"start":{"line":127,"column":8},"end":{"line":127,"column":31}},"4":{"start":{"line":128,"column":8},"end":{"line":128,"column":53}},"5":{"start":{"line":129,"column":8},"end":{"line":129,"column":49}},"6":{"start":{"line":134,"column":8},"end":{"line":134,"column":5483}},"7":{"start":{"line":135,"column":12},"end":{"line":135,"column":117}},"8":{"start":{"line":138,"column":8},"end":{"line":138,"column":31}},"9":{"start":{"line":141,"column":8},"end":{"line":141,"column":80}},"10":{"start":{"line":142,"column":8},"end":{"line":142,"column":60}},"11":{"start":{"line":158,"column":8},"end":{"line":158,"column":6507}},"12":{"start":{"line":160,"column":12},"end":{"line":160,"column":31}},"13":{"start":{"line":162,"column":12},"end":{"line":162,"column":106}},"14":{"start":{"line":163,"column":12},"end":{"line":163,"column":52}},"15":{"start":{"line":164,"column":12},"end":{"line":164,"column":37}},"16":{"start":{"line":165,"column":12},"end":{"line":165,"column":38}},"17":{"start":{"line":167,"column":12},"end":{"line":167,"column":6993}},"18":{"start":{"line":174,"column":12},"end":{"line":174,"column":39}},"19":{"start":{"line":189,"column":8},"end":{"line":189,"column":52}},"20":{"start":{"line":190,"column":8},"end":{"line":190,"column":37}},"21":{"start":{"line":191,"column":8},"end":{"line":191,"column":7791}},"22":{"start":{"line":192,"column":12},"end":{"line":192,"column":69}},"23":{"start":{"line":194,"column":15},"end":{"line":194,"column":7956}},"24":{"start":{"line":195,"column":12},"end":{"line":195,"column":7994}},"25":{"start":{"line":196,"column":16},"end":{"line":196,"column":51}},"26":{"start":{"line":198,"column":16},"end":{"line":198,"column":63}},"27":{"start":{"line":201,"column":12},"end":{"line":201,"column":63}},"28":{"start":{"line":202,"column":12},"end":{"line":202,"column":70}},"29":{"start":{"line":203,"column":12},"end":{"line":203,"column":58}},"30":{"start":{"line":204,"column":12},"end":{"line":204,"column":8402}},"31":{"start":{"line":205,"column":16},"end":{"line":205,"column":82}},"32":{"start":{"line":206,"column":16},"end":{"line":206,"column":45}},"33":{"start":{"line":216,"column":8},"end":{"line":216,"column":29}},"34":{"start":{"line":217,"column":8},"end":{"line":217,"column":8763}},"35":{"start":{"line":218,"column":12},"end":{"line":218,"column":29}},"36":{"start":{"line":219,"column":12},"end":{"line":219,"column":8839}},"37":{"start":{"line":220,"column":16},"end":{"line":220,"column":68}},"38":{"start":{"line":221,"column":16},"end":{"line":221,"column":8979}},"39":{"start":{"line":222,"column":20},"end":{"line":222,"column":9024}},"40":{"start":{"line":227,"column":20},"end":{"line":227,"column":71}},"41":{"start":{"line":228,"column":20},"end":{"line":228,"column":36}},"42":{"start":{"line":233,"column":8},"end":{"line":233,"column":88}},"43":{"start":{"line":244,"column":8},"end":{"line":244,"column":26}},"44":{"start":{"line":245,"column":8},"end":{"line":245,"column":9865}}},"branchMap":{"1":{"line":73,"type":"if","locations":[{"start":{"line":73,"column":8},"end":{"line":73,"column":8}},{"start":{"line":73,"column":8},"end":{"line":73,"column":8}}]},"2":{"line":158,"type":"if","locations":[{"start":{"line":158,"column":8},"end":{"line":158,"column":8}},{"start":{"line":158,"column":8},"end":{"line":158,"column":8}}]},"3":{"line":162,"type":"if","locations":[{"start":{"line":162,"column":12},"end":{"line":162,"column":12}},{"start":{"line":162,"column":12},"end":{"line":162,"column":12}}]},"4":{"line":191,"type":"if","locations":[{"start":{"line":191,"column":8},"end":{"line":191,"column":8}},{"start":{"line":191,"column":8},"end":{"line":191,"column":8}}]},"5":{"line":194,"type":"if","locations":[{"start":{"line":194,"column":15},"end":{"line":194,"column":15}},{"start":{"line":194,"column":15},"end":{"line":194,"column":15}}]},"6":{"line":195,"type":"if","locations":[{"start":{"line":195,"column":12},"end":{"line":195,"column":12}},{"start":{"line":195,"column":12},"end":{"line":195,"column":12}}]},"7":{"line":204,"type":"if","locations":[{"start":{"line":204,"column":12},"end":{"line":204,"column":12}},{"start":{"line":204,"column":12},"end":{"line":204,"column":12}}]},"8":{"line":217,"type":"if","locations":[{"start":{"line":217,"column":8},"end":{"line":217,"column":8}},{"start":{"line":217,"column":8},"end":{"line":217,"column":8}}]},"9":{"line":221,"type":"if","locations":[{"start":{"line":221,"column":16},"end":{"line":221,"column":16}},{"start":{"line":221,"column":16},"end":{"line":221,"column":16}}]},"10":{"line":245,"type":"if","locations":[{"start":{"line":245,"column":8},"end":{"line":245,"column":8}},{"start":{"line":245,"column":8},"end":{"line":245,"column":8}}]}}},"contracts\\CommunityStakingPoolErc20.sol":{"l":{"24":0,"58":9,"66":9,"86":1,"87":1,"91":1,"92":1,"93":1,"108":6,"110":6,"111":6,"114":6,"115":6,"116":6,"123":1,"124":1,"131":1,"135":1},"path":"G:\\_projects\\intercoin\\StakingContract\\src\\contracts\\CommunityStakingPoolErc20.sol","s":{"1":9,"2":9,"3":1,"4":1,"5":1,"6":1,"7":1,"8":6,"9":6,"10":6,"11":6,"12":6,"13":6,"14":1,"15":1,"16":1,"17":1},"b":{"1":[6,0],"2":[6,0]},"f":{"1":9,"2":1,"3":1,"4":6,"5":1,"6":1},"fnMap":{"1":{"name":"initialize","line":57,"loc":{"start":{"line":50,"column":4},"end":{"line":67,"column":4}}},"2":{"name":"redeem","line":83,"loc":{"start":{"line":80,"column":4},"end":{"line":88,"column":4}}},"3":{"name":"stake","line":90,"loc":{"start":{"line":90,"column":4},"end":{"line":94,"column":4}}},"4":{"name":"buyAndStake","line":107,"loc":{"start":{"line":103,"column":4},"end":{"line":117,"column":4}}},"5":{"name":"_redeem","line":122,"loc":{"start":{"line":122,"column":4},"end":{"line":125,"column":4}}},"6":{"name":"__redeem","line":130,"loc":{"start":{"line":130,"column":4},"end":{"line":142,"column":4}}}},"statementMap":{"1":{"start":{"line":58,"column":8},"end":{"line":58,"column":2141}},"2":{"start":{"line":66,"column":8},"end":{"line":66,"column":31}},"3":{"start":{"line":86,"column":8},"end":{"line":86,"column":50}},"4":{"start":{"line":87,"column":8},"end":{"line":87,"column":40}},"5":{"start":{"line":91,"column":8},"end":{"line":91,"column":38}},"6":{"start":{"line":92,"column":8},"end":{"line":92,"column":86}},"7":{"start":{"line":93,"column":8},"end":{"line":93,"column":42}},"8":{"start":{"line":108,"column":8},"end":{"line":108,"column":93}},"9":{"start":{"line":110,"column":8},"end":{"line":110,"column":96}},"10":{"start":{"line":111,"column":8},"end":{"line":111,"column":56}},"11":{"start":{"line":114,"column":8},"end":{"line":114,"column":89}},"12":{"start":{"line":115,"column":8},"end":{"line":115,"column":64}},"13":{"start":{"line":116,"column":8},"end":{"line":116,"column":47}},"14":{"start":{"line":123,"column":8},"end":{"line":123,"column":51}},"15":{"start":{"line":124,"column":8},"end":{"line":124,"column":72}},"16":{"start":{"line":131,"column":8},"end":{"line":131,"column":37}},"17":{"start":{"line":135,"column":8},"end":{"line":135,"column":5637}}},"branchMap":{"1":{"line":111,"type":"if","locations":[{"start":{"line":111,"column":8},"end":{"line":111,"column":8}},{"start":{"line":111,"column":8},"end":{"line":111,"column":8}}]},"2":{"line":115,"type":"if","locations":[{"start":{"line":115,"column":8},"end":{"line":115,"column":8}},{"start":{"line":115,"column":8},"end":{"line":115,"column":8}}]}}},"contracts\\CommunityStakingPoolFactory.sol":{"l":{"63":116,"65":116,"66":116,"67":116,"69":116,"73":0,"77":10,"86":0,"102":0,"103":0,"107":63,"111":0,"112":0,"113":0,"115":0,"130":46,"132":46,"141":44,"153":44,"154":44,"161":44,"173":43,"187":11,"189":11,"191":9,"202":9,"203":9,"210":9,"221":9,"232":46,"233":46,"234":46,"235":46,"236":46,"237":45,"250":11,"251":11,"252":10,"253":10,"270":44,"272":44,"274":44,"275":44,"277":44,"279":44,"280":44,"295":44,"296":44,"298":44,"311":9,"313":9,"315":9,"316":9,"318":9,"320":9,"321":9,"335":9,"336":9,"338":9,"351":0,"352":0,"353":0,"354":0,"356":0,"357":0,"358":0,"361":0,"364":0,"369":0,"370":0,"373":0,"383":0,"392":0,"393":0,"407":0,"408":0,"409":0,"411":0,"413":0,"414":0,"415":0,"418":0,"419":0,"420":0,"431":0,"432":0,"433":0,"435":0,"436":0,"438":0,"441":0,"442":0,"444":0,"445":0,"452":0,"455":0,"459":0,"460":0,"462":0,"463":0,"467":0,"469":0,"470":0,"471":0,"473":0,"491":0,"492":0,"494":0,"498":0,"500":0,"503":0,"506":0,"509":0,"510":0,"512":0,"514":0,"515":0},"path":"G:\\_projects\\intercoin\\StakingContract\\src\\contracts\\CommunityStakingPoolFactory.sol","s":{"1":116,"2":116,"3":116,"4":116,"5":116,"6":0,"7":10,"8":0,"9":0,"10":0,"11":63,"12":0,"13":0,"14":0,"15":0,"16":46,"17":46,"18":44,"19":44,"20":44,"21":44,"22":43,"23":11,"24":11,"25":9,"26":9,"27":9,"28":9,"29":9,"30":46,"31":46,"32":46,"33":46,"34":46,"35":45,"36":11,"37":11,"38":10,"39":10,"40":44,"41":44,"42":44,"43":44,"44":44,"45":44,"46":44,"47":44,"48":44,"49":44,"50":9,"51":9,"52":9,"53":9,"54":9,"55":9,"56":9,"57":9,"58":9,"59":9,"60":0,"61":0,"62":0,"63":0,"64":0,"65":0,"66":0,"67":0,"68":0,"69":0,"70":0,"71":0,"72":0,"73":0,"74":0,"75":0,"76":0,"77":0,"78":0,"79":0,"80":0,"81":0,"82":0,"83":0,"84":0,"85":0,"86":0,"87":0,"88":0,"89":0,"90":0,"91":0,"92":0,"93":0,"94":0,"95":0,"96":0,"97":0,"98":0,"99":0,"100":0,"101":0,"102":0,"103":0,"104":0,"105":0,"106":0,"107":0,"108":0,"109":0,"110":0,"111":0,"112":0,"113":0,"114":0,"115":0,"116":0},"b":{"1":[46,0],"2":[44,0],"3":[44,0],"4":[11,0],"5":[9,0],"6":[9,0],"7":[46,0],"8":[46,0],"9":[46,0],"10":[45,1],"11":[44,1],"12":[10,1],"13":[10,0],"14":[9,1],"15":[44,0],"16":[9,0],"17":[0,0],"18":[0,0],"19":[0,0],"20":[0,0],"21":[0,0],"22":[0,0],"23":[0,0],"24":[0,0],"25":[0,0],"26":[0,0],"27":[0,0]},"f":{"1":116,"2":0,"3":10,"4":0,"5":0,"6":63,"7":0,"8":46,"9":11,"10":46,"11":11,"12":44,"13":9,"14":0,"15":0,"16":0,"17":0},"fnMap":{"1":{"name":"initialize","line":61,"loc":{"start":{"line":61,"column":4},"end":{"line":70,"column":4}}},"2":{"name":"instancesByIndex","line":72,"loc":{"start":{"line":72,"column":4},"end":{"line":74,"column":4}}},"3":{"name":"instances","line":76,"loc":{"start":{"line":76,"column":4},"end":{"line":78,"column":4}}},"4":{"name":"instancesCount","line":85,"loc":{"start":{"line":85,"column":4},"end":{"line":87,"column":4}}},"5":{"name":"getInstanceInfo","line":97,"loc":{"start":{"line":97,"column":4},"end":{"line":104,"column":4}}},"6":{"name":"getInstanceInfoByPoolAddress","line":106,"loc":{"start":{"line":106,"column":4},"end":{"line":108,"column":4}}},"7":{"name":"getInstancesInfo","line":110,"loc":{"start":{"line":110,"column":4},"end":{"line":116,"column":4}}},"8":{"name":"produce","line":118,"loc":{"start":{"line":118,"column":4},"end":{"line":174,"column":4}}},"9":{"name":"produceErc20","line":176,"loc":{"start":{"line":176,"column":4},"end":{"line":222,"column":4}}},"10":{"name":"_createInstanceValidate","line":224,"loc":{"start":{"line":224,"column":4},"end":{"line":241,"column":4}}},"11":{"name":"_createInstanceErc20Validate","line":243,"loc":{"start":{"line":243,"column":4},"end":{"line":257,"column":4}}},"12":{"name":"_createInstance","line":259,"loc":{"start":{"line":259,"column":4},"end":{"line":299,"column":4}}},"13":{"name":"_createInstanceErc20","line":301,"loc":{"start":{"line":301,"column":4},"end":{"line":339,"column":4}}},"14":{"name":"amountAfterSwapLP","line":346,"loc":{"start":{"line":346,"column":4},"end":{"line":395,"column":4}}},"15":{"name":"getPairsAmount","line":397,"loc":{"start":{"line":397,"column":4},"end":{"line":421,"column":4}}},"16":{"name":"expectedAmount","line":423,"loc":{"start":{"line":423,"column":4},"end":{"line":475,"column":4}}},"17":{"name":"_swap","line":477,"loc":{"start":{"line":477,"column":4},"end":{"line":520,"column":4}}}},"statementMap":{"1":{"start":{"line":63,"column":8},"end":{"line":63,"column":80}},"2":{"start":{"line":65,"column":8},"end":{"line":65,"column":28}},"3":{"start":{"line":66,"column":8},"end":{"line":66,"column":38}},"4":{"start":{"line":67,"column":8},"end":{"line":67,"column":27}},"5":{"start":{"line":69,"column":8},"end":{"line":69,"column":48}},"6":{"start":{"line":73,"column":8},"end":{"line":73,"column":32}},"7":{"start":{"line":77,"column":8},"end":{"line":77,"column":25}},"8":{"start":{"line":86,"column":8},"end":{"line":86,"column":33}},"9":{"start":{"line":102,"column":8},"end":{"line":102,"column":75}},"10":{"start":{"line":103,"column":8},"end":{"line":103,"column":39}},"11":{"start":{"line":107,"column":8},"end":{"line":107,"column":35}},"12":{"start":{"line":111,"column":8},"end":{"line":111,"column":73}},"13":{"start":{"line":112,"column":8},"end":{"line":112,"column":4338}},"14":{"start":{"line":113,"column":12},"end":{"line":113,"column":49}},"15":{"start":{"line":115,"column":8},"end":{"line":115,"column":18}},"16":{"start":{"line":130,"column":8},"end":{"line":130,"column":37}},"17":{"start":{"line":132,"column":8},"end":{"line":132,"column":4921}},"18":{"start":{"line":141,"column":8},"end":{"line":141,"column":5130}},"19":{"start":{"line":153,"column":8},"end":{"line":153,"column":88}},"20":{"start":{"line":154,"column":8},"end":{"line":154,"column":54}},"21":{"start":{"line":161,"column":8},"end":{"line":161,"column":5837}},"22":{"start":{"line":173,"column":8},"end":{"line":173,"column":33}},"23":{"start":{"line":187,"column":8},"end":{"line":187,"column":37}},"24":{"start":{"line":189,"column":8},"end":{"line":189,"column":112}},"25":{"start":{"line":191,"column":8},"end":{"line":191,"column":6745}},"26":{"start":{"line":202,"column":8},"end":{"line":202,"column":88}},"27":{"start":{"line":203,"column":8},"end":{"line":203,"column":54}},"28":{"start":{"line":210,"column":8},"end":{"line":210,"column":7430}},"29":{"start":{"line":221,"column":8},"end":{"line":221,"column":33}},"30":{"start":{"line":232,"column":8},"end":{"line":232,"column":81}},"31":{"start":{"line":233,"column":8},"end":{"line":233,"column":102}},"32":{"start":{"line":234,"column":8},"end":{"line":234,"column":77}},"33":{"start":{"line":235,"column":8},"end":{"line":235,"column":75}},"34":{"start":{"line":236,"column":8},"end":{"line":236,"column":76}},"35":{"start":{"line":237,"column":8},"end":{"line":237,"column":8458}},"36":{"start":{"line":250,"column":8},"end":{"line":250,"column":65}},"37":{"start":{"line":251,"column":8},"end":{"line":251,"column":76}},"38":{"start":{"line":252,"column":8},"end":{"line":252,"column":77}},"39":{"start":{"line":253,"column":8},"end":{"line":253,"column":9091}},"40":{"start":{"line":270,"column":8},"end":{"line":270,"column":40}},"41":{"start":{"line":272,"column":8},"end":{"line":272,"column":66}},"42":{"start":{"line":274,"column":8},"end":{"line":274,"column":53}},"43":{"start":{"line":275,"column":8},"end":{"line":275,"column":32}},"44":{"start":{"line":277,"column":8},"end":{"line":277,"column":46}},"45":{"start":{"line":279,"column":8},"end":{"line":279,"column":47}},"46":{"start":{"line":280,"column":8},"end":{"line":280,"column":9985}},"47":{"start":{"line":295,"column":8},"end":{"line":295,"column":10371}},"48":{"start":{"line":296,"column":12},"end":{"line":296,"column":53}},"49":{"start":{"line":298,"column":8},"end":{"line":298,"column":96}},"50":{"start":{"line":311,"column":8},"end":{"line":311,"column":45}},"51":{"start":{"line":313,"column":8},"end":{"line":313,"column":56}},"52":{"start":{"line":315,"column":8},"end":{"line":315,"column":53}},"53":{"start":{"line":316,"column":8},"end":{"line":316,"column":32}},"54":{"start":{"line":318,"column":8},"end":{"line":318,"column":46}},"55":{"start":{"line":320,"column":8},"end":{"line":320,"column":47}},"56":{"start":{"line":321,"column":8},"end":{"line":321,"column":11274}},"57":{"start":{"line":335,"column":8},"end":{"line":335,"column":11656}},"58":{"start":{"line":336,"column":12},"end":{"line":336,"column":53}},"59":{"start":{"line":338,"column":8},"end":{"line":338,"column":93}},"60":{"start":{"line":351,"column":8},"end":{"line":351,"column":28}},"61":{"start":{"line":352,"column":8},"end":{"line":352,"column":27}},"62":{"start":{"line":353,"column":8},"end":{"line":353,"column":29}},"63":{"start":{"line":354,"column":8},"end":{"line":354,"column":28}},"64":{"start":{"line":356,"column":8},"end":{"line":356,"column":24}},"65":{"start":{"line":357,"column":8},"end":{"line":357,"column":22}},"66":{"start":{"line":358,"column":8},"end":{"line":358,"column":12447}},"67":{"start":{"line":361,"column":12},"end":{"line":361,"column":12707}},"68":{"start":{"line":364,"column":12},"end":{"line":364,"column":12917}},"69":{"start":{"line":369,"column":12},"end":{"line":369,"column":29}},"70":{"start":{"line":370,"column":12},"end":{"line":370,"column":28}},"71":{"start":{"line":373,"column":12},"end":{"line":373,"column":13209}},"72":{"start":{"line":383,"column":12},"end":{"line":383,"column":13523}},"73":{"start":{"line":392,"column":12},"end":{"line":392,"column":35}},"74":{"start":{"line":393,"column":12},"end":{"line":393,"column":32}},"75":{"start":{"line":407,"column":8},"end":{"line":407,"column":60}},"76":{"start":{"line":408,"column":8},"end":{"line":408,"column":62}},"77":{"start":{"line":409,"column":8},"end":{"line":409,"column":101}},"78":{"start":{"line":411,"column":8},"end":{"line":411,"column":97}},"79":{"start":{"line":413,"column":8},"end":{"line":413,"column":58}},"80":{"start":{"line":414,"column":8},"end":{"line":414,"column":75}},"81":{"start":{"line":415,"column":8},"end":{"line":415,"column":74}},"82":{"start":{"line":418,"column":8},"end":{"line":418,"column":69}},"83":{"start":{"line":419,"column":8},"end":{"line":419,"column":59}},"84":{"start":{"line":420,"column":8},"end":{"line":420,"column":58}},"85":{"start":{"line":431,"column":8},"end":{"line":431,"column":15265}},"86":{"start":{"line":432,"column":12},"end":{"line":432,"column":32}},"87":{"start":{"line":433,"column":12},"end":{"line":433,"column":30}},"88":{"start":{"line":435,"column":12},"end":{"line":435,"column":15384}},"89":{"start":{"line":436,"column":16},"end":{"line":436,"column":15453}},"90":{"start":{"line":438,"column":20},"end":{"line":438,"column":47}},"91":{"start":{"line":441,"column":16},"end":{"line":441,"column":39}},"92":{"start":{"line":442,"column":16},"end":{"line":442,"column":35}},"93":{"start":{"line":444,"column":16},"end":{"line":444,"column":15741}},"94":{"start":{"line":445,"column":20},"end":{"line":445,"column":15818}},"95":{"start":{"line":452,"column":20},"end":{"line":452,"column":16095}},"96":{"start":{"line":459,"column":20},"end":{"line":459,"column":16354}},"97":{"start":{"line":460,"column":24},"end":{"line":460,"column":59}},"98":{"start":{"line":462,"column":24},"end":{"line":462,"column":53}},"99":{"start":{"line":463,"column":24},"end":{"line":463,"column":45}},"100":{"start":{"line":467,"column":12},"end":{"line":467,"column":34}},"101":{"start":{"line":469,"column":12},"end":{"line":469,"column":119}},"102":{"start":{"line":470,"column":12},"end":{"line":470,"column":16817}},"103":{"start":{"line":471,"column":16},"end":{"line":471,"column":50}},"104":{"start":{"line":473,"column":12},"end":{"line":473,"column":39}},"105":{"start":{"line":491,"column":8},"end":{"line":491,"column":22}},"106":{"start":{"line":492,"column":8},"end":{"line":492,"column":90}},"107":{"start":{"line":494,"column":8},"end":{"line":494,"column":17375}},"108":{"start":{"line":498,"column":12},"end":{"line":498,"column":89}},"109":{"start":{"line":500,"column":12},"end":{"line":500,"column":17591}},"110":{"start":{"line":503,"column":16},"end":{"line":503,"column":17724}},"111":{"start":{"line":506,"column":16},"end":{"line":506,"column":17874}},"112":{"start":{"line":509,"column":20},"end":{"line":509,"column":55}},"113":{"start":{"line":510,"column":20},"end":{"line":510,"column":53}},"114":{"start":{"line":512,"column":20},"end":{"line":512,"column":105}},"115":{"start":{"line":514,"column":20},"end":{"line":514,"column":18292}},"116":{"start":{"line":515,"column":24},"end":{"line":515,"column":37}}},"branchMap":{"1":{"line":130,"type":"if","locations":[{"start":{"line":130,"column":8},"end":{"line":130,"column":8}},{"start":{"line":130,"column":8},"end":{"line":130,"column":8}}]},"2":{"line":153,"type":"if","locations":[{"start":{"line":153,"column":8},"end":{"line":153,"column":8}},{"start":{"line":153,"column":8},"end":{"line":153,"column":8}}]},"3":{"line":154,"type":"if","locations":[{"start":{"line":154,"column":8},"end":{"line":154,"column":8}},{"start":{"line":154,"column":8},"end":{"line":154,"column":8}}]},"4":{"line":187,"type":"if","locations":[{"start":{"line":187,"column":8},"end":{"line":187,"column":8}},{"start":{"line":187,"column":8},"end":{"line":187,"column":8}}]},"5":{"line":202,"type":"if","locations":[{"start":{"line":202,"column":8},"end":{"line":202,"column":8}},{"start":{"line":202,"column":8},"end":{"line":202,"column":8}}]},"6":{"line":203,"type":"if","locations":[{"start":{"line":203,"column":8},"end":{"line":203,"column":8}},{"start":{"line":203,"column":8},"end":{"line":203,"column":8}}]},"7":{"line":232,"type":"if","locations":[{"start":{"line":232,"column":8},"end":{"line":232,"column":8}},{"start":{"line":232,"column":8},"end":{"line":232,"column":8}}]},"8":{"line":233,"type":"if","locations":[{"start":{"line":233,"column":8},"end":{"line":233,"column":8}},{"start":{"line":233,"column":8},"end":{"line":233,"column":8}}]},"9":{"line":234,"type":"if","locations":[{"start":{"line":234,"column":8},"end":{"line":234,"column":8}},{"start":{"line":234,"column":8},"end":{"line":234,"column":8}}]},"10":{"line":236,"type":"if","locations":[{"start":{"line":236,"column":8},"end":{"line":236,"column":8}},{"start":{"line":236,"column":8},"end":{"line":236,"column":8}}]},"11":{"line":237,"type":"if","locations":[{"start":{"line":237,"column":8},"end":{"line":237,"column":8}},{"start":{"line":237,"column":8},"end":{"line":237,"column":8}}]},"12":{"line":251,"type":"if","locations":[{"start":{"line":251,"column":8},"end":{"line":251,"column":8}},{"start":{"line":251,"column":8},"end":{"line":251,"column":8}}]},"13":{"line":252,"type":"if","locations":[{"start":{"line":252,"column":8},"end":{"line":252,"column":8}},{"start":{"line":252,"column":8},"end":{"line":252,"column":8}}]},"14":{"line":253,"type":"if","locations":[{"start":{"line":253,"column":8},"end":{"line":253,"column":8}},{"start":{"line":253,"column":8},"end":{"line":253,"column":8}}]},"15":{"line":295,"type":"if","locations":[{"start":{"line":295,"column":8},"end":{"line":295,"column":8}},{"start":{"line":295,"column":8},"end":{"line":295,"column":8}}]},"16":{"line":335,"type":"if","locations":[{"start":{"line":335,"column":8},"end":{"line":335,"column":8}},{"start":{"line":335,"column":8},"end":{"line":335,"column":8}}]},"17":{"line":409,"type":"if","locations":[{"start":{"line":409,"column":8},"end":{"line":409,"column":8}},{"start":{"line":409,"column":8},"end":{"line":409,"column":8}}]},"18":{"line":413,"type":"if","locations":[{"start":{"line":413,"column":8},"end":{"line":413,"column":8}},{"start":{"line":413,"column":8},"end":{"line":413,"column":8}}]},"19":{"line":431,"type":"if","locations":[{"start":{"line":431,"column":8},"end":{"line":431,"column":8}},{"start":{"line":431,"column":8},"end":{"line":431,"column":8}}]},"20":{"line":436,"type":"if","locations":[{"start":{"line":436,"column":16},"end":{"line":436,"column":16}},{"start":{"line":436,"column":16},"end":{"line":436,"column":16}}]},"21":{"line":452,"type":"if","locations":[{"start":{"line":452,"column":20},"end":{"line":452,"column":20}},{"start":{"line":452,"column":20},"end":{"line":452,"column":20}}]},"22":{"line":459,"type":"if","locations":[{"start":{"line":459,"column":20},"end":{"line":459,"column":20}},{"start":{"line":459,"column":20},"end":{"line":459,"column":20}}]},"23":{"line":470,"type":"if","locations":[{"start":{"line":470,"column":12},"end":{"line":470,"column":12}},{"start":{"line":470,"column":12},"end":{"line":470,"column":12}}]},"24":{"line":494,"type":"if","locations":[{"start":{"line":494,"column":8},"end":{"line":494,"column":8}},{"start":{"line":494,"column":8},"end":{"line":494,"column":8}}]},"25":{"line":500,"type":"if","locations":[{"start":{"line":500,"column":12},"end":{"line":500,"column":12}},{"start":{"line":500,"column":12},"end":{"line":500,"column":12}}]},"26":{"line":506,"type":"if","locations":[{"start":{"line":506,"column":16},"end":{"line":506,"column":16}},{"start":{"line":506,"column":16},"end":{"line":506,"column":16}}]},"27":{"line":514,"type":"if","locations":[{"start":{"line":514,"column":20},"end":{"line":514,"column":20}},{"start":{"line":514,"column":20},"end":{"line":514,"column":20}}]}}},"contracts\\interfaces\\ICommunityCoin.sol":{"l":{},"path":"G:\\_projects\\intercoin\\StakingContract\\src\\contracts\\interfaces\\ICommunityCoin.sol","s":{},"b":{},"f":{},"fnMap":{},"statementMap":{},"branchMap":{}},"contracts\\interfaces\\ICommunityStakingPool.sol":{"l":{},"path":"G:\\_projects\\intercoin\\StakingContract\\src\\contracts\\interfaces\\ICommunityStakingPool.sol","s":{},"b":{},"f":{},"fnMap":{},"statementMap":{},"branchMap":{}},"contracts\\interfaces\\ICommunityStakingPoolErc20.sol":{"l":{},"path":"G:\\_projects\\intercoin\\StakingContract\\src\\contracts\\interfaces\\ICommunityStakingPoolErc20.sol","s":{},"b":{},"f":{},"fnMap":{},"statementMap":{},"branchMap":{}},"contracts\\interfaces\\ICommunityStakingPoolFactory.sol":{"l":{},"path":"G:\\_projects\\intercoin\\StakingContract\\src\\contracts\\interfaces\\ICommunityStakingPoolFactory.sol","s":{},"b":{},"f":{},"fnMap":{},"statementMap":{},"branchMap":{}},"contracts\\interfaces\\IERC20Dpl.sol":{"l":{},"path":"G:\\_projects\\intercoin\\StakingContract\\src\\contracts\\interfaces\\IERC20Dpl.sol","s":{},"b":{},"f":{},"fnMap":{},"statementMap":{},"branchMap":{}},"contracts\\interfaces\\IHook.sol":{"l":{},"path":"G:\\_projects\\intercoin\\StakingContract\\src\\contracts\\interfaces\\IHook.sol","s":{},"b":{},"f":{},"fnMap":{},"statementMap":{},"branchMap":{}},"contracts\\interfaces\\IRewards.sol":{"l":{},"path":"G:\\_projects\\intercoin\\StakingContract\\src\\contracts\\interfaces\\IRewards.sol","s":{},"b":{},"f":{},"fnMap":{},"statementMap":{},"branchMap":{}},"contracts\\interfaces\\IStructs.sol":{"l":{},"path":"G:\\_projects\\intercoin\\StakingContract\\src\\contracts\\interfaces\\IStructs.sol","s":{},"b":{},"f":{},"fnMap":{},"statementMap":{},"branchMap":{}},"contracts\\interfaces\\ITaxes.sol":{"l":{},"path":"G:\\_projects\\intercoin\\StakingContract\\src\\contracts\\interfaces\\ITaxes.sol","s":{},"b":{},"f":{},"fnMap":{},"statementMap":{},"branchMap":{}},"contracts\\interfaces\\ITrustedForwarder.sol":{"l":{},"path":"G:\\_projects\\intercoin\\StakingContract\\src\\contracts\\interfaces\\ITrustedForwarder.sol","s":{},"b":{},"f":{},"fnMap":{},"statementMap":{},"branchMap":{}},"contracts\\libs\\PoolStakesLib.sol":{"l":{"40":18,"41":18,"42":18,"44":1,"45":1,"47":0,"50":1,"53":1,"56":1,"57":1,"58":1,"61":18,"63":17,"64":17,"66":0,"71":17,"72":17,"74":17,"77":15,"80":17,"113":17,"114":17,"115":17,"116":17,"117":17,"118":17,"119":17,"120":17,"121":17,"123":0,"124":0,"125":0,"126":0,"131":17,"145":1,"146":1,"147":1,"149":1,"150":1,"151":1,"152":1,"154":1,"157":0,"158":0,"159":0,"160":0,"165":1,"203":18,"204":0,"205":0,"218":0,"219":0,"249":29,"250":29,"259":29,"261":17,"262":17,"264":2,"274":15,"275":0,"280":0,"282":15,"304":10,"306":10,"309":1,"313":1,"317":0,"318":0,"321":0,"325":9,"326":4,"332":0,"335":1,"340":1,"341":1,"342":1,"345":0,"348":4,"354":0,"357":0,"364":0,"389":11,"397":5,"398":5,"404":5,"405":5,"406":5,"428":5,"433":5,"437":11,"439":6,"443":1,"447":5,"452":10,"477":10,"478":10,"481":10,"482":10,"483":10,"485":10,"488":10,"489":10,"492":10,"494":10,"498":5,"511":10,"515":5,"524":10,"526":10,"527":10,"528":10,"529":10,"531":10,"533":10,"535":10,"539":10},"path":"G:\\_projects\\intercoin\\StakingContract\\src\\contracts\\libs\\PoolStakesLib.sol","s":{"1":18,"2":18,"3":18,"4":1,"5":1,"6":0,"7":1,"8":1,"9":1,"10":1,"11":1,"12":18,"13":17,"14":17,"15":0,"16":17,"17":17,"18":17,"19":15,"20":17,"21":17,"22":17,"23":17,"24":17,"25":17,"26":17,"27":17,"28":17,"29":17,"30":0,"31":0,"32":0,"33":0,"34":0,"35":17,"36":1,"37":1,"38":1,"39":1,"40":1,"41":1,"42":1,"43":1,"44":0,"45":0,"46":0,"47":0,"48":0,"49":1,"50":18,"51":0,"52":0,"53":0,"54":0,"55":29,"56":29,"57":29,"58":17,"59":17,"60":2,"61":15,"62":0,"63":0,"64":15,"65":10,"66":10,"67":1,"68":1,"69":0
[...]
{"start":{"line":27,"column":8},"end":{"line":27,"column":8}},{"start":{"line":27,"column":8},"end":{"line":27,"column":8}}]},"2":{"line":33,"type":"if","locations":[{"start":{"line":33,"column":8},"end":{"line":33,"column":8}},{"start":{"line":33,"column":8},"end":{"line":33,"column":8}}]}}},"contracts\\mocks\\MockReleaseManager.sol":{"l":{},"path":"G:\\_projects\\intercoin\\StakingContract\\src\\contracts\\mocks\\MockReleaseManager.sol","s":{},"b":{},"f":{},"fnMap":{},"statementMap":{},"branchMap":{}},"contracts\\mocks\\MockReleaseManagerFactory.sol":{"l":{},"path":"G:\\_projects\\intercoin\\StakingContract\\src\\contracts\\mocks\\MockReleaseManagerFactory.sol","s":{},"b":{},"f":{"1":174},"fnMap":{"1":{"name":"constructor","line":7,"loc":{"start":{"line":7,"column":4},"end":{"line":9,"column":4}}}},"statementMap":{},"branchMap":{}},"contracts\\mocks\\MockSrqtCoverage.sol":{"l":{"15":12},"path":"G:\\_projects\\intercoin\\StakingContract\\src\\contracts\\mocks\\MockSrqtCoverage.sol","s":{"1":12},"b":{},"f":{"1":12},"fnMap":{"1":{"name":"calculateSqrt","line":8,"loc":{"start":{"line":8,"column":4},"end":{"line":16,"column":4}}}},"statementMap":{"1":{"start":{"line":15,"column":8},"end":{"line":15,"column":22}}},"branchMap":{}},"contracts\\mocks\\MockTaxes.sol":{"l":{"19":10,"20":10,"34":10},"path":"G:\\_projects\\intercoin\\StakingContract\\src\\contracts\\mocks\\MockTaxes.sol","s":{"1":10,"2":10,"3":10},"b":{},"f":{"1":10,"2":10},"fnMap":{"1":{"name":"setupVars","line":13,"loc":{"start":{"line":13,"column":4},"end":{"line":22,"column":4}}},"2":{"name":"beforeTransfer","line":24,"loc":{"start":{"line":24,"column":4},"end":{"line":35,"column":4}}}},"statementMap":{"1":{"start":{"line":19,"column":8},"end":{"line":19,"column":31}},"2":{"start":{"line":20,"column":8},"end":{"line":20,"column":31}},"3":{"start":{"line":34,"column":8},"end":{"line":34,"column":63}}},"branchMap":{}},"contracts\\mocks\\uniswap\\IUniswapV2PairMock.sol":{"l":{},"path":"G:\\_projects\\intercoin\\StakingContract\\src\\contracts\\mocks\\uniswap\\IUniswapV2PairMock.sol","s":{},"b":{},"f":{},"fnMap":{},"statementMap":{},"branchMap":{}},"contracts\\Rewards.sol":{"l":{"24":62,"28":3,"29":0,"31":3,"35":58,"36":0,"38":58,"43":2,"44":2,"60":1,"63":1},"path":"G:\\_projects\\intercoin\\StakingContract\\src\\contracts\\Rewards.sol","s":{"1":62,"2":3,"3":58,"4":58,"5":2,"6":2,"7":1,"8":1},"b":{"1":[0,3],"2":[0,58],"3":[2,0]},"f":{"1":62,"2":3,"3":58,"4":2,"5":1},"fnMap":{"1":{"name":"initialize","line":23,"loc":{"start":{"line":17,"column":4},"end":{"line":25,"column":4}}},"2":{"name":"onlyCaller","line":27,"loc":{"start":{"line":27,"column":4},"end":{"line":32,"column":4}}},"3":{"name":"setupCaller","line":34,"loc":{"start":{"line":34,"column":4},"end":{"line":39,"column":4}}},"4":{"name":"onClaim","line":41,"loc":{"start":{"line":41,"column":4},"end":{"line":47,"column":4}}},"5":{"name":"onUnstake","line":58,"loc":{"start":{"line":52,"column":4},"end":{"line":64,"column":4}}}},"statementMap":{"1":{"start":{"line":24,"column":8},"end":{"line":24,"column":76}},"2":{"start":{"line":28,"column":8},"end":{"line":28,"column":721}},"3":{"start":{"line":35,"column":8},"end":{"line":35,"column":869}},"4":{"start":{"line":38,"column":8},"end":{"line":38,"column":28}},"5":{"start":{"line":43,"column":8},"end":{"line":43,"column":1059}},"6":{"start":{"line":44,"column":12},"end":{"line":44,"column":59}},"7":{"start":{"line":60,"column":8},"end":{"line":60,"column":76}},"8":{"start":{"line":63,"column":8},"end":{"line":63,"column":45}}},"branchMap":{"1":{"line":28,"type":"if","locations":[{"start":{"line":28,"column":8},"end":{"line":28,"column":8}},{"start":{"line":28,"column":8},"end":{"line":28,"column":8}}]},"2":{"line":35,"type":"if","locations":[{"start":{"line":35,"column":8},"end":{"line":35,"column":8}},{"start":{"line":35,"column":8},"end":{"line":35,"column":8}}]},"3":{"line":43,"type":"if","locations":[{"start":{"line":43,"column":8},"end":{"line":43,"column":8}},{"start":{"line":43,"column":8},"end":{"line":43,"column":8}}]}}},"contracts\\RewardsBase.sol":{"l":{"43":0,"44":0,"54":62,"55":62,"57":62,"59":62,"61":62,"62":62,"63":62,"64":62,"65":62,"75":130,"92":0,"93":0,"94":0,"95":0,"96":0,"122":3,"123":2,"127":1,"130":1,"131":1,"138":1,"146":1,"147":1,"155":3,"156":3,"157":3,"158":3,"159":3,"160":3,"169":2,"176":2,"177":2,"179":2,"182":2,"183":2,"184":2,"186":2,"191":4,"193":4,"194":4,"195":4,"196":4,"197":4,"198":3,"199":3,"212":2,"221":1,"229":2,"230":2,"232":2,"233":2,"235":1,"236":1,"244":1,"245":1,"247":1,"248":1,"249":1,"250":1,"252":1,"253":1,"254":1,"255":1,"258":1,"260":1,"261":0,"272":1,"273":1,"275":1,"276":1,"278":1,"279":0,"309":0},"path":"G:\\_projects\\intercoin\\StakingContract\\src\\contracts\\RewardsBase.sol","s":{"1":0,"2":62,"3":62,"4":62,"5":62,"6":62,"7":62,"8":62,"9":62,"10":62,"11":130,"12":0,"13":0,"14":0,"15":0,"16":0,"17":3,"18":2,"19":1,"20":1,"21":1,"22":1,"23":1,"24":1,"25":3,"26":3,"27":3,"28":3,"29":3,"30":3,"31":2,"32":2,"33":2,"34":2,"35":2,"36":2,"37":2,"38":2,"39":4,"40":4,"41":4,"42":4,"43":4,"44":4,"45":3,"46":3,"47":2,"48":1,"49":2,"50":2,"51":2,"52":2,"53":1,"54":1,"55":1,"56":1,"57":1,"58":1,"59":1,"60":1,"61":1,"62":1,"63":1,"64":1,"65":1,"66":1,"67":0,"68":1,"69":1,"70":1,"71":1,"72":1,"73":0,"74":0},"b":{"1":[0,0],"2":[62,0],"3":[2,1],"4":[1,0],"5":[1,0],"6":[3,0],"7":[2,0],"8":[4,0],"9":[3,1],"10":[2,0],"11":[2,0],"12":[1,1],"13":[1,0],"14":[1,0],"15":[1,0],"16":[1,0],"17":[1,0],"18":[0,1],"19":[1,0],"20":[0,1]},"f":{"1":0,"2":62,"3":130,"4":0,"5":3,"6":1,"7":1,"8":3,"9":2,"10":2,"11":4,"12":2,"13":1,"14":2,"15":1,"16":1},"fnMap":{"1":{"name":"validGasPrice","line":42,"loc":{"start":{"line":42,"column":4},"end":{"line":45,"column":4}}},"2":{"name":"__Rewards_init","line":53,"loc":{"start":{"line":47,"column":4},"end":{"line":66,"column":4}}},"3":{"name":"_msgSender","line":68,"loc":{"start":{"line":68,"column":4},"end":{"line":76,"column":4}}},"4":{"name":"getConfig","line":81,"loc":{"start":{"line":81,"column":4},"end":{"line":97,"column":4}}},"5":{"name":"setTrustedForwarder","line":121,"loc":{"start":{"line":121,"column":4},"end":{"line":124,"column":4}}},"6":{"name":"transferOwnership","line":126,"loc":{"start":{"line":126,"column":4},"end":{"line":139,"column":4}}},"7":{"name":"setGroup","line":145,"loc":{"start":{"line":145,"column":4},"end":{"line":149,"column":4}}},"8":{"name":"getTokenPrice","line":154,"loc":{"start":{"line":154,"column":4},"end":{"line":163,"column":4}}},"9":{"name":"getGroupBonus","line":168,"loc":{"start":{"line":168,"column":4},"end":{"line":170,"column":4}}},"10":{"name":"_claim","line":174,"loc":{"start":{"line":174,"column":4},"end":{"line":188,"column":4}}},"11":{"name":"_getGroupBonus","line":190,"loc":{"start":{"line":190,"column":4},"end":{"line":203,"column":4}}},"12":{"name":"_getTokenAmount","line":211,"loc":{"start":{"line":211,"column":4},"end":{"line":213,"column":4}}},"13":{"name":"_getNeededInputAmount","line":220,"loc":{"start":{"line":220,"column":4},"end":{"line":222,"column":4}}},"14":{"name":"_sendTokens","line":228,"loc":{"start":{"line":228,"column":4},"end":{"line":237,"column":4}}},"15":{"name":"_setGroup","line":243,"loc":{"start":{"line":243,"column":4},"end":{"line":264,"column":4}}},"16":{"name":"_addBonus","line":271,"loc":{"start":{"line":271,"column":4},"end":{"line":311,"column":4}}}},"statementMap":{"1":{"start":{"line":43,"column":8},"end":{"line":43,"column":100}},"2":{"start":{"line":54,"column":8},"end":{"line":54,"column":32}},"3":{"start":{"line":55,"column":8},"end":{"line":55,"column":23}},"4":{"start":{"line":57,"column":8},"end":{"line":57,"column":76}},"5":{"start":{"line":59,"column":8},"end":{"line":59,"column":31}},"6":{"start":{"line":61,"column":8},"end":{"line":61,"column":35}},"7":{"start":{"line":62,"column":8},"end":{"line":62,"column":31}},"8":{"start":{"line":63,"column":8},"end":{"line":63,"column":23}},"9":{"start":{"line":64,"column":8},"end":{"line":64,"column":31}},"10":{"start":{"line":65,"column":8},"end":{"line":65,"column":25}},"11":{"start":{"line":75,"column":8},"end":{"line":75,"column":44}},"12":{"start":{"line":92,"column":8},"end":{"line":92,"column":35}},"13":{"start":{"line":93,"column":8},"end":{"line":93,"column":31}},"14":{"start":{"line":94,"column":8},"end":{"line":94,"column":23}},"15":{"start":{"line":95,"column":8},"end":{"line":95,"column":31}},"16":{"start":{"line":96,"column":8},"end":{"line":96,"column":25}},"17":{"start":{"line":122,"column":8},"end":{"line":122,"column":66}},"18":{"start":{"line":123,"column":8},"end":{"line":123,"column":38}},"19":{"start":{"line":127,"column":8},"end":{"line":127,"column":72}},"20":{"start":{"line":130,"column":8},"end":{"line":130,"column":4061}},"21":{"start":{"line":131,"column":12},"end":{"line":131,"column":43}},"22":{"start":{"line":138,"column":8},"end":{"line":138,"column":40}},"23":{"start":{"line":146,"column":8},"end":{"line":146,"column":4678}},"24":{"start":{"line":147,"column":12},"end":{"line":147,"column":45}},"25":{"start":{"line":155,"column":8},"end":{"line":155,"column":34}},"26":{"start":{"line":156,"column":8},"end":{"line":156,"column":24}},"27":{"start":{"line":157,"column":8},"end":{"line":157,"column":4991}},"28":{"start":{"line":158,"column":12},"end":{"line":158,"column":5057}},"29":{"start":{"line":159,"column":16},"end":{"line":159,"column":33}},"30":{"start":{"line":160,"column":16},"end":{"line":160,"column":32}},"31":{"start":{"line":169,"column":8},"end":{"line":169,"column":40}},"32":{"start":{"line":176,"column":8},"end":{"line":176,"column":54}},"33":{"start":{"line":177,"column":8},"end":{"line":177,"column":44}},"34":{"start":{"line":179,"column":8},"end":{"line":179,"column":5640}},"35":{"start":{"line":182,"column":8},"end":{"line":182,"column":5760}},"36":{"start":{"line":183,"column":12},"end":{"line":183,"column":94}},"37":{"start":{"line":184,"column":12},"end":{"line":184,"column":71}},"38":{"start":{"line":186,"column":12},"end":{"line":186,"column":41}},"39":{"start":{"line":191,"column":8},"end":{"line":191,"column":16}},"40":{"start":{"line":193,"column":8},"end":{"line":193,"column":6181}},"41":{"start":{"line":194,"column":12},"end":{"line":194,"column":68}},"42":{"start":{"line":195,"column":12},"end":{"line":195,"column":27}},"43":{"start":{"line":196,"column":12},"end":{"line":196,"column":6336}},"44":{"start":{"line":197,"column":16},"end":{"line":197,"column":6406}},"45":{"start":{"line":198,"column":20},"end":{"line":198,"column":38}},"46":{"start":{"line":199,"column":20},"end":{"line":199,"column":37}},"47":{"start":{"line":212,"column":8},"end":{"line":212,"column":44}},"48":{"start":{"line":221,"column":8},"end":{"line":221,"column":49}},"49":{"start":{"line":229,"column":8},"end":{"line":229,"column":52}},"50":{"start":{"line":230,"column":8},"end":{"line":230,"column":62}},"51":{"start":{"line":232,"column":8},"end":{"line":232,"column":76}},"52":{"start":{"line":233,"column":8},"end":{"line":233,"column":72}},"53":{"start":{"line":235,"column":8},"end":{"line":235,"column":66}},"54":{"start":{"line":236,"column":8},"end":{"line":236,"column":62}},"55":{"start":{"line":244,"column":8},"end":{"line":244,"column":62}},"56":{"start":{"line":245,"column":8},"end":{"line":245,"column":74}},"57":{"start":{"line":247,"column":8},"end":{"line":247,"column":8393}},"58":{"start":{"line":248,"column":12},"end":{"line":248,"column":43}},"59":{"start":{"line":249,"column":12},"end":{"line":249,"column":45}},"60":{"start":{"line":250,"column":12},"end":{"line":250,"column":51}},"61":{"start":{"line":252,"column":12},"end":{"line":252,"column":8600}},"62":{"start":{"line":253,"column":16},"end":{"line":253,"column":46}},"63":{"start":{"line":254,"column":16},"end":{"line":254,"column":49}},"64":{"start":{"line":255,"column":16},"end":{"line":255,"column":48}},"65":{"start":{"line":258,"column":12},"end":{"line":258,"column":52}},"66":{"start":{"line":260,"column":12},"end":{"line":260,"column":8876}},"67":{"start":{"line":261,"column":16},"end":{"line":261,"column":69}},"68":{"start":{"line":272,"column":8},"end":{"line":272,"column":9250}},"69":{"start":{"line":273,"column":12},"end":{"line":273,"column":66}},"70":{"start":{"line":275,"column":12},"end":{"line":275,"column":53}},"71":{"start":{"line":276,"column":12},"end":{"line":276,"column":54}},"72":{"start":{"line":278,"column":12},"end":{"line":278,"column":9490}},"73":{"start":{"line":279,"column":16},"end":{"line":279,"column":38}},"74":{"start":{"line":309,"column":12},"end":{"line":309,"column":55}}},"branchMap":{"1":{"line":43,"type":"if","locations":[{"start":{"line":43,"column":8},"end":{"line":43,"column":8}},{"start":{"line":43,"column":8},"end":{"line":43,"column":8}}]},"2":{"line":57,"type":"if","locations":[{"start":{"line":57,"column":8},"end":{"line":57,"column":8}},{"start":{"line":57,"column":8},"end":{"line":57,"column":8}}]},"3":{"line":122,"type":"if","locations":[{"start":{"line":122,"column":8},"end":{"line":122,"column":8}},{"start":{"line":122,"column":8},"end":{"line":122,"column":8}}]},"4":{"line":127,"type":"if","locations":[{"start":{"line":127,"column":8},"end":{"line":127,"column":8}},{"start":{"line":127,"column":8},"end":{"line":127,"column":8}}]},"5":{"line":130,"type":"if","locations":[{"start":{"line":130,"column":8},"end":{"line":130,"column":8}},{"start":{"line":130,"column":8},"end":{"line":130,"column":8}}]},"6":{"line":158,"type":"if","locations":[{"start":{"line":158,"column":12},"end":{"line":158,"column":12}},{"start":{"line":158,"column":12},"end":{"line":158,"column":12}}]},"7":{"line":182,"type":"if","locations":[{"start":{"line":182,"column":8},"end":{"line":182,"column":8}},{"start":{"line":182,"column":8},"end":{"line":182,"column":8}}]},"8":{"line":193,"type":"if","locations":[{"start":{"line":193,"column":8},"end":{"line":193,"column":8}},{"start":{"line":193,"column":8},"end":{"line":193,"column":8}}]},"9":{"line":197,"type":"if","locations":[{"start":{"line":197,"column":16},"end":{"line":197,"column":16}},{"start":{"line":197,"column":16},"end":{"line":197,"column":16}}]},"10":{"line":229,"type":"if","locations":[{"start":{"line":229,"column":8},"end":{"line":229,"column":8}},{"start":{"line":229,"column":8},"end":{"line":229,"column":8}}]},"11":{"line":230,"type":"if","locations":[{"start":{"line":230,"column":8},"end":{"line":230,"column":8}},{"start":{"line":230,"column":8},"end":{"line":230,"column":8}}]},"12":{"line":233,"type":"if","locations":[{"start":{"line":233,"column":8},"end":{"line":233,"column":8}},{"start":{"line":233,"column":8},"end":{"line":233,"column":8}}]},"13":{"line":236,"type":"if","locations":[{"start":{"line":236,"column":8},"end":{"line":236,"column":8}},{"start":{"line":236,"column":8},"end":{"line":236,"column":8}}]},"14":{"line":244,"type":"if","locations":[{"start":{"line":244,"column":8},"end":{"line":244,"column":8}},{"start":{"line":244,"column":8},"end":{"line":244,"column":8}}]},"15":{"line":245,"type":"if","locations":[{"start":{"line":245,"column":8},"end":{"line":245,"column":8}},{"start":{"line":245,"column":8},"end":{"line":245,"column":8}}]},"16":{"line":247,"type":"if","locations":[{"start":{"line":247,"column":8},"end":{"line":247,"column":8}},{"start":{"line":247,"column":8},"end":{"line":247,"column":8}}]},"17":{"line":252,"type":"if","locations":[{"start":{"line":252,"column":12},"end":{"line":252,"column":12}},{"start":{"line":252,"column":12},"end":{"line":252,"column":12}}]},"18":{"line":260,"type":"if","locations":[{"start":{"line":260,"column":12},"end":{"line":260,"column":12}},{"start":{"line":260,"column":12},"end":{"line":260,"column":12}}]},"19":{"line":272,"type":"if","locations":[{"start":{"line":272,"column":8},"end":{"line":272,"column":8}},{"start":{"line":272,"column":8},"end":{"line":272,"column":8}}]},"20":{"line":278,"type":"if","locations":[{"start":{"line":278,"column":12},"end":{"line":278,"column":12}},{"start":{"line":278,"column":12},"end":{"line":278,"column":12}}]}}},"contracts\\RewardsFactory.sol":{"l":{"94":0,"107":0,"130":0,"132":0,"133":0,"136":0,"138":0,"140":0,"148":0},"path":"G:\\_projects\\intercoin\\StakingContract\\src\\contracts\\RewardsFactory.sol","s":{"1":0,"2":0,"3":0,"4":0,"5":0,"6":0,"7":0,"8":0},"b":{"1":[0,0]},"f":{"1":0,"2":0,"3":0},"fnMap":{"1":{"name":"constructor","line":93,"loc":{"start":{"line":93,"column":4},"end":{"line":95,"column":4}}},"2":{"name":"instancesCount","line":106,"loc":{"start":{"line":106,"column":4},"end":{"line":108,"column":4}}},"3":{"name":"produce","line":129,"loc":{"start":{"line":123,"column":4},"end":{"line":150,"column":4}}}},"statementMap":{"1":{"start":{"line":94,"column":8},"end":{"line":94,"column":42}},"2":{"start":{"line":107,"column":8},"end":{"line":107,"column":32}},"3":{"start":{"line":130,"column":8},"end":{"line":130,"column":47}},"4":{"start":{"line":132,"column":8},"end":{"line":132,"column":11120}},"5":{"start":{"line":136,"column":8},"end":{"line":136,"column":31}},"6":{"start":{"line":138,"column":8},"end":{"line":138,"column":56}},"7":{"start":{"line":140,"column":8},"end":{"line":140,"column":11324}},"8":{"start":{"line":148,"column":8},"end":{"line":148,"column":56}}},"branchMap":{"1":{"line":132,"type":"if","locations":[{"start":{"line":132,"column":8},"end":{"line":132,"column":8}},{"start":{"line":132,"column":8},"end":{"line":132,"column":8}}]}}},"contracts\\RolesManagement.sol":{"l":{"23":116,"25":116,"26":116,"27":116,"28":116,"29":116,"30":116,"37":0,"41":0,"45":15,"46":5,"66":15,"68":15,"69":26,"70":10,"74":5},"path":"G:\\_projects\\intercoin\\StakingContract\\src\\contracts\\RolesManagement.sol","s":{"1":116,"2":116,"3":116,"4":116,"5":116,"6":116,"7":116,"8":0,"9":0,"10":15,"11":15,"12":15,"13":26,"14":10,"15":5},"b":{"1":[116,0],"2":[5,10],"3":[10,16]},"f":{"1":116,"2":0,"3":0,"4":15,"5":15},"fnMap":{"1":{"name":"__RolesManagement_init","line":22,"loc":{"start":{"line":22,"column":4},"end":{"line":31,"column":4}}},"2":{"name":"_setCommission","line":36,"loc":{"start":{"line":36,"column":4},"end":{"line":38,"column":4}}},"3":{"name":"_invitedBy","line":40,"loc":{"start":{"line":40,"column":4},"end":{"line":42,"column":4}}},"4":{"name":"_checkRole","line":44,"loc":{"start":{"line":44,"column":4},"end":{"line":58,"column":4}}},"5":{"name":"hasRole","line":64,"loc":{"start":{"line":64,"column":4},"end":{"line":75,"column":4}}}},"statementMap":{"1":{"start":{"line":23,"column":8},"end":{"line":23,"column":52}},"2":{"start":{"line":25,"column":8},"end":{"line":25,"column":62}},"3":{"start":{"line":26,"column":8},"end":{"line":26,"column":48}},"4":{"start":{"line":27,"column":8},"end":{"line":27,"column":50}},"5":{"start":{"line":28,"column":8},"end":{"line":28,"column":52}},"6":{"start":{"line":29,"column":8},"end":{"line":29,"column":62}},"7":{"start":{"line":30,"column":8},"end":{"line":30,"column":52}},"8":{"start":{"line":37,"column":8},"end":{"line":37,"column":35}},"9":{"start":{"line":41,"column":8},"end":{"line":41,"column":70}},"10":{"start":{"line":45,"column":8},"end":{"line":45,"column":1722}},"11":{"start":{"line":66,"column":8},"end":{"line":66,"column":86}},"12":{"start":{"line":68,"column":8},"end":{"line":68,"column":2547}},"13":{"start":{"line":69,"column":12},"end":{"line":69,"column":2617}},"14":{"start":{"line":70,"column":16},"end":{"line":70,"column":27}},"15":{"start":{"line":74,"column":8},"end":{"line":74,"column":20}}},"branchMap":{"1":{"line":23,"type":"if","locations":[{"start":{"line":23,"column":8},"end":{"line":23,"column":8}},{"start":{"line":23,"column":8},"end":{"line":23,"column":8}}]},"2":{"line":45,"type":"if","locations":[{"start":{"line":45,"column":8},"end":{"line":45,"column":8}},{"start":{"line":45,"column":8},"end":{"line":45,"column":8}}]},"3":{"line":69,"type":"if","locations":[{"start":{"line":69,"column":12},"end":{"line":69,"column":12}},{"start":{"line":69,"column":12},"end":{"line":69,"column":12}}]}}}}