{"contracts\\erc777\\ERC777Layer.sol":{"l":{"55":0,"56":0,"58":0,"59":0,"60":0,"64":0,"65":0,"72":0,"79":0,"89":0,"98":0,"105":0,"112":0,"125":0,"137":0,"139":0,"141":0,"143":0,"145":0,"147":0,"156":0,"163":0,"173":0,"175":0,"176":0,"178":0,"181":0,"188":0,"190":0,"191":0,"193":0,"196":0,"203":0,"218":0,"219":0,"233":0,"234":0,"245":0,"254":0,"255":0,"256":0,"273":0,"274":0,"276":0,"278":0,"280":0,"282":0,"283":0,"284":0,"286":0,"288":0,"314":0,"342":0,"344":0,"346":0,"349":0,"350":0,"352":0,"354":0,"355":0,"375":0,"376":0,"378":0,"380":0,"382":0,"384":0,"400":0,"402":0,"404":0,"406":0,"409":0,"410":0,"411":0,"414":0,"416":0,"417":0,"429":0,"431":0,"432":0,"433":0,"436":0,"438":0,"439":0,"452":0,"453":0,"455":0,"456":0,"477":0,"478":0,"479":0,"504":0,"505":0,"506":0,"508":0},"path":"g:\\_projects\\intercoin\\StakingContract\\contracts\\erc777\\ERC777Layer.sol","s":{"1":0,"2":0,"3":0,"4":0,"5":0,"6":0,"7":0,"8":0,"9":0,"10":0,"11":0,"12":0,"13":0,"14":0,"15":0,"16":0,"17":0,"18":0,"19":0,"20":0,"21":0,"22":0,"23":0,"24":0,"25":0,"26":0,"27":0,"28":0,"29":0,"30":0,"31":0,"32":0,"33":0,"34":0,"35":0,"36":0,"37":0,"38":0,"39":0,"40":0,"41":0,"42":0,"43":0,"44":0,"45":0,"46":0,"47":0,"48":0,"49":0,"50":0,"51":0,"52":0,"53":0,"54":0,"55":0,"56":0,"57":0,"58":0,"59":0,"60":0,"61":0,"62":0,"63":0,"64":0,"65":0,"66":0,"67":0,"68":0,"69":0,"70":0,"71":0,"72":0,"73":0,"74":0,"75":0,"76":0,"77":0,"78":0,"79":0,"80":0,"81":0,"82":0,"83":0,"84":0,"85":0,"86":0,"87":0,"88":0,"89":0,"90":0,"91":0},"b":{"1":[0,0],"2":[0,0],"3":[0,0],"4":[0,0],"5":[0,0],"6":[0,0],"7":[0,0],"8":[0,0],"9":[0,0],"10":[0,0],"11":[0,0],"12":[0,0],"13":[0,0],"14":[0,0],"15":[0,0],"16":[0,0],"17":[0,0],"18":[0,0],"19":[0,0],"20":[0,0],"21":[0,0],"22":[0,0]},"f":{"1":0,"2":0,"3":0,"4":0,"5":0,"6":0,"7":0,"8":0,"9":0,"10":0,"11":0,"12":0,"13":0,"14":0,"15":0,"16":0,"17":0,"18":0,"19":0,"20":0,"21":0,"22":0,"23":0,"24":0,"25":0,"26":0,"27":0,"28":0},"fnMap":{"1":{"name":"constructor","line":50,"loc":{"start":{"line":50,"column":4},"end":{"line":66,"column":4}}},"2":{"name":"name","line":71,"loc":{"start":{"line":71,"column":4},"end":{"line":73,"column":4}}},"3":{"name":"symbol","line":78,"loc":{"start":{"line":78,"column":4},"end":{"line":80,"column":4}}},"4":{"name":"decimals","line":88,"loc":{"start":{"line":88,"column":4},"end":{"line":90,"column":4}}},"5":{"name":"granularity","line":97,"loc":{"start":{"line":97,"column":4},"end":{"line":99,"column":4}}},"6":{"name":"totalSupply","line":104,"loc":{"start":{"line":104,"column":4},"end":{"line":106,"column":4}}},"7":{"name":"balanceOf","line":111,"loc":{"start":{"line":111,"column":4},"end":{"line":113,"column":4}}},"8":{"name":"send","line":120,"loc":{"start":{"line":120,"column":4},"end":{"line":126,"column":4}}},"9":{"name":"transfer","line":136,"loc":{"start":{"line":136,"column":4},"end":{"line":148,"column":4}}},"10":{"name":"burn","line":155,"loc":{"start":{"line":155,"column":4},"end":{"line":157,"column":4}}},"11":{"name":"isOperatorFor","line":162,"loc":{"start":{"line":162,"column":4},"end":{"line":167,"column":4}}},"12":{"name":"authorizeOperator","line":172,"loc":{"start":{"line":172,"column":4},"end":{"line":182,"column":4}}},"13":{"name":"revokeOperator","line":187,"loc":{"start":{"line":187,"column":4},"end":{"line":197,"column":4}}},"14":{"name":"defaultOperators","line":202,"loc":{"start":{"line":202,"column":4},"end":{"line":204,"column":4}}},"15":{"name":"operatorSend","line":211,"loc":{"start":{"line":211,"column":4},"end":{"line":220,"column":4}}},"16":{"name":"operatorBurn","line":227,"loc":{"start":{"line":227,"column":4},"end":{"line":235,"column":4}}},"17":{"name":"allowance","line":244,"loc":{"start":{"line":244,"column":4},"end":{"line":246,"column":4}}},"18":{"name":"approve","line":253,"loc":{"start":{"line":253,"column":4},"end":{"line":257,"column":4}}},"19":{"name":"transferFrom","line":268,"loc":{"start":{"line":268,"column":4},"end":{"line":289,"column":4}}},"20":{"name":"_mint","line":308,"loc":{"start":{"line":308,"column":4},"end":{"line":315,"column":4}}},"21":{"name":"_mint","line":335,"loc":{"start":{"line":335,"column":4},"end":{"line":356,"column":4}}},"22":{"name":"_send","line":367,"loc":{"start":{"line":367,"column":4},"end":{"line":385,"column":4}}},"23":{"name":"_burn","line":394,"loc":{"start":{"line":394,"column":4},"end":{"line":418,"column":4}}},"24":{"name":"_move","line":420,"loc":{"start":{"line":420,"column":4},"end":{"line":440,"column":4}}},"25":{"name":"_approve","line":447,"loc":{"start":{"line":447,"column":4},"end":{"line":457,"column":4}}},"26":{"name":"_callTokensToSend","line":468,"loc":{"start":{"line":468,"column":4},"end":{"line":481,"column":4}}},"27":{"name":"_callTokensReceived","line":494,"loc":{"start":{"line":494,"column":4},"end":{"line":510,"column":4}}},"28":{"name":"_beforeTokenTransfer","line":526,"loc":{"start":{"line":526,"column":4},"end":{"line":531,"column":24}}}},"statementMap":{"1":{"start":{"line":55,"column":8},"end":{"line":55,"column":20}},"2":{"start":{"line":56,"column":8},"end":{"line":56,"column":24}},"3":{"start":{"line":58,"column":8},"end":{"line":58,"column":49}},"4":{"start":{"line":59,"column":8},"end":{"line":59,"column":2318}},"5":{"start":{"line":60,"column":12},"end":{"line":60,"column":57}},"6":{"start":{"line":64,"column":8},"end":{"line":64,"column":104}},"7":{"start":{"line":65,"column":8},"end":{"line":65,"column":103}},"8":{"start":{"line":72,"column":8},"end":{"line":72,"column":20}},"9":{"start":{"line":79,"column":8},"end":{"line":79,"column":22}},"10":{"start":{"line":89,"column":8},"end":{"line":89,"column":17}},"11":{"start":{"line":98,"column":8},"end":{"line":98,"column":16}},"12":{"start":{"line":105,"column":8},"end":{"line":105,"column":27}},"13":{"start":{"line":112,"column":8},"end":{"line":112,"column":37}},"14":{"start":{"line":125,"column":8},"end":{"line":125,"column":61}},"15":{"start":{"line":137,"column":8},"end":{"line":137,"column":79}},"16":{"start":{"line":139,"column":8},"end":{"line":139,"column":35}},"17":{"start":{"line":141,"column":8},"end":{"line":141,"column":63}},"18":{"start":{"line":143,"column":8},"end":{"line":143,"column":51}},"19":{"start":{"line":145,"column":8},"end":{"line":145,"column":72}},"20":{"start":{"line":147,"column":8},"end":{"line":147,"column":19}},"21":{"start":{"line":156,"column":8},"end":{"line":156,"column":44}},"22":{"start":{"line":163,"column":8},"end":{"line":163,"column":5381}},"23":{"start":{"line":173,"column":8},"end":{"line":173,"column":80}},"24":{"start":{"line":175,"column":8},"end":{"line":175,"column":5769}},"25":{"start":{"line":178,"column":12},"end":{"line":178,"column":52}},"26":{"start":{"line":181,"column":8},"end":{"line":181,"column":55}},"27":{"start":{"line":188,"column":8},"end":{"line":188,"column":77}},"28":{"start":{"line":190,"column":8},"end":{"line":190,"column":6239}},"29":{"start":{"line":191,"column":12},"end":{"line":191,"column":66}},"30":{"start":{"line":196,"column":8},"end":{"line":196,"column":52}},"31":{"start":{"line":203,"column":8},"end":{"line":203,"column":37}},"32":{"start":{"line":218,"column":8},"end":{"line":218,"column":99}},"33":{"start":{"line":219,"column":8},"end":{"line":219,"column":65}},"34":{"start":{"line":233,"column":8},"end":{"line":233,"column":100}},"35":{"start":{"line":234,"column":8},"end":{"line":234,"column":49}},"36":{"start":{"line":245,"column":8},"end":{"line":245,"column":43}},"37":{"start":{"line":254,"column":8},"end":{"line":254,"column":37}},"38":{"start":{"line":255,"column":8},"end":{"line":255,"column":39}},"39":{"start":{"line":256,"column":8},"end":{"line":256,"column":19}},"40":{"start":{"line":273,"column":8},"end":{"line":273,"column":79}},"41":{"start":{"line":274,"column":8},"end":{"line":274,"column":78}},"42":{"start":{"line":276,"column":8},"end":{"line":276,"column":38}},"43":{"start":{"line":278,"column":8},"end":{"line":278,"column":68}},"44":{"start":{"line":280,"column":8},"end":{"line":280,"column":56}},"45":{"start":{"line":282,"column":8},"end":{"line":282,"column":63}},"46":{"start":{"line":283,"column":8},"end":{"line":283,"column":87}},"47":{"start":{"line":284,"column":8},"end":{"line":284,"column":59}},"48":{"start":{"line":286,"column":8},"end":{"line":286,"column":77}},"49":{"start":{"line":288,"column":8},"end":{"line":288,"column":19}},"50":{"start":{"line":314,"column":8},"end":{"line":314,"column":59}},"51":{"start":{"line":342,"column":8},"end":{"line":342,"column":73}},"52":{"start":{"line":344,"column":8},"end":{"line":344,"column":39}},"53":{"start":{"line":346,"column":8},"end":{"line":346,"column":66}},"54":{"start":{"line":349,"column":8},"end":{"line":349,"column":29}},"55":{"start":{"line":350,"column":8},"end":{"line":350,"column":35}},"56":{"start":{"line":352,"column":8},"end":{"line":352,"column":110}},"57":{"start":{"line":354,"column":8},"end":{"line":354,"column":70}},"58":{"start":{"line":355,"column":8},"end":{"line":355,"column":50}},"59":{"start":{"line":375,"column":8},"end":{"line":375,"column":72}},"60":{"start":{"line":376,"column":8},"end":{"line":376,"column":68}},"61":{"start":{"line":378,"column":8},"end":{"line":378,"column":39}},"62":{"start":{"line":380,"column":8},"end":{"line":380,"column":76}},"63":{"start":{"line":382,"column":8},"end":{"line":382,"column":64}},"64":{"start":{"line":384,"column":8},"end":{"line":384,"column":99}},"65":{"start":{"line":400,"column":8},"end":{"line":400,"column":72}},"66":{"start":{"line":402,"column":8},"end":{"line":402,"column":39}},"67":{"start":{"line":404,"column":8},"end":{"line":404,"column":80}},"68":{"start":{"line":406,"column":8},"end":{"line":406,"column":63}},"69":{"start":{"line":409,"column":8},"end":{"line":409,"column":45}},"70":{"start":{"line":410,"column":8},"end":{"line":410,"column":76}},"71":{"start":{"line":414,"column":8},"end":{"line":414,"column":29}},"72":{"start":{"line":416,"column":8},"end":{"line":416,"column":63}},"73":{"start":{"line":417,"column":8},"end":{"line":417,"column":47}},"74":{"start":{"line":429,"column":8},"end":{"line":429,"column":55}},"75":{"start":{"line":431,"column":8},"end":{"line":431,"column":45}},"76":{"start":{"line":432,"column":8},"end":{"line":432,"column":80}},"77":{"start":{"line":436,"column":8},"end":{"line":436,"column":30}},"78":{"start":{"line":438,"column":8},"end":{"line":438,"column":69}},"79":{"start":{"line":439,"column":8},"end":{"line":439,"column":39}},"80":{"start":{"line":452,"column":8},"end":{"line":452,"column":77}},"81":{"start":{"line":453,"column":8},"end":{"line":453,"column":76}},"82":{"start":{"line":455,"column":8},"end":{"line":455,"column":43}},"83":{"start":{"line":456,"column":8},"end":{"line":456,"column":45}},"84":{"start":{"line":477,"column":8},"end":{"line":477,"column":108}},"85":{"start":{"line":478,"column":8},"end":{"line":478,"column":15858}},"86":{"start":{"line":479,"column":12},"end":{"line":479,"column":102}},"87":{"start":{"line":504,"column":8},"end":{"line":504,"column":109}},"88":{"start":{"line":505,"column":8},"end":{"line":505,"column":17075}},"89":{"start":{"line":506,"column":12},"end":{"line":506,"column":107}},"90":{"start":{"line":507,"column":15},"end":{"line":507,"column":17233}},"91":{"start":{"line":508,"column":12},"end":{"line":508,"column":117}}},"branchMap":{"1":{"line":137,"type":"if","locations":[{"start":{"line":137,"column":8},"end":{"line":137,"column":8}},{"start":{"line":137,"column":8},"end":{"line":137,"column":8}}]},"2":{"line":173,"type":"if","locations":[{"start":{"line":173,"column":8},"end":{"line":173,"column":8}},{"start":{"line":173,"column":8},"end":{"line":173,"column":8}}]},"3":{"line":175,"type":"if","locations":[{"start":{"line":175,"column":8},"end":{"line":175,"column":8}},{"start":{"line":175,"column":8},"end":{"line":175,"column":8}}]},"4":{"line":188,"type":"if","locations":[{"start":{"line":188,"column":8},"end":{"line":188,"column":8}},{"start":{"line":188,"column":8},"end":{"line":188,"column":8}}]},"5":{"line":190,"type":"if","locations":[{"start":{"line":190,"column":8},"end":{"line":190,"column":8}},{"start":{"line":190,"column":8},"end":{"line":190,"column":8}}]},"6":{"line":218,"type":"if","locations":[{"start":{"line":218,"column":8},"end":{"line":218,"column":8}},{"start":{"line":218,"column":8},"end":{"line":218,"column":8}}]},"7":{"line":233,"type":"if","locations":[{"start":{"line":233,"column":8},"end":{"line":233,"column":8}},{"start":{"line":233,"column":8},"end":{"line":233,"column":8}}]},"8":{"line":273,"type":"if","locations":[{"start":{"line":273,"column":8},"end":{"line":273,"column":8}},{"start":{"line":273,"column":8},"end":{"line":273,"column":8}}]},"9":{"line":274,"type":"if","locations":[{"start":{"line":274,"column":8},"end":{"line":274,"column":8}},{"start":{"line":274,"column":8},"end":{"line":274,"column":8}}]},"10":{"line":283,"type":"if","locations":[{"start":{"line":283,"column":8},"end":{"line":283,"column":8}},{"start":{"line":283,"column":8},"end":{"line":283,"column":8}}]},"11":{"line":342,"type":"if","locations":[{"start":{"line":342,"column":8},"end":{"line":342,"column":8}},{"start":{"line":342,"column":8},"end":{"line":342,"column":8}}]},"12":{"line":375,"type":"if","locations":[{"start":{"line":375,"column":8},"end":{"line":375,"column":8}},{"start":{"line":375,"column":8},"end":{"line":375,"column":8}}]},"13":{"line":376,"type":"if","locations":[{"start":{"line":376,"column":8},"end":{"line":376,"column":8}},{"start":{"line":376,"column":8},"end":{"line":376,"column":8}}]},"14":{"line":400,"type":"if","locations":[{"start":{"line":400,"column":8},"end":{"line":400,"column":8}},{"start":{"line":400,"column":8},"end":{"line":400,"column":8}}]},"15":{"line":410,"type":"if","locations":[{"start":{"line":410,"column":8},"end":{"line":410,"column":8}},{"start":{"line":410,"column":8},"end":{"line":410,"column":8}}]},"16":{"line":432,"type":"if","locations":[{"start":{"line":432,"column":8},"end":{"line":432,"column":8}},{"start":{"line":432,"column":8},"end":{"line":432,"column":8}}]},"17":{"line":452,"type":"if","locations":[{"start":{"line":452,"column":8},"end":{"line":452,"column":8}},{"start":{"line":452,"column":8},"end":{"line":452,"column":8}}]},"18":{"line":453,"type":"if","locations":[{"start":{"line":453,"column":8},"end":{"line":453,"column":8}},{"start":{"line":453,"column":8},"end":{"line":453,"column":8}}]},"19":{"line":478,"type":"if","locations":[{"start":{"line":478,"column":8},"end":{"line":478,"column":8}},{"start":{"line":478,"column":8},"end":{"line":478,"column":8}}]},"20":{"line":505,"type":"if","locations":[{"start":{"line":505,"column":8},"end":{"line":505,"column":8}},{"start":{"line":505,"column":8},"end":{"line":505,"column":8}}]},"21":{"line":507,"type":"if","locations":[{"start":{"line":507,"column":15},"end":{"line":507,"column":15}},{"start":{"line":507,"column":15},"end":{"line":507,"column":15}}]},"22":{"line":508,"type":"if","locations":[{"start":{"line":508,"column":12},"end":{"line":508,"column":12}},{"start":{"line":508,"column":12},"end":{"line":508,"column":12}}]}}},"contracts\\erc777\\ERC777LayerUpgradeable.sol":{"l":{"71":0,"72":0,"80":0,"81":0,"83":0,"84":0,"85":0,"89":0,"90":0,"97":0,"104":0,"114":0,"123":0,"130":0,"137":0,"150":0,"162":0,"164":0,"166":0,"168":0,"170":0,"172":0,"181":0,"188":0,"198":0,"200":0,"201":0,"203":0,"206":0,"213":0,"215":0,"216":0,"218":0,"221":0,"228":0,"243":0,"244":0,"258":0,"259":0,"270":0,"279":0,"280":0,"281":0,"298":0,"299":0,"301":0,"303":0,"305":0,"307":0,"308":0,"309":0,"311":0,"313":0,"339":0,"367":0,"369":0,"371":0,"374":0,"375":0,"377":0,"379":0,"380":0,"400":0,"401":0,"403":0,"405":0,"407":0,"409":0,"425":0,"427":0,"429":0,"431":0,"434":0,"435":0,"436":0,"439":0,"441":0,"442":0,"454":0,"456":0,"457":0,"458":0,"461":0,"463":0,"464":0,"477":0,"478":0,"480":0,"481":0,"501":0,"502":0,"503":0,"527":0,"528":0,"529":0,"531":0},"path":"g:\\_projects\\intercoin\\StakingContract\\contracts\\erc777\\ERC777LayerUpgradeable.sol","s":{"1":0,"2":0,"3":0,"4":0,"5":0,"6":0,"7":0,"8":0,"9":0,"10":0,"11":0,"12":0,"13":0,"14":0,"15":0,"16":0,"17":0,"18":0,"19":0,"20":0,"21":0,"22":0,"23":0,"24":0,"25":0,"26":0,"27":0,"28":0,"29":0,"30":0,"31":0,"32":0,"33":0,"34":0,"35":0,"36":0,"37":0,"38":0,"39":0,"40":0,"41":0,"42":0,"43":0,"44":0,"45":0,"46":0,"47":0,"48":0,"49":0,"50":0,"51":0,"52":0,"53":0,"54":0,"55":0,"56":0,"57":0,"58":0,"59":0,"60":0,"61":0,"62":0,"63":0,"64":0,"65":0,"66":0,"67":0,"68":0,"69":0,"70":0,"71":0,"72":0,"73":0,"74":0,"75":0,"76":0,"77":0,"78":0,"79":0,"80":0,"81":0,"82":0,"83":0,"84":0,"85":0,"86":0,"87":0,"88":0,"89":0,"90":0,"91":0,"92":0,"93":0},"b":{"1":[0,0],"2":[0,0],"3":[0,0],"4":[0,0],"5":[0,0],"6":[0,0],"7":[0,0],"8":[0,0],"9":[0,0],"10":[0,0],"11":[0,0],"12":[0,0],"13":[0,0],"14":[0,0],"15":[0,0],"16":[0,0],"17":[0,0],"18":[0,0],"19":[0,0],"20":[0,0],"21":[0,0],"22":[0,0]},"f":{"1":0,"2":0,"3":0,"4":0,"5":0,"6":0,"7":0,"8":0,"9":0,"10":0,"11":0,"12":0,"13":0,"14":0,"15":0,"16":0,"17":0,"18":0,"19":0,"20":0,"21":0,"22":0,"23":0,"24":0,"25":0,"26":0,"27":0,"28":0,"29":0},"fnMap":{"1":{"name":"__ERC777LayerUpgradeable_init","line":70,"loc":{"start":{"line":66,"column":4},"end":{"line":73,"column":4}}},"2":{"name":"__ERC777_init_unchained","line":79,"loc":{"start":{"line":75,"column":4},"end":{"line":91,"column":4}}},"3":{"name":"name","line":96,"loc":{"start":{"line":96,"column":4},"end":{"line":98,"column":4}}},"4":{"name":"symbol","line":103,"loc":{"start":{"line":103,"column":4},"end":{"line":105,"column":4}}},"5":{"name":"decimals","line":113,"loc":{"start":{"line":113,"column":4},"end":{"line":115,"column":4}}},"6":{"name":"granularity","line":122,"loc":{"start":{"line":122,"column":4},"end":{"line":124,"column":4}}},"7":{"name":"totalSupply","line":129,"loc":{"start":{"line":129,"column":4},"end":{"line":131,"column":4}}},"8":{"name":"balanceOf","line":136,"loc":{"start":{"line":136,"column":4},"end":{"line":138,"column":4}}},"9":{"name":"send","line":145,"loc":{"start":{"line":145,"column":4},"end":{"line":151,"column":4}}},"10":{"name":"transfer","line":161,"loc":{"start":{"line":161,"column":4},"end":{"line":173,"column":4}}},"11":{"name":"burn","line":180,"loc":{"start":{"line":180,"column":4},"end":{"line":182,"column":4}}},"12":{"name":"isOperatorFor","line":187,"loc":{"start":{"line":187,"column":4},"end":{"line":192,"column":4}}},"13":{"name":"authorizeOperator","line":197,"loc":{"start":{"line":197,"column":4},"end":{"line":207,"column":4}}},"14":{"name":"revokeOperator","line":212,"loc":{"start":{"line":212,"column":4},"end":{"line":222,"column":4}}},"15":{"name":"defaultOperators","line":227,"loc":{"start":{"line":227,"column":4},"end":{"line":229,"column":4}}},"16":{"name":"operatorSend","line":236,"loc":{"start":{"line":236,"column":4},"end":{"line":245,"column":4}}},"17":{"name":"operatorBurn","line":252,"loc":{"start":{"line":252,"column":4},"end":{"line":260,"column":4}}},"18":{"name":"allowance","line":269,"loc":{"start":{"line":269,"column":4},"end":{"line":271,"column":4}}},"19":{"name":"approve","line":278,"loc":{"start":{"line":278,"column":4},"end":{"line":282,"column":4}}},"20":{"name":"transferFrom","line":293,"loc":{"start":{"line":293,"column":4},"end":{"line":314,"column":4}}},"21":{"name":"_mint","line":333,"loc":{"start":{"line":333,"column":4},"end":{"line":340,"column":4}}},"22":{"name":"_mint","line":360,"loc":{"start":{"line":360,"column":4},"end":{"line":381,"column":4}}},"23":{"name":"_send","line":392,"loc":{"start":{"line":392,"column":4},"end":{"line":410,"column":4}}},"24":{"name":"_burn","line":419,"loc":{"start":{"line":419,"column":4},"end":{"line":443,"column":4}}},"25":{"name":"_move","line":445,"loc":{"start":{"line":445,"column":4},"end":{"line":465,"column":4}}},"26":{"name":"_approve","line":472,"loc":{"start":{"line":472,"column":4},"end":{"line":482,"column":4}}},"27":{"name":"_callTokensToSend","line":493,"loc":{"start":{"line":493,"column":4},"end":{"line":505,"column":4}}},"28":{"name":"_callTokensReceived","line":518,"loc":{"start":{"line":518,"column":4},"end":{"line":533,"column":4}}},"29":{"name":"_beforeTokenTransfer","line":549,"loc":{"start":{"line":549,"column":4},"end":{"line":554,"column":24}}}},"statementMap":{"1":{"start":{"line":71,"column":8},"end":{"line":71,"column":33}},"2":{"start":{"line":72,"column":8},"end":{"line":72,"column":65}},"3":{"start":{"line":80,"column":8},"end":{"line":80,"column":20}},"4":{"start":{"line":81,"column":8},"end":{"line":81,"column":24}},"5":{"start":{"line":83,"column":8},"end":{"line":83,"column":49}},"6":{"start":{"line":84,"column":8},"end":{"line":84,"column":3662}},"7":{"start":{"line":85,"column":12},"end":{"line":85,"column":57}},"8":{"start":{"line":89,"column":8},"end":{"line":89,"column":104}},"9":{"start":{"line":90,"column":8},"end":{"line":90,"column":103}},"10":{"start":{"line":97,"column":8},"end":{"line":97,"column":20}},"11":{"start":{"line":104,"column":8},"end":{"line":104,"column":22}},"12":{"start":{"line":114,"column":8},"end":{"line":114,"column":17}},"13":{"start":{"line":123,"column":8},"end":{"line":123,"column":16}},"14":{"start":{"line":130,"column":8},"end":{"line":130,"column":27}},"15":{"start":{"line":137,"column":8},"end":{"line":137,"column":37}},"16":{"start":{"line":150,"column":8},"end":{"line":150,"column":61}},"17":{"start":{"line":162,"column":8},"end":{"line":162,"column":79}},"18":{"start":{"line":164,"column":8},"end":{"line":164,"column":35}},"19":{"start":{"line":166,"column":8},"end":{"line":166,"column":63}},"20":{"start":{"line":168,"column":8},"end":{"line":168,"column":51}},"21":{"start":{"line":170,"column":8},"end":{"line":170,"column":72}},"22":{"start":{"line":172,"column":8},"end":{"line":172,"column":19}},"23":{"start":{"line":181,"column":8},"end":{"line":181,"column":44}},"24":{"start":{"line":188,"column":8},"end":{"line":188,"column":6769}},"25":{"start":{"line":198,"column":8},"end":{"line":198,"column":80}},"26":{"start":{"line":200,"column":8},"end":{"line":200,"column":7157}},"27":{"start":{"line":203,"column":12},"end":{"line":203,"column":52}},"28":{"start":{"line":206,"column":8},"end":{"line":206,"column":55}},"29":{"start":{"line":213,"column":8},"end":{"line":213,"column":77}},"30":{"start":{"line":215,"column":8},"end":{"line":215,"column":7627}},"31":{"start":{"line":216,"column":12},"end":{"line":216,"column":66}},"32":{"start":{"line":221,"column":8},"end":{"line":221,"column":52}},"33":{"start":{"line":228,"column":8},"end":{"line":228,"column":37}},"34":{"start":{"line":243,"column":8},"end":{"line":243,"column":99}},"35":{"start":{"line":244,"column":8},"end":{"line":244,"column":65}},"36":{"start":{"line":258,"column":8},"end":{"line":258,"column":100}},"37":{"start":{"line":259,"column":8},"end":{"line":259,"column":49}},"38":{"start":{"line":270,"column":8},"end":{"line":270,"column":43}},"39":{"start":{"line":279,"column":8},"end":{"line":279,"column":37}},"40":{"start":{"line":280,"column":8},"end":{"line":280,"column":39}},"41":{"start":{"line":281,"column":8},"end":{"line":281,"column":19}},"42":{"start":{"line":298,"column":8},"end":{"line":298,"column":79}},"43":{"start":{"line":299,"column":8},"end":{"line":299,"column":78}},"44":{"start":{"line":301,"column":8},"end":{"line":301,"column":38}},"45":{"start":{"line":303,"column":8},"end":{"line":303,"column":68}},"46":{"start":{"line":305,"column":8},"end":{"line":305,"column":56}},"47":{"start":{"line":307,"column":8},"end":{"line":307,"column":63}},"48":{"start":{"line":308,"column":8},"end":{"line":308,"column":87}},"49":{"start":{"line":309,"column":8},"end":{"line":309,"column":59}},"50":{"start":{"line":311,"column":8},"end":{"line":311,"column":77}},"51":{"start":{"line":313,"column":8},"end":{"line":313,"column":19}},"52":{"start":{"line":339,"column":8},"end":{"line":339,"column":59}},"53":{"start":{"line":367,"column":8},"end":{"line":367,"column":73}},"54":{"start":{"line":369,"column":8},"end":{"line":369,"column":39}},"55":{"start":{"line":371,"column":8},"end":{"line":371,"column":66}},"56":{"start":{"line":374,"column":8},"end":{"line":374,"column":29}},"57":{"start":{"line":375,"column":8},"end":{"line":375,"column":35}},"58":{"start":{"line":377,"column":8},"end":{"line":377,"column":110}},"59":{"start":{"line":379,"column":8},"end":{"line":379,"column":70}},"60":{"start":{"line":380,"column":8},"end":{"line":380,"column":50}},"61":{"start":{"line":400,"column":8},"end":{"line":400,"column":72}},"62":{"start":{"line":401,"column":8},"end":{"line":401,"column":68}},"63":{"start":{"line":403,"column":8},"end":{"line":403,"column":39}},"64":{"start":{"line":405,"column":8},"end":{"line":405,"column":76}},"65":{"start":{"line":407,"column":8},"end":{"line":407,"column":64}},"66":{"start":{"line":409,"column":8},"end":{"line":409,"column":99}},"67":{"start":{"line":425,"column":8},"end":{"line":425,"column":72}},"68":{"start":{"line":427,"column":8},"end":{"line":427,"column":39}},"69":{"start":{"line":429,"column":8},"end":{"line":429,"column":80}},"70":{"start":{"line":431,"column":8},"end":{"line":431,"column":63}},"71":{"start":{"line":434,"column":8},"end":{"line":434,"column":45}},"72":{"start":{"line":435,"column":8},"end":{"line":435,"column":76}},"73":{"start":{"line":439,"column":8},"end":{"line":439,"column":29}},"74":{"start":{"line":441,"column":8},"end":{"line":441,"column":63}},"75":{"start":{"line":442,"column":8},"end":{"line":442,"column":47}},"76":{"start":{"line":454,"column":8},"end":{"line":454,"column":55}},"77":{"start":{"line":456,"column":8},"end":{"line":456,"column":45}},"78":{"start":{"line":457,"column":8},"end":{"line":457,"column":80}},"79":{"start":{"line":461,"column":8},"end":{"line":461,"column":30}},"80":{"start":{"line":463,"column":8},"end":{"line":463,"column":69}},"81":{"start":{"line":464,"column":8},"end":{"line":464,"column":39}},"82":{"start":{"line":477,"column":8},"end":{"line":477,"column":77}},"83":{"start":{"line":478,"column":8},"end":{"line":478,"column":76}},"84":{"start":{"line":480,"column":8},"end":{"line":480,"column":43}},"85":{"start":{"line":481,"column":8},"end":{"line":481,"column":45}},"86":{"start":{"line":501,"column":8},"end":{"line":501,"column":108}},"87":{"start":{"line":502,"column":8},"end":{"line":502,"column":17228}},"88":{"start":{"line":503,"column":12},"end":{"line":503,"column":113}},"89":{"start":{"line":527,"column":8},"end":{"line":527,"column":109}},"90":{"start":{"line":528,"column":8},"end":{"line":528,"column":18438}},"91":{"start":{"line":529,"column":12},"end":{"line":529,"column":118}},"92":{"start":{"line":530,"column":15},"end":{"line":530,"column":18607}},"93":{"start":{"line":531,"column":12},"end":{"line":531,"column":117}}},"branchMap":{"1":{"line":162,"type":"if","locations":[{"start":{"line":162,"column":8},"end":{"line":162,"column":8}},{"start":{"line":162,"column":8},"end":{"line":162,"column":8}}]},"2":{"line":198,"type":"if","locations":[{"start":{"line":198,"column":8},"end":{"line":198,"column":8}},{"start":{"line":198,"column":8},"end":{"line":198,"column":8}}]},"3":{"line":200,"type":"if","locations":[{"start":{"line":200,"column":8},"end":{"line":200,"column":8}},{"start":{"line":200,"column":8},"end":{"line":200,"column":8}}]},"4":{"line":213,"type":"if","locations":[{"start":{"line":213,"column":8},"end":{"line":213,"column":8}},{"start":{"line":213,"column":8},"end":{"line":213,"column":8}}]},"5":{"line":215,"type":"if","locations":[{"start":{"line":215,"column":8},"end":{"line":215,"column":8}},{"start":{"line":215,"column":8},"end":{"line":215,"column":8}}]},"6":{"line":243,"type":"if","locations":[{"start":{"line":243,"column":8},"end":{"line":243,"column":8}},{"start":{"line":243,"column":8},"end":{"line":243,"column":8}}]},"7":{"line":258,"type":"if","locations":[{"start":{"line":258,"column":8},"end":{"line":258,"column":8}},{"start":{"line":258,"column":8},"end":{"line":258,"column":8}}]},"8":{"line":298,"type":"if","locations":[{"start":{"line":298,"column":8},"end":{"line":298,"column":8}},{"start":{"line":298,"column":8},"end":{"line":298,"column":8}}]},"9":{"line":299,"type":"if","locations":[{"start":{"line":299,"column":8},"end":{"line":299,"column":8}},{"start":{"line":299,"column":8},"end":{"line":299,"column":8}}]},"10":{"line":308,"type":"if","locations":[{"start":{"line":308,"column":8},"end":{"line":308,"column":8}},{"start":{"line":308,"column":8},"end":{"line":308,"column":8}}]},"11":{"line":367,"type":"if","locations":[{"start":{"line":367,"column":8},"end":{"line":367,"column":8}},{"start":{"line":367,"column":8},"end":{"line":367,"column":8}}]},"12":{"line":400,"type":"if","locations":[{"start":{"line":400,"column":8},"end":{"line":400,"column":8}},{"start":{"line":400,"column":8},"end":{"line":400,"column":8}}]},"13":{"line":401,"type":"if","locations":[{"start":{"line":401,"column":8},"end":{"line":401,"column":8}},{"start":{"line":401,"column":8},"end":{"line":401,"column":8}}]},"14":{"line":425,"type":"if","locations":[{"start":{"line":425,"column":8},"end":{"line":425,"column":8}},{"start":{"line":425,"column":8},"end":{"line":425,"column":8}}]},"15":{"line":435,"type":"if","locations":[{"start":{"line":435,"column":8},"end":{"line":435,"column":8}},{"start":{"line":435,"column":8},"end":{"line":435,"column":8}}]},"16":{"line":457,"type":"if","locations":[{"start":{"line":457,"column":8},"end":{"line":457,"column":8}},{"start":{"line":457,"column":8},"end":{"line":457,"column":8}}]},"17":{"line":477,"type":"if","locations":[{"start":{"line":477,"column":8},"end":{"line":477,"column":8}},{"start":{"line":477,"column":8},"end":{"line":477,"column":8}}]},"18":{"line":478,"type":"if","locations":[{"start":{"line":478,"column":8},"end":{"line":478,"column":8}},{"start":{"line":478,"column":8},"end":{"line":478,"column":8}}]},"19":{"line":502,"type":"if","locations":[{"start":{"line":502,"column":8},"end":{"line":502,"column":8}},{"start":{"line":502,"column":8},"end":{"line":502,"column":8}}]},"20":{"line":528,"type":"if","locations":[{"start":{"line":528,"column":8},"end":{"line":528,"column":8}},{"start":{"line":528,"column":8},"end":{"line":528,"column":8}}]},"21":{"line":530,"type":"if","locations":[{"start":{"line":530,"column":15},"end":{"line":530,"column":15}},{"start":{"line":530,"column":15},"end":{"line":530,"column":15}}]},"22":{"line":531,"type":"if","locations":[{"start":{"line":531,"column":12},"end":{"line":531,"column":12}},{"start":{"line":531,"column":12},"end":{"line":531,"column":12}}]}}},"contracts\\interfaces\\IStakingContract.sol":{"l":{},"path":"g:\\_projects\\intercoin\\StakingContract\\contracts\\interfaces\\IStakingContract.sol","s":{},"b":{},"f":{},"fnMap":{},"statementMap":{},"branchMap":{}},"contracts\\interfaces\\IStakingFactory.sol":{"l":{},"path":"g:\\_projects\\intercoin\\StakingContract\\contracts\\interfaces\\IStakingFactory.sol","s":{},"b":{},"f":{},"fnMap":{},"statementMap":{},"branchMap":{}},"contracts\\interfaces\\IStakingTransferRules.sol":{"l":{},"path":"g:\\_projects\\intercoin\\StakingContract\\contracts\\interfaces\\IStakingTransferRules.sol","s":{},"b":{},"f":{},"fnMap":{},"statementMap":{},"branchMap":{}},"contracts\\minimums\\common\\Minimums.sol":{"l":{"32":0,"53":0,"68":0,"83":0,"95":0},"path":"g:\\_projects\\intercoin\\StakingContract\\contracts\\minimums\\common\\Minimums.sol","s":{"1":0,"2":0,"3":0,"4":0,"5":0},"b":{},"f":{"1":0,"2":0,"3":0,"4":0,"5":0,"6":0},"fnMap":{"1":{"name":"constructor","line":17,"loc":{"start":{"line":14,"column":4},"end":{"line":20,"column":4}}},"2":{"name":"minimumsView","line":25,"loc":{"start":{"line":25,"column":4},"end":{"line":33,"column":4}}},"3":{"name":"minimumsAdd","line":50,"loc":{"start":{"line":43,"column":4},"end":{"line":54,"column":4}}},"4":{"name":"minimumsClear","line":65,"loc":{"start":{"line":61,"column":4},"end":{"line":69,"column":4}}},"5":{"name":"automaticLockupAdd","line":80,"loc":{"start":{"line":75,"column":4},"end":{"line":84,"column":4}}},"6":{"name":"automaticLockupRemove","line":93,"loc":{"start":{"line":89,"column":4},"end":{"line":96,"column":4}}}},"statementMap":{"1":{"start":{"line":32,"column":8},"end":{"line":32,"column":32}},"2":{"start":{"line":53,"column":8},"end":{"line":53,"column":60}},"3":{"start":{"line":68,"column":8},"end":{"line":68,"column":41}},"4":{"start":{"line":83,"column":8},"end":{"line":83,"column":42}},"5":{"start":{"line":95,"column":8},"end":{"line":95,"column":34}}},"branchMap":{}},"contracts\\minimums\\common\\MinimumsBase.sol":{"l":{"58":0,"60":0,"62":0,"86":0,"87":0,"88":0,"90":0,"92":0,"94":0,"109":0,"122":0,"123":0,"134":0,"150":0,"151":0,"152":0,"153":0,"155":0,"156":0,"158":0,"182":0,"183":0,"184":0,"185":0,"186":0,"187":0,"191":0,"192":0,"197":0,"220":0,"221":0,"223":0,"231":0,"253":0,"255":0,"257":0,"259":0,"260":0,"261":0,"266":0,"267":0,"269":0,"276":0,"280":0,"281":0,"304":0,"305":0,"308":0,"309":0,"310":0,"311":0,"313":0,"315":0,"316":0,"318":0,"320":0,"323":0,"324":0,"325":0,"327":0,"328":0,"332":0,"338":0,"340":0,"341":0,"348":0,"353":0,"354":0,"355":0,"358":0,"359":0,"362":0,"371":0,"373":0,"374":0,"385":0,"404":0,"409":0,"410":0,"414":0,"415":0,"416":0,"417":0,"418":0,"419":0,"420":0,"421":0,"422":0,"423":0,"424":0,"427":0,"428":0,"429":0,"430":0},"path":"g:\\_projects\\intercoin\\StakingContract\\contracts\\minimums\\common\\MinimumsBase.sol","s":{"1":0,"2":0,"3":0,"4":0,"5":0,"6":0,"7":0,"8":0,"9":0,"10":0,"11":0,"12":0,"13":0,"14":0,"15":0,"16":0,"17":0,"18":0,"19":0,"20":0,"21":0,"22":0,"23":0,"24":0,"25":0,"26":0,"27":0,"28":0,"29":0,"30":0,"31":0,"32":0,"33":0,"34":0,"35":0,"36":0,"37":0,"38":0,"39":0,"40":0,"41":0,"42":0,"43":0,"44":0,"45":0,"46":0,"47":0,"48":0,"49":0,"50":0,"51":0,"52":0,"53":0,"54":0,"55":0,"56":0,"57":0,"58":0,"59":0,"60":0,"61":0,"62":0,"63":0,"64":0,"65":0,"66":0,"67":0,"68":0,"69":0,"70":0,"71":0,"72":0,"73":0,"74":0,"75":0,"76":0,"77":0,"78":0,"79":0,"80":0,"81":0,"82":0,"83":0,"84":0,"85":0,"86":0,"87":0,"88":0,"89":0},"b":{"1":[0,0],"2":[0,0],"3":[0,0],"4":[0,0],"5":[0,0],"6":[0,0],"7":[0,0],"8":[0,0],"9":[0,0],"10":[0,0],"11":[0,0],"12":[0,0],"13":[0,0],"14":[0,0],"15":[0,0],"16":[0,0],"17":[0,0],"18":[0,0],"19":[0,0],"20":[0,0],"21":[0,0],"22":[0,0]},"f":{"1":0,"2":0,"3":0,"4":0,"5":0,"6":0,"7":0,"8":0,"9":0,"10":0,"11":0,"12":0,"13":0},"fnMap":{"1":{"name":"constructor","line":53,"loc":{"start":{"line":53,"column":4},"end":{"line":65,"column":4}}},"2":{"name":"_minimumsAdd","line":75,"loc":{"start":{"line":75,"column":4},"end":{"line":96,"column":4}}},"3":{"name":"_minimumsClear","line":103,"loc":{"start":{"line":103,"column":4},"end":{"line":110,"column":4}}},"4":{"name":"_automaticLockupAdd","line":116,"loc":{"start":{"line":116,"column":4},"end":{"line":124,"column":4}}},"5":{"name":"_automaticLockupRemove","line":129,"loc":{"start":{"line":129,"column":4},"end":{"line":135,"column":4}}},"6":{"name":"_getMinimum","line":142,"loc":{"start":{"line":142,"column":4},"end":{"line":167,"column":4}}},"7":{"name":"_minimumsClear","line":175,"loc":{"start":{"line":175,"column":4},"end":{"line":198,"column":4}}},"8":{"name":"_minimumsAddLow","line":211,"loc":{"start":{"line":211,"column":4},"end":{"line":234,"column":4}}},"9":{"name":"_reduceMinimum","line":242,"loc":{"start":{"line":242,"column":4},"end":{"line":287,"column":4}}},"10":{"name":"minimumsTransfer","line":295,"loc":{"start":{"line":295,"column":4},"end":{"line":397,"column":4}}},"11":{"name":"getIndexInterval","line":403,"loc":{"start":{"line":403,"column":4},"end":{"line":405,"column":4}}},"12":{"name":"sortAsc","line":408,"loc":{"start":{"line":408,"column":4},"end":{"line":411,"column":4}}},"13":{"name":"quickSortAsc","line":413,"loc":{"start":{"line":413,"column":4},"end":{"line":431,"column":4}}}},"statementMap":{"1":{"start":{"line":58,"column":8},"end":{"line":58,"column":1235}},"2":{"start":{"line":60,"column":12},"end":{"line":60,"column":27}},"3":{"start":{"line":62,"column":12},"end":{"line":62,"column":31}},"4":{"start":{"line":86,"column":8},"end":{"line":86,"column":66}},"5":{"start":{"line":87,"column":8},"end":{"line":87,"column":72}},"6":{"start":{"line":88,"column":8},"end":{"line":88,"column":95}},"7":{"start":{"line":90,"column":8},"end":{"line":90,"column":34}},"8":{"start":{"line":92,"column":8},"end":{"line":92,"column":75}},"9":{"start":{"line":94,"column":8},"end":{"line":94,"column":19}},"10":{"start":{"line":109,"column":8},"end":{"line":109,"column":41}},"11":{"start":{"line":122,"column":8},"end":{"line":122,"column":56}},"12":{"start":{"line":123,"column":8},"end":{"line":123,"column":39}},"13":{"start":{"line":134,"column":8},"end":{"line":134,"column":40}},"14":{"start":{"line":150,"column":8},"end":{"line":150,"column":24}},"15":{"start":{"line":151,"column":8},"end":{"line":151,"column":19}},"16":{"start":{"line":152,"column":8},"end":{"line":152,"column":3647}},"17":{"start":{"line":153,"column":12},"end":{"line":153,"column":55}},"18":{"start":{"line":155,"column":12},"end":{"line":155,"column":3799}},"19":{"start":{"line":156,"column":16},"end":{"line":156,"column":105}},"20":{"start":{"line":158,"column":16},"end":{"line":158,"column":4080}},"21":{"start":{"line":182,"column":8},"end":{"line":182,"column":28}},"22":{"start":{"line":183,"column":8},"end":{"line":183,"column":58}},"23":{"start":{"line":184,"column":8},"end":{"line":184,"column":4911}},"24":{"start":{"line":185,"column":12},"end":{"line":185,"column":4942}},"25":{"start":{"line":186,"column":16},"end":{"line":186,"column":61}},"26":{"start":{"line":187,"column":16},"end":{"line":187,"column":5058}},"27":{"start":{"line":192,"column":20},"end":{"line":192,"column":63}},"28":{"start":{"line":197,"column":8},"end":{"line":197,"column":19}},"29":{"start":{"line":220,"column":8},"end":{"line":220,"column":52}},"30":{"start":{"line":221,"column":8},"end":{"line":221,"column":6045}},"31":{"start":{"line":223,"column":12},"end":{"line":223,"column":6111}},"32":{"start":{"line":231,"column":12},"end":{"line":231,"column":6582}},"33":{"start":{"line":253,"column":8},"end":{"line":253,"column":7058}},"34":{"start":{"line":255,"column":12},"end":{"line":255,"column":7153}},"35":{"start":{"line":257,"column":16},"end":{"line":257,"column":140}},"36":{"start":{"line":259,"column":16},"end":{"line":259,"column":121}},"37":{"start":{"line":260,"column":16},"end":{"line":260,"column":7496}},"38":{"start":{"line":261,"column":20},"end":{"line":261,"column":76}},"39":{"start":{"line":266,"column":16},"end":{"line":266,"column":7842}},"40":{"start":{"line":267,"column":20},"end":{"line":267,"column":134}},"41":{"start":{"line":269,"column":20},"end":{"line":269,"column":75}},"42":{"start":{"line":276,"column":12},"end":{"line":276,"column":8363}},"43":{"start":{"line":281,"column":16},"end":{"line":281,"column":63}},"44":{"start":{"line":304,"column":8},"end":{"line":304,"column":58}},"45":{"start":{"line":305,"column":8},"end":{"line":305,"column":34}},"46":{"start":{"line":308,"column":8},"end":{"line":308,"column":9142}},"47":{"start":{"line":309,"column":12},"end":{"line":309,"column":41}},"48":{"start":{"line":310,"column":12},"end":{"line":310,"column":9217}},"49":{"start":{"line":311,"column":16},"end":{"line":311,"column":63}},"50":{"start":{"line":313,"column":12},"end":{"line":313,"column":41}},"51":{"start":{"line":315,"column":12},"end":{"line":315,"column":26}},"52":{"start":{"line":316,"column":12},"end":{"line":316,"column":28}},"53":{"start":{"line":318,"column":12},"end":{"line":318,"column":9465}},"54":{"start":{"line":320,"column":16},"end":{"line":320,"column":9534}},"55":{"start":{"line":323,"column":20},"end":{"line":323,"column":9663}},"56":{"start":{"line":324,"column":24},"end":{"line":324,"column":84}},"57":{"start":{"line":325,"column":24},"end":{"line":325,"column":45}},"58":{"start":{"line":327,"column":24},"end":{"line":327,"column":37}},"59":{"start":{"line":328,"column":24},"end":{"line":328,"column":32}},"60":{"start":{"line":332,"column":20},"end":{"line":332,"column":10076}},"61":{"start":{"line":338,"column":20},"end":{"line":338,"column":84}},"62":{"start":{"line":340,"column":20},"end":{"line":340,"column":10388}},"63":{"start":{"line":348,"column":20},"end":{"line":348,"column":10637}},"64":{"start":{"line":353,"column":20},"end":{"line":353,"column":10854}},"65":{"start":{"line":354,"column":24},"end":{"line":354,"column":40}},"66":{"start":{"line":355,"column":24},"end":{"line":355,"column":47}},"67":{"start":{"line":358,"column":24},"end":{"line":358,"column":37}},"68":{"start":{"line":359,"column":24},"end":{"line":359,"column":32}},"69":{"start":{"line":362,"column":20},"end":{"line":362,"column":11161}},"70":{"start":{"line":371,"column":20},"end":{"line":371,"column":83}},"71":{"start":{"line":373,"column":20},"end":{"line":373,"column":11653}},"72":{"start":{"line":385,"column":8},"end":{"line":385,"column":11899}},"73":{"start":{"line":404,"column":8},"end":{"line":404,"column":40}},"74":{"start":{"line":409,"column":7},"end":{"line":409,"column":54}},"75":{"start":{"line":410,"column":7},"end":{"line":410,"column":18}},"76":{"start":{"line":414,"column":8},"end":{"line":414,"column":20}},"77":{"start":{"line":415,"column":8},"end":{"line":415,"column":21}},"78":{"start":{"line":416,"column":8},"end":{"line":416,"column":23}},"79":{"start":{"line":416,"column":17},"end":{"line":416,"column":23}},"80":{"start":{"line":417,"column":8},"end":{"line":417,"column":57}},"81":{"start":{"line":418,"column":8},"end":{"line":418,"column":12928}},"82":{"start":{"line":419,"column":12},"end":{"line":419,"column":44}},"83":{"start":{"line":420,"column":12},"end":{"line":420,"column":44}},"84":{"start":{"line":421,"column":12},"end":{"line":421,"column":13053}},"85":{"start":{"line":422,"column":16},"end":{"line":422,"column":74}},"86":{"start":{"line":427,"column":8},"end":{"line":427,"column":13244}},"87":{"start":{"line":428,"column":12},"end":{"line":428,"column":37}},"88":{"start":{"line":429,"column":8},"end":{"line":429,"column":13307}},"89":{"start":{"line":430,"column":12},"end":{"line":430,"column":38}}},"branchMap":{"1":{"line":58,"type":"if","locations":[{"start":{"line":58,"column":8},"end":{"line":58,"column":8}},{"start":{"line":58,"column":8},"end":{"line":58,"column":8}}]},"2":{"line":88,"type":"if","locations":[{"start":{"line":88,"column":8},"end":{"line":88,"column":8}},{"start":{"line":88,"column":8},"end":{"line":88,"column":8}}]},"3":{"line":155,"type":"if","locations":[{"start":{"line":155,"column":12},"end":{"line":155,"column":12}},{"start":{"line":155,"column":12},"end":{"line":155,"column":12}}]},"4":{"line":184,"type":"if","locations":[{"start":{"line":184,"column":8},"end":{"line":184,"column":8}},{"start":{"line":184,"column":8},"end":{"line":184,"column":8}}]},"5":{"line":187,"type":"if","locations":[{"start":{"line":187,"column":16},"end":{"line":187,"column":16}},{"start":{"line":187,"column":16},"end":{"line":187,"column":16}}]},"6":{"line":221,"type":"if","locations":[{"start":{"line":221,"column":8},"end":{"line":221,"column":8}},{"start":{"line":221,"column":8},"end":{"line":221,"column":8}}]},"7":{"line":253,"type":"if","locations":[{"start":{"line":253,"column":8},"end":{"line":253,"column":8}},{"start":{"line":253,"column":8},"end":{"line":253,"column":8}}]},"8":{"line":255,"type":"if","locations":[{"start":{"line":255,"column":12},"end":{"line":255,"column":12}},{"start":{"line":255,"column":12},"end":{"line":255,"column":12}}]},"9":{"line":260,"type":"if","locations":[{"start":{"line":260,"column":16},"end":{"line":260,"column":16}},{"start":{"line":260,"column":16},"end":{"line":260,"column":16}}]},"10":{"line":266,"type":"if","locations":[{"start":{"line":266,"column":16},"end":{"line":266,"column":16}},{"start":{"line":266,"column":16},"end":{"line":266,"column":16}}]},"11":{"line":276,"type":"if","locations":[{"start":{"line":276,"column":12},"end":{"line":276,"column":12}},{"start":{"line":276,"column":12},"end":{"line":276,"column":12}}]},"12":{"line":308,"type":"if","locations":[{"start":{"line":308,"column":8},"end":{"line":308,"column":8}},{"start":{"line":308,"column":8},"end":{"line":308,"column":8}}]},"13":{"line":320,"type":"if","locations":[{"start":{"line":320,"column":16},"end":{"line":320,"column":16}},{"start":{"line":320,"column":16},"end":{"line":320,"column":16}}]},"14":{"line":323,"type":"if","locations":[{"start":{"line":323,"column":20},"end":{"line":323,"column":20}},{"start":{"line":323,"column":20},"end":{"line":323,"column":20}}]},"15":{"line":340,"type":"if","locations":[{"start":{"line":340,"column":20},"end":{"line":340,"column":20}},{"start":{"line":340,"column":20},"end":{"line":340,"column":20}}]},"16":{"line":353,"type":"if","locations":[{"start":{"line":353,"column":20},"end":{"line":353,"column":20}},{"start":{"line":353,"column":20},"end":{"line":353,"column":20}}]},"17":{"line":373,"type":"if","locations":[{"start":{"line":373,"column":20},"end":{"line":373,"column":20}},{"start":{"line":373,"column":20},"end":{"line":373,"column":20}}]},"18":{"line":385,"type":"if","locations":[{"start":{"line":385,"column":8},"end":{"line":385,"column":8}},{"start":{"line":385,"column":8},"end":{"line":385,"column":8}}]},"19":{"line":416,"type":"if","locations":[{"start":{"line":416,"column":8},"end":{"line":416,"column":8}},{"start":{"line":416,"column":8},"end":{"line":416,"column":8}}]},"20":{"line":421,"type":"if","locations":[{"start":{"line":421,"column":12},"end":{"line":421,"column":12}},{"start":{"line":421,"column":12},"end":{"line":421,"column":12}}]},"21":{"line":427,"type":"if","locations":[{"start":{"line":427,"column":8},"end":{"line":427,"column":8}},{"start":{"line":427,"column":8},"end":{"line":427,"column":8}}]},"22":{"line":429,"type":"if","locations":[{"start":{"line":429,"column":8},"end":{"line":429,"column":8}},{"start":{"line":429,"column":8},"end":{"line":429,"column":8}}]}}},"contracts\\minimums\\upgradeable\\MinimumsBase.sol":{"l":{"63":34,"64":34,"66":0,"68":34,"92":17,"93":17,"94":17,"96":17,"98":17,"100":17,"115":0,"128":0,"129":0,"140":0,"156":17,"157":17,"158":17,"159":14,"161":14,"162":5,"164":5,"190":17,"191":17,"192":17,"193":0,"194":0,"195":0,"199":0,"200":0,"205":17,"228":17,"229":17,"231":0,"238":17,"257":0,"259":0,"261":0,"263":0,"264":0,"265":0,"270":0,"271":0,"273":0,"280":0,"284":0,"285":0,"308":0,"309":0,"312":0,"313":0,"314":0,"315":0,"317":0,"319":0,"320":0,"322":0,"324":0,"327":0,"328":0,"329":0,"331":0,"332":0,"336":0,"342":0,"344":0,"345":0,"352":0,"355":0,"356":0,"357":0,"360":0,"361":0,"364":0,"373":0,"375":0,"376":0,"387":0,"406":17,"411":0,"412":0,"416":0,"417":0,"418":0,"419":0,"420":0,"421":0,"422":0,"423":0,"424":0,"425":0,"426":0,"429":0,"430":0,"431":0,"432":0},"path":"g:\\_projects\\intercoin\\StakingContract\\contracts\\minimums\\upgradeable\\MinimumsBase.sol","s":{"1":34,"2":34,"3":0,"4":34,"5":17,"6":17,"7":17,"8":17,"9":17,"10":17,"11":0,"12":0,"13":0,"14":0,"15":17,"16":17,"17":17,"18":14,"19":14,"20":5,"21":5,"22":17,"23":17,"24":17,"25":0,"26":0,"27":0,"28":0,"29":17,"30":17,"31":17,"32":0,"33":17,"34":0,"35":0,"36":0,"37":0,"38":0,"39":0,"40":0,"41":0,"42":0,"43":0,"44":0,"45":0,"46":0,"47":0,"48":0,"49":0,"50":0,"51":0,"52":0,"53":0,"54":0,"55":0,"56":0,"57":0,"58":0,"59":0,"60":0,"61":0,"62":0,"63":0,"64":0,"65":0,"66":0,"67":0,"68":0,"69":0,"70":0,"71":0,"72":0,"73":0,"74":17,"75":0,"76":0,"77":0,"78":0,"79":0,"80":0,"81":0,"82":0,"83":0,"84":0,"85":0,"86":0,"87":0,"88":0,"89":0,"90":0},"b":{"1":[0,34],"2":[17,0],"3":[5,9],"4":[0,17],"5":[0,0],"6":[0,17],"7":[0,0],"8":[0,0],"9":[0,0],"10":[0,0],"11":[0,0],"12":[0,0],"13":[0,0],"14":[0,0],"15":[0,0],"16":[0,0],"17":[0,0],"18":[0,0],"19":[0,0],"20":[0,0],"21":[0,0],"22":[0,0]},"f":{"1":34,"2":17,"3":0,"4":0,"5":0,"6":17,"7":17,"8":17,"9":0,"10":0,"11":17,"12":0,"13":0},"fnMap":{"1":{"name":"MinimumsBase_init","line":61,"loc":{"start":{"line":57,"column":4},"end":{"line":71,"column":4}}},"2":{"name":"_minimumsAdd","line":81,"loc":{"start":{"line":81,"column":4},"end":{"line":102,"column":4}}},"3":{"name":"_minimumsClear","line":109,"loc":{"start":{"line":109,"column":4},"end":{"line":116,"column":4}}},"4":{"name":"_automaticLockupAdd","line":122,"loc":{"start":{"line":122,"column":4},"end":{"line":130,"column":4}}},"5":{"name":"_automaticLockupRemove","line":135,"loc":{"start":{"line":135,"column":4},"end":{"line":141,"column":4}}},"6":{"name":"_getMinimum","line":148,"loc":{"start":{"line":148,"column":4},"end":{"line":175,"column":4}}},"7":{"name":"_minimumsClear","line":183,"loc":{"start":{"line":183,"column":4},"end":{"line":206,"column":4}}},"8":{"name":"_minimumsAddLow","line":219,"loc":{"start":{"line":219,"column":4},"end":{"line":240,"column":4}}},"9":{"name":"_reduceMinimum","line":248,"loc":{"start":{"line":248,"column":4},"end":{"line":291,"column":4}}},"10":{"name":"minimumsTransfer","line":299,"loc":{"start":{"line":299,"column":4},"end":{"line":399,"column":4}}},"11":{"name":"getIndexInterval","line":405,"loc":{"start":{"line":405,"column":4},"end":{"line":407,"column":4}}},"12":{"name":"sortAsc","line":410,"loc":{"start":{"line":410,"column":4},"end":{"line":413,"column":4}}},"13":{"name":"quickSortAsc","line":415,"loc":{"start":{"line":415,"column":4},"end":{"line":433,"column":4}}}},"statementMap":{"1":{"start":{"line":63,"column":8},"end":{"line":63,"column":23}},"2":{"start":{"line":64,"column":8},"end":{"line":64,"column":1556}},"3":{"start":{"line":66,"column":12},"end":{"line":66,"column":27}},"4":{"start":{"line":68,"column":12},"end":{"line":68,"column":31}},"5":{"start":{"line":92,"column":8},"end":{"line":92,"column":66}},"6":{"start":{"line":93,"column":8},"end":{"line":93,"column":74}},"7":{"start":{"line":94,"column":8},"end":{"line":94,"column":95}},"8":{"start":{"line":96,"column":8},"end":{"line":96,"column":34}},"9":{"start":{"line":98,"column":8},"end":{"line":98,"column":75}},"10":{"start":{"line":100,"column":8},"end":{"line":100,"column":19}},"11":{"start":{"line":115,"column":8},"end":{"line":115,"column":41}},"12":{"start":{"line":128,"column":8},"end":{"line":128,"column":56}},"13":{"start":{"line":129,"column":8},"end":{"line":129,"column":39}},"14":{"start":{"line":140,"column":8},"end":{"line":140,"column":40}},"15":{"start":{"line":156,"column":8},"end":{"line":156,"column":24}},"16":{"start":{"line":157,"column":8},"end":{"line":157,"column":19}},"17":{"start":{"line":158,"column":8},"end":{"line":158,"column":3970}},"18":{"start":{"line":159,"column":12},"end":{"line":159,"column":55}},"19":{"start":{"line":161,"column":12},"end":{"line":161,"column":4122}},"20":{"start":{"line":162,"column":16},"end":{"line":162,"column":101}},"21":{"start":{"line":164,"column":16},"end":{"line":164,"column":4399}},"22":{"start":{"line":190,"column":8},"end":{"line":190,"column":28}},"23":{"start":{"line":191,"column":8},"end":{"line":191,"column":58}},"24":{"start":{"line":192,"column":8},"end":{"line":192,"column":5311}},"25":{"start":{"line":193,"column":12},"end":{"line":193,"column":5342}},"26":{"start":{"line":194,"column":16},"end":{"line":194,"column":61}},"27":{"start":{"line":195,"column":16},"end":{"line":195,"column":5458}},"28":{"start":{"line":200,"column":20},"end":{"line":200,"column":63}},"29":{"start":{"line":205,"column":8},"end":{"line":205,"column":19}},"30":{"start":{"line":228,"column":8},"end":{"line":228,"column":52}},"31":{"start":{"line":229,"column":8},"end":{"line":229,"column":6445}},"32":{"start":{"line":231,"column":12},"end":{"line":231,"column":6511}},"33":{"start":{"line":238,"column":12},"end":{"line":238,"column":127}},"34":{"start":{"line":257,"column":8},"end":{"line":257,"column":7379}},"35":{"start":{"line":259,"column":12},"end":{"line":259,"column":7474}},"36":{"start":{"line":261,"column":16},"end":{"line":261,"column":140}},"37":{"start":{"line":263,"column":16},"end":{"line":263,"column":121}},"38":{"start":{"line":264,"column":16},"end":{"line":264,"column":7817}},"39":{"start":{"line":265,"column":20},"end":{"line":265,"column":76}},"40":{"start":{"line":270,"column":16},"end":{"line":270,"column":8163}},"41":{"start":{"line":271,"column":20},"end":{"line":271,"column":134}},"42":{"start":{"line":273,"column":20},"end":{"line":273,"column":75}},"43":{"start":{"line":280,"column":12},"end":{"line":280,"column":8684}},"44":{"start":{"line":285,"column":16},"end":{"line":285,"column":63}},"45":{"start":{"line":308,"column":8},"end":{"line":308,"column":58}},"46":{"start":{"line":309,"column":8},"end":{"line":309,"column":34}},"47":{"start":{"line":312,"column":8},"end":{"line":312,"column":9463}},"48":{"start":{"line":313,"column":12},"end":{"line":313,"column":41}},"49":{"start":{"line":314,"column":12},"end":{"line":314,"column":9538}},"50":{"start":{"line":315,"column":16},"end":{"line":315,"column":63}},"51":{"start":{"line":317,"column":12},"end":{"line":317,"column":41}},"52":{"start":{"line":319,"column":12},"end":{"line":319,"column":26}},"53":{"start":{"line":320,"column":12},"end":{"line":320,"column":28}},"54":{"start":{"line":322,"column":12},"end":{"line":322,"column":9786}},"55":{"start":{"line":324,"column":16},"end":{"line":324,"column":9855}},"56":{"start":{"line":327,"column":20},"end":{"line":327,"column":9984}},"57":{"start":{"line":328,"column":24},"end":{"line":328,"column":84}},"58":{"start":{"line":329,"column":24},"end":{"line":329,"column":45}},"59":{"start":{"line":331,"column":24},"end":{"line":331,"column":37}},"60":{"start":{"line":332,"column":24},"end":{"line":332,"column":32}},"61":{"start":{"line":336,"column":20},"end":{"line":336,"column":10397}},"62":{"start":{"line":342,"column":20},"end":{"line":342,"column":84}},"63":{"start":{"line":344,"column":20},"end":{"line":344,"column":10709}},"64":{"start":{"line":352,"column":20},"end":{"line":352,"column":118}},"65":{"start":{"line":355,"column":20},"end":{"line":355,"column":11129}},"66":{"start":{"line":356,"column":24},"end":{"line":356,"column":40}},"67":{"start":{"line":357,"column":24},"end":{"line":357,"column":47}},"68":{"start":{"line":360,"column":24},"end":{"line":360,"column":37}},"69":{"start":{"line":361,"column":24},"end":{"line":361,"column":32}},"70":{"start":{"line":364,"column":20},"end":{"line":364,"column":11436}},"71":{"start":{"line":373,"column":20},"end":{"line":373,"column":83}},"72":{"start":{"line":375,"column":20},"end":{"line":375,"column":11928}},"73":{"start":{"line":387,"column":8},"end":{"line":387,"column":12174}},"74":{"start":{"line":406,"column":8},"end":{"line":406,"column":39}},"75":{"start":{"line":411,"column":7},"end":{"line":411,"column":54}},"76":{"start":{"line":412,"column":7},"end":{"line":412,"column":18}},"77":{"start":{"line":416,"column":8},"end":{"line":416,"column":20}},"78":{"start":{"line":417,"column":8},"end":{"line":417,"column":21}},"79":{"start":{"line":418,"column":8},"end":{"line":418,"column":23}},"80":{"start":{"line":418,"column":17},"end":{"line":418,"column":23}},"81":{"start":{"line":419,"column":8},"end":{"line":419,"column":57}},"82":{"start":{"line":420,"column":8},"end":{"line":420,"column":13198}},"83":{"start":{"line":421,"column":12},"end":{"line":421,"column":44}},"84":{"start":{"line":422,"column":12},"end":{"line":422,"column":44}},"85":{"start":{"line":423,"column":12},"end":{"line":423,"column":13323}},"86":{"start":{"line":424,"column":16},"end":{"line":424,"column":74}},"87":{"start":{"line":429,"column":8},"end":{"line":429,"column":13514}},"88":{"start":{"line":430,"column":12},"end":{"line":430,"column":37}},"89":{"start":{"line":431,"column":8},"end":{"line":431,"column":13577}},"90":{"start":{"line":432,"column":12},"end":{"line":432,"column":38}}},"branchMap":{"1":{"line":64,"type":"if","locations":[{"start":{"line":64,"column":8},"end":{"line":64,"column":8}},{"start":{"line":64,"column":8},"end":{"line":64,"column":8}}]},"2":{"line":94,"type":"if","locations":[{"start":{"line":94,"column":8},"end":{"line":94,"column":8}},{"start":{"line":94,"column":8},"end":{"line":94,"column":8}}]},"3":{"line":161,"type":"if","locations":[{"start":{"line":161,"column":12},"end":{"line":161,"column":12}},{"start":{"line":161,"column":12},"end":{"line":161,"column":12}}]},"4":{"line":192,"type":"if","locations":[{"start":{"line":192,"column":8},"end":{"line":192,"column":8}},{"start":{"line":192,"column":8},"end":{"line":192,"column":8}}]},"5":{"line":195,"type":"if","locations":[{"start":{"line":195,"column":16},"end":{"line":195,"column":16}},{"start":{"line":195,"column":16},"end":{"line":195,"column":16}}]},"6":{"line":229,"type":"if","locations":[{"start":{"line":229,"column":8},"end":{"line":229,"column":8}},{"start":{"line":229,"column":8},"end":{"line":229,"column":8}}]},"7":{"line":257,"type":"if","locations":[{"start":{"line":257,"column":8},"end":{"line":257,"column":8}},{"start":{"line":257,"column":8},"end":{"line":257,"column":8}}]},"8":{"line":259,"type":"if","locations":[{"start":{"line":259,"column":12},"end":{"line":259,"column":12}},{"start":{"line":259,"column":12},"end":{"line":259,"column":12}}]},"9":{"line":264,"type":"if","locations":[{"start":{"line":264,"column":16},"end":{"line":264,"column":16}},{"start":{"line":264,"column":16},"end":{"line":264,"column":16}}]},"10":{"line":270,"type":"if","locations":[{"start":{"line":270,"column":16},"end":{"line":270,"column":16}},{"start":{"line":270,"column":16},"end":{"line":270,"column":16}}]},"11":{"line":280,"type":"if","locations":[{"start":{"line":280,"column":12},"end":{"line":280,"column":12}},{"start":{"line":280,"column":12},"end":{"line":280,"column":12}}]},"12":{"line":312,"type":"if","locations":[{"start":{"line":312,"column":8},"end":{"line":312,"column":8}},{"start":{"line":312,"column":8},"end":{"line":312,"column":8}}]},"13":{"line":324,"type":"if","locations":[{"start":{"line":324,"column":16},"end":{"line":324,"column":16}},{"start":{"line":324,"column":16},"end":{"line":324,"column":16}}]},"14":{"line":327,"type":"if","locations":[{"start":{"line":327,"column":20},"end":{"line":327,"column":20}},{"start":{"line":327,"column":20},"end":{"line":327,"column":20}}]},"15":{"line":344,"type":"if","locations":[{"start":{"line":344,"column":20},"end":{"line":344,"column":20}},{"start":{"line":344,"column":20},"end":{"line":344,"column":20}}]},"16":{"line":355,"type":"if","locations":[{"start":{"line":355,"column":20},"end":{"line":355,"column":20}},{"start":{"line":355,"column":20},"end":{"line":355,"column":20}}]},"17":{"line":375,"type":"if","locations":[{"start":{"line":375,"column":20},"end":{"line":375,"column":20}},{"start":{"line":375,"column":20},"end":{"line":375,"column":20}}]},"18":{"line":387,"type":"if","locations":[{"start":{"line":387,"column":8},"end":{"line":387,"column":8}},{"start":{"line":387,"column":8},"end":{"line":387,"column":8}}]},"19":{"line":418,"type":"if","locations":[{"start":{"line":418,"column":8},"end":{"line":418,"column":8}},{"start":{"line":418,"column":8},"end":{"line":418,"column":8}}]},"20":{"line":423,"type":"if","locations":[{"start":{"line":423,"column":12},"end":{"line":423,"column":12}},{"start":{"line":423,"column":12},"end":{"line":423,"column":12}}]},"21":{"line":429,"type":"if","locations":[{"start":{"line":429,"column":8},"end":{"line":429,"column":8}},{"start":{"line":429,"column":8},"end":{"line":429,"column":8}}]},"22":{"line":431,"type":"if","locations":[{"start":{"line":431,"column":8},"end":{"line":431,"column":8}},{"start":{"line":431,"column":8},"end":{"line":431,"column":8}}]}}},"contracts\\mocks\\ERC20Mintable.sol":{"l":{"33":70},"path":"g:\\_projects\\intercoin\\StakingContract\\contracts\\mocks\\ERC20Mintable.sol","s":{"1":70},"b":{},"f":{"1":420,"2":70},"fnMap":{"1":{"name":"constructor","line":22,"loc":{"start":{"line":18,"column":4},"end":{"line":25,"column":4}}},"2":{"name":"mint","line":32,"loc":{"start":{"line":32,"column":4},"end":{"line":34,"column":4}}}},"statementMap":{"1":{"start":{"line":33,"column":8},"end":{"line":33,"column":29}}},"branchMap":{}},"contracts\\mocks\\ERC777Mintable.sol":{"l":{"27":0},"path":"g:\\_projects\\intercoin\\StakingContract\\contracts\\mocks\\ERC777Mintable.sol","s":{"1":0},"b":{},"f":{"1":0,"2":0},"fnMap":{"1":{"name":"constructor","line":21,"loc":{"start":{"line":18,"column":4},"end":{"line":24,"column":4}}},"2":{"name":"mint","line":26,"loc":{"start":{"line":26,"column":4},"end":{"line":28,"column":4}}}},"statementMap":{"1":{"start":{"line":27,"column":8},"end":{"line":27,"column":35}}},"branchMap":{}},"contracts\\mocks\\MockSrqtCoverage.sol":{"l":{"15":10},"path":"g:\\_projects\\intercoin\\StakingContract\\contracts\\mocks\\MockSrqtCoverage.sol","s":{"1":10},"b":{},"f":{"1":10},"fnMap":{"1":{"name":"calculateSqrt","line":8,"loc":{"start":{"line":8,"column":4},"end":{"line":16,"column":4}}}},"statementMap":{"1":{"start":{"line":15,"column":8},"end":{"line":15,"column":22}}},"branchMap":{}},"contracts\\StakingBase.sol":{"l":{"85":3,"87":3,"90":3,"94":3,"103":2,"104":2,"105":2,"106":2,"107":1,"114":2,"115":1,"116":1,"123":16,"124":16,"137":7,"146":7,"151":3,"158":4,"163":4,"168":1,"177":1,"178":1,"187":6,"188":6,"194":1,"195":1,"199":3,"206":0,"207":0,"210":0,"211":0,"216":0,"231":35,"232":35,"234":35,"235":35,"237":35,"238":35,"241":35,"243":35,"246":35,"247":35,"249":35,"250":35,"251":34,"252":34,"253":34,"264":6,"266":6,"267":6,"274":0,"275":0,"280":0,"296":7,"297":7,"298":7,"299":7,"300":4,"301":4,"306":4,"307":2,"308":2,"328":9,"329":9,"330":9,"331":0,"334":2,"335":0,"337":2,"340":7,"341":7,"342":7,"343":7,"344":0,"345":0,"358":18,"359":1,"360":1,"361":1,"362":1,"366":1,"372":17,"373":17,"397":21,"398":21,"399":21,"400":21,"402":21,"405":20,"414":18,"415":18,"416":18,"426":18,"430":18,"432":18,"433":18,"434":18,"439":18,"449":18,"450":18,"465":1,"467":1,"468":1,"477":1,"478":1,"488":7,"492":7,"502":28,"503":0,"507":28,"508":28,"509":28,"510":2,"511":2,"513":28,"514":18,"515":18,"517":28,"518":18,"519":18,"521":28,"522":19,"523":19,"525":28,"526":19,"527":19,"529":28,"530":19,"531":19,"533":28,"534":0,"538":28},"path":"g:\\_projects\\intercoin\\StakingContract\\contracts\\StakingBase.sol","s":{"1":3,"2":3,"3":3,"4":3,"5":2,"6":2,"7":2,"8":2,"9":1,"10":2,"11":1,"12":1,"13":16,"14":16,"15":7,"16":7,"17":3,"18":4,"19":4,"20":1,"21":1,"22":1,"23":6,"24":6,"25":1,"26":3,"27":0,"28":0,"29":0,"30":0,"31":0,"32":35,"33":35,"34":35,"35":35,"36":35,"37":35,"38":35,"39":35,"40":35,"41":35,"42":35,"43":35,"44":34,"45":34,"46":34,"47":6,"48":6,"49":6,"50":0,"51":0,"52":0,"53":7,"54":7,"55":7,"56":7,"57":4,"58":4,"59":4,"60":2,"61":2,"62":9,"63":9,"64":9,"65":0,"66":9,"67":2,"68":0,"69":2,"70":7,"71":7,"72":7,"73":7,"74":0,"75":0,"76":18,"77":1,"78":1,"79":1,"80":1,"81":1,"82":17,"83":17,"84":21,"85":21,"86":21,"87":21,"88":21,"89":20,"90":18,"91":18,"92":18,"93":18,"94":18,"95":18,"96":18,"97":18,"98":18,"99":18,"100":18,"101":1,"102":1,"103":1,"104":1,"105":1,"106":7,"107":7,"108":28,"109":0,"110":28,"111":28,"112":28,"113":2,"114":2,"115":28,"116":18,"117":18,"118":28,"119":18,"120":18,"121":28,"122":19,"123":19,"124":28,"125":19,"126":19,"127":28,"128":19,"129":19,"130":28,"131":0},"b":{"1":[3,0],"2":[2,0],"3":[0,0],"4":[34,1],"5":[7,0],"6":[2,2],"7":[0,9],"8":[2,7],"9":[0,2],"10":[0,7],"11":[1,0],"12":[0,1],"13":[21,0],"14":[18,0],"15":[18,0],"16":[18,0],"17":[18,0],"18":[1,0],"19":[0,28],"20":[2,26],"21":[18,10],"22":[18,10],"23":[19,9],"24":[19,9],"25":[19,9],"26":[0,28]},"f":{"1":0,"2":3,"3":2,"4":2,"5":16,"6":7,"7":4,"8":1,"9":6,"10":1,"11":3,"12":0,"13":35,"14":6,"15":0,"16":7,"17":9,"18":18,"19":30,"20":21,"21":18,"22":1,"23":7,"24":28},"fnMap":{"1":{"name":"tokensToSend","line":59,"loc":{"start":{"line":59,"column":4},"end":{"line":70,"column":4}}},"2":{"name":"tokensReceived","line":74,"loc":{"start":{"line":74,"column":4},"end":{"line":97,"column":4}}},"3":{"name":"buyLiquidityAndStake","line":102,"loc":{"start":{"line":102,"column":4},"end":{"line":108,"column":4}}},"4":{"name":"buyLiquidityAndStake","line":110,"loc":{"start":{"line":110,"column":4},"end":{"line":117,"column":4}}},"5":{"name":"buyLiquidityAndStake","line":120,"loc":{"start":{"line":120,"column":4},"end":{"line":125,"column":4}}},"6":{"name":"redeem","line":134,"loc":{"start":{"line":134,"column":4},"end":{"line":152,"column":4}}},"7":{"name":"redeemAndRemoveLiquidity","line":154,"loc":{"start":{"line":154,"column":0},"end":{"line":170,"column":4}}},"8":{"name":"_redeemAndRemoveLiquidity","line":172,"loc":{"start":{"line":172,"column":4},"end":{"line":179,"column":4}}},"9":{"name":"addRewardToken","line":186,"loc":{"start":{"line":183,"column":4},"end":{"line":189,"column":4}}},"10":{"name":"removeRewardToken","line":193,"loc":{"start":{"line":191,"column":4},"end":{"line":196,"column":4}}},"11":{"name":"viewRewardTokensList","line":198,"loc":{"start":{"line":198,"column":4},"end":{"line":200,"column":4}}},"12":{"name":"stakeLiquidity","line":203,"loc":{"start":{"line":203,"column":4},"end":{"line":217,"column":4}}},"13":{"name":"StakingBase_init","line":229,"loc":{"start":{"line":223,"column":4},"end":{"line":254,"column":4}}},"14":{"name":"_redeem","line":256,"loc":{"start":{"line":256,"column":4},"end":{"line":268,"column":4}}},"15":{"name":"_beforeRedeem","line":271,"loc":{"start":{"line":271,"column":4},"end":{"line":284,"column":4}}},"16":{"name":"_grantReward","line":291,"loc":{"start":{"line":291,"column":4},"end":{"line":312,"column":4}}},"17":{"name":"_fractionAmountSend","line":318,"loc":{"start":{"line":318,"column":4},"end":{"line":348,"column":4}}},"18":{"name":"_stake","line":350,"loc":{"start":{"line":350,"column":4},"end":{"line":374,"column":4}}},"19":{"name":"_beforeTokenTransfer","line":376,"loc":{"start":{"line":376,"column":4},"end":{"line":387,"column":4}}},"20":{"name":"doSwapOnUniswap","line":389,"loc":{"start":{"line":389,"column":4},"end":{"line":406,"column":4}}},"21":{"name":"_buyLiquidityAndStake","line":408,"loc":{"start":{"line":408,"column":4},"end":{"line":451,"column":4}}},"22":{"name":"__redeemAndRemoveLiquidity","line":457,"loc":{"start":{"line":457,"column":4},"end":{"line":479,"column":4}}},"23":{"name":"__redeem","line":481,"loc":{"start":{"line":481,"column":4},"end":{"line":493,"column":4}}},"24":{"name":"sqrt","line":495,"loc":{"start":{"line":495,"column":4},"end":{"line":549,"column":4}}}},"statementMap":{"1":{"start":{"line":85,"column":8},"end":{"line":85,"column":3447}},"2":{"start":{"line":87,"column":12},"end":{"line":87,"column":60}},"3":{"start":{"line":90,"column":12},"end":{"line":90,"column":3712}},"4":{"start":{"line":94,"column":12},"end":{"line":94,"column":58}},"5":{"start":{"line":103,"column":8},"end":{"line":103,"column":51}},"6":{"start":{"line":104,"column":8},"end":{"line":104,"column":37}},"7":{"start":{"line":105,"column":8},"end":{"line":105,"column":46}},"8":{"start":{"line":106,"column":8},"end":{"line":106,"column":83}},"9":{"start":{"line":107,"column":8},"end":{"line":107,"column":60}},"10":{"start":{"line":114,"column":8},"end":{"line":114,"column":85}},"11":{"start":{"line":115,"column":8},"end":{"line":115,"column":87}},"12":{"start":{"line":116,"column":8},"end":{"line":116,"column":60}},"13":{"start":{"line":123,"column":8},"end":{"line":123,"column":92}},"14":{"start":{"line":124,"column":8},"end":{"line":124,"column":54}},"15":{"start":{"line":137,"column":8},"end":{"line":137,"column":56}},"16":{"start":{"line":146,"column":8},"end":{"line":146,"column":6095}},"17":{"start":{"line":151,"column":8},"end":{"line":151,"column":60}},"18":{"start":{"line":158,"column":8},"end":{"line":158,"column":56}},"19":{"start":{"line":163,"column":8},"end":{"line":163,"column":6766}},"20":{"start":{"line":168,"column":8},"end":{"line":168,"column":66}},"21":{"start":{"line":177,"column":8},"end":{"line":177,"column":53}},"22":{"start":{"line":178,"column":8},"end":{"line":178,"column":59}},"23":{"start":{"line":187,"column":8},"end":{"line":187,"column":33}},"24":{"start":{"line":188,"column":8},"end":{"line":188,"column":42}},"25":{"start":{"line":194,"column":8},"end":{"line":194,"column":36}},"26":{"start":{"line":199,"column":8},"end":{"line":199,"column":40}},"27":{"start":{"line":206,"column":8},"end":{"line":206,"column":58}},"28":{"start":{"line":207,"column":8},"end":{"line":207,"column":7975}},"29":{"start":{"line":210,"column":8},"end":{"line":210,"column":75}},"30":{"start":{"line":211,"column":8},"end":{"line":211,"column":8192}},"31":{"start":{"line":216,"column":8},"end":{"line":216,"column":65}},"32":{"start":{"line":231,"column":8},"end":{"line":231,"column":72}},"33":{"start":{"line":232,"column":8},"end":{"line":232,"column":76}},"34":{"start":{"line":234,"column":8},"end":{"line":234,"column":82}},"35":{"start":{"line":235,"column":8},"end":{"line":235,"column":78}},"36":{"start":{"line":237,"column":8},"end":{"line":237,"column":23}},"37":{"start":{"line":238,"column":8},"end":{"line":238,"column":54}},"38":{"start":{"line":241,"column":8},"end":{"line":241,"column":111}},"39":{"start":{"line":243,"column":8},"end":{"line":243,"column":9616}},"40":{"start":{"line":246,"column":8},"end":{"line":246,"column":60}},"41":{"start":{"line":247,"column":8},"end":{"line":247,"column":38}},"42":{"start":{"line":249,"column":8},"end":{"line":249,"column":98}},"43":{"start":{"line":250,"column":8},"end":{"line":250,"column":56}},"44":{"start":{"line":251,"column":8},"end":{"line":251,"column":43}},"45":{"start":{"line":252,"column":8},"end":{"line":252,"column":39}},"46":{"start":{"line":253,"column":8},"end":{"line":253,"column":39}},"47":{"start":{"line":264,"column":8},"end":{"line":264,"column":56}},"48":{"start":{"line":266,"column":8},"end":{"line":266,"column":52}},"49":{"start":{"line":267,"column":8},"end":{"line":267,"column":55}},"50":{"start":{"line":274,"column":8},"end":{"line":274,"column":44}},"51":{"start":{"line":275,"column":8},"end":{"line":275,"column":35}},"52":{"start":{"line":280,"column":8},"end":{"line":280,"column":11009}},"53":{"start":{"line":296,"column":8},"end":{"line":296,"column":51}},"54":{"start":{"line":297,"column":8},"end":{"line":297,"column":11497}},"55":{"start":{"line":298,"column":12},"end":{"line":298,"column":31}},"56":{"start":{"line":299,"column":12},"end":{"line":299,"column":11565}},"57":{"start":{"line":300,"column":16},"end":{"line":300,"column":60}},"58":{"start":{"line":301,"column":16},"end":{"line":301,"column":11731}},"59":{"start":{"line":306,"column":16},"end":{"line":306,"column":11909}},"60":{"start":{"line":307,"column":20},"end":{"line":307,"column":86}},"61":{"start":{"line":308,"column":20},"end":{"line":308,"column":79}},"62":{"start":{"line":328,"column":8},"end":{"line":328,"column":52}},"63":{"start":{"line":329,"column":8},"end":{"line":329,"column":37}},"64":{"start":{"line":330,"column":8},"end":{"line":330,"column":12719}},"65":{"start":{"line":331,"column":12},"end":{"line":331,"column":69}},"66":{"start":{"line":333,"column":15},"end":{"line":333,"column":12889}},"67":{"start":{"line":334,"column":12},"end":{"line":334,"column":12928}},"68":{"start":{"line":335,"column":16},"end":{"line":335,"column":51}},"69":{"start":{"line":337,"column":16},"end":{"line":337,"column":63}},"70":{"start":{"line":340,"column":12},"end":{"line":340,"column":63}},"71":{"start":{"line":341,"column":12},"end":{"line":341,"column":70}},"72":{"start":{"line":342,"column":12},"end":{"line":342,"column":58}},"73":{"start":{"line":343,"column":12},"end":{"line":343,"column":13345}},"74":{"start":{"line":344,"column":16},"end":{"line":344,"column":82}},"75":{"start":{"line":345,"column":16},"end":{"line":345,"column":45}},"76":{"start":{"line":358,"column":8},"end":{"line":358,"column":13705}},"77":{"start":{"line":359,"column":12},"end":{"line":359,"column":56}},"78":{"start":{"line":360,"column":12},"end":{"line":360,"column":58}},"79":{"start":{"line":361,"column":12},"end":{"line":361,"column":13896}},"80":{"start":{"line":362,"column":16},"end":{"line":362,"column":13960}},"81":{"start":{"line":366,"column":16},"end":{"line":366,"column":14117}},"82":{"start":{"line":372,"column":8},"end":{"line":372,"column":34}},"83":{"start":{"line":373,"column":8},"end":{"line":373,"column":51}},"84":{"start":{"line":397,"column":8},"end":{"line":397,"column":103}},"85":{"start":{"line":398,"column":8},"end":{"line":398,"column":48}},"86":{"start":{"line":399,"column":8},"end":{"line":399,"column":33}},"87":{"start":{"line":400,"column":8},"end":{"line":400,"column":34}},"88":{"start":{"line":402,"column":8},"end":{"line":402,"column":15129}},"89":{"start":{"line":405,"column":8},"end":{"line":405,"column":35}},"90":{"start":{"line":414,"column":8},"end":{"line":414,"column":75}},"91":{"start":{"line":415,"column":8},"end":{"line":415,"column":65}},"92":{"start":{"line":416,"column":8},"end":{"line":416,"column":15622}},"93":{"start":{"line":426,"column":8},"end":{"line":426,"column":16044}},"94":{"start":{"line":430,"column":8},"end":{"line":430,"column":65}},"95":{"start":{"line":432,"column":8},"end":{"line":432,"column":82}},"96":{"start":{"line":433,"column":8},"end":{"line":433,"column":62}},"97":{"start":{"line":434,"column":8},"end":{"line":434,"column":16459}},"98":{"start":{"line":439,"column":8},"end":{"line":439,"column":16698}},"99":{"start":{"line":449,"column":8},"end":{"line":449,"column":45}},"100":{"start":{"line":450,"column":8},"end":{"line":450,"column":47}},"101":{"start":{"line":465,"column":8},"end":{"line":465,"column":56}},"102":{"start":{"line":467,"column":8},"end":{"line":467,"column":85}},"103":{"start":{"line":468,"column":8},"end":{"line":468,"column":17678}},"104":{"start":{"line":477,"column":8},"end":{"line":477,"column":91}},"105":{"start":{"line":478,"column":8},"end":{"line":478,"column":93}},"106":{"start":{"line":488,"column":8},"end":{"line":488,"column":37}},"107":{"start":{"line":492,"column":8},"end":{"line":492,"column":112}},"108":{"start":{"line":502,"column":8},"end":{"line":502,"column":18829}},"109":{"start":{"line":503,"column":12},"end":{"line":503,"column":20}},"110":{"start":{"line":507,"column":8},"end":{"line":507,"column":33}},"111":{"start":{"line":508,"column":8},"end":{"line":508,"column":17}},"112":{"start":{"line":509,"column":8},"end":{"line":509,"column":19059}},"113":{"start":{"line":510,"column":12},"end":{"line":510,"column":23}},"114":{"start":{"line":511,"column":12},"end":{"line":511,"column":24}},"115":{"start":{"line":513,"column":8},"end":{"line":513,"column":19185}},"116":{"start":{"line":514,"column":12},"end":{"line":514,"column":22}},"117":{"start":{"line":515,"column":12},"end":{"line":515,"column":24}},"118":{"start":{"line":517,"column":8},"end":{"line":517,"column":19294}},"119":{"start":{"line":518,"column":12},"end":{"line":518,"column":22}},"120":{"start":{"line":519,"column":12},"end":{"line":519,"column":24}},"121":{"start":{"line":521,"column":8},"end":{"line":521,"column":19395}},"122":{"start":{"line":522,"column":12},"end":{"line":522,"column":22}},"123":{"start":{"line":523,"column":12},"end":{"line":523,"column":23}},"124":{"start":{"line":525,"column":8},"end":{"line":525,"column":19491}},"125":{"start":{"line":526,"column":12},"end":{"line":526,"column":21}},"126":{"start":{"line":527,"column":12},"end":{"line":527,"column":23}},"127":{"start":{"line":529,"column":8},"end":{"line":529,"column":19584}},"128":{"start":{"line":530,"column":12},"end":{"line":530,"column":21}},"129":{"start":{"line":531,"column":12},"end":{"line":531,"column":23}},"130":{"start":{"line":533,"column":8},"end":{"line":533,"column":19676}},"131":{"start":{"line":534,"column":12},"end":{"line":534,"column":23}}},"branchMap":{"1":{"line":85,"type":"if","locations":[{"start":{"line":85,"column":8},"end":{"line":85,"column":8}},{"start":{"line":85,"column":8},"end":{"line":85,"column":8}}]},"2":{"line":103,"type":"if","locations":[{"start":{"line":103,"column":8},"end":{"line":103,"column":8}},{"start":{"line":103,"column":8},"end":{"line":103,"column":8}}]},"3":{"line":206,"type":"if","locations":[{"start":{"line":206,"column":8},"end":{"line":206,"column":8}},{"start":{"line":206,"column":8},"end":{"line":206,"column":8}}]},"4":{"line":250,"type":"if","locations":[{"start":{"line":250,"column":8},"end":{"line":250,"column":8}},{"start":{"line":250,"column":8},"end":{"line":250,"column":8}}]},"5":{"line":297,"type":"if","locations":[{"start":{"line":297,"column":8},"end":{"line":297,"column":8}},{"start":{"line":297,"column":8},"end":{"line":297,"column":8}}]},"6":{"line":306,"type":"if","locations":[{"start":{"line":306,"column":16},"end":{"line":306,"column":16}},{"start":{"line":306,"column":16},"end":{"line":306,"column":16}}]},"7":{"line":330,"type":"if","locations":[{"start":{"line":330,"column":8},"end":{"line":330,"column":8}},{"start":{"line":330,"column":8},"end":{"line":330,"column":8}}]},"8":{"line":333,"type":"if","locations":[{"start":{"line":333,"column":15},"end":{"line":333,"column":15}},{"start":{"line":333,"column":15},"end":{"line":333,"column":15}}]},"9":{"line":334,"type":"if","locations":[{"start":{"line":334,"column":12},"end":{"line":334,"column":12}},{"start":{"line":334,"column":12},"end":{"line":334,"column":12}}]},"10":{"line":343,"type":"if","locations":[{"start":{"line":343,"column":12},"end":{"line":343,"column":12}},{"start":{"line":343,"column":12},"end":{"line":343,"column":12}}]},"11":{"line":361,"type":"if","locations":[{"start":{"line":361,"column":12},"end":{"line":361,"column":12}},{"start":{"line":361,"column":12},"end":{"line":361,"column":12}}]},"12":{"line":366,"type":"if","locations":[{"start":{"line":366,"column":16},"end":{"line":366,"column":16}},{"start":{"line":366,"column":16},"end":{"line":366,"column":16}}]},"13":{"line":397,"type":"if","locations":[{"start":{"line":397,"column":8},"end":{"line":397,"column":8}},{"start":{"line":397,"column":8},"end":{"line":397,"column":8}}]},"14":{"line":415,"type":"if","locations":[{"start":{"line":415,"column":8},"end":{"line":415,"column":8}},{"start":{"line":415,"column":8},"end":{"line":415,"column":8}}]},"15":{"line":430,"type":"if","locations":[{"start":{"line":430,"column":8},"end":{"line":430,"column":8}},{"start":{"line":430,"column":8},"end":{"line":430,"column":8}}]},"16":{"line":434,"type":"if","locations":[{"start":{"line":434,"column":8},"end":{"line":434,"column":8}},{"start":{"line":434,"column":8},"end":{"line":434,"column":8}}]},"17":{"line":449,"type":"if","locations":[{"start":{"line":449,"column":8},"end":{"line":449,"column":8}},{"start":{"line":449,"column":8},"end":{"line":449,"column":8}}]},"18":{"line":467,"type":"if","locations":[{"start":{"line":467,"column":8},"end":{"line":467,"column":8}},{"start":{"line":467,"column":8},"end":{"line":467,"column":8}}]},"19":{"line":502,"type":"if","locations":[{"start":{"line":502,"column":8},"end":{"line":502,"column":8}},{"start":{"line":502,"column":8},"end":{"line":502,"column":8}}]},"20":{"line":509,"type":"if","locations":[{"start":{"line":509,"column":8},"end":{"line":509,"column":8}},{"start":{"line":509,"column":8},"end":{"line":509,"column":8}}]},"21":{"line":513,"type":"if","locations":[{"start":{"line":513,"column":8},"end":{"line":513,"column":8}},{"start":{"line":513,"column":8},"end":{"line":513,"column":8}}]},"22":{"line":517,"type":"if","locations":[{"start":{"line":517,"column":8},"end":{"line":517,"column":8}},{"start":{"line":517,"column":8},"end":{"line":517,"column":8}}]},"23":{"line":521,"type":"if","locations":[{"start":{"line":521,"column":8},"end":{"line":521,"column":8}},{"start":{"line":521,"column":8},"end":{"line":521,"column":8}}]},"24":{"line":525,"type":"if","locations":[{"start":{"line":525,"column":8},"end":{"line":525,"column":8}},{"start":{"line":525,"column":8},"end":{"line":525,"column":8}}]},"25":{"line":529,"type":"if","locations":[{"start":{"line":529,"column":8},"end":{"line":529,"column":8}},{"start":{"line":529,"column":8},"end":{"line":529,"column":8}}]},"26":{"line":533,"type":"if","locations":[{"start":{"line":533,"column":8},"end":{"line":533,"column":8}},{"start":{"line":533,"column":8},"end":{"line":533,"column":8}}]}}},"contracts\\StakingContract.sol":{"l":{"26":35,"28":35,"36":34,"53":18,"54":17,"67":35,"80":18,"82":18,"83":17,"85":17,"86":17,"87":5,"91":5,"99":0,"105":30},"path":"g:\\_projects\\intercoin\\StakingContract\\contracts\\StakingContract.sol","s":{"1":35,"2":35,"3":34,"4":18,"5":17,"6":35,"7":18,"8":18,"9":17,"10":17,"11":17,"12":5,"13":5,"14":0,"15":30},"b":{"1":[18,17],"2":[17,1],"3":[5,12],"4":[5,0]},"f":{"1":35,"2":18,"3":35},"fnMap":{"1":{"name":"initialize","line":24,"loc":{"start":{"line":16,"column":4},"end":{"line":37,"column":4}}},"2":{"name":"_stake","line":48,"loc":{"start":{"line":48,"column":4},"end":{"line":55,"column":4}}},"3":{"name":"_beforeTokenTransfer","line":57,"loc":{"start":{"line":57,"column":4},"end":{"line":106,"column":4}}}},"statementMap":{"1":{"start":{"line":26,"column":8},"end":{"line":26,"column":27}},"2":{"start":{"line":28,"column":8},"end":{"line":28,"column":743}},"3":{"start":{"line":36,"column":8},"end":{"line":36,"column":41}},"4":{"start":{"line":53,"column":8},"end":{"line":53,"column":43}},"5":{"start":{"line":54,"column":8},"end":{"line":54,"column":50}},"6":{"start":{"line":67,"column":8},"end":{"line":67,"column":1995}},"7":{"start":{"line":80,"column":12},"end":{"line":80,"column":45}},"8":{"start":{"line":82,"column":12},"end":{"line":82,"column":2874}},"9":{"start":{"line":83,"column":16},"end":{"line":83,"column":50}},"10":{"start":{"line":85,"column":16},"end":{"line":85,"column":58}},"11":{"start":{"line":86,"column":16},"end":{"line":86,"column":3072}},"12":{"start":{"line":87,"column":20},"end":{"line":87,"column":3128}},"13":{"start":{"line":91,"column":24},"end":{"line":91,"column":55}},"14":{"start":{"line":99,"column":21},"end":{"line":99,"column":74}},"15":{"start":{"line":105,"column":8},"end":{"line":105,"column":61}}},"branchMap":{"1":{"line":67,"type":"if","locations":[{"start":{"line":67,"column":8},"end":{"line":67,"column":8}},{"start":{"line":67,"column":8},"end":{"line":67,"column":8}}]},"2":{"line":82,"type":"if","locations":[{"start":{"line":82,"column":12},"end":{"line":82,"column":12}},{"start":{"line":82,"column":12},"end":{"line":82,"column":12}}]},"3":{"line":86,"type":"if","locations":[{"start":{"line":86,"column":16},"end":{"line":86,"column":16}},{"start":{"line":86,"column":16},"end":{"line":86,"column":16}}]},"4":{"line":87,"type":"if","locations":[{"start":{"line":87,"column":20},"end":{"line":87,"column":20}},{"start":{"line":87,"column":20},"end":{"line":87,"column":20}}]}}},"contracts\\StakingFactory.sol":{"l":{"46":0,"53":84,"54":84,"63":11,"74":30,"82":0,"83":0,"94":41,"99":35,"101":35,"103":35,"104":0,"108":35,"114":34,"115":34,"125":41,"126":40,"127":38,"128":36,"129":36,"140":35,"141":0,"143":35,"147":35,"148":35,"149":35,"150":35,"158":35},"path":"g:\\_projects\\intercoin\\StakingContract\\contracts\\StakingFactory.sol","s":{"1":0,"2":84,"3":84,"4":11,"5":30,"6":0,"7":0,"8":41,"9":35,"10":35,"11":35,"12":0,"13":35,"14":34,"15":34,"16":41,"17":40,"18":38,"19":36,"20":36,"21":35,"22":0,"23":35,"24":35,"25":35,"26":35,"27":35,"28":35},"b":{"1":[35,0],"2":[0,35],"3":[40,1],"4":[38,2],"5":[36,2],"6":[35,1],"7":[0,35]},"f":{"1":0,"2":84,"3":11,"4":30,"5":0,"6":41,"7":41,"8":35},"fnMap":{"1":{"name":"instancesCount","line":40,"loc":{"start":{"line":40,"column":4},"end":{"line":47,"column":4}}},"2":{"name":"constructor","line":49,"loc":{"start":{"line":49,"column":4},"end":{"line":55,"column":4}}},"3":{"name":"produce","line":57,"loc":{"start":{"line":57,"column":4},"end":{"line":64,"column":4}}},"4":{"name":"produce","line":73,"loc":{"start":{"line":66,"column":4},"end":{"line":75,"column":4}}},"5":{"name":"getInstanceInfo","line":77,"loc":{"start":{"line":77,"column":4},"end":{"line":84,"column":4}}},"6":{"name":"_produce","line":86,"loc":{"start":{"line":86,"column":4},"end":{"line":116,"column":4}}},"7":{"name":"_createInstanceValidate","line":118,"loc":{"start":{"line":118,"column":4},"end":{"line":130,"column":4}}},"8":{"name":"_createInstance","line":132,"loc":{"start":{"line":132,"column":4},"end":{"line":159,"column":4}}}},"statementMap":{"1":{"start":{"line":46,"column":8},"end":{"line":46,"column":31}},"2":{"start":{"line":53,"column":8},"end":{"line":53,"column":28}},"3":{"start":{"line":54,"column":8},"end":{"line":54,"column":30}},"4":{"start":{"line":63,"column":8},"end":{"line":63,"column":72}},"5":{"start":{"line":74,"column":8},"end":{"line":74,"column":130}},"6":{"start":{"line":82,"column":8},"end":{"line":82,"column":75}},"7":{"start":{"line":83,"column":8},"end":{"line":83,"column":39}},"8":{"start":{"line":94,"column":8},"end":{"line":94,"column":2832}},"9":{"start":{"line":99,"column":8},"end":{"line":99,"column":156}},"10":{"start":{"line":101,"column":8},"end":{"line":101,"column":89}},"11":{"start":{"line":103,"column":8},"end":{"line":103,"column":3247}},"12":{"start":{"line":104,"column":12},"end":{"line":104,"column":3284}},"13":{"start":{"line":108,"column":12},"end":{"line":108,"column":3492}},"14":{"start":{"line":114,"column":8},"end":{"line":114,"column":63}},"15":{"start":{"line":115,"column":8},"end":{"line":115,"column":33}},"16":{"start":{"line":125,"column":8},"end":{"line":125,"column":82}},"17":{"start":{"line":126,"column":8},"end":{"line":126,"column":103}},"18":{"start":{"line":127,"column":8},"end":{"line":127,"column":123}},"19":{"start":{"line":128,"column":8},"end":{"line":128,"column":75}},"20":{"start":{"line":129,"column":8},"end":{"line":129,"column":77}},"21":{"start":{"line":140,"column":8},"end":{"line":140,"column":4848}},"22":{"start":{"line":141,"column":12},"end":{"line":141,"column":45}},"23":{"start":{"line":143,"column":12},"end":{"line":143,"column":44}},"24":{"start":{"line":147,"column":8},"end":{"line":147,"column":66}},"25":{"start":{"line":148,"column":8},"end":{"line":148,"column":31}},"26":{"start":{"line":149,"column":8},"end":{"line":149,"column":47}},"27":{"start":{"line":150,"column":8},"end":{"line":150,"column":5170}},"28":{"start":{"line":158,"column":8},"end":{"line":158,"column":83}}},"branchMap":{"1":{"line":101,"type":"if","locations":[{"start":{"line":101,"column":8},"end":{"line":101,"column":8}},{"start":{"line":101,"column":8},"end":{"line":101,"column":8}}]},"2":{"line":103,"type":"if","locations":[{"start":{"line":103,"column":8},"end":{"line":103,"column":8}},{"start":{"line":103,"column":8},"end":{"line":103,"column":8}}]},"3":{"line":125,"type":"if","locations":[{"start":{"line":125,"column":8},"end":{"line":125,"column":8}},{"start":{"line":125,"column":8},"end":{"line":125,"column":8}}]},"4":{"line":126,"type":"if","locations":[{"start":{"line":126,"column":8},"end":{"line":126,"column":8}},{"start":{"line":126,"column":8},"end":{"line":126,"column":8}}]},"5":{"line":127,"type":"if","locations":[{"start":{"line":127,"column":8},"end":{"line":127,"column":8}},{"start":{"line":127,"column":8},"end":{"line":127,"column":8}}]},"6":{"line":129,"type":"if","locations":[{"start":{"line":129,"column":8},"end":{"line":129,"column":8}},{"start":{"line":129,"column":8},"end":{"line":129,"column":8}}]},"7":{"line":140,"type":"if","locations":[{"start":{"line":140,"column":8},"end":{"line":140,"column":8}},{"start":{"line":140,"column":8},"end":{"line":140,"column":8}}]}}},"contracts\\StakingTransferRules.sol":{"l":{"19":0,"35":0,"43":0},"path":"g:\\_projects\\intercoin\\StakingContract\\contracts\\StakingTransferRules.sol","s":{"1":0,"2":0,"3":0},"b":{"1":[0,0]},"f":{"1":0,"2":0},"fnMap":{"1":{"name":"initialize","line":17,"loc":{"start":{"line":11,"column":4},"end":{"line":27,"column":4}}},"2":{"name":"_beforeTokenTransfer","line":29,"loc":{"start":{"line":29,"column":4},"end":{"line":44,"column":4}}}},"statementMap":{"1":{"start":{"line":19,"column":8},"end":{"line":19,"column":545}},"2":{"start":{"line":35,"column":8},"end":{"line":35,"column":929}},"3":{"start":{"line":43,"column":8},"end":{"line":43,"column":61}}},"branchMap":{"1":{"line":35,"type":"if","locations":[{"start":{"line":35,"column":8},"end":{"line":35,"column":8}},{"start":{"line":35,"column":8},"end":{"line":35,"column":8}}]}}}}