{
"contracts\\interfaces\\IHook.sol":{"l":{},"path":"g:\\_projects\\intercoin\\StakingContract\\contracts\\interfaces\\IHook.sol","s":{},"b":{},"f":{},"fnMap":{},"statementMap":{},"branchMap":{}},
"contracts\\interfaces\\IStakingContract.sol":{"l":{},"path":"g:\\_projects\\intercoin\\StakingContract\\contracts\\interfaces\\IStakingContract.sol","s":{},"b":{},"f":{},"fnMap":{},"statementMap":{},"branchMap":{}},
"contracts\\interfaces\\IStakingFactory.sol":{"l":{},"path":"g:\\_projects\\intercoin\\StakingContract\\contracts\\interfaces\\IStakingFactory.sol","s":{},"b":{},"f":{},"fnMap":{},"statementMap":{},"branchMap":{}},
"contracts\\lib\\PackedMapping32.sol":{"l":{"48":0,"49":0,"50":0,"51":0,"52":0,"56":0,"57":0,"58":0,"59":0,"60":0,"61":0,"62":0,"68":0,"72":0,"76":0,"77":0,"78":0,"83":0,"84":0},"path":"g:\\_projects\\intercoin\\StakingContract\\contracts\\lib\\PackedMapping32.sol","s":{"1":0,"2":0,"3":0,"4":0,"5":0,"6":0,"7":0,"8":0,"9":0,"10":0,"11":0,"12":0,"13":0,"14":0,"15":0,"16":0,"17":0,"18":0,"19":0},"b":{},"f":{"1":0,"2":0,"3":0,"4":0,"5":0,"6":0},"fnMap":{"1":{"name":"_get","line":47,"loc":{"start":{"line":47,"column":4},"end":{"line":53,"column":4}}},"2":{"name":"_set","line":55,"loc":{"start":{"line":55,"column":4},"end":{"line":65,"column":4}}},"3":{"name":"get","line":67,"loc":{"start":{"line":67,"column":4},"end":{"line":69,"column":4}}},"4":{"name":"set","line":71,"loc":{"start":{"line":71,"column":4},"end":{"line":73,"column":4}}},"5":{"name":"getBatch","line":75,"loc":{"start":{"line":75,"column":4},"end":{"line":80,"column":4}}},"6":{"name":"setBatch","line":82,"loc":{"start":{"line":82,"column":4},"end":{"line":87,"column":4}}}},"statementMap":{"1":{"start":{"line":48,"column":8},"end":{"line":48,"column":34}},"2":{"start":{"line":49,"column":8},"end":{"line":49,"column":40}},"3":{"start":{"line":50,"column":8},"end":{"line":50,"column":68}},"4":{"start":{"line":51,"column":8},"end":{"line":51,"column":55}},"5":{"start":{"line":52,"column":8},"end":{"line":52,"column":63}},"6":{"start":{"line":56,"column":8},"end":{"line":56,"column":34}},"7":{"start":{"line":57,"column":8},"end":{"line":57,"column":40}},"8":{"start":{"line":58,"column":8},"end":{"line":58,"column":68}},"9":{"start":{"line":59,"column":8},"end":{"line":59,"column":55}},"10":{"start":{"line":60,"column":8},"end":{"line":60,"column":68}},"11":{"start":{"line":61,"column":8},"end":{"line":61,"column":53}},"12":{"start":{"line":62,"column":8},"end":{"line":62,"column":56}},"13":{"start":{"line":68,"column":8},"end":{"line":68,"column":27}},"14":{"start":{"line":72,"column":8},"end":{"line":72,"column":28}},"15":{"start":{"line":76,"column":8},"end":{"line":76,"column":41}},"16":{"start":{"line":77,"column":8},"end":{"line":77,"column":3482}},"17":{"start":{"line":78,"column":12},"end":{"line":78,"column":41}},"18":{"start":{"line":83,"column":8},"end":{"line":83,"column":3696}},"19":{"start":{"line":84,"column":12},"end":{"line":84,"column":40}}},"branchMap":{}},
"contracts\\minimums\\common\\MinimumsBase.sol":{"l":{"59":264,"61":0,"63":264,"87":34,"88":34,"89":34,"91":34,"93":34,"95":34,"110":0,"123":0,"124":0,"135":0,"151":22,"152":22,"153":22,"154":19,"156":19,"157":15,"159":15,"185":34,"186":34,"187":34,"188":0,"189":0,"190":0,"194":0,"195":0,"200":34,"223":34,"224":34,"226":0,"233":34,"252":12,"254":12,"256":0,"258":0,"259":0,"260":0,"265":12,"266":0,"268":12,"275":12,"279":12,"280":12,"303":12,"304":12,"307":12,"308":12,"309":12,"310":12,"312":12,"314":12,"315":12,"317":12,"319":12,"322":12,"323":12,"324":12,"326":0,"327":0,"331":12,"340":12,"341":0,"344":12,"345":12,"352":0,"355":0,"356":0,"357":0,"360":0,"361":0,"364":0,"376":0,"377":0,"379":0,"380":0,"409":34,"414":12,"415":12,"419":12,"420":12,"421":12,"422":0,"423":0,"424":0,"425":0,"426":0,"427":0,"428":0,"429":0,"432":0,"433":0,"434":0,"435":0},"path":"g:\\_projects\\intercoin\\StakingContract\\contracts\\minimums\\common\\MinimumsBase.sol","s":{"1":264,"2":0,"3":264,"4":34,"5":34,"6":34,"7":34,"8":34,"9":34,"10":0,"11":0,"12":0,"13":0,"14":22,"15":22,"16":22,"17":19,"18":19,"19":15,"20":15,"21":34,"22":34,"23":34,"24":0,"25":0,"26":0,"27":0,"28":34,"29":34,"30":34,"31":0,"32":34,"33":12,"34":12,"35":0,"36":0,"37":0,"38":0,"39":12,"40":0,"41":12,"42":12,"43":12,"44":12,"45":12,"46":12,"47":12,"48":12,"49":12,"50":12,"51":12,"52":12,"53":12,"54":12,"55":12,"56":12,"57":12,"58":0,"59":0,"60":12,"61":12,"62":0,"63":12,"64":0,"65":0,"66":0,"67":0,"68":0,"69":0,"70":0,"71":0,"72":0,"73":0,"74":34,"75":12,"76":12,"77":12,"78":12,"79":12,"80":12,"81":0,"82":0,"83":0,"84":0,"85":0,"86":0,"87":0,"88":0,"89":0,"90":0},"b":{"1":[0,264],"2":[34,0],"3":[15,4],"4":[0,34],"5":[0,0],"6":[0,34],"7":[12,0],"8":[0,12],"9":[0,0],"10":[0,12],"11":[12,0],"12":[12,0],"13":[12,0],"14":[12,0],"15":[0,12],"16":[12,0],"17":[0,0],"18":[0,0],"19":[0,0],"20":[12,0],"21":[0,0],"22":[0,0],"23":[0,0]},"f":{"1":264,"2":34,"3":0,"4":0,"5":0,"6":22,"7":34,"8":34,"9":12,"10":12,"11":34,"12":12,"13":12},"fnMap":{"1":{"name":"constructor","line":54,"loc":{"start":{"line":54,"column":4},"end":{"line":66,"column":4}}},"2":{"name":"_minimumsAdd","line":76,"loc":{"start":{"line":76,"column":4},"end":{"line":97,"column":4}}},"3":{"name":"_minimumsClear","line":104,"loc":{"start":{"line":104,"column":4},"end":{"line":111,"column":4}}},"4":{"name":"_automaticLockupAdd","line":117,"loc":{"start":{"line":117,"column":4},"end":{"line":125,"column":4}}},"5":{"name":"_automaticLockupRemove","line":130,"loc":{"start":{"line":130,"column":4},"end":{"line":136,"column":4}}},"6":{"name":"_getMinimum","line":143,"loc":{"start":{"line":143,"column":4},"end":{"line":170,"column":4}}},"7":{"name":"_minimumsClear","line":178,"loc":{"start":{"line":178,"column":4},"end":{"line":201,"column":4}}},"8":{"name":"_minimumsAddLow","line":214,"loc":{"start":{"line":214,"column":4},"end":{"line":235,"column":4}}},"9":{"name":"_reduceMinimum","line":243,"loc":{"start":{"line":243,"column":4},"end":{"line":286,"column":4}}},"10":{"name":"minimumsTransfer","line":294,"loc":{"start":{"line":294,"column":4},"end":{"line":402,"column":4}}},"11":{"name":"getIndexInterval","line":408,"loc":{"start":{"line":408,"column":4},"end":{"line":410,"column":4}}},"12":{"name":"sortAsc","line":413,"loc":{"start":{"line":413,"column":4},"end":{"line":416,"column":4}}},"13":{"name":"quickSortAsc","line":418,"loc":{"start":{"line":418,"column":4},"end":{"line":436,"column":4}}}},"statementMap":{"1":{"start":{"line":59,"column":8},"end":{"line":59,"column":1276}},"2":{"start":{"line":61,"column":12},"end":{"line":61,"column":27}},"3":{"start":{"line":63,"column":12},"end":{"line":63,"column":31}},"4":{"start":{"line":87,"column":8},"end":{"line":87,"column":66}},"5":{"start":{"line":88,"column":8},"end":{"line":88,"column":74}},"6":{"start":{"line":89,"column":8},"end":{"line":89,"column":95}},"7":{"start":{"line":91,"column":8},"end":{"line":91,"column":34}},"8":{"start":{"line":93,"column":8},"end":{"line":93,"column":75}},"9":{"start":{"line":95,"column":8},"end":{"line":95,"column":19}},"10":{"start":{"line":110,"column":8},"end":{"line":110,"column":41}},"11":{"start":{"line":123,"column":8},"end":{"line":123,"column":56}},"12":{"start":{"line":124,"column":8},"end":{"line":124,"column":39}},"13":{"start":{"line":135,"column":8},"end":{"line":135,"column":40}},"14":{"start":{"line":151,"column":8},"end":{"line":151,"column":24}},"15":{"start":{"line":152,"column":8},"end":{"line":152,"column":19}},"16":{"start":{"line":153,"column":8},"end":{"line":153,"column":3689}},"17":{"start":{"line":154,"column":12},"end":{"line":154,"column":55}},"18":{"start":{"line":156,"column":12},"end":{"line":156,"column":3841}},"19":{"start":{"line":157,"column":16},"end":{"line":157,"column":101}},"20":{"start":{"line":159,"column":16},"end":{"line":159,"column":4118}},"21":{"start":{"line":185,"column":8},"end":{"line":185,"column":28}},"22":{"start":{"line":186,"column":8},"end":{"line":186,"column":58}},"23":{"start":{"line":187,"column":8},"end":{"line":187,"column":5030}},"24":{"start":{"line":188,"column":12},"end":{"line":188,"column":5061}},"25":{"start":{"line":189,"column":16},"end":{"line":189,"column":61}},"26":{"start":{"line":190,"column":16},"end":{"line":190,"column":5177}},"27":{"start":{"line":195,"column":20},"end":{"line":195,"column":63}},"28":{"start":{"line":200,"column":8},"end":{"line":200,"column":19}},"29":{"start":{"line":223,"column":8},"end":{"line":223,"column":52}},"30":{"start":{"line":224,"column":8},"end":{"line":224,"column":6164}},"31":{"start":{"line":226,"column":12},"end":{"line":226,"column":6230}},"32":{"start":{"line":233,"column":12},"end":{"line":233,"column":127}},"33":{"start":{"line":252,"column":8},"end":{"line":252,"column":7098}},"34":{"start":{"line":254,"column":12},"end":{"line":254,"column":7193}},"35":{"start":{"line":256,"column":16},"end":{"line":256,"column":140}},"36":{"start":{"line":258,"column":16},"end":{"line":258,"column":121}},"37":{"start":{"line":259,"column":16},"end":{"line":259,"column":7536}},"38":{"start":{"line":260,"column":20},"end":{"line":260,"column":76}},"39":{"start":{"line":265,"column":16},"end":{"line":265,"column":7882}},"40":{"start":{"line":266,"column":20},"end":{"line":266,"column":134}},"41":{"start":{"line":268,"column":20},"end":{"line":268,"column":75}},"42":{"start":{"line":275,"column":12},"end":{"line":275,"column":8403}},"43":{"start":{"line":280,"column":16},"end":{"line":280,"column":63}},"44":{"start":{"line":303,"column":8},"end":{"line":303,"column":58}},"45":{"start":{"line":304,"column":8},"end":{"line":304,"column":34}},"46":{"start":{"line":307,"column":8},"end":{"line":307,"column":9182}},"47":{"start":{"line":308,"column":12},"end":{"line":308,"column":41}},"48":{"start":{"line":309,"column":12},"end":{"line":309,"column":9257}},"49":{"start":{"line":310,"column":16},"end":{"line":310,"column":63}},"50":{"start":{"line":312,"column":12},"end":{"line":312,"column":41}},"51":{"start":{"line":314,"column":12},"end":{"line":314,"column":26}},"52":{"start":{"line":315,"column":12},"end":{"line":315,"column":28}},"53":{"start":{"line":317,"column":12},"end":{"line":317,"column":9505}},"54":{"start":{"line":319,"column":16},"end":{"line":319,"column":9574}},"55":{"start":{"line":322,"column":20},"end":{"line":322,"column":9703}},"56":{"start":{"line":323,"column":24},"end":{"line":323,"column":84}},"57":{"start":{"line":324,"column":24},"end":{"line":324,"column":45}},"58":{"start":{"line":326,"column":24},"end":{"line":326,"column":37}},"59":{"start":{"line":327,"column":24},"end":{"line":327,"column":32}},"60":{"start":{"line":331,"column":20},"end":{"line":331,"column":10116}},"61":{"start":{"line":340,"column":20},"end":{"line":340,"column":10455}},"62":{"start":{"line":341,"column":24},"end":{"line":341,"column":88}},"63":{"start":{"line":344,"column":20},"end":{"line":344,"column":10635}},"64":{"start":{"line":352,"column":20},"end":{"line":352,"column":118}},"65":{"start":{"line":355,"column":20},"end":{"line":355,"column":11055}},"66":{"start":{"line":356,"column":24},"end":{"line":356,"column":40}},"67":{"start":{"line":357,"column":24},"end":{"line":357,"column":47}},"68":{"start":{"line":360,"column":24},"end":{"line":360,"column":37}},"69":{"start":{"line":361,"column":24},"end":{"line":361,"column":32}},"70":{"start":{"line":364,"column":20},"end":{"line":364,"column":11362}},"71":{"start":{"line":376,"column":20},"end":{"line":376,"column":11882}},"72":{"start":{"line":377,"column":24},"end":{"line":377,"column":87}},"73":{"start":{"line":379,"column":20},"end":{"line":379,"column":12040}},"74":{"start":{"line":409,"column":8},"end":{"line":409,"column":39}},"75":{"start":{"line":414,"column":7},"end":{"line":414,"column":54}},"76":{"start":{"line":415,"column":7},"end":{"line":415,"column":18}},"77":{"start":{"line":419,"column":8},"end":{"line":419,"column":20}},"78":{"start":{"line":420,"column":8},"end":{"line":420,"column":21}},"79":{"start":{"line":421,"column":8},"end":{"line":421,"column":23}},"80":{"start":{"line":421,"column":17},"end":{"line":421,"column":23}},"81":{"start":{"line":422,"column":8},"end":{"line":422,"column":57}},"82":{"start":{"line":423,"column":8},"end":{"line":423,"column":13303}},"83":{"start":{"line":424,"column":12},"end":{"line":424,"column":44}},"84":{"start":{"line":425,"column":12},"end":{"line":425,"column":44}},"85":{"start":{"line":426,"column":12},"end":{"line":426,"column":13428}},"86":{"start":{"line":427,"column":16},"end":{"line":427,"column":74}},"87":{"start":{"line":432,"column":8},"end":{"line":432,"column":13619}},"88":{"start":{"line":433,"column":12},"end":{"line":433,"column":37}},"89":{"start":{"line":434,"column":8},"end":{"line":434,"column":13682}},"90":{"start":{"line":435,"column":12},"end":{"line":435,"column":38}}},"branchMap":{"1":{"line":59,"type":"if","locations":[{"start":{"line":59,"column":8},"end":{"line":59,"column":8}},{"start":{"line":59,"column":8},"end":{"line":59,"column":8}}]},"2":{"line":89,"type":"if","locations":[{"start":{"line":89,"column":8},"end":{"line":89,"column":8}},{"start":{"line":89,"column":8},"end":{"line":89,"column":8}}]},"3":{"line":156,"type":"if","locations":[{"start":{"line":156,"column":12},"end":{"line":156,"column":12}},{"start":{"line":156,"column":12},"end":{"line":156,"column":12}}]},"4":{"line":187,"type":"if","locations":[{"start":{"line":187,"column":8},"end":{"line":187,"column":8}},{"start":{"line":187,"column":8},"end":{"line":187,"column":8}}]},"5":{"line":190,"type":"if","locations":[{"start":{"line":190,"column":16},"end":{"line":190,"column":16}},{"start":{"line":190,"column":16},"end":{"line":190,"column":16}}]},"6":{"line":224,"type":"if","locations":[{"start":{"line":224,"column":8},"end":{"line":224,"column":8}},{"start":{"line":224,"column":8},"end":{"line":224,"column":8}}]},"7":{"line":252,"type":"if","locations":[{"start":{"line":252,"column":8},"end":{"line":252,"column":8}},{"start":{"line":252,"column":8},"end":{"line":252,"column":8}}]},"8":{"line":254,"type":"if","locations":[{"start":{"line":254,"column":12},"end":{"line":254,"column":12}},{"start":{"line":254,"column":12},"end":{"line":254,"column":12}}]},"9":{"line":259,"type":"if","locations":[{"start":{"line":259,"column":16},"end":{"line":259,"column":16}},{"start":{"line":259,"column":16},"end":{"line":259,"column":16}}]},"10":{"line":265,"type":"if","locations":[{"start":{"line":265,"column":16},"end":{"line":265,"column":16}},{"start":{"line":265,"column":16},"end":{"line":265,"column":16}}]},"11":{"line":275,"type":"if","locations":[{"start":{"line":275,"column":12},"end":{"line":275,"column":12}},{"start":{"line":275,"column":12},"end":{"line":275,"column":12}}]},"12":{"line":307,"type":"if","locations":[{"start":{"line":307,"column":8},"end":{"line":307,"column":8}},{"start":{"line":307,"column":8},"end":{"line":307,"column":8}}]},"13":{"line":319,"type":"if","locations":[{"start":{"line":319,"column":16},"end":{"line":319,"column":16}},{"start":{"line":319,"column":16},"end":{"line":319,"column":16}}]},"14":{"line":322,"type":"if","locations":[{"start":{"line":322,"column":20},"end":{"line":322,"column":20}},{"start":{"line":322,"column":20},"end":{"line":322,"column":20}}]},"15":{"line":340,"type":"if","locations":[{"start":{"line":340,"column":20},"end":{"line":340,"column":20}},{"start":{"line":340,"column":20},"end":{"line":340,"column":20}}]},"16":{"line":344,"type":"if","locations":[{"start":{"line":344,"column":20},"end":{"line":344,"column":20}},{"start":{"line":344,"column":20},"end":{"line":344,"column":20}}]},"17":{"line":355,"type":"if","locations":[{"start":{"line":355,"column":20},"end":{"line":355,"column":20}},{"start":{"line":355,"column":20},"end":{"line":355,"column":20}}]},"18":{"line":376,"type":"if","locations":[{"start":{"line":376,"column":20},"end":{"line":376,"column":20}},{"start":{"line":376,"column":20},"end":{"line":376,"column":20}}]},"19":{"line":379,"type":"if","locations":[{"start":{"line":379,"column":20},"end":{"line":379,"column":20}},{"start":{"line":379,"column":20},"end":{"line":379,"column":20}}]},"20":{"line":421,"type":"if","locations":[{"start":{"line":421,"column":8},"end":{"line":421,"column":8}},{"start":{"line":421,"column":8},"end":{"line":421,"column":8}}]},"21":{"line":426,"type":"if","locations":[{"start":{"line":426,"column":12},"end":{"line":426,"column":12}},{"start":{"line":426,"column":12},"end":{"line":426,"column":12}}]},"22":{"line":432,"type":"if","locations":[{"start":{"line":432,"column":8},"end":{"line":432,"column":8}},{"start":{"line":432,"column":8},"end":{"line":432,"column":8}}]},"23":{"line":434,"type":"if","locations":[{"start":{"line":434,"column":8},"end":{"line":434,"column":8}},{"start":{"line":434,"column":8},"end":{"line":434,"column":8}}]}}},
"contracts\\minimums\\upgradeable\\MinimumsBaseUpgradeable.sol":{"l":{"62":0,"63":0,"65":0,"67":0,"91":0,"92":0,"93":0,"95":0,"97":0,"99":0,"114":0,"127":0,"128":0,"139":0,"155":0,"156":0,"157":0,"158":0,"160":0,"161":0,"163":0,"189":0,"190":0,"191":0,"192":0,"193":0,"194":0,"198":0,"199":0,"204":0,"227":0,"228":0,"230":0,"237":0,"256":0,"258":0,"260":0,"262":0,"263":0,"264":0,"269":0,"270":0,"272":0,"279":0,"283":0,"284":0,"307":0,"308":0,"311":0,"312":0,"313":0,"314":0,"316":0,"318":0,"319":0,"321":0,"323":0,"326":0,"327":0,"328":0,"330":0,"331":0,"335":0,"341":0,"343":0,"344":0,"351":0,"354":0,"355":0,"356":0,"359":0,"360":0,"363":0,"372":0,"374":0,"375":0,"404":0,"409":0,"410":0,"414":0,"415":0,"416":0,"417":0,"418":0,"419":0,"420":0,"421":0,"422":0,"423":0,"424":0,"427":0,"428":0,"429":0,"430":0},"path":"g:\\_projects\\intercoin\\StakingContract\\contracts\\minimums\\upgradeable\\MinimumsBaseUpgradeable.sol","s":{"1":0,"2":0,"3":0,"4":0,"5":0,"6":0,"7":0,"8":0,"9":0,"10":0,"11":0,"12":0,"13":0,"14":0,"15":0,"16":0,"17":0,"18":0,"19":0,"20":0,"21":0,"22":0,"23":0,"24":0,"25":0,"26":0,"27":0,"28":0,"29":0,"30":0,"31":0,"32":0,"33":0,"34":0,"35":0,"36":0,"37":0,"38":0,"39":0,"40":0,"41":0,"42":0,"43":0,"44":0,"45":0,"46":0,"47":0,"48":0,"49":0,"50":0,"51":0,"52":0,"53":0,"54":0,"55":0,"56":0,"57":0,"58":0,"59":0,"60":0,"61":0,"62":0,"63":0,"64":0,"65":0,"66":0,"67":0,"68":0,"69":0,"70":0,"71":0,"72":0,"73":0,"74":0,"75":0,"76":0,"77":0,"78":0,"79":0,"80":0,"81":0,"82":0,"83":0,"84":0,"85":0,"86":0,"87":0,"88":0,"89":0},"b":{"1":[0,0],"2":[0,0],"3":[0,0],"4":[0,0],"5":[0,0],"6":[0,0],"7":[0,0],"8":[0,0],"9":[0,0],"10":[0,0],"11":[0,0],"12":[0,0],"13":[0,0],"14":[0,0],"15":[0,0],"16":[0,0],"17":[0,0],"18":[0,0],"19":[0,0],"20":[0,0],"21":[0,0]},"f":{"1":0,"2":0,"3":0,"4":0,"5":0,"6":0,"7":0,"8":0,"9":0,"10":0,"11":0,"12":0,"13":0},"fnMap":{"1":{"name":"MinimumsBase_init","line":60,"loc":{"start":{"line":56,"column":4},"end":{"line":70,"column":4}}},"2":{"name":"_minimumsAdd","line":80,"loc":{"start":{"line":80,"column":4},"end":{"line":101,"column":4}}},"3":{"name":"_minimumsClear","line":108,"loc":{"start":{"line":108,"column":4},"end":{"line":115,"column":4}}},"4":{"name":"_automaticLockupAdd","line":121,"loc":{"start":{"line":121,"column":4},"end":{"line":129,"column":4}}},"5":{"name":"_automaticLockupRemove","line":134,"loc":{"start":{"line":134,"column":4},"end":{"line":140,"column":4}}},"6":{"name":"_getMinimum","line":147,"loc":{"start":{"line":147,"column":4},"end":{"line":174,"column":4}}},"7":{"name":"_minimumsClear","line":182,"loc":{"start":{"line":182,"column":4},"end":{"line":205,"column":4}}},"8":{"name":"_minimumsAddLow","line":218,"loc":{"start":{"line":218,"column":4},"end":{"line":239,"column":4}}},"9":{"name":"_reduceMinimum","line":247,"loc":{"start":{"line":247,"column":4},"end":{"line":290,"column":4}}},"10":{"name":"minimumsTransfer","line":298,"loc":{"start":{"line":298,"column":4},"end":{"line":397,"column":4}}},"11":{"name":"getIndexInterval","line":403,"loc":{"start":{"line":403,"column":4},"end":{"line":405,"column":4}}},"12":{"name":"sortAsc","line":408,"loc":{"start":{"line":408,"column":4},"end":{"line":411,"column":4}}},"13":{"name":"quickSortAsc","line":413,"loc":{"start":{"line":413,"column":4},"end":{"line":431,"column":4}}}},"statementMap":{"1":{"start":{"line":62,"column":8},"end":{"line":62,"column":23}},"2":{"start":{"line":63,"column":8},"end":{"line":63,"column":1559}},"3":{"start":{"line":65,"column":12},"end":{"line":65,"column":27}},"4":{"start":{"line":67,"column":12},"end":{"line":67,"column":31}},"5":{"start":{"line":91,"column":8},"end":{"line":91,"column":66}},"6":{"start":{"line":92,"column":8},"end":{"line":92,"column":74}},"7":{"start":{"line":93,"column":8},"end":{"line":93,"column":95}},"8":{"start":{"line":95,"column":8},"end":{"line":95,"column":34}},"9":{"start":{"line":97,"column":8},"end":{"line":97,"column":75}},"10":{"start":{"line":99,"column":8},"end":{"line":99,"column":19}},"11":{"start":{"line":114,"column":8},"end":{"line":114,"column":41}},"12":{"start":{"line":127,"column":8},"end":{"line":127,"column":56}},"13":{"start":{"line":128,"column":8},"end":{"line":128,"column":39}},"14":{"start":{"line":139,"column":8},"end":{"line":139,"column":40}},"15":{"start":{"line":155,"column":8},"end":{"line":155,"column":24}},"16":{"start":{"line":156,"column":8},"end":{"line":156,"column":19}},"17":{"start":{"line":157,"column":8},"end":{"line":157,"column":3972}},"18":{"start":{"line":158,"column":12},"end":{"line":158,"column":55}},"19":{"start":{"line":160,"column":12},"end":{"line":160,"column":4124}},"20":{"start":{"line":161,"column":16},"end":{"line":161,"column":101}},"21":{"start":{"line":163,"column":16},"end":{"line":163,"column":4401}},"22":{"start":{"line":189,"column":8},"end":{"line":189,"column":28}},"23":{"start":{"line":190,"column":8},"end":{"line":190,"column":58}},"24":{"start":{"line":191,"column":8},"end":{"line":191,"column":5313}},"25":{"start":{"line":192,"column":12},"end":{"line":192,"column":5344}},"26":{"start":{"line":193,"column":16},"end":{"line":193,"column":61}},"27":{"start":{"line":194,"column":16},"end":{"line":194,"column":5460}},"28":{"start":{"line":199,"column":20},"end":{"line":199,"column":63}},"29":{"start":{"line":204,"column":8},"end":{"line":204,"column":19}},"30":{"start":{"line":227,"column":8},"end":{"line":227,"column":52}},"31":{"start":{"line":228,"column":8},"end":{"line":228,"column":6447}},"32":{"start":{"line":230,"column":12},"end":{"line":230,"column":6513}},"33":{"start":{"line":237,"column":12},"end":{"line":237,"column":127}},"34":{"start":{"line":256,"column":8},"end":{"line":256,"column":7381}},"35":{"start":{"line":258,"column":12},"end":{"line":258,"column":7476}},"36":{"start":{"line":260,"column":16},"end":{"line":260,"column":140}},"37":{"start":{"line":262,"column":16},"end":{"line":262,"column":121}},"38":{"start":{"line":263,"column":16},"end":{"line":263,"column":7819}},"39":{"start":{"line":264,"column":20},"end":{"line":264,"column":76}},"40":{"start":{"line":269,"column":16},"end":{"line":269,"column":8165}},"41":{"start":{"line":270,"column":20},"end":{"line":270,"column":134}},"42":{"start":{"line":272,"column":20},"end":{"line":272,"column":75}},"43":{"start":{"line":279,"column":12},"end":{"line":279,"column":8686}},"44":{"start":{"line":284,"column":16},"end":{"line":284,"column":63}},"45":{"start":{"line":307,"column":8},"end":{"line":307,"column":58}},"46":{"start":{"line":308,"column":8},"end":{"line":308,"column":34}},"47":{"start":{"line":311,"column":8},"end":{"line":311,"column":9465}},"48":{"start":{"line":312,"column":12},"end":{"line":312,"column":41}},"49":{"start":{"line":313,"column":12},"end":{"line":313,"column":9540}},"50":{"start":{"line":314,"column":16},"end":{"line":314,"column":63}},"51":{"start":{"line":316,"column":12},"end":{"line":316,"column":41}},"52":{"start":{"line":318,"column":12},"end":{"line":318,"column":26}},"53":{"start":{"line":319,"column":12},"end":{"line":319,"column":28}},"54":{"start":{"line":321,"column":12},"end":{"line":321,"column":9788}},"55":{"start":{"line":323,"column":16},"end":{"line":323,"column":9857}},"56":{"start":{"line":326,"column":20},"end":{"line":326,"column":9986}},"57":{"start":{"line":327,"column":24},"end":{"line":327,"column":84}},"58":{"start":{"line":328,"column":24},"end":{"line":328,"column":45}},"59":{"start":{"line":330,"column":24},"end":{"line":330,"column":37}},"60":{"start":{"line":331,"column":24},"end":{"line":331,"column":32}},"61":{"start":{"line":335,"column":20},"end":{"line":335,"column":10399}},"62":{"start":{"line":341,"column":20},"end":{"line":341,"column":84}},"63":{"start":{"line":343,"column":20},"end":{"line":343,"column":10711}},"64":{"start":{"line":351,"column":20},"end":{"line":351,"column":118}},"65":{"start":{"line":354,"column":20},"end":{"line":354,"column":11131}},"66":{"start":{"line":355,"column":24},"end":{"line":355,"column":40}},"67":{"start":{"line":356,"column":24},"end":{"line":356,"column":47}},"68":{"start":{"line":359,"column":24},"end":{"line":359,"column":37}},"69":{"start":{"line":360,"column":24},"end":{"line":360,"column":32}},"70":{"start":{"line":363,"column":20},"end":{"line":363,"column":11438}},"71":{"start":{"line":372,"column":20},"end":{"line":372,"column":83}},"72":{"start":{"line":374,"column":20},"end":{"line":374,"column":11930}},"73":{"start":{"line":404,"column":8},"end":{"line":404,"column":39}},"74":{"start":{"line":409,"column":7},"end":{"line":409,"column":54}},"75":{"start":{"line":410,"column":7},"end":{"line":410,"column":18}},"76":{"start":{"line":414,"column":8},"end":{"line":414,"column":20}},"77":{"start":{"line":415,"column":8},"end":{"line":415,"column":21}},"78":{"start":{"line":416,"column":8},"end":{"line":416,"column":23}},"79":{"start":{"line":416,"column":17},"end":{"line":416,"column":23}},"80":{"start":{"line":417,"column":8},"end":{"line":417,"column":57}},"81":{"start":{"line":418,"column":8},"end":{"line":418,"column":13193}},"82":{"start":{"line":419,"column":12},"end":{"line":419,"column":44}},"83":{"start":{"line":420,"column":12},"end":{"line":420,"column":44}},"84":{"start":{"line":421,"column":12},"end":{"line":421,"column":13318}},"85":{"start":{"line":422,"column":16},"end":{"line":422,"column":74}},"86":{"start":{"line":427,"column":8},"end":{"line":427,"column":13509}},"87":{"start":{"line":428,"column":12},"end":{"line":428,"column":37}},"88":{"start":{"line":429,"column":8},"end":{"line":429,"column":13572}},"89":{"start":{"line":430,"column":12},"end":{"line":430,"column":38}}},"branchMap":{"1":{"line":63,"type":"if","locations":[{"start":{"line":63,"column":8},"end":{"line":63,"column":8}},{"start":{"line":63,"column":8},"end":{"line":63,"column":8}}]},"2":{"line":93,"type":"if","locations":[{"start":{"line":93,"column":8},"end":{"line":93,"column":8}},{"start":{"line":93,"column":8},"end":{"line":93,"column":8}}]},"3":{"line":160,"type":"if","locations":[{"start":{"line":160,"column":12},"end":{"line":160,"column":12}},{"start":{"line":160,"column":12},"end":{"line":160,"column":12}}]},"4":{"line":191,"type":"if","locations":[{"start":{"line":191,"column":8},"end":{"line":191,"column":8}},{"start":{"line":191,"column":8},"end":{"line":191,"column":8}}]},"5":{"line":194,"type":"if","locations":[{"start":{"line":194,"column":16},"end":{"line":194,"column":16}},{"start":{"line":194,"column":16},"end":{"line":194,"column":16}}]},"6":{"line":228,"type":"if","locations":[{"start":{"line":228,"column":8},"end":{"line":228,"column":8}},{"start":{"line":228,"column":8},"end":{"line":228,"column":8}}]},"7":{"line":256,"type":"if","locations":[{"start":{"line":256,"column":8},"end":{"line":256,"column":8}},{"start":{"line":256,"column":8},"end":{"line":256,"column":8}}]},"8":{"line":258,"type":"if","locations":[{"start":{"line":258,"column":12},"end":{"line":258,"column":12}},{"start":{"line":258,"column":12},"end":{"line":258,"column":12}}]},"9":{"line":263,"type":"if","locations":[{"start":{"line":263,"column":16},"end":{"line":263,"column":16}},{"start":{"line":263,"column":16},"end":{"line":263,"column":16}}]},"10":{"line":269,"type":"if","locations":[{"start":{"line":269,"column":16},"end":{"line":269,"column":16}},{"start":{"line":269,"column":16},"end":{"line":269,"column":16}}]},"11":{"line":279,"type":"if","locations":[{"start":{"line":279,"column":12},"end":{"line":279,"column":12}},{"start":{"line":279,"column":12},"end":{"line":279,"column":12}}]},"12":{"line":311,"type":"if","locations":[{"start":{"line":311,"column":8},"end":{"line":311,"column":8}},{"start":{"line":311,"column":8},"end":{"line":311,"column":8}}]},"13":{"line":323,"type":"if","locations":[{"start":{"line":323,"column":16},"end":{"line":323,"column":16}},{"start":{"line":323,"column":16},"end":{"line":323,"column":16}}]},"14":{"line":326,"type":"if","locations":[{"start":{"line":326,"column":20},"end":{"line":326,"column":20}},{"start":{"line":326,"column":20},"end":{"line":326,"column":20}}]},"15":{"line":343,"type":"if","locations":[{"start":{"line":343,"column":20},"end":{"line":343,"column":20}},{"start":{"line":343,"column":20},"end":{"line":343,"column":20}}]},"16":{"line":354,"type":"if","locations":[{"start":{"line":354,"column":20},"end":{"line":354,"column":20}},{"start":{"line":354,"column":20},"end":{"line":354,"column":20}}]},"17":{"line":374,"type":"if","locations":[{"start":{"line":374,"column":20},"end":{"line":374,"column":20}},{"start":{"line":374,"column":20},"end":{"line":374,"column":20}}]},"18":{"line":416,"type":"if","locations":[{"start":{"line":416,"column":8},"end":{"line":416,"column":8}},{"start":{"line":416,"column":8},"end":{"line":416,"column":8}}]},"19":{"line":421,"type":"if","locations":[{"start":{"line":421,"column":12},"end":{"line":421,"column":12}},{"start":{"line":421,"column":12},"end":{"line":421,"column":12}}]},"20":{"line":427,"type":"if","locations":[{"start":{"line":427,"column":8},"end":{"line":427,"column":8}},{"start":{"line":427,"column":8},"end":{"line":427,"column":8}}]},"21":{"line":429,"type":"if","locations":[{"start":{"line":429,"column":8},"end":{"line":429,"column":8}},{"start":{"line":429,"column":8},"end":{"line":429,"column":8}}]}}},
"contracts\\mocks\\ERC20Mintable.sol":{"l":{"33":117},"path":"g:\\_projects\\intercoin\\StakingContract\\contracts\\mocks\\ERC20Mintable.sol","s":{"1":117},"b":{},"f":{"1":660,"2":117},"fnMap":{"1":{"name":"constructor","line":22,"loc":{"start":{"line":18,"column":4},"end":{"line":25,"column":4}}},"2":{"name":"mint","line":32,"loc":{"start":{"line":32,"column":4},"end":{"line":34,"column":4}}}},"statementMap":{"1":{"start":{"line":33,"column":8},"end":{"line":33,"column":29}}},"branchMap":{}},
"contracts\\mocks\\ERC777Mintable.sol":{"l":{"27":0},"path":"g:\\_projects\\intercoin\\StakingContract\\contracts\\mocks\\ERC777Mintable.sol","s":{"1":0},"b":{},"f":{"1":0,"2":0},"fnMap":{"1":{"name":"constructor","line":21,"loc":{"start":{"line":18,"column":4},"end":{"line":24,"column":4}}},"2":{"name":"mint","line":26,"loc":{"start":{"line":26,"column":4},"end":{"line":28,"column":4}}}},"statementMap":{"1":{"start":{"line":27,"column":8},"end":{"line":27,"column":35}}},"branchMap":{}},
"contracts\\mocks\\MockHook.sol":{"l":{"16":4,"17":4,"32":4,"46":2},"path":"g:\\_projects\\intercoin\\StakingContract\\contracts\\mocks\\MockHook.sol","s":{"1":4,"2":4,"3":4,"4":2},"b":{},"f":{"1":4,"2":4,"3":2},"fnMap":{"1":{"name":"setupVars","line":10,"loc":{"start":{"line":10,"column":4},"end":{"line":18,"column":4}}},"2":{"name":"bonusCalculation","line":20,"loc":{"start":{"line":20,"column":4},"end":{"line":33,"column":4}}},"3":{"name":"transferHook","line":36,"loc":{"start":{"line":36,"column":4},"end":{"line":47,"column":4}}}},"statementMap":{"1":{"start":{"line":16,"column":8},"end":{"line":16,"column":31}},"2":{"start":{"line":17,"column":8},"end":{"line":17,"column":23}},"3":{"start":{"line":32,"column":8},"end":{"line":32,"column":22}},"4":{"start":{"line":46,"column":8},"end":{"line":46,"column":28}}},"branchMap":{}},
"contracts\\mocks\\MockSrqtCoverage.sol":{"l":{"15":12},"path":"g:\\_projects\\intercoin\\StakingContract\\contracts\\mocks\\MockSrqtCoverage.sol","s":{"1":12},"b":{},"f":{"1":12},"fnMap":{"1":{"name":"calculateSqrt","line":8,"loc":{"start":{"line":8,"column":4},"end":{"line":16,"column":4}}}},"statementMap":{"1":{"start":{"line":15,"column":8},"end":{"line":15,"column":22}}},"branchMap":{}},
"contracts\\StakingContract.sol":{"l":{"50":4,"51":4,"113":2,"114":2,"129":2,"141":6,"142":6,"143":6,"144":6,"145":5,"158":2,"159":1,"160":1,"171":28,"172":28,"183":0,"184":0,"187":0,"188":0,"193":0,"220":40,"221":40,"222":40,"224":40,"225":40,"227":40,"230":40,"232":40,"235":40,"236":40,"238":40,"239":40,"240":39,"241":39,"242":39,"269":8,"270":8,"271":8,"272":0,"275":4,"276":0,"278":4,"281":4,"282":4,"283":4,"284":4,"285":0,"286":0,"299":34,"323":41,"324":41,"325":41,"326":41,"328":41,"331":40,"340":34,"341":34,"342":34,"352":34,"356":34,"358":34,"359":34,"360":34,"365":34,"375":34,"376":34,"390":2,"392":2,"393":2,"402":2,"403":2,"413":4,"417":4,"427":46,"428":1,"432":45,"433":45,"434":45,"435":2,"436":2,"438":45,"439":34,"440":34,"442":45,"443":34,"444":34,"446":45,"447":35,"448":35,"450":45,"451":35,"452":35,"454":45,"455":35,"456":35,"458":45,"459":1,"463":45},"path":"g:\\_projects\\intercoin\\StakingContract\\contracts\\StakingContract.sol","s":{"1":4,"2":2,"3":2,"4":2,"5":6,"6":6,"7":6,"8":6,"9":5,"10":2,"11":1,"12":1,"13":28,"14":28,"15":0,"16":0,"17":0,"18":0,"19":0,"20":40,"21":40,"22":40,"23":40,"24":40,"25":40,"26":40,"27":40,"28":40,"29":40,"30":40,"31":40,"32":39,"33":39,"34":39,"35":8,"36":8,"37":8,"38":0,"39":8,"40":4,"41":0,"42":4,"43":4,"44":4,"45":4,"46":4,"47":0,"48":0,"49":34,"50":41,"51":41,"52":41,"53":41,"54":41,"55":40,"56":34,"57":34,"58":34,"59":34,"60":34,"61":34,"62":34,"63":34,"64":34,"65":34,"66":34,"67":2,"68":2,"69":2,"70":2,"71":2,"72":4,"73":4,"74":46,"75":1,"76":45,"77":45,"78":45,"79":2,"80":2,"81":45,"82":34,"83":34,"84":45,"85":34,"86":34,"87":45,"88":35,"89":35,"90":45,"91":35,"92":35,"93":45,"94":35,"95":35,"96":45,"97":1},"b":{"1":[4,0],"2":[6,0],"3":[0,0],"4":[39,1],"5":[0,8],"6":[4,4],"7":[0,4],"8":[0,4],"9":[41,0],"10":[34,0],"11":[34,0],"12":[34,0],"13":[34,0],"14":[2,0],"15":[1,45],"16":[2,43],"17":[34,11],"18":[34,11],"19":[35,10],"20":[35,10],"21":[35,10],"22":[1,44]},"f":{"1":4,"2":0,"3":2,"4":2,"5":6,"6":2,"7":28,"8":0,"9":40,"10":0,"11":8,"12":34,"13":0,"14":41,"15":34,"16":2,"17":4,"18":46},"fnMap":{"1":{"name":"onlyFactory","line":49,"loc":{"start":{"line":49,"column":4},"end":{"line":52,"column":4}}},"2":{"name":"tokensReceived","line":84,"loc":{"start":{"line":84,"column":4},"end":{"line":95,"column":4}}},"3":{"name":"redeem","line":111,"loc":{"start":{"line":105,"column":4},"end":{"line":115,"column":4}}},"4":{"name":"redeemAndRemoveLiquidity","line":127,"loc":{"start":{"line":121,"column":4},"end":{"line":130,"column":4}}},"5":{"name":"buyLiquidityAndStake","line":136,"loc":{"start":{"line":136,"column":4},"end":{"line":146,"column":4}}},"6":{"name":"buyLiquidityAndStake","line":152,"loc":{"start":{"line":152,"column":4},"end":{"line":161,"column":4}}},"7":{"name":"buyLiquidityAndStake","line":166,"loc":{"start":{"line":166,"column":4},"end":{"line":173,"column":4}}},"8":{"name":"stakeLiquidity","line":180,"loc":{"start":{"line":180,"column":4},"end":{"line":194,"column":4}}},"9":{"name":"initialize","line":216,"loc":{"start":{"line":209,"column":4},"end":{"line":244,"column":4}}},"10":{"name":"_redeem","line":246,"loc":{"start":{"line":246,"column":4},"end":{"line":253,"column":4}}},"11":{"name":"_fractionAmountSend","line":259,"loc":{"start":{"line":259,"column":4},"end":{"line":289,"column":4}}},"12":{"name":"_stake","line":291,"loc":{"start":{"line":291,"column":4},"end":{"line":300,"column":4}}},"13":{"name":"_beforeTokenTransfer","line":302,"loc":{"start":{"line":302,"column":4},"end":{"line":313,"column":4}}},"14":{"name":"doSwapOnUniswap","line":315,"loc":{"start":{"line":315,"column":4},"end":{"line":332,"column":4}}},"15":{"name":"_buyLiquidityAndStake","line":334,"loc":{"start":{"line":334,"column":4},"end":{"line":377,"column":4}}},"16":{"name":"__redeemAndRemoveLiquidity","line":383,"loc":{"start":{"line":383,"column":4},"end":{"line":404,"column":4}}},"17":{"name":"__redeem","line":406,"loc":{"start":{"line":406,"column":4},"end":{"line":418,"column":4}}},"18":{"name":"sqrt","line":420,"loc":{"start":{"line":420,"column":4},"end":{"line":474,"column":4}}}},"statementMap":{"1":{"start":{"line":50,"column":8},"end":{"line":50,"column":37}},"2":{"start":{"line":113,"column":8},"end":{"line":113,"column":57}},"3":{"start":{"line":114,"column":8},"end":{"line":114,"column":53}},"4":{"start":{"line":129,"column":8},"end":{"line":129,"column":50}},"5":{"start":{"line":141,"column":8},"end":{"line":141,"column":51}},"6":{"start":{"line":142,"column":8},"end":{"line":142,"column":37}},"7":{"start":{"line":143,"column":8},"end":{"line":143,"column":46}},"8":{"start":{"line":144,"column":8},"end":{"line":144,"column":83}},"9":{"start":{"line":145,"column":8},"end":{"line":145,"column":60}},"10":{"start":{"line":158,"column":8},"end":{"line":158,"column":85}},"11":{"start":{"line":159,"column":8},"end":{"line":159,"column":87}},"12":{"start":{"line":160,"column":8},"end":{"line":160,"column":60}},"13":{"start":{"line":171,"column":8},"end":{"line":171,"column":92}},"14":{"start":{"line":172,"column":8},"end":{"line":172,"column":54}},"15":{"start":{"line":183,"column":8},"end":{"line":183,"column":46}},"16":{"start":{"line":184,"column":8},"end":{"line":184,"column":6747}},"17":{"start":{"line":187,"column":8},"end":{"line":187,"column":75}},"18":{"start":{"line":188,"column":8},"end":{"line":188,"column":6952}},"19":{"start":{"line":193,"column":8},"end":{"line":193,"column":53}},"20":{"start":{"line":220,"column":8},"end":{"line":220,"column":27}},"21":{"start":{"line":221,"column":8},"end":{"line":221,"column":72}},"22":{"start":{"line":222,"column":8},"end":{"line":222,"column":76}},"23":{"start":{"line":224,"column":8},"end":{"line":224,"column":82}},"24":{"start":{"line":225,"column":8},"end":{"line":225,"column":78}},"25":{"start":{"line":227,"column":8},"end":{"line":227,"column":54}},"26":{"start":{"line":230,"column":8},"end":{"line":230,"column":111}},"27":{"start":{"line":232,"column":8},"end":{"line":232,"column":8913}},"28":{"start":{"line":235,"column":8},"end":{"line":235,"column":60}},"29":{"start":{"line":236,"column":8},"end":{"line":236,"column":38}},"30":{"start":{"line":238,"column":8},"end":{"line":238,"column":98}},"31":{"start":{"line":239,"column":8},"end":{"line":239,"column":56}},"32":{"start":{"line":240,"column":8},"end":{"line":240,"column":43}},"33":{"start":{"line":241,"column":8},"end":{"line":241,"column":39}},"34":{"start":{"line":242,"column":8},"end":{"line":242,"column":39}},"35":{"start":{"line":269,"column":8},"end":{"line":269,"column":52}},"36":{"start":{"line":270,"column":8},"end":{"line":270,"column":37}},"37":{"start":{"line":271,"column":8},"end":{"line":271,"column":10151}},"38":{"start":{"line":272,"column":12},"end":{"line":272,"column":69}},"39":{"start":{"line":274,"column":15},"end":{"line":274,"column":10319}},"40":{"start":{"line":275,"column":12},"end":{"line":275,"column":10358}},"41":{"start":{"line":276,"column":16},"end":{"line":276,"column":51}},"42":{"start":{"line":278,"column":16},"end":{"line":278,"column":63}},"43":{"start":{"line":281,"column":12},"end":{"line":281,"column":61}},"44":{"start":{"line":282,"column":12},"end":{"line":282,"column":70}},"45":{"start":{"line":283,"column":12},"end":{"line":283,"column":58}},"46":{"start":{"line":284,"column":12},"end":{"line":284,"column":10773}},"47":{"start":{"line":285,"column":16},"end":{"line":285,"column":82}},"48":{"start":{"line":286,"column":16},"end":{"line":286,"column":45}},"49":{"start":{"line":299,"column":8},"end":{"line":299,"column":81}},"50":{"start":{"line":323,"column":8},"end":{"line":323,"column":103}},"51":{"start":{"line":324,"column":8},"end":{"line":324,"column":48}},"52":{"start":{"line":325,"column":8},"end":{"line":325,"column":33}},"53":{"start":{"line":326,"column":8},"end":{"line":326,"column":34}},"54":{"start":{"line":328,"column":8},"end":{"line":328,"column":11971}},"55":{"start":{"line":331,"column":8},"end":{"line":331,"column":35}},"56":{"start":{"line":340,"column":8},"end":{"line":340,"column":75}},"57":{"start":{"line":341,"column":8},"end":{"line":341,"column":65}},"58":{"start":{"line":342,"column":8},"end":{"line":342,"column":12464}},"59":{"start":{"line":352,"column":8},"end":{"line":352,"column":12882}},"60":{"start":{"line":356,"column":8},"end":{"line":356,"column":65}},"61":{"start":{"line":358,"column":8},"end":{"line":358,"column":82}},"62":{"start":{"line":359,"column":8},"end":{"line":359,"column":62}},"63":{"start":{"line":360,"column":8},"end":{"line":360,"column":13297}},"64":{"start":{"line":365,"column":8},"end":{"line":365,"column":13536}},"65":{"start":{"line":375,"column":8},"end":{"line":375,"column":45}},"66":{"start":{"line":376,"column":8},"end":{"line":376,"column":47}},"67":{"start":{"line":390,"column":8},"end":{"line":390,"column":56}},"68":{"start":{"line":392,"column":8},"end":{"line":392,"column":85}},"69":{"start":{"line":393,"column":8},"end":{"line":393,"column":14514}},"70":{"start":{"line":402,"column":8},"end":{"line":402,"column":91}},"71":{"start":{"line":403,"column":8},"end":{"line":403,"column":93}},"72":{"start":{"line":413,"column":8},"end":{"line":413,"column":37}},"73":{"start":{"line":417,"column":8},"end":{"line":417,"column":112}},"74":{"start":{"line":427,"column":8},"end":{"line":427,"column":15665}},"75":{"start":{"line":428,"column":12},"end":{"line":428,"column":20}},"76":{"start":{"line":432,"column":8},"end":{"line":432,"column":33}},"77":{"start":{"line":433,"column":8},"end":{"line":433,"column":17}},"78":{"start":{"line":434,"column":8},"end":{"line":434,"column":15895}},"79":{"start":{"line":435,"column":12},"end":{"line":435,"column":23}},"80":{"start":{"line":436,"column":12},"end":{"line":436,"column":24}},"81":{"start":{"line":438,"column":8},"end":{"line":438,"column":16021}},"82":{"start":{"line":439,"column":12},"end":{"line":439,"column":22}},"83":{"start":{"line":440,"column":12},"end":{"line":440,"column":24}},"84":{"start":{"line":442,"column":8},"end":{"line":442,"column":16130}},"85":{"start":{"line":443,"column":12},"end":{"line":443,"column":22}},"86":{"start":{"line":444,"column":12},"end":{"line":444,"column":24}},"87":{"start":{"line":446,"column":8},"end":{"line":446,"column":16231}},"88":{"start":{"line":447,"column":12},"end":{"line":447,"column":22}},"89":{"start":{"line":448,"column":12},"end":{"line":448,"column":23}},"90":{"start":{"line":450,"column":8},"end":{"line":450,"column":16327}},"91":{"start":{"line":451,"column":12},"end":{"line":451,"column":21}},"92":{"start":{"line":452,"column":12},"end":{"line":452,"column":23}},"93":{"start":{"line":454,"column":8},"end":{"line":454,"column":16420}},"94":{"start":{"line":455,"column":12},"end":{"line":455,"column":21}},"95":{"start":{"line":456,"column":12},"end":{"line":456,"column":23}},"96":{"start":{"line":458,"column":8},"end":{"line":458,"column":16512}},"97":{"start":{"line":459,"column":12},"end":{"line":459,"column":23}}},"branchMap":{"1":{"line":50,"type":"if","locations":[{"start":{"line":50,"column":8},"end":{"line":50,"column":8}},{"start":{"line":50,"column":8},"end":{"line":50,"column":8}}]},"2":{"line":141,"type":"if","locations":[{"start":{"line":141,"column":8},"end":{"line":141,"column":8}},{"start":{"line":141,"column":8},"end":{"line":141,"column":8}}]},"3":{"line":183,"type":"if","locations":[{"start":{"line":183,"column":8},"end":{"line":183,"column":8}},{"start":{"line":183,"column":8},"end":{"line":183,"column":8}}]},"4":{"line":239,"type":"if","locations":[{"start":{"line":239,"column":8},"end":{"line":239,"column":8}},{"start":{"line":239,"column":8},"end":{"line":239,"column":8}}]},"5":{"line":271,"type":"if","locations":[{"start":{"line":271,"column":8},"end":{"line":271,"column":8}},{"start":{"line":271,"column":8},"end":{"line":271,"column":8}}]},"6":{"line":274,"type":"if","locations":[{"start":{"line":274,"column":15},"end":{"line":274,"column":15}},{"start":{"line":274,"column":15},"end":{"line":274,"column":15}}]},"7":{"line":275,"type":"if","locations":[{"start":{"line":275,"column":12},"end":{"line":275,"column":12}},{"start":{"line":275,"column":12},"end":{"line":275,"column":12}}]},"8":{"line":284,"type":"if","locations":[{"start":{"line":284,"column":12},"end":{"line":284,"column":12}},{"start":{"line":284,"column":12},"end":{"line":284,"column":12}}]},"9":{"line":323,"type":"if","locations":[{"start":{"line":323,"column":8},"end":{"line":323,"column":8}},{"start":{"line":323,"column":8},"end":{"line":323,"column":8}}]},"10":{"line":341,"type":"if","locations":[{"start":{"line":341,"column":8},"end":{"line":341,"column":8}},{"start":{"line":341,"column":8},"end":{"line":341,"column":8}}]},"11":{"line":356,"type":"if","locations":[{"start":{"line":356,"column":8},"end":{"line":356,"column":8}},{"start":{"line":356,"column":8},"end":{"line":356,"column":8}}]},"12":{"line":360,"type":"if","locations":[{"start":{"line":360,"column":8},"end":{"line":360,"column":8}},{"start":{"line":360,"column":8},"end":{"line":360,"column":8}}]},"13":{"line":375,"type":"if","locations":[{"start":{"line":375,"column":8},"end":{"line":375,"column":8}},{"start":{"line":375,"column":8},"end":{"line":375,"column":8}}]},"14":{"line":392,"type":"if","locations":[{"start":{"line":392,"column":8},"end":{"line":392,"column":8}},{"start":{"line":392,"column":8},"end":{"line":392,"column":8}}]},"15":{"line":427,"type":"if","locations":[{"start":{"line":427,"column":8},"end":{"line":427,"column":8}},{"start":{"line":427,"column":8},"end":{"line":427,"column":8}}]},"16":{"line":434,"type":"if","locations":[{"start":{"line":434,"column":8},"end":{"line":434,"column":8}},{"start":{"line":434,"column":8},"end":{"line":434,"column":8}}]},"17":{"line":438,"type":"if","locations":[{"start":{"line":438,"column":8},"end":{"line":438,"column":8}},{"start":{"line":438,"column":8},"end":{"line":438,"column":8}}]},"18":{"line":442,"type":"if","locations":[{"start":{"line":442,"column":8},"end":{"line":442,"column":8}},{"start":{"line":442,"column":8},"end":{"line":442,"column":8}}]},"19":{"line":446,"type":"if","locations":[{"start":{"line":446,"column":8},"end":{"line":446,"column":8}},{"start":{"line":446,"column":8},"end":{"line":446,"column":8}}]},"20":{"line":450,"type":"if","locations":[{"start":{"line":450,"column":8},"end":{"line":450,"column":8}},{"start":{"line":450,"column":8},"end":{"line":450,"column":8}}]},"21":{"line":454,"type":"if","locations":[{"start":{"line":454,"column":8},"end":{"line":454,"column":8}},{"start":{"line":454,"column":8},"end":{"line":454,"column":8}}]},"22":{"line":458,"type":"if","locations":[{"start":{"line":458,"column":8},"end":{"line":458,"column":8}},{"start":{"line":458,"column":8},"end":{"line":458,"column":8}}]}}},
"contracts\\StakingFactory.sol":{"l":{"84":34,"85":34,"89":10,"90":5,"107":264,"109":264,"111":264,"113":264,"114":264,"116":264,"135":1,"158":34,"159":34,"162":34,"163":34,"164":4,"169":34,"170":34,"175":34,"177":34,"178":34,"179":34,"206":1,"209":1,"211":1,"213":1,"236":0,"259":46,"279":1,"280":1,"293":4,"295":4,"297":4,"299":3,"300":3,"301":3,"303":1,"304":1,"305":1,"307":1,"322":9,"323":9,"324":9,"325":5,"327":5,"343":0,"344":0,"345":0,"346":0,"348":0,"362":8,"363":8,"364":8,"365":4,"367":4,"383":0,"384":0,"385":0,"386":0,"388":0,"403":4,"418":1,"419":1,"420":1,"424":1,"427":0,"440":46,"445":40,"447":40,"448":40,"454":40,"460":39,"470":46,"471":45,"472":43,"473":41,"474":41,"486":40,"488":40,"490":40,"491":40,"493":40,"494":40,"503":40,"524":4,"525":4,"528":4,"529":4,"530":4,"531":4,"532":4,"535":4,"546":3,"547":3,"550":3,"552":1,"555":4,"557":4,"558":4,"559":1,"574":3,"583":4,"584":4,"585":4,"586":4,"588":4,"595":4,"608":3,"610":2,"611":2,"612":2,"613":2,"617":2,"618":2,"621":0,"637":2,"640":1,"649":1,"653":1,"654":1,"658":1,"659":1,"662":0,"681":63,"682":29,"689":28,"690":2,"693":27,"695":27,"720":27,"722":27,"732":15,"735":15,"736":12,"739":15,"740":15,"741":15,"742":15,"751":62},"path":"g:\\_projects\\intercoin\\StakingContract\\contracts\\StakingFactory.sol","s":{"1":34,"2":10,"3":264,"4":264,"5":264,"6":264,"7":264,"8":264,"9":1,"10":34,"11":34,"12":34,"13":34,"14":4,"15":34,"16":34,"17":34,"18":34,"19":34,"20":34,"21":1,"22":1,"23":1,"24":1,"25":0,"26":46,"27":1,"28":1,"29":4,"30":4,"31":4,"32":3,"33":3,"34":3,"35":1,"36":1,"37":1,"38":1,"39":9,"40":9,"41":9,"42":5,"43":5,"44":0,"45":0,"46":0,"47":0,"48":0,"49":8,"50":8,"51":8,"52":4,"53":4,"54":0,"55":0,"56":0,"57":0,"58":0,"59":4,"60":1,"61":1,"62":1,"63":1,"64":0,"65":46,"66":40,"67":40,"68":40,"69":40,"70":39,"71":46,"72":45,"73":43,"74":41,"75":41,"76":40,"77":40,"78":40,"79":40,"80":40,"81":40,"82":40,"83":4,"84":4,"85":4,"86":4,"87":4,"88":4,"89":4,"90":4,"91":3,"92":3,"93":3,"94":1,"95":4,"96":4,"97":4,"98":1,"99":3,"100":3,"101":4,"102":4,"103":4,"104":4,"105":4,"106":4,"107":3,"108":2,"109":2,"110":2,"111":2,"112":2,"113":2,"114":0,"115":2,"116":1,"117":1,"118":1,"119":1,"120":1,"121":1,"122":0,"123":63,"124":29,"125":28,"126":2,"127":27,"128":27,"129":27,"130":27,"131":15,"132":15,"133":12,"134":15,"135":15,"136":15,"137":15,"138":62},"b":{"1":[34,0],"2":[4,30],"3":[1,0],"4":[3,1],"5":[1,2],"6":[1,0],"7":[5,4],"8":[0,0],"9":[4,4],"10":[0,0],"11":[40,0],"12":[40,0],"13":[45,1],"14":[43,2],"15":[41,2],"16":[40,1],"17":[4,0],"18":[3,1],"19":[4,0],"20":[1,3],"21":[3,0],"22":[4,0],"23":[4,0],"24":[2,1],"25":[2,0],"26":[1,1],"27":[1,0],"28":[29,34],"29":[1,28],"30":[2,26],"31":[1,1],"32":[27,0],"33":[12,15],"34":[12,3]},"f":{"1":34,"2":10,"3":264,"4":1,"5":34,"6":1,"7":0,"8":46,"9":1,"10":4,"11":9,"12":0,"13":8,"14":0,"15":4,"16":1,"17":46,"18":46,"19":40,"20":4,"21":3,"22":2,"23":63},"fnMap":{"1":{"name":"onlyStaking","line":83,"loc":{"start":{"line":83,"column":4},"end":{"line":86,"column":4}}},"2":{"name":"onlyRoleWithAccount","line":88,"loc":{"start":{"line":88,"column":4},"end":{"line":91,"column":4}}},"3":{"name":"constructor","line":105,"loc":{"start":{"line":99,"column":4},"end":{"line":117,"column":4}}},"4":{"name":"instancesCount","line":129,"loc":{"start":{"line":129,"column":4},"end":{"line":136,"column":4}}},"5":{"name":"issueWalletTokens","line":153,"loc":{"start":{"line":146,"column":4},"end":{"line":181,"column":4}}},"6":{"name":"tokensReceived","line":194,"loc":{"start":{"line":194,"column":4},"end":{"line":215,"column":4}}},"7":{"name":"produce","line":230,"loc":{"start":{"line":230,"column":4},"end":{"line":237,"column":4}}},"8":{"name":"produce","line":258,"loc":{"start":{"line":251,"column":4},"end":{"line":260,"column":4}}},"9":{"name":"getInstanceInfo","line":270,"loc":{"start":{"line":270,"column":4},"end":{"line":281,"column":4}}},"10":{"name":"unstake","line":288,"loc":{"start":{"line":288,"column":4},"end":{"line":309,"column":4}}},"11":{"name":"redeem","line":317,"loc":{"start":{"line":317,"column":4},"end":{"line":328,"column":4}}},"12":{"name":"redeem","line":337,"loc":{"start":{"line":337,"column":4},"end":{"line":349,"column":4}}},"13":{"name":"redeemAndRemoveLiquidity","line":357,"loc":{"start":{"line":357,"column":4},"end":{"line":368,"column":4}}},"14":{"name":"redeemAndRemoveLiquidity","line":377,"loc":{"start":{"line":377,"column":4},"end":{"line":389,"column":4}}},"15":{"name":"viewLockedWalletTokens","line":396,"loc":{"start":{"line":396,"column":4},"end":{"line":404,"column":4}}},"16":{"name":"_unstake","line":411,"loc":{"start":{"line":411,"column":4},"end":{"line":430,"column":4}}},"17":{"name":"_produce","line":432,"loc":{"start":{"line":432,"column":4},"end":{"line":461,"column":4}}},"18":{"name":"_createInstanceValidate","line":463,"loc":{"start":{"line":463,"column":4},"end":{"line":475,"column":4}}},"19":{"name":"_createInstance","line":477,"loc":{"start":{"line":477,"column":4},"end":{"line":504,"column":4}}},"20":{"name":"_poolStakesAvailable","line":507,"loc":{"start":{"line":507,"column":4},"end":{"line":597,"column":4}}},"21":{"name":"_redeem","line":606,"loc":{"start":{"line":599,"column":4},"end":{"line":625,"column":4}}},"22":{"name":"_redeemAndRemoveLiquidity","line":634,"loc":{"start":{"line":627,"column":4},"end":{"line":666,"column":4}}},"23":{"name":"_beforeTokenTransfer","line":668,"loc":{"start":{"line":668,"column":4},"end":{"line":753,"column":4}}}},"statementMap":{"1":{"start":{"line":84,"column":8},"end":{"line":84,"column":57}},"2":{"start":{"line":89,"column":8},"end":{"line":89,"column":32}},"3":{"start":{"line":107,"column":8},"end":{"line":107,"column":28}},"4":{"start":{"line":109,"column":8},"end":{"line":109,"column":26}},"5":{"start":{"line":111,"column":8},"end":{"line":111,"column":49}},"6":{"start":{"line":113,"column":8},"end":{"line":113,"column":41}},"7":{"start":{"line":114,"column":8},"end":{"line":114,"column":45}},"8":{"start":{"line":116,"column":8},"end":{"line":116,"column":111}},"9":{"start":{"line":135,"column":8},"end":{"line":135,"column":32}},"10":{"start":{"line":158,"column":8},"end":{"line":158,"column":37}},"11":{"start":{"line":159,"column":8},"end":{"line":159,"column":42}},"12":{"start":{"line":162,"column":8},"end":{"line":162,"column":31}},"13":{"start":{"line":163,"column":8},"end":{"line":163,"column":5764}},"14":{"start":{"line":164,"column":12},"end":{"line":164,"column":108}},"15":{"start":{"line":169,"column":8},"end":{"line":169,"column":37}},"16":{"start":{"line":170,"column":8},"end":{"line":170,"column":33}},"17":{"start":{"line":175,"column":8},"end":{"line":175,"column":28}},"18":{"start":{"line":177,"column":8},"end":{"line":177,"column":37}},"19":{"start":{"line":178,"column":8},"end":{"line":178,"column":54}},"20":{"start":{"line":179,"column":8},"end":{"line":179,"column":78}},"21":{"start":{"line":206,"column":8},"end":{"line":206,"column":115}},"22":{"start":{"line":209,"column":8},"end":{"line":209,"column":49}},"23":{"start":{"line":211,"column":8},"end":{"line":211,"column":43}},"24":{"start":{"line":213,"column":8},"end":{"line":213,"column":65}},"25":{"start":{"line":236,"column":8},"end":{"line":236,"column":72}},"26":{"start":{"line":259,"column":8},"end":{"line":259,"column":130}},"27":{"start":{"line":279,"column":8},"end":{"line":279,"column":75}},"28":{"start":{"line":280,"column":8},"end":{"line":280,"column":39}},"29":{"start":{"line":293,"column":8},"end":{"line":293,"column":36}},"30":{"start":{"line":295,"column":8},"end":{"line":295,"column":44}},"31":{"start":{"line":297,"column":8},"end":{"line":297,"column":58}},"32":{"start":{"line":299,"column":8},"end":{"line":299,"column":45}},"33":{"start":{"line":300,"column":8},"end":{"line":300,"column":50}},"34":{"start":{"line":301,"column":8},"end":{"line":301,"column":67}},"35":{"start":{"line":303,"column":8},"end":{"line":303,"column":49}},"36":{"start":{"line":304,"column":8},"end":{"line":304,"column":88}},"37":{"start":{"line":305,"column":8},"end":{"line":305,"column":37}},"38":{"start":{"line":307,"column":8},"end":{"line":307,"column":51}},"39":{"start":{"line":322,"column":8},"end":{"line":322,"column":36}},"40":{"start":{"line":323,"column":8},"end":{"line":323,"column":49}},"41":{"start":{"line":324,"column":8},"end":{"line":324,"column":88}},"42":{"start":{"line":325,"column":8},"end":{"line":325,"column":37}},"43":{"start":{"line":327,"column":8},"end":{"line":327,"column":68}},"44":{"start":{"line":343,"column":8},"end":{"line":343,"column":36}},"45":{"start":{"line":344,"column":8},"end":{"line":344,"column":49}},"46":{"start":{"line":345,"column":8},"end":{"line":345,"column":88}},"47":{"start":{"line":346,"column":8},"end":{"line":346,"column":37}},"48":{"start":{"line":348,"column":8},"end":{"line":348,"column":70}},"49":{"start":{"line":362,"column":8},"end":{"line":362,"column":36}},"50":{"start":{"line":363,"column":8},"end":{"line":363,"column":49}},"51":{"start":{"line":364,"column":8},"end":{"line":364,"column":88}},"52":{"start":{"line":365,"column":8},"end":{"line":365,"column":37}},"53":{"start":{"line":367,"column":8},"end":{"line":367,"column":89}},"54":{"start":{"line":383,"column":8},"end":{"line":383,"column":36}},"55":{"start":{"line":384,"column":8},"end":{"line":384,"column":49}},"56":{"start":{"line":385,"column":8},"end":{"line":385,"column":88}},"57":{"start":{"line":386,"column":8},"end":{"line":386,"column":37}},"58":{"start":{"line":388,"column":8},"end":{"line":388,"column":91}},"59":{"start":{"line":403,"column":8},"end":{"line":403,"column":36}},"60":{"start":{"line":418,"column":8},"end":{"line":418,"column":173}},"61":{"start":{"line":419,"column":8},"end":{"line":419,"column":16390}},"62":{"start":{"line":420,"column":12},"end":{"line":420,"column":16442}},"63":{"start":{"line":424,"column":16},"end":{"line":424,"column":61}},"64":{"start":{"line":427,"column":16},"end":{"line":427,"column":43}},"65":{"start":{"line":440,"column":8},"end":{"line":440,"column":17019}},"66":{"start":{"line":445,"column":8},"end":{"line":445,"column":156}},"67":{"start":{"line":447,"column":8},"end":{"line":447,"column":89}},"68":{"start":{"line":448,"column":8},"end":{"line":448,"column":54}},"69":{"start":{"line":454,"column":12},"end":{"line":454,"column":17750}},"70":{"start":{"line":460,"column":8},"end":{"line":460,"column":33}},"71":{"start":{"line":470,"column":8},"end":{"line":470,"column":82}},"72":{"start":{"line":471,"column":8},"end":{"line":471,"column":103}},"73":{"start":{"line":472,"column":8},"end":{"line":472,"column":123}},"74":{"start":{"line":473,"column":8},"end":{"line":473,"column":75}},"75":{"start":{"line":474,"column":8},"end":{"line":474,"column":77}},"76":{"start":{"line":486,"column":8},"end":{"line":486,"column":40}},"77":{"start":{"line":488,"column":8},"end":{"line":488,"column":66}},"78":{"start":{"line":490,"column":8},"end":{"line":490,"column":52}},"79":{"start":{"line":491,"column":8},"end":{"line":491,"column":31}},"80":{"start":{"line":493,"column":8},"end":{"line":493,"column":47}},"81":{"start":{"line":494,"column":8},"end":{"line":494,"column":19330}},"82":{"start":{"line":503,"column":8},"end":{"line":503,"column":83}},"83":{"start":{"line":524,"column":8},"end":{"line":524,"column":20118}},"84":{"start":{"line":525,"column":12},"end":{"line":525,"column":41}},"85":{"start":{"line":528,"column":8},"end":{"line":528,"column":66}},"86":{"start":{"line":529,"column":8},"end":{"line":529,"column":56}},"87":{"start":{"line":530,"column":8},"end":{"line":530,"column":14}},"88":{"start":{"line":531,"column":8},"end":{"line":531,"column":35}},"89":{"start":{"line":532,"column":8},"end":{"line":532,"column":30}},"90":{"start":{"line":535,"column":8},"end":{"line":535,"column":20515}},"91":{"start":{"line":546,"column":12},"end":{"line":546,"column":39}},"92":{"start":{"line":547,"column":12},"end":{"line":547,"column":64}},"93":{"start":{"line":550,"column":12},"end":{"line":550,"column":77}},"94":{"start":{"line":552,"column":12},"end":{"line":552,"column":30}},"95":{"start":{"line":555,"column":8},"end":{"line":555,"column":21353}},"96":{"start":{"line":557,"column":12},"end":{"line":557,"column":21440}},"97":{"start":{"line":558,"column":16},"end":{"line":558,"column":21510}},"98":{"start":{"line":559,"column":20},"end":{"line":559,"column":21583}},"99":{"start":{"line":570,"column":23},"end":{"line":570,"column":22057}},"100":{"start":{"line":574,"column":20},"end":{"line":574,"column":22241}},"101":{"start":{"line":583,"column":16},"end":{"line":583,"column":22549}},"102":{"start":{"line":584,"column":20},"end":{"line":584,"column":64}},"103":{"start":{"line":585,"column":20},"end":{"line":585,"column":47}},"104":{"start":{"line":586,"column":20},"end":{"line":586,"column":27}},"105":{"start":{"line":588,"column":20},"end":{"line":588,"column":47}},"106":{"start":{"line":595,"column":8},"end":{"line":595,"column":54}},"107":{"start":{"line":608,"column":8},"end":{"line":608,"column":66}},"108":{"start":{"line":610,"column":8},"end":{"line":610,"column":186}},"109":{"start":{"line":611,"column":8},"end":{"line":611,"column":23401}},"110":{"start":{"line":612,"column":12},"end":{"line":612,"column":23453}},"111":{"start":{"line":613,"column":16},"end":{"line":613,"column":23522}},"112":{"start":{"line":617,"column":20},"end":{"line":617,"column":77}},"113":{"start":{"line":618,"column":20},"end":{"line":618,"column":55}},"114":{"start":{"line":621,"column":20},"end":{"line":621,"column":61}},"115":{"start":{"line":637,"column":8},"end":{"line":637,"column":66}},"116":{"start":{"line":640,"column":8},"end":{"line":640,"column":207}},"117":{"start":{"line":649,"column":8},"end":{"line":649,"column":24888}},"118":{"start":{"line":653,"column":12},"end":{"line":653,"column":25082}},"119":{"start":{"line":654,"column":16},"end":{"line":654,"column":25151}},"120":{"start":{"line":658,"column":20},"end":{"line":658,"column":77}},"121":{"start":{"line":659,"column":20},"end":{"line":659,"column":55}},"122":{"start":{"line":662,"column":20},"end":{"line":662,"column":46}},"123":{"start":{"line":681,"column":8},"end":{"line":681,"column":25788}},"124":{"start":{"line":682,"column":12},"end":{"line":682,"column":25849}},"125":{"start":{"line":689,"column":16},"end":{"line":689,"column":26126}},"126":{"start":{"line":690,"column":20},"end":{"line":690,"column":99}},"127":{"start":{"line":693,"column":16},"end":{"line":693,"column":49}},"128":{"start":{"line":695,"column":16},"end":{"line":695,"column":26350}},"129":{"start":{"line":720,"column":20},"end":{"line":720,"column":62}},"130":{"start":{"line":722,"column":20},"end":{"line":722,"column":27430}},"131":{"start":{"line":732,"column":24},"end":{"line":732,"column":58}},"132":{"start":{"line":735,"column":24},"end":{"line":735,"column":28215}},"133":{"start":{"line":736,"column":28},"end":{"line":736,"column":71}},"134":{"start":{"line":739,"column":24},"end":{"line":739,"column":71}},"135":{"start":{"line":740,"column":24},"end":{"line":740,"column":45}},"136":{"start":{"line":741,"column":24},"end":{"line":741,"column":44}},"137":{"start":{"line":742,"column":24},"end":{"line":742,"column":43}},"138":{"start":{"line":751,"column":8},"end":{"line":751,"column":61}}},"branchMap":{"1":{"line":84,"type":"if","locations":[{"start":{"line":84,"column":8},"end":{"line":84,"column":8}},{"start":{"line":84,"column":8},"end":{"line":84,"column":8}}]},"2":{"line":163,"type":"if","locations":[{"start":{"line":163,"column":8},"end":{"line":163,"column":8}},{"start":{"line":163,"column":8},"end":{"line":163,"column":8}}]},"3":{"line":206,"type":"if","locations":[{"start":{"line":206,"column":8},"end":{"line":206,"column":8}},{"start":{"line":206,"column":8},"end":{"line":206,"column":8}}]},"4":{"line":297,"type":"if","locations":[{"start":{"line":297,"column":8},"end":{"line":297,"column":8}},{"start":{"line":297,"column":8},"end":{"line":297,"column":8}}]},"5":{"line":301,"type":"if","locations":[{"start":{"line":301,"column":8},"end":{"line":301,"column":8}},{"start":{"line":301,"column":8},"end":{"line":301,"column":8}}]},"6":{"line":304,"type":"if","locations":[{"start":{"line":304,"column":8},"end":{"line":304,"column":8}},{"start":{"line":304,"column":8},"end":{"line":304,"column":8}}]},"7":{"line":324,"type":"if","locations":[{"start":{"line":324,"column":8},"end":{"line":324,"column":8}},{"start":{"line":324,"column":8},"end":{"line":324,"column":8}}]},"8":{"line":345,"type":"if","locations":[{"start":{"line":345,"column":8},"end":{"line":345,"column":8}},{"start":{"line":345,"column":8},"end":{"line":345,"column":8}}]},"9":{"line":364,"type":"if","locations":[{"start":{"line":364,"column":8},"end":{"line":364,"column":8}},{"start":{"line":364,"column":8},"end":{"line":364,"column":8}}]},"10":{"line":385,"type":"if","locations":[{"start":{"line":385,"column":8},"end":{"line":385,"column":8}},{"start":{"line":385,"column":8},"end":{"line":385,"column":8}}]},"11":{"line":447,"type":"if","locations":[{"start":{"line":447,"column":8},"end":{"line":447,"column":8}},{"start":{"line":447,"column":8},"end":{"line":447,"column":8}}]},"12":{"line":448,"type":"if","locations":[{"start":{"line":448,"column":8},"end":{"line":448,"column":8}},{"start":{"line":448,"column":8},"end":{"line":448,"column":8}}]},"13":{"line":470,"type":"if","locations":[{"start":{"line":470,"column":8},"end":{"line":470,"column":8}},{"start":{"line":470,"column":8},"end":{"line":470,"column":8}}]},"14":{"line":471,"type":"if","locations":[{"start":{"line":471,"column":8},"end":{"line":471,"column":8}},{"start":{"line":471,"column":8},"end":{"line":471,"column":8}}]},"15":{"line":472,"type":"if","locations":[{"start":{"line":472,"column":8},"end":{"line":472,"column":8}},{"start":{"line":472,"column":8},"end":{"line":472,"column":8}}]},"16":{"line":474,"type":"if","locations":[{"start":{"line":474,"column":8},"end":{"line":474,"column":8}},{"start":{"line":474,"column":8},"end":{"line":474,"column":8}}]},"17":{"line":524,"type":"if","locations":[{"start":{"line":524,"column":8},"end":{"line":524,"column":8}},{"start":{"line":524,"column":8},"end":{"line":524,"column":8}}]},"18":{"line":535,"type":"if","locations":[{"start":{"line":535,"column":8},"end":{"line":535,"column":8}},{"start":{"line":535,"column":8},"end":{"line":535,"column":8}}]},"19":{"line":557,"type":"if","locations":[{"start":{"line":557,"column":12},"end":{"line":557,"column":12}},{"start":{"line":557,"column":12},"end":{"line":557,"column":12}}]},"20":{"line":558,"type":"if","locations":[{"start":{"line":558,"column":16},"end":{"line":558,"column":16}},{"start":{"line":558,"column":16},"end":{"line":558,"column":16}}]},"21":{"line":570,"type":"if","locations":[{"start":{"line":570,"column":23},"end":{"line":570,"column":23}},{"start":{"line":570,"column":23},"end":{"line":570,"column":23}}]},"22":{"line":583,"type":"if","locations":[{"start":{"line":583,"column":16},"end":{"line":583,"column":16}},{"start":{"line":583,"column":16},"end":{"line":583,"column":16}}]},"23":{"line":595,"type":"if","locations":[{"start":{"line":595,"column":8},"end":{"line":595,"column":8}},{"start":{"line":595,"column":8},"end":{"line":595,"column":8}}]},"24":{"line":608,"type":"if","locations":[{"start":{"line":608,"column":8},"end":{"line":608,"column":8}},{"start":{"line":608,"column":8},"end":{"line":608,"column":8}}]},"25":{"line":612,"type":"if","locations":[{"start":{"line":612,"column":12},"end":{"line":612,"column":12}},{"start":{"line":612,"column":12},"end":{"line":612,"column":12}}]},"26":{"line":637,"type":"if","locations":[{"start":{"line":637,"column":8},"end":{"line":637,"column":8}},{"start":{"line":637,"column":8},"end":{"line":637,"column":8}}]},"27":{"line":653,"type":"if","locations":[{"start":{"line":653,"column":12},"end":{"line":653,"column":12}},{"start":{"line":653,"column":12},"end":{"line":653,"column":12}}]},"28":{"line":681,"type":"if","locations":[{"start":{"line":681,"column":8},"end":{"line":681,"column":8}},{"start":{"line":681,"column":8},"end":{"line":681,"column":8}}]},"29":{"line":682,"type":"if","locations":[{"start":{"line":682,"column":12},"end":{"line":682,"column":12}},{"start":{"line":682,"column":12},"end":{"line":682,"column":12}}]},"30":{"line":689,"type":"if","locations":[{"start":{"line":689,"column":16},"end":{"line":689,"column":16}},{"start":{"line":689,"column":16},"end":{"line":689,"column":16}}]},"31":{"line":690,"type":"if","locations":[{"start":{"line":690,"column":20},"end":{"line":690,"column":20}},{"start":{"line":690,"column":20},"end":{"line":690,"column":20}}]},"32":{"line":695,"type":"if","locations":[{"start":{"line":695,"column":16},"end":{"line":695,"column":16}},{"start":{"line":695,"column":16},"end":{"line":695,"column":16}}]},"33":{"line":722,"type":"if","locations":[{"start":{"line":722,"column":20},"end":{"line":722,"column":20}},{"start":{"line":722,"column":20},"end":{"line":722,"column":20}}]},"34":{"line":735,"type":"if","locations":[{"start":{"line":735,"column":24},"end":{"line":735,"column":24}},{"start":{"line":735,"column":24},"end":{"line":735,"column":24}}]}}}}
