{
"contracts\\access\\TrustedForwarder.sol":{"l":{"17":128,"18":128,"36":13,"37":12,"53":48,"67":1391,"68":1391,"69":5,"82":129,"83":129,"84":1,"86":129,"97":1439},"path":"g:\\_projects\\intercoin\\StakingContract\\src\\contracts\\access\\TrustedForwarder.sol","s":{"1":128,"2":128,"3":13,"4":12,"5":48,"6":1391,"7":1391,"8":129,"9":129,"10":1,"11":129,"12":1439},"b":{"1":[12,1],"2":[5,1386],"3":[129,0],"4":[1,128]},"f":{"1":128,"2":13,"3":48,"4":1391,"5":129,"6":1439},"fnMap":{"1":{"name":"__TrustedForwarder_init","line":16,"loc":{"start":{"line":16,"column":4},"end":{"line":20,"column":4}}},"2":{"name":"setTrustedForwarder","line":33,"loc":{"start":{"line":29,"column":4},"end":{"line":38,"column":4}}},"3":{"name":"isTrustedForwarder","line":45,"loc":{"start":{"line":45,"column":4},"end":{"line":54,"column":4}}},"4":{"name":"_msgSender","line":59,"loc":{"start":{"line":59,"column":4},"end":{"line":73,"column":4}}},"5":{"name":"transferOwnership","line":80,"loc":{"start":{"line":75,"column":4},"end":{"line":88,"column":4}}},"6":{"name":"_isTrustedForwarder","line":90,"loc":{"start":{"line":90,"column":4},"end":{"line":98,"column":4}}}},"statementMap":{"1":{"start":{"line":17,"column":8},"end":{"line":17,"column":23}},"2":{"start":{"line":18,"column":8},"end":{"line":18,"column":37}},"3":{"start":{"line":36,"column":8},"end":{"line":36,"column":66}},"4":{"start":{"line":37,"column":8},"end":{"line":37,"column":36}},"5":{"start":{"line":53,"column":8},"end":{"line":53,"column":45}},"6":{"start":{"line":67,"column":8},"end":{"line":67,"column":26}},"7":{"start":{"line":68,"column":8},"end":{"line":68,"column":1713}},"8":{"start":{"line":82,"column":8},"end":{"line":82,"column":71}},"9":{"start":{"line":83,"column":8},"end":{"line":83,"column":2128}},"10":{"start":{"line":84,"column":12},"end":{"line":84,"column":41}},"11":{"start":{"line":86,"column":8},"end":{"line":86,"column":40}},"12":{"start":{"line":97,"column":8},"end":{"line":97,"column":45}}},"branchMap":{"1":{"line":36,"type":"if","locations":[{"start":{"line":36,"column":8},"end":{"line":36,"column":8}},{"start":{"line":36,"column":8},"end":{"line":36,"column":8}}]},"2":{"line":68,"type":"if","locations":[{"start":{"line":68,"column":8},"end":{"line":68,"column":8}},{"start":{"line":68,"column":8},"end":{"line":68,"column":8}}]},"3":{"line":82,"type":"if","locations":[{"start":{"line":82,"column":8},"end":{"line":82,"column":8}},{"start":{"line":82,"column":8},"end":{"line":82,"column":8}}]},"4":{"line":83,"type":"if","locations":[{"start":{"line":83,"column":8},"end":{"line":83,"column":8}},{"start":{"line":83,"column":8},"end":{"line":83,"column":8}}]}}},
"contracts\\CommunityCoin.sol":{"l":{"98":53,"99":53,"103":22,"104":10,"124":128,"125":128,"126":128,"127":128,"128":128,"130":128,"132":128,"134":128,"136":128,"137":128,"139":128,"153":129,"154":129,"155":129,"173":1,"196":53,"197":53,"200":53,"201":53,"202":4,"207":53,"208":53,"213":53,"215":53,"216":53,"217":53,"234":0,"236":0,"253":0,"255":0,"283":1,"285":1,"286":1,"309":0,"332":65,"352":1,"353":1,"367":5,"369":5,"371":5,"373":4,"374":4,"375":4,"377":1,"393":12,"395":12,"412":0,"427":10,"445":0,"460":8,"474":1,"476":1,"477":1,"478":1,"482":1,"485":0,"498":65,"503":59,"505":59,"506":59,"512":59,"518":58,"528":65,"529":64,"530":62,"531":60,"532":60,"544":59,"546":59,"548":59,"549":59,"551":59,"552":59,"561":59,"580":4,"581":4,"584":4,"585":4,"586":4,"587":4,"588":4,"591":4,"602":3,"603":3,"609":3,"610":3,"611":3,"614":1,"617":4,"619":4,"620":4,"621":1,"636":3,"645":4,"646":4,"647":4,"648":4,"650":4,"657":4,"670":10,"680":12,"681":12,"682":11,"684":6,"697":11,"699":5,"701":3,"702":3,"703":3,"704":3,"705":2,"709":2,"710":2,"713":0,"716":1,"720":1,"721":1,"724":0,"744":80,"745":27,"751":26,"752":2,"755":25,"757":25,"759":25,"761":25,"771":18,"774":18,"775":15,"778":18,"779":18,"780":18,"781":18,"790":79,"806":1391},"path":"g:\\_projects\\intercoin\\StakingContract\\src\\contracts\\CommunityCoin.sol","s":{"1":53,"2":22,"3":128,"4":128,"5":128,"6":128,"7":128,"8":128,"9":128,"10":128,"11":128,"12":128,"13":128,"14":129,"15":129,"16":129,"17":1,"18":53,"19":53,"20":53,"21":53,"22":4,"23":53,"24":53,"25":53,"26":53,"27":53,"28":53,"29":0,"30":0,"31":0,"32":0,"33":1,"34":1,"35":1,"36":0,"37":65,"38":1,"39":1,"40":5,"41":5,"42":5,"43":4,"44":4,"45":4,"46":1,"47":12,"48":12,"49":0,"50":10,"51":0,"52":8,"53":1,"54":1,"55":1,"56":1,"57":1,"58":0,"59":65,"60":59,"61":59,"62":59,"63":59,"64":58,"65":65,"66":64,"67":62,"68":60,"69":60,"70":59,"71":59,"72":59,"73":59,"74":59,"75":59,"76":59,"77":4,"78":4,"79":4,"80":4,"81":4,"82":4,"83":4,"84":4,"85":3,"86":3,"87":3,"88":3,"89":3,"90":1,"91":4,"92":4,"93":4,"94":1,"95":3,"96":3,"97":4,"98":4,"99":4,"100":4,"101":4,"102":4,"103":10,"104":12,"105":12,"106":11,"107":6,"108":11,"109":5,"110":3,"111":3,"112":3,"113":3,"114":2,"115":2,"116":2,"117":0,"118":1,"119":1,"120":1,"121":1,"122":0,"123":80,"124":27,"125":26,"126":2,"127":25,"128":25,"129":25,"130":25,"131":18,"132":18,"133":15,"134":18,"135":18,"136":18,"137":18,"138":79,"139":1391},"b":{"1":[53,0],"2":[4,49],"3":[1,0],"4":[4,1],"5":[1,3],"6":[59,0],"7":[59,0],"8":[64,1],"9":[62,2],"10":[60,2],"11":[59,1],"12":[4,0],"13":[3,1],"14":[4,0],"15":[1,3],"16":[3,0],"17":[4,0],"18":[4,0],"19":[11,1],"20":[5,6],"21":[3,2],"22":[3,0],"23":[2,1],"24":[1,0],"25":[27,53],"26":[1,26],"27":[2,24],"28":[1,1],"29":[25,0],"30":[7,18],"31":[15,3]},"f":{"1":53,"2":22,"3":128,"4":129,"5":1,"6":53,"7":0,"8":0,"9":1,"10":0,"11":65,"12":1,"13":5,"14":12,"15":0,"16":10,"17":0,"18":8,"19":1,"20":65,"21":65,"22":59,"23":4,"24":10,"25":12,"26":11,"27":80,"28":1391},"fnMap":{"1":{"name":"onlyStakingPool","line":96,"loc":{"start":{"line":96,"column":4},"end":{"line":100,"column":4}}},"2":{"name":"onlyRoleWithAccount","line":102,"loc":{"start":{"line":102,"column":4},"end":{"line":105,"column":4}}},"3":{"name":"initialize","line":119,"loc":{"start":{"line":114,"column":4},"end":{"line":140,"column":4}}},"4":{"name":"transferOwnership","line":151,"loc":{"start":{"line":146,"column":4},"end":{"line":156,"column":4}}},"5":{"name":"instancesCount","line":167,"loc":{"start":{"line":167,"column":4},"end":{"line":174,"column":4}}},"6":{"name":"issueWalletTokens","line":191,"loc":{"start":{"line":184,"column":4},"end":{"line":219,"column":4}}},"7":{"name":"addToCirculation","line":232,"loc":{"start":{"line":227,"column":4},"end":{"line":238,"column":4}}},"8":{"name":"removeFromCirculation","line":251,"loc":{"start":{"line":246,"column":4},"end":{"line":258,"column":4}}},"9":{"name":"tokensReceived","line":271,"loc":{"start":{"line":271,"column":4},"end":{"line":288,"column":4}}},"10":{"name":"produce","line":303,"loc":{"start":{"line":303,"column":4},"end":{"line":310,"column":4}}},"11":{"name":"produce","line":331,"loc":{"start":{"line":324,"column":4},"end":{"line":333,"column":4}}},"12":{"name":"getInstanceInfo","line":343,"loc":{"start":{"line":343,"column":4},"end":{"line":354,"column":4}}},"13":{"name":"unstake","line":365,"loc":{"start":{"line":361,"column":4},"end":{"line":379,"column":4}}},"14":{"name":"redeem","line":391,"loc":{"start":{"line":387,"column":4},"end":{"line":396,"column":4}}},"15":{"name":"redeem","line":410,"loc":{"start":{"line":405,"column":4},"end":{"line":413,"column":4}}},"16":{"name":"redeemAndRemoveLiquidity","line":425,"loc":{"start":{"line":421,"column":4},"end":{"line":428,"column":4}}},"17":{"name":"redeemAndRemoveLiquidity","line":442,"loc":{"start":{"line":437,"column":4},"end":{"line":446,"column":4}}},"18":{"name":"viewLockedWalletTokens","line":453,"loc":{"start":{"line":453,"column":4},"end":{"line":461,"column":4}}},"19":{"name":"_unstake","line":468,"loc":{"start":{"line":468,"column":4},"end":{"line":488,"column":4}}},"20":{"name":"_produce","line":490,"loc":{"start":{"line":490,"column":4},"end":{"line":519,"column":4}}},"21":{"name":"_createInstanceValidate","line":521,"loc":{"start":{"line":521,"column":4},"end":{"line":533,"column":4}}},"22":{"name":"_createInstance","line":535,"loc":{"start":{"line":535,"column":4},"end":{"line":562,"column":4}}},"23":{"name":"_poolStakesAvailable","line":565,"loc":{"start":{"line":565,"column":4},"end":{"line":659,"column":4}}},"24":{"name":"_redeem","line":668,"loc":{"start":{"line":661,"column":4},"end":{"line":671,"column":4}}},"25":{"name":"_burn","line":673,"loc":{"start":{"line":673,"column":4},"end":{"line":685,"column":4}}},"26":{"name":"__redeem","line":687,"loc":{"start":{"line":687,"column":4},"end":{"line":732,"column":4}}},"27":{"name":"_beforeTokenTransfer","line":734,"loc":{"start":{"line":734,"column":4},"end":{"line":792,"column":4}}},"28":{"name":"_msgSender","line":798,"loc":{"start":{"line":798,"column":4},"end":{"line":807,"column":4}}}},"statementMap":{"1":{"start":{"line":98,"column":8},"end":{"line":98,"column":57}},"2":{"start":{"line":103,"column":8},"end":{"line":103,"column":32}},"3":{"start":{"line":124,"column":8},"end":{"line":124,"column":32}},"4":{"start":{"line":125,"column":8},"end":{"line":125,"column":67}},"5":{"start":{"line":126,"column":8},"end":{"line":126,"column":54}},"6":{"start":{"line":127,"column":8},"end":{"line":127,"column":39}},"7":{"start":{"line":128,"column":8},"end":{"line":128,"column":31}},"8":{"start":{"line":130,"column":8},"end":{"line":130,"column":28}},"9":{"start":{"line":132,"column":8},"end":{"line":132,"column":26}},"10":{"start":{"line":134,"column":8},"end":{"line":134,"column":49}},"11":{"start":{"line":136,"column":8},"end":{"line":136,"column":43}},"12":{"start":{"line":137,"column":8},"end":{"line":137,"column":45}},"13":{"start":{"line":139,"column":8},"end":{"line":139,"column":111}},"14":{"start":{"line":153,"column":8},"end":{"line":153,"column":40}},"15":{"start":{"line":154,"column":8},"end":{"line":154,"column":44}},"16":{"start":{"line":155,"column":8},"end":{"line":155,"column":39}},"17":{"start":{"line":173,"column":8},"end":{"line":173,"column":32}},"18":{"start":{"line":196,"column":8},"end":{"line":196,"column":37}},"19":{"start":{"line":197,"column":8},"end":{"line":197,"column":42}},"20":{"start":{"line":200,"column":8},"end":{"line":200,"column":31}},"21":{"start":{"line":201,"column":8},"end":{"line":201,"column":7189}},"22":{"start":{"line":202,"column":12},"end":{"line":202,"column":108}},"23":{"start":{"line":207,"column":8},"end":{"line":207,"column":37}},"24":{"start":{"line":208,"column":8},"end":{"line":208,"column":33}},"25":{"start":{"line":213,"column":8},"end":{"line":213,"column":28}},"26":{"start":{"line":215,"column":8},"end":{"line":215,"column":37}},"27":{"start":{"line":216,"column":8},"end":{"line":216,"column":54}},"28":{"start":{"line":217,"column":8},"end":{"line":217,"column":78}},"29":{"start":{"line":234,"column":8},"end":{"line":234,"column":38}},"30":{"start":{"line":236,"column":8},"end":{"line":236,"column":37}},"31":{"start":{"line":253,"column":8},"end":{"line":253,"column":38}},"32":{"start":{"line":255,"column":8},"end":{"line":255,"column":29}},"33":{"start":{"line":283,"column":8},"end":{"line":283,"column":115}},"34":{"start":{"line":285,"column":8},"end":{"line":285,"column":36}},"35":{"start":{"line":286,"column":8},"end":{"line":286,"column":79}},"36":{"start":{"line":309,"column":8},"end":{"line":309,"column":72}},"37":{"start":{"line":332,"column":8},"end":{"line":332,"column":130}},"38":{"start":{"line":352,"column":8},"end":{"line":352,"column":75}},"39":{"start":{"line":353,"column":8},"end":{"line":353,"column":39}},"40":{"start":{"line":367,"column":8},"end":{"line":367,"column":38}},"41":{"start":{"line":369,"column":8},"end":{"line":369,"column":44}},"42":{"start":{"line":371,"column":8},"end":{"line":371,"column":58}},"43":{"start":{"line":373,"column":8},"end":{"line":373,"column":45}},"44":{"start":{"line":374,"column":8},"end":{"line":374,"column":50}},"45":{"start":{"line":375,"column":8},"end":{"line":375,"column":67}},"46":{"start":{"line":377,"column":8},"end":{"line":377,"column":32}},"47":{"start":{"line":393,"column":8},"end":{"line":393,"column":38}},"48":{"start":{"line":395,"column":8},"end":{"line":395,"column":66}},"49":{"start":{"line":412,"column":8},"end":{"line":412,"column":73}},"50":{"start":{"line":427,"column":8},"end":{"line":427,"column":92}},"51":{"start":{"line":445,"column":8},"end":{"line":445,"column":94}},"52":{"start":{"line":460,"column":8},"end":{"line":460,"column":36}},"53":{"start":{"line":474,"column":8},"end":{"line":474,"column":58}},"54":{"start":{"line":476,"column":8},"end":{"line":476,"column":173}},"55":{"start":{"line":477,"column":8},"end":{"line":477,"column":17958}},"56":{"start":{"line":478,"column":12},"end":{"line":478,"column":18010}},"57":{"start":{"line":482,"column":16},"end":{"line":482,"column":61}},"58":{"start":{"line":485,"column":16},"end":{"line":485,"column":43}},"59":{"start":{"line":498,"column":8},"end":{"line":498,"column":18592}},"60":{"start":{"line":503,"column":8},"end":{"line":503,"column":156}},"61":{"start":{"line":505,"column":8},"end":{"line":505,"column":88}},"62":{"start":{"line":506,"column":8},"end":{"line":506,"column":54}},"63":{"start":{"line":512,"column":12},"end":{"line":512,"column":19322}},"64":{"start":{"line":518,"column":8},"end":{"line":518,"column":33}},"65":{"start":{"line":528,"column":8},"end":{"line":528,"column":81}},"66":{"start":{"line":529,"column":8},"end":{"line":529,"column":102}},"67":{"start":{"line":530,"column":8},"end":{"line":530,"column":122}},"68":{"start":{"line":531,"column":8},"end":{"line":531,"column":75}},"69":{"start":{"line":532,"column":8},"end":{"line":532,"column":76}},"70":{"start":{"line":544,"column":8},"end":{"line":544,"column":40}},"71":{"start":{"line":546,"column":8},"end":{"line":546,"column":66}},"72":{"start":{"line":548,"column":8},"end":{"line":548,"column":52}},"73":{"start":{"line":549,"column":8},"end":{"line":549,"column":31}},"74":{"start":{"line":551,"column":8},"end":{"line":551,"column":47}},"75":{"start":{"line":552,"column":8},"end":{"line":552,"column":20954}},"76":{"start":{"line":561,"column":8},"end":{"line":561,"column":83}},"77":{"start":{"line":580,"column":8},"end":{"line":580,"column":21733}},"78":{"start":{"line":581,"column":12},"end":{"line":581,"column":41}},"79":{"start":{"line":584,"column":8},"end":{"line":584,"column":66}},"80":{"start":{"line":585,"column":8},"end":{"line":585,"column":56}},"81":{"start":{"line":586,"column":8},"end":{"line":586,"column":14}},"82":{"start":{"line":587,"column":8},"end":{"line":587,"column":35}},"83":{"start":{"line":588,"column":8},"end":{"line":588,"column":30}},"84":{"start":{"line":591,"column":8},"end":{"line":591,"column":22058}},"85":{"start":{"line":602,"column":12},"end":{"line":602,"column":39}},"86":{"start":{"line":603,"column":12},"end":{"line":603,"column":64}},"87":{"start":{"line":609,"column":12},"end":{"line":609,"column":45}},"88":{"start":{"line":610,"column":12},"end":{"line":610,"column":77}},"89":{"start":{"line":611,"column":12},"end":{"line":611,"column":45}},"90":{"start":{"line":614,"column":12},"end":{"line":614,"column":30}},"91":{"start":{"line":617,"column":8},"end":{"line":617,"column":23167}},"92":{"start":{"line":619,"column":12},"end":{"line":619,"column":23254}},"93":{"start":{"line":620,"column":16},"end":{"line":620,"column":23324}},"94":{"start":{"line":621,"column":20},"end":{"line":621,"column":23397}},"95":{"start":{"line":632,"column":23},"end":{"line":632,"column":23871}},"96":{"start":{"line":636,"column":20},"end":{"line":636,"column":24055}},"97":{"start":{"line":645,"column":16},"end":{"line":645,"column":24363}},"98":{"start":{"line":646,"column":20},"end":{"line":646,"column":64}},"99":{"start":{"line":647,"column":20},"end":{"line":647,"column":47}},"100":{"start":{"line":648,"column":20},"end":{"line":648,"column":27}},"101":{"start":{"line":650,"column":20},"end":{"line":650,"column":47}},"102":{"start":{"line":657,"column":8},"end":{"line":657,"column":54}},"103":{"start":{"line":670,"column":8},"end":{"line":670,"column":71}},"104":{"start":{"line":680,"column":8},"end":{"line":680,"column":40}},"105":{"start":{"line":681,"column":8},"end":{"line":681,"column":25207}},"106":{"start":{"line":682,"column":12},"end":{"line":682,"column":92}},"107":{"start":{"line":684,"column":8},"end":{"line":684,"column":37}},"108":{"start":{"line":697,"column":8},"end":{"line":697,"column":63}},"109":{"start":{"line":699,"column":8},"end":{"line":699,"column":66}},"110":{"start":{"line":701,"column":8},"end":{"line":701,"column":205}},"111":{"start":{"line":702,"column":8},"end":{"line":702,"column":25966}},"112":{"start":{"line":703,"column":12},"end":{"line":703,"column":26018}},"113":{"start":{"line":704,"column":16},"end":{"line":704,"column":26087}},"114":{"start":{"line":705,"column":20},"end":{"line":705,"column":26146}},"115":{"start":{"line":709,"column":24},"end":{"line":709,"column":81}},"116":{"start":{"line":710,"column":24},"end":{"line":710,"column":59}},"117":{"start":{"line":713,"column":24},"end":{"line":713,"column":65}},"118":{"start":{"line":715,"column":23},"end":{"line":715,"column":26614}},"119":{"start":{"line":716,"column":20},"end":{"line":716,"column":26694}},"120":{"start":{"line":720,"column":24},"end":{"line":720,"column":81}},"121":{"start":{"line":721,"column":24},"end":{"line":721,"column":59}},"122":{"start":{"line":724,"column":24},"end":{"line":724,"column":65}},"123":{"start":{"line":744,"column":8},"end":{"line":744,"column":27431}},"124":{"start":{"line":745,"column":12},"end":{"line":745,"column":27492}},"125":{"start":{"line":751,"column":16},"end":{"line":751,"column":27752}},"126":{"start":{"line":752,"column":20},"end":{"line":752,"column":99}},"127":{"start":{"line":755,"column":16},"end":{"line":755,"column":49}},"128":{"start":{"line":757,"column":16},"end":{"line":757,"column":27976}},"129":{"start":{"line":759,"column":20},"end":{"line":759,"column":62}},"130":{"start":{"line":761,"column":20},"end":{"line":761,"column":28126}},"131":{"start":{"line":771,"column":24},"end":{"line":771,"column":58}},"132":{"start":{"line":774,"column":24},"end":{"line":774,"column":28911}},"133":{"start":{"line":775,"column":28},"end":{"line":775,"column":71}},"134":{"start":{"line":778,"column":24},"end":{"line":778,"column":71}},"135":{"start":{"line":779,"column":24},"end":{"line":779,"column":45}},"136":{"start":{"line":780,"column":24},"end":{"line":780,"column":44}},"137":{"start":{"line":781,"column":24},"end":{"line":781,"column":43}},"138":{"start":{"line":790,"column":8},"end":{"line":790,"column":61}},"139":{"start":{"line":806,"column":8},"end":{"line":806,"column":44}}},"branchMap":{"1":{"line":98,"type":"if","locations":[{"start":{"line":98,"column":8},"end":{"line":98,"column":8}},{"start":{"line":98,"column":8},"end":{"line":98,"column":8}}]},"2":{"line":201,"type":"if","locations":[{"start":{"line":201,"column":8},"end":{"line":201,"column":8}},{"start":{"line":201,"column":8},"end":{"line":201,"column":8}}]},"3":{"line":283,"type":"if","locations":[{"start":{"line":283,"column":8},"end":{"line":283,"column":8}},{"start":{"line":283,"column":8},"end":{"line":283,"column":8}}]},"4":{"line":371,"type":"if","locations":[{"start":{"line":371,"column":8},"end":{"line":371,"column":8}},{"start":{"line":371,"column":8},"end":{"line":371,"column":8}}]},"5":{"line":375,"type":"if","locations":[{"start":{"line":375,"column":8},"end":{"line":375,"column":8}},{"start":{"line":375,"column":8},"end":{"line":375,"column":8}}]},"6":{"line":505,"type":"if","locations":[{"start":{"line":505,"column":8},"end":{"line":505,"column":8}},{"start":{"line":505,"column":8},"end":{"line":505,"column":8}}]},"7":{"line":506,"type":"if","locations":[{"start":{"line":506,"column":8},"end":{"line":506,"column":8}},{"start":{"line":506,"column":8},"end":{"line":506,"column":8}}]},"8":{"line":528,"type":"if","locations":[{"start":{"line":528,"column":8},"end":{"line":528,"column":8}},{"start":{"line":528,"column":8},"end":{"line":528,"column":8}}]},"9":{"line":529,"type":"if","locations":[{"start":{"line":529,"column":8},"end":{"line":529,"column":8}},{"start":{"line":529,"column":8},"end":{"line":529,"column":8}}]},"10":{"line":530,"type":"if","locations":[{"start":{"line":530,"column":8},"end":{"line":530,"column":8}},{"start":{"line":530,"column":8},"end":{"line":530,"column":8}}]},"11":{"line":532,"type":"if","locations":[{"start":{"line":532,"column":8},"end":{"line":532,"column":8}},{"start":{"line":532,"column":8},"end":{"line":532,"column":8}}]},"12":{"line":580,"type":"if","locations":[{"start":{"line":580,"column":8},"end":{"line":580,"column":8}},{"start":{"line":580,"column":8},"end":{"line":580,"column":8}}]},"13":{"line":591,"type":"if","locations":[{"start":{"line":591,"column":8},"end":{"line":591,"column":8}},{"start":{"line":591,"column":8},"end":{"line":591,"column":8}}]},"14":{"line":619,"type":"if","locations":[{"start":{"line":619,"column":12},"end":{"line":619,"column":12}},{"start":{"line":619,"column":12},"end":{"line":619,"column":12}}]},"15":{"line":620,"type":"if","locations":[{"start":{"line":620,"column":16},"end":{"line":620,"column":16}},{"start":{"line":620,"column":16},"end":{"line":620,"column":16}}]},"16":{"line":632,"type":"if","locations":[{"start":{"line":632,"column":23},"end":{"line":632,"column":23}},{"start":{"line":632,"column":23},"end":{"line":632,"column":23}}]},"17":{"line":645,"type":"if","locations":[{"start":{"line":645,"column":16},"end":{"line":645,"column":16}},{"start":{"line":645,"column":16},"end":{"line":645,"column":16}}]},"18":{"line":657,"type":"if","locations":[{"start":{"line":657,"column":8},"end":{"line":657,"column":8}},{"start":{"line":657,"column":8},"end":{"line":657,"column":8}}]},"19":{"line":681,"type":"if","locations":[{"start":{"line":681,"column":8},"end":{"line":681,"column":8}},{"start":{"line":681,"column":8},"end":{"line":681,"column":8}}]},"20":{"line":682,"type":"if","locations":[{"start":{"line":682,"column":12},"end":{"line":682,"column":12}},{"start":{"line":682,"column":12},"end":{"line":682,"column":12}}]},"21":{"line":699,"type":"if","locations":[{"start":{"line":699,"column":8},"end":{"line":699,"column":8}},{"start":{"line":699,"column":8},"end":{"line":699,"column":8}}]},"22":{"line":703,"type":"if","locations":[{"start":{"line":703,"column":12},"end":{"line":703,"column":12}},{"start":{"line":703,"column":12},"end":{"line":703,"column":12}}]},"23":{"line":704,"type":"if","locations":[{"start":{"line":704,"column":16},"end":{"line":704,"column":16}},{"start":{"line":704,"column":16},"end":{"line":704,"column":16}}]},"24":{"line":715,"type":"if","locations":[{"start":{"line":715,"column":23},"end":{"line":715,"column":23}},{"start":{"line":715,"column":23},"end":{"line":715,"column":23}}]},"25":{"line":744,"type":"if","locations":[{"start":{"line":744,"column":8},"end":{"line":744,"column":8}},{"start":{"line":744,"column":8},"end":{"line":744,"column":8}}]},"26":{"line":745,"type":"if","locations":[{"start":{"line":745,"column":12},"end":{"line":745,"column":12}},{"start":{"line":745,"column":12},"end":{"line":745,"column":12}}]},"27":{"line":751,"type":"if","locations":[{"start":{"line":751,"column":16},"end":{"line":751,"column":16}},{"start":{"line":751,"column":16},"end":{"line":751,"column":16}}]},"28":{"line":752,"type":"if","locations":[{"start":{"line":752,"column":20},"end":{"line":752,"column":20}},{"start":{"line":752,"column":20},"end":{"line":752,"column":20}}]},"29":{"line":757,"type":"if","locations":[{"start":{"line":757,"column":16},"end":{"line":757,"column":16}},{"start":{"line":757,"column":16},"end":{"line":757,"column":16}}]},"30":{"line":761,"type":"if","locations":[{"start":{"line":761,"column":20},"end":{"line":761,"column":20}},{"start":{"line":761,"column":20},"end":{"line":761,"column":20}}]},"31":{"line":774,"type":"if","locations":[{"start":{"line":774,"column":24},"end":{"line":774,"column":24}},{"start":{"line":774,"column":24},"end":{"line":774,"column":24}}]}}},
"contracts\\CommunityCoinFactory.sol":{"l":{"35":192,"36":192,"53":1,"75":128,"77":128,"79":128,"81":128,"83":128,"85":128},"path":"g:\\_projects\\intercoin\\StakingContract\\src\\contracts\\CommunityCoinFactory.sol","s":{"1":192,"2":192,"3":1,"4":128,"5":128,"6":128,"7":128,"8":128,"9":128},"b":{"1":[128,0]},"f":{"1":192,"2":1,"3":128},"fnMap":{"1":{"name":"constructor","line":30,"loc":{"start":{"line":30,"column":4},"end":{"line":37,"column":4}}},"2":{"name":"instancesCount","line":48,"loc":{"start":{"line":48,"column":4},"end":{"line":54,"column":4}}},"3":{"name":"produce","line":71,"loc":{"start":{"line":66,"column":4},"end":{"line":87,"column":4}}}},"statementMap":{"1":{"start":{"line":35,"column":8},"end":{"line":35,"column":54}},"2":{"start":{"line":36,"column":8},"end":{"line":36,"column":50}},"3":{"start":{"line":53,"column":8},"end":{"line":53,"column":32}},"4":{"start":{"line":75,"column":8},"end":{"line":75,"column":53}},"5":{"start":{"line":77,"column":8},"end":{"line":77,"column":88}},"6":{"start":{"line":79,"column":8},"end":{"line":79,"column":31}},"7":{"start":{"line":81,"column":8},"end":{"line":81,"column":56}},"8":{"start":{"line":83,"column":8},"end":{"line":83,"column":96}},"9":{"start":{"line":85,"column":8},"end":{"line":85,"column":56}}},"branchMap":{"1":{"line":77,"type":"if","locations":[{"start":{"line":77,"column":8},"end":{"line":77,"column":8}},{"start":{"line":77,"column":8},"end":{"line":77,"column":8}}]}}},
"contracts\\CommunityStakingPool.sol":{"l":{"89":4,"90":4,"159":59,"161":59,"169":59,"172":59,"173":59,"175":59,"176":59,"177":58,"178":58,"179":58,"202":2,"203":2,"221":2,"235":8,"236":8,"237":8,"238":8,"239":8,"240":8,"255":2,"256":2,"257":2,"258":2,"272":38,"273":38,"274":38,"289":2,"290":2,"291":2,"292":2,"293":2,"311":2,"312":2,"313":2,"314":2,"328":1,"329":1,"344":0,"345":0,"348":0,"349":0,"354":0,"375":8,"376":8,"377":8,"378":0,"381":4,"382":0,"384":4,"387":4,"388":4,"389":4,"390":4,"391":0,"392":0,"405":53,"416":67,"417":67,"418":67,"419":67,"421":67,"424":67,"433":53,"434":53,"435":53,"445":53,"449":53,"451":53,"452":53,"453":53,"458":53,"468":53,"470":53,"484":2,"486":2,"487":2,"496":2,"497":2,"507":4,"511":4,"525":50,"526":50,"527":9,"540":65,"541":1,"545":64,"546":64,"547":64,"548":3,"549":3,"551":64,"552":52,"553":52,"555":64,"556":52,"557":52,"559":64,"560":54,"561":54,"563":64,"564":53,"565":53,"567":64,"568":53,"569":53,"571":64,"572":1,"576":64},"path":"g:\\_projects\\intercoin\\StakingContract\\src\\contracts\\CommunityStakingPool.sol","s":{"1":4,"2":59,"3":59,"4":59,"5":59,"6":59,"7":59,"8":59,"9":58,"10":58,"11":58,"12":2,"13":2,"14":2,"15":8,"16":8,"17":8,"18":8,"19":8,"20":8,"21":2,"22":2,"23":2,"24":2,"25":38,"26":38,"27":38,"28":2,"29":2,"30":2,"31":2,"32":2,"33":2,"34":2,"35":2,"36":2,"37":1,"38":1,"39":0,"40":0,"41":0,"42":0,"43":0,"44":8,"45":8,"46":8,"47":0,"48":8,"49":4,"50":0,"51":4,"52":4,"53":4,"54":4,"55":4,"56":0,"57":0,"58":53,"59":67,"60":67,"61":67,"62":67,"63":67,"64":67,"65":53,"66":53,"67":53,"68":53,"69":53,"70":53,"71":53,"72":53,"73":53,"74":53,"75":53,"76":2,"77":2,"78":2,"79":2,"80":2,"81":4,"82":4,"83":50,"84":50,"85":65,"86":1,"87":64,"88":64,"89":64,"90":3,"91":3,"92":64,"93":52,"94":52,"95":64,"96":52,"97":52,"98":64,"99":54,"100":54,"101":64,"102":53,"103":53,"104":64,"105":53,"106":53,"107":64,"108":1},"b":{"1":[4,0],"2":[58,1],"3":[8,0],"4":[2,0],"5":[0,0],"6":[0,8],"7":[4,4],"8":[0,4],"9":[0,4],"10":[67,0],"11":[53,0],"12":[53,0],"13":[53,0],"14":[53,0],"15":[2,0],"16":[9,41],"17":[1,64],"18":[3,61],"19":[52,12],"20":[52,12],"21":[54,10],"22":[53,11],"23":[53,11],"24":[1,63]},"f":{"1":4,"2":0,"3":59,"4":2,"5":2,"6":8,"7":2,"8":38,"9":2,"10":2,"11":1,"12":0,"13":8,"14":53,"15":67,"16":53,"17":2,"18":4,"19":50,"20":65},"fnMap":{"1":{"name":"onlyStaking","line":88,"loc":{"start":{"line":88,"column":4},"end":{"line":91,"column":4}}},"2":{"name":"tokensReceived","line":125,"loc":{"start":{"line":125,"column":4},"end":{"line":136,"column":4}}},"3":{"name":"initialize","line":155,"loc":{"start":{"line":148,"column":4},"end":{"line":181,"column":4}}},"4":{"name":"redeem","line":200,"loc":{"start":{"line":194,"column":4},"end":{"line":204,"column":4}}},"5":{"name":"redeemAndRemoveLiquidity","line":219,"loc":{"start":{"line":213,"column":4},"end":{"line":222,"column":4}}},"6":{"name":"buyLiquidityAndStake","line":233,"loc":{"start":{"line":229,"column":4},"end":{"line":241,"column":4}}},"7":{"name":"buyLiquidityAndStake","line":253,"loc":{"start":{"line":248,"column":4},"end":{"line":259,"column":4}}},"8":{"name":"buyLiquidityAndStake","line":269,"loc":{"start":{"line":265,"column":4},"end":{"line":275,"column":4}}},"9":{"name":"buyLiquidityAndStake","line":287,"loc":{"start":{"line":282,"column":4},"end":{"line":294,"column":4}}},"10":{"name":"buyLiquidityAndStake","line":307,"loc":{"start":{"line":301,"column":4},"end":{"line":315,"column":4}}},"11":{"name":"buyLiquidityAndStake","line":326,"loc":{"start":{"line":321,"column":4},"end":{"line":330,"column":4}}},"12":{"name":"stakeLiquidity","line":342,"loc":{"start":{"line":338,"column":4},"end":{"line":355,"column":4}}},"13":{"name":"_fractionAmountSend","line":365,"loc":{"start":{"line":365,"column":4},"end":{"line":395,"column":4}}},"14":{"name":"_stake","line":397,"loc":{"start":{"line":397,"column":4},"end":{"line":406,"column":4}}},"15":{"name":"doSwapOnUniswap","line":408,"loc":{"start":{"line":408,"column":4},"end":{"line":425,"column":4}}},"16":{"name":"_buyLiquidityAndStake","line":427,"loc":{"start":{"line":427,"column":4},"end":{"line":471,"column":4}}},"17":{"name":"__redeemAndRemoveLiquidity","line":477,"loc":{"start":{"line":477,"column":4},"end":{"line":498,"column":4}}},"18":{"name":"__redeem","line":500,"loc":{"start":{"line":500,"column":4},"end":{"line":512,"column":4}}},"19":{"name":"_msgSender","line":517,"loc":{"start":{"line":517,"column":4},"end":{"line":531,"column":4}}},"20":{"name":"sqrt","line":533,"loc":{"start":{"line":533,"column":4},"end":{"line":587,"column":4}}}},"statementMap":{"1":{"start":{"line":89,"column":8},"end":{"line":89,"column":47}},"2":{"start":{"line":159,"column":8},"end":{"line":159,"column":37}},"3":{"start":{"line":161,"column":8},"end":{"line":161,"column":31}},"4":{"start":{"line":169,"column":8},"end":{"line":169,"column":6469}},"5":{"start":{"line":172,"column":8},"end":{"line":172,"column":60}},"6":{"start":{"line":173,"column":8},"end":{"line":173,"column":38}},"7":{"start":{"line":175,"column":8},"end":{"line":175,"column":98}},"8":{"start":{"line":176,"column":8},"end":{"line":176,"column":56}},"9":{"start":{"line":177,"column":8},"end":{"line":177,"column":43}},"10":{"start":{"line":178,"column":8},"end":{"line":178,"column":39}},"11":{"start":{"line":179,"column":8},"end":{"line":179,"column":39}},"12":{"start":{"line":202,"column":8},"end":{"line":202,"column":57}},"13":{"start":{"line":203,"column":8},"end":{"line":203,"column":53}},"14":{"start":{"line":221,"column":8},"end":{"line":221,"column":50}},"15":{"start":{"line":235,"column":8},"end":{"line":235,"column":38}},"16":{"start":{"line":236,"column":8},"end":{"line":236,"column":51}},"17":{"start":{"line":237,"column":8},"end":{"line":237,"column":37}},"18":{"start":{"line":238,"column":8},"end":{"line":238,"column":46}},"19":{"start":{"line":239,"column":8},"end":{"line":239,"column":83}},"20":{"start":{"line":240,"column":8},"end":{"line":240,"column":57}},"21":{"start":{"line":255,"column":8},"end":{"line":255,"column":38}},"22":{"start":{"line":256,"column":8},"end":{"line":256,"column":82}},"23":{"start":{"line":257,"column":8},"end":{"line":257,"column":87}},"24":{"start":{"line":258,"column":8},"end":{"line":258,"column":57}},"25":{"start":{"line":272,"column":8},"end":{"line":272,"column":38}},"26":{"start":{"line":273,"column":8},"end":{"line":273,"column":89}},"27":{"start":{"line":274,"column":8},"end":{"line":274,"column":51}},"28":{"start":{"line":289,"column":8},"end":{"line":289,"column":51}},"29":{"start":{"line":290,"column":8},"end":{"line":290,"column":37}},"30":{"start":{"line":291,"column":8},"end":{"line":291,"column":46}},"31":{"start":{"line":292,"column":8},"end":{"line":292,"column":83}},"32":{"start":{"line":293,"column":8},"end":{"line":293,"column":61}},"33":{"start":{"line":311,"column":8},"end":{"line":311,"column":38}},"34":{"start":{"line":312,"column":8},"end":{"line":312,"column":82}},"35":{"start":{"line":313,"column":8},"end":{"line":313,"column":87}},"36":{"start":{"line":314,"column":8},"end":{"line":314,"column":61}},"37":{"start":{"line":328,"column":8},"end":{"line":328,"column":92}},"38":{"start":{"line":329,"column":8},"end":{"line":329,"column":55}},"39":{"start":{"line":344,"column":8},"end":{"line":344,"column":46}},"40":{"start":{"line":345,"column":8},"end":{"line":345,"column":13014}},"41":{"start":{"line":348,"column":8},"end":{"line":348,"column":75}},"42":{"start":{"line":349,"column":8},"end":{"line":349,"column":13215}},"43":{"start":{"line":354,"column":8},"end":{"line":354,"column":53}},"44":{"start":{"line":375,"column":8},"end":{"line":375,"column":52}},"45":{"start":{"line":376,"column":8},"end":{"line":376,"column":37}},"46":{"start":{"line":377,"column":8},"end":{"line":377,"column":14235}},"47":{"start":{"line":378,"column":12},"end":{"line":378,"column":69}},"48":{"start":{"line":380,"column":15},"end":{"line":380,"column":14400}},"49":{"start":{"line":381,"column":12},"end":{"line":381,"column":14438}},"50":{"start":{"line":382,"column":16},"end":{"line":382,"column":51}},"51":{"start":{"line":384,"column":16},"end":{"line":384,"column":63}},"52":{"start":{"line":387,"column":12},"end":{"line":387,"column":61}},"53":{"start":{"line":388,"column":12},"end":{"line":388,"column":70}},"54":{"start":{"line":389,"column":12},"end":{"line":389,"column":58}},"55":{"start":{"line":390,"column":12},"end":{"line":390,"column":14844}},"56":{"start":{"line":391,"column":16},"end":{"line":391,"column":82}},"57":{"start":{"line":392,"column":16},"end":{"line":392,"column":45}},"58":{"start":{"line":405,"column":8},"end":{"line":405,"column":90}},"59":{"start":{"line":416,"column":8},"end":{"line":416,"column":102}},"60":{"start":{"line":417,"column":8},"end":{"line":417,"column":48}},"61":{"start":{"line":418,"column":8},"end":{"line":418,"column":33}},"62":{"start":{"line":419,"column":8},"end":{"line":419,"column":34}},"63":{"start":{"line":421,"column":8},"end":{"line":421,"column":15789}},"64":{"start":{"line":424,"column":8},"end":{"line":424,"column":35}},"65":{"start":{"line":433,"column":8},"end":{"line":433,"column":75}},"66":{"start":{"line":434,"column":8},"end":{"line":434,"column":65}},"67":{"start":{"line":435,"column":8},"end":{"line":435,"column":16268}},"68":{"start":{"line":445,"column":8},"end":{"line":445,"column":16676}},"69":{"start":{"line":449,"column":8},"end":{"line":449,"column":65}},"70":{"start":{"line":451,"column":8},"end":{"line":451,"column":82}},"71":{"start":{"line":452,"column":8},"end":{"line":452,"column":62}},"72":{"start":{"line":453,"column":8},"end":{"line":453,"column":17083}},"73":{"start":{"line":458,"column":8},"end":{"line":458,"column":17317}},"74":{"start":{"line":468,"column":8},"end":{"line":468,"column":45}},"75":{"start":{"line":470,"column":8},"end":{"line":470,"column":47}},"76":{"start":{"line":484,"column":8},"end":{"line":484,"column":56}},"77":{"start":{"line":486,"column":8},"end":{"line":486,"column":85}},"78":{"start":{"line":487,"column":8},"end":{"line":487,"column":18268}},"79":{"start":{"line":496,"column":8},"end":{"line":496,"column":101}},"80":{"start":{"line":497,"column":8},"end":{"line":497,"column":103}},"81":{"start":{"line":507,"column":8},"end":{"line":507,"column":37}},"82":{"start":{"line":511,"column":8},"end":{"line":511,"column":122}},"83":{"start":{"line":525,"column":8},"end":{"line":525,"column":26}},"84":{"start":{"line":526,"column":8},"end":{"line":526,"column":19509}},"85":{"start":{"line":540,"column":8},"end":{"line":540,"column":19859}},"86":{"start":{"line":541,"column":12},"end":{"line":541,"column":20}},"87":{"start":{"line":545,"column":8},"end":{"line":545,"column":33}},"88":{"start":{"line":546,"column":8},"end":{"line":546,"column":17}},"89":{"start":{"line":547,"column":8},"end":{"line":547,"column":20082}},"90":{"start":{"line":548,"column":12},"end":{"line":548,"column":23}},"91":{"start":{"line":549,"column":12},"end":{"line":549,"column":24}},"92":{"start":{"line":551,"column":8},"end":{"line":551,"column":20204}},"93":{"start":{"line":552,"column":12},"end":{"line":552,"column":22}},"94":{"start":{"line":553,"column":12},"end":{"line":553,"column":24}},"95":{"start":{"line":555,"column":8},"end":{"line":555,"column":20309}},"96":{"start":{"line":556,"column":12},"end":{"line":556,"column":22}},"97":{"start":{"line":557,"column":12},"end":{"line":557,"column":24}},"98":{"start":{"line":559,"column":8},"end":{"line":559,"column":20406}},"99":{"start":{"line":560,"column":12},"end":{"line":560,"column":22}},"100":{"start":{"line":561,"column":12},"end":{"line":561,"column":23}},"101":{"start":{"line":563,"column":8},"end":{"line":563,"column":20498}},"102":{"start":{"line":564,"column":12},"end":{"line":564,"column":21}},"103":{"start":{"line":565,"column":12},"end":{"line":565,"column":23}},"104":{"start":{"line":567,"column":8},"end":{"line":567,"column":20587}},"105":{"start":{"line":568,"column":12},"end":{"line":568,"column":21}},"106":{"start":{"line":569,"column":12},"end":{"line":569,"column":23}},"107":{"start":{"line":571,"column":8},"end":{"line":571,"column":20675}},"108":{"start":{"line":572,"column":12},"end":{"line":572,"column":23}}},"branchMap":{"1":{"line":89,"type":"if","locations":[{"start":{"line":89,"column":8},"end":{"line":89,"column":8}},{"start":{"line":89,"column":8},"end":{"line":89,"column":8}}]},"2":{"line":176,"type":"if","locations":[{"start":{"line":176,"column":8},"end":{"line":176,"column":8}},{"start":{"line":176,"column":8},"end":{"line":176,"column":8}}]},"3":{"line":236,"type":"if","locations":[{"start":{"line":236,"column":8},"end":{"line":236,"column":8}},{"start":{"line":236,"column":8},"end":{"line":236,"column":8}}]},"4":{"line":289,"type":"if","locations":[{"start":{"line":289,"column":8},"end":{"line":289,"column":8}},{"start":{"line":289,"column":8},"end":{"line":289,"column":8}}]},"5":{"line":344,"type":"if","locations":[{"start":{"line":344,"column":8},"end":{"line":344,"column":8}},{"start":{"line":344,"column":8},"end":{"line":344,"column":8}}]},"6":{"line":377,"type":"if","locations":[{"start":{"line":377,"column":8},"end":{"line":377,"column":8}},{"start":{"line":377,"column":8},"end":{"line":377,"column":8}}]},"7":{"line":380,"type":"if","locations":[{"start":{"line":380,"column":15},"end":{"line":380,"column":15}},{"start":{"line":380,"column":15},"end":{"line":380,"column":15}}]},"8":{"line":381,"type":"if","locations":[{"start":{"line":381,"column":12},"end":{"line":381,"column":12}},{"start":{"line":381,"column":12},"end":{"line":381,"column":12}}]},"9":{"line":390,"type":"if","locations":[{"start":{"line":390,"column":12},"end":{"line":390,"column":12}},{"start":{"line":390,"column":12},"end":{"line":390,"column":12}}]},"10":{"line":416,"type":"if","locations":[{"start":{"line":416,"column":8},"end":{"line":416,"column":8}},{"start":{"line":416,"column":8},"end":{"line":416,"column":8}}]},"11":{"line":434,"type":"if","locations":[{"start":{"line":434,"column":8},"end":{"line":434,"column":8}},{"start":{"line":434,"column":8},"end":{"line":434,"column":8}}]},"12":{"line":449,"type":"if","locations":[{"start":{"line":449,"column":8},"end":{"line":449,"column":8}},{"start":{"line":449,"column":8},"end":{"line":449,"column":8}}]},"13":{"line":453,"type":"if","locations":[{"start":{"line":453,"column":8},"end":{"line":453,"column":8}},{"start":{"line":453,"column":8},"end":{"line":453,"column":8}}]},"14":{"line":468,"type":"if","locations":[{"start":{"line":468,"column":8},"end":{"line":468,"column":8}},{"start":{"line":468,"column":8},"end":{"line":468,"column":8}}]},"15":{"line":486,"type":"if","locations":[{"start":{"line":486,"column":8},"end":{"line":486,"column":8}},{"start":{"line":486,"column":8},"end":{"line":486,"column":8}}]},"16":{"line":526,"type":"if","locations":[{"start":{"line":526,"column":8},"end":{"line":526,"column":8}},{"start":{"line":526,"column":8},"end":{"line":526,"column":8}}]},"17":{"line":540,"type":"if","locations":[{"start":{"line":540,"column":8},"end":{"line":540,"column":8}},{"start":{"line":540,"column":8},"end":{"line":540,"column":8}}]},"18":{"line":547,"type":"if","locations":[{"start":{"line":547,"column":8},"end":{"line":547,"column":8}},{"start":{"line":547,"column":8},"end":{"line":547,"column":8}}]},"19":{"line":551,"type":"if","locations":[{"start":{"line":551,"column":8},"end":{"line":551,"column":8}},{"start":{"line":551,"column":8},"end":{"line":551,"column":8}}]},"20":{"line":555,"type":"if","locations":[{"start":{"line":555,"column":8},"end":{"line":555,"column":8}},{"start":{"line":555,"column":8},"end":{"line":555,"column":8}}]},"21":{"line":559,"type":"if","locations":[{"start":{"line":559,"column":8},"end":{"line":559,"column":8}},{"start":{"line":559,"column":8},"end":{"line":559,"column":8}}]},"22":{"line":563,"type":"if","locations":[{"start":{"line":563,"column":8},"end":{"line":563,"column":8}},{"start":{"line":563,"column":8},"end":{"line":563,"column":8}}]},"23":{"line":567,"type":"if","locations":[{"start":{"line":567,"column":8},"end":{"line":567,"column":8}},{"start":{"line":567,"column":8},"end":{"line":567,"column":8}}]},"24":{"line":571,"type":"if","locations":[{"start":{"line":571,"column":8},"end":{"line":571,"column":8}},{"start":{"line":571,"column":8},"end":{"line":571,"column":8}}]}}},
"contracts\\interfaces\\ICommunityCoin.sol":{"l":{},"path":"g:\\_projects\\intercoin\\StakingContract\\src\\contracts\\interfaces\\ICommunityCoin.sol","s":{},"b":{},"f":{},"fnMap":{},"statementMap":{},"branchMap":{}},
"contracts\\interfaces\\ICommunityStakingPool.sol":{"l":{},"path":"g:\\_projects\\intercoin\\StakingContract\\src\\contracts\\interfaces\\ICommunityStakingPool.sol","s":{},"b":{},"f":{},"fnMap":{},"statementMap":{},"branchMap":{}},
"contracts\\interfaces\\IHook.sol":{"l":{},"path":"g:\\_projects\\intercoin\\StakingContract\\src\\contracts\\interfaces\\IHook.sol","s":{},"b":{},"f":{},"fnMap":{},"statementMap":{},"branchMap":{}},
"contracts\\interfaces\\ITrustedForwarder.sol":{"l":{},"path":"g:\\_projects\\intercoin\\StakingContract\\src\\contracts\\interfaces\\ITrustedForwarder.sol","s":{},"b":{},"f":{},"fnMap":{},"statementMap":{},"branchMap":{}},
"contracts\\minimums\\common\\MinimumsBase.sol":{"l":{"59":0,"61":0,"63":0,"87":0,"88":0,"89":0,"91":0,"93":0,"95":0,"110":0,"123":0,"124":0,"135":0,"151":0,"152":0,"153":0,"154":0,"156":0,"157":0,"159":0,"185":0,"186":0,"187":0,"188":0,"189":0,"190":0,"194":0,"195":0,"200":0,"223":0,"224":0,"226":0,"233":0,"252":0,"254":0,"256":0,"258":0,"259":0,"260":0,"265":0,"266":0,"268":0,"275":0,"279":0,"280":0,"303":0,"304":0,"307":0,"308":0,"309":0,"310":0,"312":0,"314":0,"315":0,"317":0,"319":0,"322":0,"323":0,"324":0,"326":0,"327":0,"331":0,"340":0,"341":0,"344":0,"345":0,"352":0,"355":0,"356":0,"357":0,"360":0,"361":0,"364":0,"376":0,"377":0,"379":0,"380":0,"409":0,"414":0,"415":0,"419":0,"420":0,"421":0,"422":0,"423":0,"424":0,"425":0,"426":0,"427":0,"428":0,"429":0,"432":0,"433":0,"434":0,"435":0},"path":"g:\\_projects\\intercoin\\StakingContract\\src\\contracts\\minimums\\common\\MinimumsBase.sol","s":{"1":0,"2":0,"3":0,"4":0,"5":0,"6":0,"7":0,"8":0,"9":0,"10":0,"11":0,"12":0,"13":0,"14":0,"15":0,"16":0,"17":0,"18":0,"19":0,"20":0,"21":0,"22":0,"23":0,"24":0,"25":0,"26":0,"27":0,"28":0,"29":0,"30":0,"31":0,"32":0,"33":0,"34":0,"35":0,"36":0,"37":0,"38":0,"39":0,"40":0,"41":0,"42":0,"43":0,"44":0,"45":0,"46":0,"47":0,"48":0,"49":0,"50":0,"51":0,"52":0,"53":0,"54":0,"55":0,"56":0,"57":0,"58":0,"59":0,"60":0,"61":0,"62":0,"63":0,"64":0,"65":0,"66":0,"67":0,"68":0,"69":0,"70":0,"71":0,"72":0,"73":0,"74":0,"75":0,"76":0,"77":0,"78":0,"79":0,"80":0,"81":0,"82":0,"83":0,"84":0,"85":0,"86":0,"87":0,"88":0,"89":0,"90":0},"b":{"1":[0,0],"2":[0,0],"3":[0,0],"4":[0,0],"5":[0,0],"6":[0,0],"7":[0,0],"8":[0,0],"9":[0,0],"10":[0,0],"11":[0,0],"12":[0,0],"13":[0,0],"14":[0,0],"15":[0,0],"16":[0,0],"17":[0,0],"18":[0,0],"19":[0,0],"20":[0,0],"21":[0,0],"22":[0,0],"23":[0,0]},"f":{"1":0,"2":0,"3":0,"4":0,"5":0,"6":0,"7":0,"8":0,"9":0,"10":0,"11":0,"12":0,"13":0},"fnMap":{"1":{"name":"constructor","line":54,"loc":{"start":{"line":54,"column":4},"end":{"line":66,"column":4}}},"2":{"name":"_minimumsAdd","line":76,"loc":{"start":{"line":76,"column":4},"end":{"line":97,"column":4}}},"3":{"name":"_minimumsClear","line":104,"loc":{"start":{"line":104,"column":4},"end":{"line":111,"column":4}}},"4":{"name":"_automaticLockupAdd","line":117,"loc":{"start":{"line":117,"column":4},"end":{"line":125,"column":4}}},"5":{"name":"_automaticLockupRemove","line":130,"loc":{"start":{"line":130,"column":4},"end":{"line":136,"column":4}}},"6":{"name":"_getMinimum","line":143,"loc":{"start":{"line":143,"column":4},"end":{"line":170,"column":4}}},"7":{"name":"_minimumsClear","line":178,"loc":{"start":{"line":178,"column":4},"end":{"line":201,"column":4}}},"8":{"name":"_minimumsAddLow","line":214,"loc":{"start":{"line":214,"column":4},"end":{"line":235,"column":4}}},"9":{"name":"_reduceMinimum","line":243,"loc":{"start":{"line":243,"column":4},"end":{"line":286,"column":4}}},"10":{"name":"minimumsTransfer","line":294,"loc":{"start":{"line":294,"column":4},"end":{"line":402,"column":4}}},"11":{"name":"getIndexInterval","line":408,"loc":{"start":{"line":408,"column":4},"end":{"line":410,"column":4}}},"12":{"name":"sortAsc","line":413,"loc":{"start":{"line":413,"column":4},"end":{"line":416,"column":4}}},"13":{"name":"quickSortAsc","line":418,"loc":{"start":{"line":418,"column":4},"end":{"line":436,"column":4}}}},"statementMap":{"1":{"start":{"line":59,"column":8},"end":{"line":59,"column":1276}},"2":{"start":{"line":61,"column":12},"end":{"line":61,"column":27}},"3":{"start":{"line":63,"column":12},"end":{"line":63,"column":31}},"4":{"start":{"line":87,"column":8},"end":{"line":87,"column":66}},"5":{"start":{"line":88,"column":8},"end":{"line":88,"column":74}},"6":{"start":{"line":89,"column":8},"end":{"line":89,"column":95}},"7":{"start":{"line":91,"column":8},"end":{"line":91,"column":34}},"8":{"start":{"line":93,"column":8},"end":{"line":93,"column":75}},"9":{"start":{"line":95,"column":8},"end":{"line":95,"column":19}},"10":{"start":{"line":110,"column":8},"end":{"line":110,"column":41}},"11":{"start":{"line":123,"column":8},"end":{"line":123,"column":56}},"12":{"start":{"line":124,"column":8},"end":{"line":124,"column":39}},"13":{"start":{"line":135,"column":8},"end":{"line":135,"column":40}},"14":{"start":{"line":151,"column":8},"end":{"line":151,"column":24}},"15":{"start":{"line":152,"column":8},"end":{"line":152,"column":19}},"16":{"start":{"line":153,"column":8},"end":{"line":153,"column":3689}},"17":{"start":{"line":154,"column":12},"end":{"line":154,"column":55}},"18":{"start":{"line":156,"column":12},"end":{"line":156,"column":3841}},"19":{"start":{"line":157,"column":16},"end":{"line":157,"column":101}},"20":{"start":{"line":159,"column":16},"end":{"line":159,"column":4118}},"21":{"start":{"line":185,"column":8},"end":{"line":185,"column":28}},"22":{"start":{"line":186,"column":8},"end":{"line":186,"column":58}},"23":{"start":{"line":187,"column":8},"end":{"line":187,"column":5030}},"24":{"start":{"line":188,"column":12},"end":{"line":188,"column":5061}},"25":{"start":{"line":189,"column":16},"end":{"line":189,"column":61}},"26":{"start":{"line":190,"column":16},"end":{"line":190,"column":5177}},"27":{"start":{"line":195,"column":20},"end":{"line":195,"column":63}},"28":{"start":{"line":200,"column":8},"end":{"line":200,"column":19}},"29":{"start":{"line":223,"column":8},"end":{"line":223,"column":52}},"30":{"start":{"line":224,"column":8},"end":{"line":224,"column":6164}},"31":{"start":{"line":226,"column":12},"end":{"line":226,"column":6230}},"32":{"start":{"line":233,"column":12},"end":{"line":233,"column":127}},"33":{"start":{"line":252,"column":8},"end":{"line":252,"column":7098}},"34":{"start":{"line":254,"column":12},"end":{"line":254,"column":7193}},"35":{"start":{"line":256,"column":16},"end":{"line":256,"column":140}},"36":{"start":{"line":258,"column":16},"end":{"line":258,"column":121}},"37":{"start":{"line":259,"column":16},"end":{"line":259,"column":7536}},"38":{"start":{"line":260,"column":20},"end":{"line":260,"column":76}},"39":{"start":{"line":265,"column":16},"end":{"line":265,"column":7882}},"40":{"start":{"line":266,"column":20},"end":{"line":266,"column":134}},"41":{"start":{"line":268,"column":20},"end":{"line":268,"column":75}},"42":{"start":{"line":275,"column":12},"end":{"line":275,"column":8403}},"43":{"start":{"line":280,"column":16},"end":{"line":280,"column":63}},"44":{"start":{"line":303,"column":8},"end":{"line":303,"column":58}},"45":{"start":{"line":304,"column":8},"end":{"line":304,"column":34}},"46":{"start":{"line":307,"column":8},"end":{"line":307,"column":9182}},"47":{"start":{"line":308,"column":12},"end":{"line":308,"column":41}},"48":{"start":{"line":309,"column":12},"end":{"line":309,"column":9257}},"49":{"start":{"line":310,"column":16},"end":{"line":310,"column":63}},"50":{"start":{"line":312,"column":12},"end":{"line":312,"column":41}},"51":{"start":{"line":314,"column":12},"end":{"line":314,"column":26}},"52":{"start":{"line":315,"column":12},"end":{"line":315,"column":28}},"53":{"start":{"line":317,"column":12},"end":{"line":317,"column":9505}},"54":{"start":{"line":319,"column":16},"end":{"line":319,"column":9574}},"55":{"start":{"line":322,"column":20},"end":{"line":322,"column":9703}},"56":{"start":{"line":323,"column":24},"end":{"line":323,"column":84}},"57":{"start":{"line":324,"column":24},"end":{"line":324,"column":45}},"58":{"start":{"line":326,"column":24},"end":{"line":326,"column":37}},"59":{"start":{"line":327,"column":24},"end":{"line":327,"column":32}},"60":{"start":{"line":331,"column":20},"end":{"line":331,"column":10116}},"61":{"start":{"line":340,"column":20},"end":{"line":340,"column":10455}},"62":{"start":{"line":341,"column":24},"end":{"line":341,"column":88}},"63":{"start":{"line":344,"column":20},"end":{"line":344,"column":10635}},"64":{"start":{"line":352,"column":20},"end":{"line":352,"column":118}},"65":{"start":{"line":355,"column":20},"end":{"line":355,"column":11055}},"66":{"start":{"line":356,"column":24},"end":{"line":356,"column":40}},"67":{"start":{"line":357,"column":24},"end":{"line":357,"column":47}},"68":{"start":{"line":360,"column":24},"end":{"line":360,"column":37}},"69":{"start":{"line":361,"column":24},"end":{"line":361,"column":32}},"70":{"start":{"line":364,"column":20},"end":{"line":364,"column":11362}},"71":{"start":{"line":376,"column":20},"end":{"line":376,"column":11882}},"72":{"start":{"line":377,"column":24},"end":{"line":377,"column":87}},"73":{"start":{"line":379,"column":20},"end":{"line":379,"column":12040}},"74":{"start":{"line":409,"column":8},"end":{"line":409,"column":39}},"75":{"start":{"line":414,"column":7},"end":{"line":414,"column":54}},"76":{"start":{"line":415,"column":7},"end":{"line":415,"column":18}},"77":{"start":{"line":419,"column":8},"end":{"line":419,"column":20}},"78":{"start":{"line":420,"column":8},"end":{"line":420,"column":21}},"79":{"start":{"line":421,"column":8},"end":{"line":421,"column":23}},"80":{"start":{"line":421,"column":17},"end":{"line":421,"column":23}},"81":{"start":{"line":422,"column":8},"end":{"line":422,"column":57}},"82":{"start":{"line":423,"column":8},"end":{"line":423,"column":13303}},"83":{"start":{"line":424,"column":12},"end":{"line":424,"column":44}},"84":{"start":{"line":425,"column":12},"end":{"line":425,"column":44}},"85":{"start":{"line":426,"column":12},"end":{"line":426,"column":13428}},"86":{"start":{"line":427,"column":16},"end":{"line":427,"column":74}},"87":{"start":{"line":432,"column":8},"end":{"line":432,"column":13619}},"88":{"start":{"line":433,"column":12},"end":{"line":433,"column":37}},"89":{"start":{"line":434,"column":8},"end":{"line":434,"column":13682}},"90":{"start":{"line":435,"column":12},"end":{"line":435,"column":38}}},"branchMap":{"1":{"line":59,"type":"if","locations":[{"start":{"line":59,"column":8},"end":{"line":59,"column":8}},{"start":{"line":59,"column":8},"end":{"line":59,"column":8}}]},"2":{"line":89,"type":"if","locations":[{"start":{"line":89,"column":8},"end":{"line":89,"column":8}},{"start":{"line":89,"column":8},"end":{"line":89,"column":8}}]},"3":{"line":156,"type":"if","locations":[{"start":{"line":156,"column":12},"end":{"line":156,"column":12}},{"start":{"line":156,"column":12},"end":{"line":156,"column":12}}]},"4":{"line":187,"type":"if","locations":[{"start":{"line":187,"column":8},"end":{"line":187,"column":8}},{"start":{"line":187,"column":8},"end":{"line":187,"column":8}}]},"5":{"line":190,"type":"if","locations":[{"start":{"line":190,"column":16},"end":{"line":190,"column":16}},{"start":{"line":190,"column":16},"end":{"line":190,"column":16}}]},"6":{"line":224,"type":"if","locations":[{"start":{"line":224,"column":8},"end":{"line":224,"column":8}},{"start":{"line":224,"column":8},"end":{"line":224,"column":8}}]},"7":{"line":252,"type":"if","locations":[{"start":{"line":252,"column":8},"end":{"line":252,"column":8}},{"start":{"line":252,"column":8},"end":{"line":252,"column":8}}]},"8":{"line":254,"type":"if","locations":[{"start":{"line":254,"column":12},"end":{"line":254,"column":12}},{"start":{"line":254,"column":12},"end":{"line":254,"column":12}}]},"9":{"line":259,"type":"if","locations":[{"start":{"line":259,"column":16},"end":{"line":259,"column":16}},{"start":{"line":259,"column":16},"end":{"line":259,"column":16}}]},"10":{"line":265,"type":"if","locations":[{"start":{"line":265,"column":16},"end":{"line":265,"column":16}},{"start":{"line":265,"column":16},"end":{"line":265,"column":16}}]},"11":{"line":275,"type":"if","locations":[{"start":{"line":275,"column":12},"end":{"line":275,"column":12}},{"start":{"line":275,"column":12},"end":{"line":275,"column":12}}]},"12":{"line":307,"type":"if","locations":[{"start":{"line":307,"column":8},"end":{"line":307,"column":8}},{"start":{"line":307,"column":8},"end":{"line":307,"column":8}}]},"13":{"line":319,"type":"if","locations":[{"start":{"line":319,"column":16},"end":{"line":319,"column":16}},{"start":{"line":319,"column":16},"end":{"line":319,"column":16}}]},"14":{"line":322,"type":"if","locations":[{"start":{"line":322,"column":20},"end":{"line":322,"column":20}},{"start":{"line":322,"column":20},"end":{"line":322,"column":20}}]},"15":{"line":340,"type":"if","locations":[{"start":{"line":340,"column":20},"end":{"line":340,"column":20}},{"start":{"line":340,"column":20},"end":{"line":340,"column":20}}]},"16":{"line":344,"type":"if","locations":[{"start":{"line":344,"column":20},"end":{"line":344,"column":20}},{"start":{"line":344,"column":20},"end":{"line":344,"column":20}}]},"17":{"line":355,"type":"if","locations":[{"start":{"line":355,"column":20},"end":{"line":355,"column":20}},{"start":{"line":355,"column":20},"end":{"line":355,"column":20}}]},"18":{"line":376,"type":"if","locations":[{"start":{"line":376,"column":20},"end":{"line":376,"column":20}},{"start":{"line":376,"column":20},"end":{"line":376,"column":20}}]},"19":{"line":379,"type":"if","locations":[{"start":{"line":379,"column":20},"end":{"line":379,"column":20}},{"start":{"line":379,"column":20},"end":{"line":379,"column":20}}]},"20":{"line":421,"type":"if","locations":[{"start":{"line":421,"column":8},"end":{"line":421,"column":8}},{"start":{"line":421,"column":8},"end":{"line":421,"column":8}}]},"21":{"line":426,"type":"if","locations":[{"start":{"line":426,"column":12},"end":{"line":426,"column":12}},{"start":{"line":426,"column":12},"end":{"line":426,"column":12}}]},"22":{"line":432,"type":"if","locations":[{"start":{"line":432,"column":8},"end":{"line":432,"column":8}},{"start":{"line":432,"column":8},"end":{"line":432,"column":8}}]},"23":{"line":434,"type":"if","locations":[{"start":{"line":434,"column":8},"end":{"line":434,"column":8}},{"start":{"line":434,"column":8},"end":{"line":434,"column":8}}]}}},
"contracts\\minimums\\upgradeable\\MinimumsBaseUpgradeable.sol":{"l":{"61":128,"63":0,"65":128,"90":53,"91":53,"92":53,"94":53,"96":53,"98":53,"113":0,"126":0,"127":0,"138":0,"154":30,"155":30,"156":30,"157":24,"159":24,"160":20,"162":20,"188":53,"189":53,"190":53,"191":2,"192":2,"193":2,"197":0,"198":0,"203":53,"226":53,"227":53,"229":0,"236":53,"255":15,"257":15,"259":0,"261":0,"262":0,"263":0,"268":15,"269":0,"271":15,"278":15,"282":15,"283":15,"306":15,"307":15,"310":15,"311":15,"312":15,"313":15,"315":15,"317":15,"318":15,"320":15,"322":15,"325":15,"326":15,"327":15,"329":0,"330":0,"334":15,"343":15,"344":0,"347":15,"348":15,"355":0,"358":0,"359":0,"360":0,"363":0,"364":0,"367":0,"379":0,"380":0,"382":0,"383":0,"412":55,"417":15,"418":15,"422":15,"423":15,"424":15,"425":0,"426":0,"427":0,"428":0,"429":0,"430":0,"431":0,"432":0,"435":0,"436":0,"437":0,"438":0},"path":"g:\\_projects\\intercoin\\StakingContract\\src\\contracts\\minimums\\upgradeable\\MinimumsBaseUpgradeable.sol","s":{"1":128,"2":0,"3":128,"4":53,"5":53,"6":53,"7":53,"8":53,"9":53,"10":0,"11":0,"12":0,"13":0,"14":30,"15":30,"16":30,"17":24,"18":24,"19":20,"20":20,"21":53,"22":53,"23":53,"24":2,"25":2,"26":2,"27":0,"28":53,"29":53,"30":53,"31":0,"32":53,"33":15,"34":15,"35":0,"36":0,"37":0,"38":0,"39":15,"40":0,"41":15,"42":15,"43":15,"44":15,"45":15,"46":15,"47":15,"48":15,"49":15,"50":15,"51":15,"52":15,"53":15,"54":15,"55":15,"56":15,"57":15,"58":0,"59":0,"60":15,"61":15,"62":0,"63":15,"64":0,"65":0,"66":0,"67":0,"68":0,"69":0,"70":0,"71":0,"72":0,"73":0,"74":55,"75":15,"76":15,"77":15,"78":15,"79":15,"80":15,"81":0,"82":0,"83":0,"84":0,"85":0,"86":0,"87":0,"88":0,"89":0,"90":0},"b":{"1":[0,128],"2":[53,0],"3":[20,4],"4":[2,51],"5":[0,2],"6":[0,53],"7":[15,0],"8":[0,15],"9":[0,0],"10":[0,15],"11":[15,0],"12":[15,0],"13":[15,0],"14":[15,0],"15":[0,15],"16":[15,0],"17":[0,0],"18":[0,0],"19":[0,0],"20":[15,0],"21":[0,0],"22":[0,0],"23":[0,0]},"f":{"1":128,"2":53,"3":0,"4":0,"5":0,"6":30,"7":53,"8":53,"9":15,"10":15,"11":55,"12":15,"13":15},"fnMap":{"1":{"name":"__MinimumsBaseUpgradeable_init","line":59,"loc":{"start":{"line":55,"column":4},"end":{"line":68,"column":4}}},"2":{"name":"_minimumsAdd","line":79,"loc":{"start":{"line":79,"column":4},"end":{"line":100,"column":4}}},"3":{"name":"_minimumsClear","line":107,"loc":{"start":{"line":107,"column":4},"end":{"line":114,"column":4}}},"4":{"name":"_automaticLockupAdd","line":120,"loc":{"start":{"line":120,"column":4},"end":{"line":128,"column":4}}},"5":{"name":"_automaticLockupRemove","line":133,"loc":{"start":{"line":133,"column":4},"end":{"line":139,"column":4}}},"6":{"name":"_getMinimum","line":146,"loc":{"start":{"line":146,"column":4},"end":{"line":173,"column":4}}},"7":{"name":"_minimumsClear","line":181,"loc":{"start":{"line":181,"column":4},"end":{"line":204,"column":4}}},"8":{"name":"_minimumsAddLow","line":217,"loc":{"start":{"line":217,"column":4},"end":{"line":238,"column":4}}},"9":{"name":"_reduceMinimum","line":246,"loc":{"start":{"line":246,"column":4},"end":{"line":289,"column":4}}},"10":{"name":"minimumsTransfer","line":297,"loc":{"start":{"line":297,"column":4},"end":{"line":405,"column":4}}},"11":{"name":"getIndexInterval","line":411,"loc":{"start":{"line":411,"column":4},"end":{"line":413,"column":4}}},"12":{"name":"sortAsc","line":416,"loc":{"start":{"line":416,"column":4},"end":{"line":419,"column":4}}},"13":{"name":"quickSortAsc","line":421,"loc":{"start":{"line":421,"column":4},"end":{"line":439,"column":4}}}},"statementMap":{"1":{"start":{"line":61,"column":8},"end":{"line":61,"column":1591}},"2":{"start":{"line":63,"column":12},"end":{"line":63,"column":27}},"3":{"start":{"line":65,"column":12},"end":{"line":65,"column":31}},"4":{"start":{"line":90,"column":8},"end":{"line":90,"column":66}},"5":{"start":{"line":91,"column":8},"end":{"line":91,"column":74}},"6":{"start":{"line":92,"column":8},"end":{"line":92,"column":66}},"7":{"start":{"line":94,"column":8},"end":{"line":94,"column":34}},"8":{"start":{"line":96,"column":8},"end":{"line":96,"column":75}},"9":{"start":{"line":98,"column":8},"end":{"line":98,"column":19}},"10":{"start":{"line":113,"column":8},"end":{"line":113,"column":41}},"11":{"start":{"line":126,"column":8},"end":{"line":126,"column":56}},"12":{"start":{"line":127,"column":8},"end":{"line":127,"column":39}},"13":{"start":{"line":138,"column":8},"end":{"line":138,"column":40}},"14":{"start":{"line":154,"column":8},"end":{"line":154,"column":24}},"15":{"start":{"line":155,"column":8},"end":{"line":155,"column":19}},"16":{"start":{"line":156,"column":8},"end":{"line":156,"column":3976}},"17":{"start":{"line":157,"column":12},"end":{"line":157,"column":55}},"18":{"start":{"line":159,"column":12},"end":{"line":159,"column":4128}},"19":{"start":{"line":160,"column":16},"end":{"line":160,"column":101}},"20":{"start":{"line":162,"column":16},"end":{"line":162,"column":4405}},"21":{"start":{"line":188,"column":8},"end":{"line":188,"column":28}},"22":{"start":{"line":189,"column":8},"end":{"line":189,"column":58}},"23":{"start":{"line":190,"column":8},"end":{"line":190,"column":5317}},"24":{"start":{"line":191,"column":12},"end":{"line":191,"column":5348}},"25":{"start":{"line":192,"column":16},"end":{"line":192,"column":61}},"26":{"start":{"line":193,"column":16},"end":{"line":193,"column":5464}},"27":{"start":{"line":198,"column":20},"end":{"line":198,"column":63}},"28":{"start":{"line":203,"column":8},"end":{"line":203,"column":19}},"29":{"start":{"line":226,"column":8},"end":{"line":226,"column":52}},"30":{"start":{"line":227,"column":8},"end":{"line":227,"column":6451}},"31":{"start":{"line":229,"column":12},"end":{"line":229,"column":6517}},"32":{"start":{"line":236,"column":12},"end":{"line":236,"column":127}},"33":{"start":{"line":255,"column":8},"end":{"line":255,"column":7385}},"34":{"start":{"line":257,"column":12},"end":{"line":257,"column":7480}},"35":{"start":{"line":259,"column":16},"end":{"line":259,"column":140}},"36":{"start":{"line":261,"column":16},"end":{"line":261,"column":121}},"37":{"start":{"line":262,"column":16},"end":{"line":262,"column":7823}},"38":{"start":{"line":263,"column":20},"end":{"line":263,"column":76}},"39":{"start":{"line":268,"column":16},"end":{"line":268,"column":8169}},"40":{"start":{"line":269,"column":20},"end":{"line":269,"column":134}},"41":{"start":{"line":271,"column":20},"end":{"line":271,"column":75}},"42":{"start":{"line":278,"column":12},"end":{"line":278,"column":8690}},"43":{"start":{"line":283,"column":16},"end":{"line":283,"column":63}},"44":{"start":{"line":306,"column":8},"end":{"line":306,"column":58}},"45":{"start":{"line":307,"column":8},"end":{"line":307,"column":34}},"46":{"start":{"line":310,"column":8},"end":{"line":310,"column":9469}},"47":{"start":{"line":311,"column":12},"end":{"line":311,"column":41}},"48":{"start":{"line":312,"column":12},"end":{"line":312,"column":9544}},"49":{"start":{"line":313,"column":16},"end":{"line":313,"column":63}},"50":{"start":{"line":315,"column":12},"end":{"line":315,"column":41}},"51":{"start":{"line":317,"column":12},"end":{"line":317,"column":26}},"52":{"start":{"line":318,"column":12},"end":{"line":318,"column":28}},"53":{"start":{"line":320,"column":12},"end":{"line":320,"column":9792}},"54":{"start":{"line":322,"column":16},"end":{"line":322,"column":9861}},"55":{"start":{"line":325,"column":20},"end":{"line":325,"column":9990}},"56":{"start":{"line":326,"column":24},"end":{"line":326,"column":84}},"57":{"start":{"line":327,"column":24},"end":{"line":327,"column":45}},"58":{"start":{"line":329,"column":24},"end":{"line":329,"column":37}},"59":{"start":{"line":330,"column":24},"end":{"line":330,"column":32}},"60":{"start":{"line":334,"column":20},"end":{"line":334,"column":10403}},"61":{"start":{"line":343,"column":20},"end":{"line":343,"column":10742}},"62":{"start":{"line":344,"column":24},"end":{"line":344,"column":88}},"63":{"start":{"line":347,"column":20},"end":{"line":347,"column":10922}},"64":{"start":{"line":355,"column":20},"end":{"line":355,"column":118}},"65":{"start":{"line":358,"column":20},"end":{"line":358,"column":11342}},"66":{"start":{"line":359,"column":24},"end":{"line":359,"column":40}},"67":{"start":{"line":360,"column":24},"end":{"line":360,"column":47}},"68":{"start":{"line":363,"column":24},"end":{"line":363,"column":37}},"69":{"start":{"line":364,"column":24},"end":{"line":364,"column":32}},"70":{"start":{"line":367,"column":20},"end":{"line":367,"column":11649}},"71":{"start":{"line":379,"column":20},"end":{"line":379,"column":12169}},"72":{"start":{"line":380,"column":24},"end":{"line":380,"column":87}},"73":{"start":{"line":382,"column":20},"end":{"line":382,"column":12327}},"74":{"start":{"line":412,"column":8},"end":{"line":412,"column":39}},"75":{"start":{"line":417,"column":7},"end":{"line":417,"column":54}},"76":{"start":{"line":418,"column":7},"end":{"line":418,"column":18}},"77":{"start":{"line":422,"column":8},"end":{"line":422,"column":20}},"78":{"start":{"line":423,"column":8},"end":{"line":423,"column":21}},"79":{"start":{"line":424,"column":8},"end":{"line":424,"column":23}},"80":{"start":{"line":424,"column":17},"end":{"line":424,"column":23}},"81":{"start":{"line":425,"column":8},"end":{"line":425,"column":57}},"82":{"start":{"line":426,"column":8},"end":{"line":426,"column":13590}},"83":{"start":{"line":427,"column":12},"end":{"line":427,"column":44}},"84":{"start":{"line":428,"column":12},"end":{"line":428,"column":44}},"85":{"start":{"line":429,"column":12},"end":{"line":429,"column":13715}},"86":{"start":{"line":430,"column":16},"end":{"line":430,"column":74}},"87":{"start":{"line":435,"column":8},"end":{"line":435,"column":13906}},"88":{"start":{"line":436,"column":12},"end":{"line":436,"column":37}},"89":{"start":{"line":437,"column":8},"end":{"line":437,"column":13969}},"90":{"start":{"line":438,"column":12},"end":{"line":438,"column":38}}},"branchMap":{"1":{"line":61,"type":"if","locations":[{"start":{"line":61,"column":8},"end":{"line":61,"column":8}},{"start":{"line":61,"column":8},"end":{"line":61,"column":8}}]},"2":{"line":92,"type":"if","locations":[{"start":{"line":92,"column":8},"end":{"line":92,"column":8}},{"start":{"line":92,"column":8},"end":{"line":92,"column":8}}]},"3":{"line":159,"type":"if","locations":[{"start":{"line":159,"column":12},"end":{"line":159,"column":12}},{"start":{"line":159,"column":12},"end":{"line":159,"column":12}}]},"4":{"line":190,"type":"if","locations":[{"start":{"line":190,"column":8},"end":{"line":190,"column":8}},{"start":{"line":190,"column":8},"end":{"line":190,"column":8}}]},"5":{"line":193,"type":"if","locations":[{"start":{"line":193,"column":16},"end":{"line":193,"column":16}},{"start":{"line":193,"column":16},"end":{"line":193,"column":16}}]},"6":{"line":227,"type":"if","locations":[{"start":{"line":227,"column":8},"end":{"line":227,"column":8}},{"start":{"line":227,"column":8},"end":{"line":227,"column":8}}]},"7":{"line":255,"type":"if","locations":[{"start":{"line":255,"column":8},"end":{"line":255,"column":8}},{"start":{"line":255,"column":8},"end":{"line":255,"column":8}}]},"8":{"line":257,"type":"if","locations":[{"start":{"line":257,"column":12},"end":{"line":257,"column":12}},{"start":{"line":257,"column":12},"end":{"line":257,"column":12}}]},"9":{"line":262,"type":"if","locations":[{"start":{"line":262,"column":16},"end":{"line":262,"column":16}},{"start":{"line":262,"column":16},"end":{"line":262,"column":16}}]},"10":{"line":268,"type":"if","locations":[{"start":{"line":268,"column":16},"end":{"line":268,"column":16}},{"start":{"line":268,"column":16},"end":{"line":268,"column":16}}]},"11":{"line":278,"type":"if","locations":[{"start":{"line":278,"column":12},"end":{"line":278,"column":12}},{"start":{"line":278,"column":12},"end":{"line":278,"column":12}}]},"12":{"line":310,"type":"if","locations":[{"start":{"line":310,"column":8},"end":{"line":310,"column":8}},{"start":{"line":310,"column":8},"end":{"line":310,"column":8}}]},"13":{"line":322,"type":"if","locations":[{"start":{"line":322,"column":16},"end":{"line":322,"column":16}},{"start":{"line":322,"column":16},"end":{"line":322,"column":16}}]},"14":{"line":325,"type":"if","locations":[{"start":{"line":325,"column":20},"end":{"line":325,"column":20}},{"start":{"line":325,"column":20},"end":{"line":325,"column":20}}]},"15":{"line":343,"type":"if","locations":[{"start":{"line":343,"column":20},"end":{"line":343,"column":20}},{"start":{"line":343,"column":20},"end":{"line":343,"column":20}}]},"16":{"line":347,"type":"if","locations":[{"start":{"line":347,"column":20},"end":{"line":347,"column":20}},{"start":{"line":347,"column":20},"end":{"line":347,"column":20}}]},"17":{"line":358,"type":"if","locations":[{"start":{"line":358,"column":20},"end":{"line":358,"column":20}},{"start":{"line":358,"column":20},"end":{"line":358,"column":20}}]},"18":{"line":379,"type":"if","locations":[{"start":{"line":379,"column":20},"end":{"line":379,"column":20}},{"start":{"line":379,"column":20},"end":{"line":379,"column":20}}]},"19":{"line":382,"type":"if","locations":[{"start":{"line":382,"column":20},"end":{"line":382,"column":20}},{"start":{"line":382,"column":20},"end":{"line":382,"column":20}}]},"20":{"line":424,"type":"if","locations":[{"start":{"line":424,"column":8},"end":{"line":424,"column":8}},{"start":{"line":424,"column":8},"end":{"line":424,"column":8}}]},"21":{"line":429,"type":"if","locations":[{"start":{"line":429,"column":12},"end":{"line":429,"column":12}},{"start":{"line":429,"column":12},"end":{"line":429,"column":12}}]},"22":{"line":435,"type":"if","locations":[{"start":{"line":435,"column":8},"end":{"line":435,"column":8}},{"start":{"line":435,"column":8},"end":{"line":435,"column":8}}]},"23":{"line":437,"type":"if","locations":[{"start":{"line":437,"column":8},"end":{"line":437,"column":8}},{"start":{"line":437,"column":8},"end":{"line":437,"column":8}}]}}},
"contracts\\mocks\\ERC20Mintable.sol":{"l":{"33":181},"path":"g:\\_projects\\intercoin\\StakingContract\\src\\contracts\\mocks\\ERC20Mintable.sol","s":{"1":181},"b":{},"f":{"1":960,"2":181},"fnMap":{"1":{"name":"constructor","line":22,"loc":{"start":{"line":18,"column":4},"end":{"line":25,"column":4}}},"2":{"name":"mint","line":32,"loc":{"start":{"line":32,"column":4},"end":{"line":34,"column":4}}}},"statementMap":{"1":{"start":{"line":33,"column":8},"end":{"line":33,"column":29}}},"branchMap":{}},
"contracts\\mocks\\MockHook.sol":{"l":{"16":4,"17":4,"32":4,"47":2},"path":"g:\\_projects\\intercoin\\StakingContract\\src\\contracts\\mocks\\MockHook.sol","s":{"1":4,"2":4,"3":4,"4":2},"b":{},"f":{"1":4,"2":4,"3":2},"fnMap":{"1":{"name":"setupVars","line":10,"loc":{"start":{"line":10,"column":4},"end":{"line":18,"column":4}}},"2":{"name":"bonusCalculation","line":20,"loc":{"start":{"line":20,"column":4},"end":{"line":33,"column":4}}},"3":{"name":"transferHook","line":36,"loc":{"start":{"line":36,"column":4},"end":{"line":48,"column":4}}}},"statementMap":{"1":{"start":{"line":16,"column":8},"end":{"line":16,"column":31}},"2":{"start":{"line":17,"column":8},"end":{"line":17,"column":23}},"3":{"start":{"line":32,"column":8},"end":{"line":32,"column":22}},"4":{"start":{"line":47,"column":8},"end":{"line":47,"column":28}}},"branchMap":{}},
"contracts\\mocks\\MockSrqtCoverage.sol":{"l":{"15":12},"path":"g:\\_projects\\intercoin\\StakingContract\\src\\contracts\\mocks\\MockSrqtCoverage.sol","s":{"1":12},"b":{},"f":{"1":12},"fnMap":{"1":{"name":"calculateSqrt","line":8,"loc":{"start":{"line":8,"column":4},"end":{"line":16,"column":4}}}},"statementMap":{"1":{"start":{"line":15,"column":8},"end":{"line":15,"column":22}}},"branchMap":{}}}
