TN:
SF:g:\_projects\intercoin\StakingContract\contracts\interfaces\IHook.sol
FNF:0
FNH:0
LF:0
LH:0
BRF:0
BRH:0
end_of_record
TN:
SF:g:\_projects\intercoin\StakingContract\contracts\interfaces\IStakingContract.sol
FNF:0
FNH:0
LF:0
LH:0
BRF:0
BRH:0
end_of_record
TN:
SF:g:\_projects\intercoin\StakingContract\contracts\interfaces\IStakingPool.sol
FNF:0
FNH:0
LF:0
LH:0
BRF:0
BRH:0
end_of_record
TN:
SF:g:\_projects\intercoin\StakingContract\contracts\minimums\common\MinimumsBase.sol
FN:54,constructor
FN:76,_minimumsAdd
FN:104,_minimumsClear
FN:117,_automaticLockupAdd
FN:130,_automaticLockupRemove
FN:143,_getMinimum
FN:178,_minimumsClear
FN:214,_minimumsAddLow
FN:243,_reduceMinimum
FN:294,minimumsTransfer
FN:408,getIndexInterval
FN:413,sortAsc
FN:418,quickSortAsc
FNF:13
FNH:0
FNDA:0,constructor
FNDA:0,_minimumsAdd
FNDA:0,_minimumsClear
FNDA:0,_automaticLockupAdd
FNDA:0,_automaticLockupRemove
FNDA:0,_getMinimum
FNDA:0,_minimumsClear
FNDA:0,_minimumsAddLow
FNDA:0,_reduceMinimum
FNDA:0,minimumsTransfer
FNDA:0,getIndexInterval
FNDA:0,sortAsc
FNDA:0,quickSortAsc
DA:59,0
DA:61,0
DA:63,0
DA:87,0
DA:88,0
DA:89,0
DA:91,0
DA:93,0
DA:95,0
DA:110,0
DA:123,0
DA:124,0
DA:135,0
DA:151,0
DA:152,0
DA:153,0
DA:154,0
DA:156,0
DA:157,0
DA:159,0
DA:185,0
DA:186,0
DA:187,0
DA:188,0
DA:189,0
DA:190,0
DA:194,0
DA:195,0
DA:200,0
DA:223,0
DA:224,0
DA:226,0
DA:233,0
DA:252,0
DA:254,0
DA:256,0
DA:258,0
DA:259,0
DA:260,0
DA:265,0
DA:266,0
DA:268,0
DA:275,0
DA:279,0
DA:280,0
DA:303,0
DA:304,0
DA:307,0
DA:308,0
DA:309,0
DA:310,0
DA:312,0
DA:314,0
DA:315,0
DA:317,0
DA:319,0
DA:322,0
DA:323,0
DA:324,0
DA:326,0
DA:327,0
DA:331,0
DA:340,0
DA:341,0
DA:344,0
DA:345,0
DA:352,0
DA:355,0
DA:356,0
DA:357,0
DA:360,0
DA:361,0
DA:364,0
DA:376,0
DA:377,0
DA:379,0
DA:380,0
DA:409,0
DA:414,0
DA:415,0
DA:419,0
DA:420,0
DA:421,0
DA:422,0
DA:423,0
DA:424,0
DA:425,0
DA:426,0
DA:427,0
DA:428,0
DA:429,0
DA:432,0
DA:433,0
DA:434,0
DA:435,0
LF:95
LH:0
BRDA:59,1,0,0
BRDA:59,1,1,0
BRDA:89,2,0,0
BRDA:89,2,1,0
BRDA:156,3,0,0
BRDA:156,3,1,0
BRDA:187,4,0,0
BRDA:187,4,1,0
BRDA:190,5,0,0
BRDA:190,5,1,0
BRDA:224,6,0,0
BRDA:224,6,1,0
BRDA:252,7,0,0
BRDA:252,7,1,0
BRDA:254,8,0,0
BRDA:254,8,1,0
BRDA:259,9,0,0
BRDA:259,9,1,0
BRDA:265,10,0,0
BRDA:265,10,1,0
BRDA:275,11,0,0
BRDA:275,11,1,0
BRDA:307,12,0,0
BRDA:307,12,1,0
BRDA:319,13,0,0
BRDA:319,13,1,0
BRDA:322,14,0,0
BRDA:322,14,1,0
BRDA:340,15,0,0
BRDA:340,15,1,0
BRDA:344,16,0,0
BRDA:344,16,1,0
BRDA:355,17,0,0
BRDA:355,17,1,0
BRDA:376,18,0,0
BRDA:376,18,1,0
BRDA:379,19,0,0
BRDA:379,19,1,0
BRDA:421,20,0,0
BRDA:421,20,1,0
BRDA:426,21,0,0
BRDA:426,21,1,0
BRDA:432,22,0,0
BRDA:432,22,1,0
BRDA:434,23,0,0
BRDA:434,23,1,0
BRF:46
BRH:0
end_of_record
TN:
SF:g:\_projects\intercoin\StakingContract\contracts\minimums\upgradeable\MinimumsBaseUpgradeable.sol
FN:59,__MinimumsBaseUpgradeable_init
FN:79,_minimumsAdd
FN:107,_minimumsClear
FN:120,_automaticLockupAdd
FN:133,_automaticLockupRemove
FN:146,_getMinimum
FN:181,_minimumsClear
FN:217,_minimumsAddLow
FN:246,_reduceMinimum
FN:297,minimumsTransfer
FN:411,getIndexInterval
FN:416,sortAsc
FN:421,quickSortAsc
FNF:13
FNH:10
FNDA:86,__MinimumsBaseUpgradeable_init
FNDA:34,_minimumsAdd
FNDA:0,_minimumsClear
FNDA:0,_automaticLockupAdd
FNDA:0,_automaticLockupRemove
FNDA:22,_getMinimum
FNDA:34,_minimumsClear
FNDA:34,_minimumsAddLow
FNDA:12,_reduceMinimum
FNDA:12,minimumsTransfer
FNDA:34,getIndexInterval
FNDA:12,sortAsc
FNDA:12,quickSortAsc
DA:61,86
DA:63,0
DA:65,86
DA:90,34
DA:91,34
DA:92,34
DA:94,34
DA:96,34
DA:98,34
DA:113,0
DA:126,0
DA:127,0
DA:138,0
DA:154,22
DA:155,22
DA:156,22
DA:157,19
DA:159,19
DA:160,15
DA:162,15
DA:188,34
DA:189,34
DA:190,34
DA:191,0
DA:192,0
DA:193,0
DA:197,0
DA:198,0
DA:203,34
DA:226,34
DA:227,34
DA:229,0
DA:236,34
DA:255,12
DA:257,12
DA:259,0
DA:261,0
DA:262,0
DA:263,0
DA:268,12
DA:269,0
DA:271,12
DA:278,12
DA:282,12
DA:283,12
DA:306,12
DA:307,12
DA:310,12
DA:311,12
DA:312,12
DA:313,12
DA:315,12
DA:317,12
DA:318,12
DA:320,12
DA:322,12
DA:325,12
DA:326,12
DA:327,12
DA:329,0
DA:330,0
DA:334,12
DA:343,12
DA:344,0
DA:347,12
DA:348,12
DA:355,0
DA:358,0
DA:359,0
DA:360,0
DA:363,0
DA:364,0
DA:367,0
DA:379,0
DA:380,0
DA:382,0
DA:383,0
DA:412,34
DA:417,12
DA:418,12
DA:422,12
DA:423,12
DA:424,12
DA:425,0
DA:426,0
DA:427,0
DA:428,0
DA:429,0
DA:430,0
DA:431,0
DA:432,0
DA:435,0
DA:436,0
DA:437,0
DA:438,0
LF:95
LH:53
BRDA:61,1,0,0
BRDA:61,1,1,86
BRDA:92,2,0,34
BRDA:92,2,1,0
BRDA:159,3,0,15
BRDA:159,3,1,4
BRDA:190,4,0,0
BRDA:190,4,1,34
BRDA:193,5,0,0
BRDA:193,5,1,0
BRDA:227,6,0,0
BRDA:227,6,1,34
BRDA:255,7,0,12
BRDA:255,7,1,0
BRDA:257,8,0,0
BRDA:257,8,1,12
BRDA:262,9,0,0
BRDA:262,9,1,0
BRDA:268,10,0,0
BRDA:268,10,1,12
BRDA:278,11,0,12
BRDA:278,11,1,0
BRDA:310,12,0,12
BRDA:310,12,1,0
BRDA:322,13,0,12
BRDA:322,13,1,0
BRDA:325,14,0,12
BRDA:325,14,1,0
BRDA:343,15,0,0
BRDA:343,15,1,12
BRDA:347,16,0,12
BRDA:347,16,1,0
BRDA:358,17,0,0
BRDA:358,17,1,0
BRDA:379,18,0,0
BRDA:379,18,1,0
BRDA:382,19,0,0
BRDA:382,19,1,0
BRDA:424,20,0,12
BRDA:424,20,1,0
BRDA:429,21,0,0
BRDA:429,21,1,0
BRDA:435,22,0,0
BRDA:435,22,1,0
BRDA:437,23,0,0
BRDA:437,23,1,0
BRF:46
BRH:16
end_of_record
TN:
SF:g:\_projects\intercoin\StakingContract\contracts\mocks\ERC20Mintable.sol
FN:22,constructor
FN:32,mint
FNF:2
FNH:2
FNDA:645,constructor
FNDA:115,mint
DA:33,115
LF:1
LH:1
BRF:0
BRH:0
end_of_record
TN:
SF:g:\_projects\intercoin\StakingContract\contracts\mocks\MockHook.sol
FN:10,setupVars
FN:20,bonusCalculation
FN:36,transferHook
FNF:3
FNH:3
FNDA:4,setupVars
FNDA:4,bonusCalculation
FNDA:2,transferHook
DA:16,4
DA:17,4
DA:32,4
DA:47,2
LF:4
LH:4
BRF:0
BRH:0
end_of_record
TN:
SF:g:\_projects\intercoin\StakingContract\contracts\mocks\MockSrqtCoverage.sol
FN:8,calculateSqrt
FNF:1
FNH:1
FNDA:12,calculateSqrt
DA:15,12
LF:1
LH:1
BRF:0
BRH:0
end_of_record
TN:
SF:g:\_projects\intercoin\StakingContract\contracts\StakingContract.sol
FN:85,onlyStakingPool
FN:90,onlyRoleWithAccount
FN:105,initialize
FN:126,transferOwnership
FN:142,instancesCount
FN:166,issueWalletTokens
FN:207,tokensReceived
FN:243,produce
FN:271,produce
FN:283,getInstanceInfo
FN:301,unstake
FN:330,redeem
FN:350,redeem
FN:370,redeemAndRemoveLiquidity
FN:390,redeemAndRemoveLiquidity
FN:409,viewLockedWalletTokens
FN:424,_unstake
FN:445,_produce
FN:476,_createInstanceValidate
FN:490,_createInstance
FN:520,_poolStakesAvailable
FN:619,_redeem
FN:647,_redeemAndRemoveLiquidity
FN:681,_beforeTokenTransfer
FNF:24
FNH:21
FNDA:34,onlyStakingPool
FNDA:10,onlyRoleWithAccount
FNDA:86,initialize
FNDA:86,transferOwnership
FNDA:1,instancesCount
FNDA:34,issueWalletTokens
FNDA:1,tokensReceived
FNDA:0,produce
FNDA:45,produce
FNDA:1,getInstanceInfo
FNDA:4,unstake
FNDA:9,redeem
FNDA:0,redeem
FNDA:8,redeemAndRemoveLiquidity
FNDA:0,redeemAndRemoveLiquidity
FNDA:4,viewLockedWalletTokens
FNDA:1,_unstake
FNDA:45,_produce
FNDA:45,_createInstanceValidate
FNDA:39,_createInstance
FNDA:4,_poolStakesAvailable
FNDA:3,_redeem
FNDA:2,_redeemAndRemoveLiquidity
FNDA:63,_beforeTokenTransfer
DA:86,34
DA:87,34
DA:91,10
DA:92,5
DA:109,86
DA:110,86
DA:111,86
DA:112,86
DA:114,86
DA:116,86
DA:118,86
DA:120,86
DA:121,86
DA:123,86
DA:127,86
DA:128,86
DA:129,86
DA:148,1
DA:171,34
DA:172,34
DA:175,34
DA:176,34
DA:177,4
DA:182,34
DA:183,34
DA:188,34
DA:190,34
DA:191,34
DA:192,34
DA:219,1
DA:222,1
DA:224,1
DA:226,1
DA:249,0
DA:272,45
DA:292,1
DA:293,1
DA:306,4
DA:308,4
DA:310,4
DA:312,3
DA:313,3
DA:314,3
DA:316,1
DA:317,1
DA:318,1
DA:320,1
DA:335,9
DA:336,9
DA:337,9
DA:338,5
DA:340,5
DA:356,0
DA:357,0
DA:358,0
DA:359,0
DA:361,0
DA:375,8
DA:376,8
DA:377,8
DA:378,4
DA:380,4
DA:396,0
DA:397,0
DA:398,0
DA:399,0
DA:401,0
DA:416,4
DA:431,1
DA:432,1
DA:433,1
DA:437,1
DA:440,0
DA:453,45
DA:458,39
DA:460,39
DA:461,39
DA:467,39
DA:473,38
DA:483,45
DA:484,44
DA:485,42
DA:486,40
DA:487,40
DA:499,39
DA:501,39
DA:503,39
DA:504,39
DA:506,39
DA:507,39
DA:516,39
DA:537,4
DA:538,4
DA:541,4
DA:542,4
DA:543,4
DA:544,4
DA:545,4
DA:548,4
DA:559,3
DA:560,3
DA:563,3
DA:565,1
DA:568,4
DA:570,4
DA:571,4
DA:572,1
DA:587,3
DA:596,4
DA:597,4
DA:598,4
DA:599,4
DA:601,4
DA:608,4
DA:621,3
DA:623,2
DA:624,2
DA:625,2
DA:626,2
DA:630,2
DA:631,2
DA:634,0
DA:650,2
DA:653,1
DA:662,1
DA:666,1
DA:667,1
DA:671,1
DA:672,1
DA:675,0
DA:694,63
DA:695,29
DA:702,28
DA:703,2
DA:706,27
DA:708,27
DA:733,27
DA:735,27
DA:745,15
DA:748,15
DA:749,12
DA:752,15
DA:753,15
DA:754,15
DA:755,15
DA:764,62
LF:146
LH:132
BRDA:86,1,0,34
BRDA:86,1,1,0
BRDA:176,2,0,4
BRDA:176,2,1,30
BRDA:219,3,0,1
BRDA:219,3,1,0
BRDA:310,4,0,3
BRDA:310,4,1,1
BRDA:314,5,0,1
BRDA:314,5,1,2
BRDA:317,6,0,1
BRDA:317,6,1,0
BRDA:337,7,0,5
BRDA:337,7,1,4
BRDA:358,8,0,0
BRDA:358,8,1,0
BRDA:377,9,0,4
BRDA:377,9,1,4
BRDA:398,10,0,0
BRDA:398,10,1,0
BRDA:460,11,0,39
BRDA:460,11,1,0
BRDA:461,12,0,39
BRDA:461,12,1,0
BRDA:483,13,0,44
BRDA:483,13,1,1
BRDA:484,14,0,42
BRDA:484,14,1,2
BRDA:485,15,0,40
BRDA:485,15,1,2
BRDA:487,16,0,39
BRDA:487,16,1,1
BRDA:537,17,0,4
BRDA:537,17,1,0
BRDA:548,18,0,3
BRDA:548,18,1,1
BRDA:570,19,0,4
BRDA:570,19,1,0
BRDA:571,20,0,1
BRDA:571,20,1,3
BRDA:583,21,0,3
BRDA:583,21,1,0
BRDA:596,22,0,4
BRDA:596,22,1,0
BRDA:608,23,0,4
BRDA:608,23,1,0
BRDA:621,24,0,2
BRDA:621,24,1,1
BRDA:625,25,0,2
BRDA:625,25,1,0
BRDA:650,26,0,1
BRDA:650,26,1,1
BRDA:666,27,0,1
BRDA:666,27,1,0
BRDA:694,28,0,29
BRDA:694,28,1,34
BRDA:695,29,0,1
BRDA:695,29,1,28
BRDA:702,30,0,2
BRDA:702,30,1,26
BRDA:703,31,0,1
BRDA:703,31,1,1
BRDA:708,32,0,27
BRDA:708,32,1,0
BRDA:735,33,0,12
BRDA:735,33,1,15
BRDA:748,34,0,12
BRDA:748,34,1,3
BRF:68
BRH:51
end_of_record
TN:
SF:g:\_projects\intercoin\StakingContract\contracts\StakingFactory.sol
FN:22,constructor
FN:40,instancesCount
FN:63,produce
FNF:3
FNH:2
FNDA:129,constructor
FNDA:0,instancesCount
FNDA:86,produce
DA:27,129
DA:28,129
DA:45,0
DA:67,86
DA:69,86
DA:71,86
DA:73,86
DA:75,86
DA:77,86
LF:9
LH:8
BRDA:69,1,0,86
BRDA:69,1,1,0
BRF:2
BRH:1
end_of_record
TN:
SF:g:\_projects\intercoin\StakingContract\contracts\StakingPool.sol
FN:85,onlyStaking
FN:122,tokensReceived
FN:152,initialize
FN:196,redeem
FN:215,redeemAndRemoveLiquidity
FN:225,buyLiquidityAndStake
FN:242,buyLiquidityAndStake
FN:257,buyLiquidityAndStake
FN:272,stakeLiquidity
FN:298,_fractionAmountSend
FN:330,_stake
FN:341,doSwapOnUniswap
FN:360,_buyLiquidityAndStake
FN:409,__redeemAndRemoveLiquidity
FN:432,__redeem
FN:446,sqrt
FNF:16
FNH:14
FNDA:4,onlyStaking
FNDA:0,tokensReceived
FNDA:39,initialize
FNDA:2,redeem
FNDA:2,redeemAndRemoveLiquidity
FNDA:6,buyLiquidityAndStake
FNDA:2,buyLiquidityAndStake
FNDA:28,buyLiquidityAndStake
FNDA:0,stakeLiquidity
FNDA:8,_fractionAmountSend
FNDA:34,_stake
FNDA:41,doSwapOnUniswap
FNDA:34,_buyLiquidityAndStake
FNDA:2,__redeemAndRemoveLiquidity
FNDA:4,__redeem
FNDA:46,sqrt
DA:86,4
DA:87,4
DA:156,39
DA:165,39
DA:168,39
DA:169,39
DA:171,39
DA:172,39
DA:173,38
DA:174,38
DA:175,38
DA:198,2
DA:199,2
DA:217,2
DA:230,6
DA:231,6
DA:232,6
DA:233,6
DA:234,5
DA:248,2
DA:249,1
DA:250,1
DA:262,28
DA:263,28
DA:277,0
DA:278,0
DA:281,0
DA:282,0
DA:287,0
DA:308,8
DA:309,8
DA:310,8
DA:311,0
DA:314,4
DA:315,0
DA:317,4
DA:320,4
DA:321,4
DA:322,4
DA:323,4
DA:324,0
DA:325,0
DA:338,34
DA:349,41
DA:350,41
DA:351,41
DA:352,41
DA:354,41
DA:357,40
DA:366,34
DA:367,34
DA:368,34
DA:378,34
DA:382,34
DA:384,34
DA:385,34
DA:386,34
DA:391,34
DA:401,34
DA:402,34
DA:416,2
DA:418,2
DA:419,2
DA:428,2
DA:429,2
DA:439,4
DA:443,4
DA:453,46
DA:454,1
DA:458,45
DA:459,45
DA:460,45
DA:461,2
DA:462,2
DA:464,45
DA:465,34
DA:466,34
DA:468,45
DA:469,34
DA:470,34
DA:472,45
DA:473,35
DA:474,35
DA:476,45
DA:477,35
DA:478,35
DA:480,45
DA:481,35
DA:482,35
DA:484,45
DA:485,1
DA:489,45
LF:92
LH:83
BRDA:86,1,0,4
BRDA:86,1,1,0
BRDA:172,2,0,38
BRDA:172,2,1,1
BRDA:230,3,0,6
BRDA:230,3,1,0
BRDA:277,4,0,0
BRDA:277,4,1,0
BRDA:310,5,0,0
BRDA:310,5,1,8
BRDA:313,6,0,4
BRDA:313,6,1,4
BRDA:314,7,0,0
BRDA:314,7,1,4
BRDA:323,8,0,0
BRDA:323,8,1,4
BRDA:349,9,0,41
BRDA:349,9,1,0
BRDA:367,10,0,34
BRDA:367,10,1,0
BRDA:382,11,0,34
BRDA:382,11,1,0
BRDA:386,12,0,34
BRDA:386,12,1,0
BRDA:401,13,0,34
BRDA:401,13,1,0
BRDA:418,14,0,2
BRDA:418,14,1,0
BRDA:453,15,0,1
BRDA:453,15,1,45
BRDA:460,16,0,2
BRDA:460,16,1,43
BRDA:464,17,0,34
BRDA:464,17,1,11
BRDA:468,18,0,34
BRDA:468,18,1,11
BRDA:472,19,0,35
BRDA:472,19,1,10
BRDA:476,20,0,35
BRDA:476,20,1,10
BRDA:480,21,0,35
BRDA:480,21,1,10
BRDA:484,22,0,1
BRDA:484,22,1,44
BRF:44
BRH:31
end_of_record
