TN:
SF:G:\_projects\intercoin\StakingContract\src\contracts\access\TrustedForwarder.sol
FN:15,constructor
FN:31,setTrustedForwarder
FN:43,isTrustedForwarder
FN:57,_msgSender
FN:78,transferOwnership
FN:88,_isTrustedForwarder
FN:98,_setTrustedForwarder
FNF:7
FNH:7
FNDA:12,constructor
FNDA:3,setTrustedForwarder
FNDA:5,isTrustedForwarder
FNDA:18,_msgSender
FNDA:1,transferOwnership
FNDA:11,_isTrustedForwarder
FNDA:2,_setTrustedForwarder
DA:17,12
DA:34,3
DA:35,2
DA:51,5
DA:65,18
DA:66,18
DA:67,0
DA:80,1
DA:81,1
DA:82,1
DA:84,1
DA:95,11
DA:103,2
LF:13
LH:12
BRDA:34,1,0,2
BRDA:34,1,1,1
BRDA:66,2,0,0
BRDA:66,2,1,18
BRDA:80,3,0,1
BRDA:80,3,1,0
BRDA:81,4,0,1
BRDA:81,4,1,0
BRF:8
BRH:5
end_of_record
TN:
SF:G:\_projects\intercoin\StakingContract\src\contracts\access\TrustedForwarderUpgradeable.sol
FN:16,__TrustedForwarder_init
FN:34,setTrustedForwarder
FN:46,isTrustedForwarder
FN:60,_msgSender
FN:76,_isTrustedForwarder
FN:86,_setTrustedForwarder
FNF:6
FNH:0
FNDA:0,__TrustedForwarder_init
FNDA:0,setTrustedForwarder
FNDA:0,isTrustedForwarder
FNDA:0,_msgSender
FNDA:0,_isTrustedForwarder
FNDA:0,_setTrustedForwarder
DA:17,0
DA:18,0
DA:37,0
DA:38,0
DA:54,0
DA:68,0
DA:69,0
DA:70,0
DA:83,0
DA:91,0
LF:10
LH:0
BRDA:37,1,0,0
BRDA:37,1,1,0
BRDA:69,2,0,0
BRDA:69,2,1,0
BRF:4
BRH:0
end_of_record
TN:
SF:G:\_projects\intercoin\StakingContract\src\contracts\CommunityCoin.sol
FN:100,initialize
FNF:1
FNH:1
FNDA:198,initialize
DA:105,198
LF:1
LH:1
BRF:0
BRH:0
end_of_record
TN:
SF:G:\_projects\intercoin\StakingContract\src\contracts\CommunityCoinBase.sol
FN:124,proceedBurnUnstakeRedeem
FN:160,CommunityCoinBase__init
FN:207,issueWalletTokens
FN:321,addToCirculation
FN:349,tokensReceived
FN:398,produce
FN:426,produce
FN:441,unstake
FN:460,unstakeAndRemoveLiquidity
FN:475,_validateUnstake
FN:505,redeem
FN:528,redeem
FN:549,redeemAndRemoveLiquidity
FN:572,redeemAndRemoveLiquidity
FN:588,viewLockedWalletTokens
FN:598,viewLockedWalletTokensList
FN:624,simulateRedeemAndRemoveLiquidity
FN:646,claim
FN:669,setTrustedForwarder
FN:688,transferOwnership
FN:712,setCommission
FN:719,setTariff
FN:743,_produce
FN:775,_produce
FN:813,_unstake
FN:862,_poolStakesAvailable
FN:887,_redeem
FN:905,_burn
FN:925,__redeem
FN:968,proceedPool
FN:1008,_beforeTokenTransfer
FN:1208,_msgSender
FN:1219,_insertBonus
FN:1232,_removeBonus
FN:1260,_removeBonusThroughInstances
FN:1289,_removeMainThroughInstances
FN:1315,cleanInstancesList
FN:1338,_cleanInstance
FNF:38
FNH:33
FNDA:60,proceedBurnUnstakeRedeem
FNDA:198,CommunityCoinBase__init
FNDA:85,issueWalletTokens
FNDA:1,addToCirculation
FNDA:3,tokensReceived
FNDA:88,produce
FNDA:11,produce
FNDA:13,unstake
FNDA:1,unstakeAndRemoveLiquidity
FNDA:14,_validateUnstake
FNDA:18,redeem
FNDA:2,redeem
FNDA:12,redeemAndRemoveLiquidity
FNDA:2,redeemAndRemoveLiquidity
FNDA:13,viewLockedWalletTokens
FNDA:2,viewLockedWalletTokensList
FNDA:2,simulateRedeemAndRemoveLiquidity
FNDA:0,claim
FNDA:16,setTrustedForwarder
FNDA:199,transferOwnership
FNDA:0,setCommission
FNDA:0,setTariff
FNDA:88,_produce
FNDA:11,_produce
FNDA:6,_unstake
FNDA:24,_poolStakesAvailable
FNDA:34,_redeem
FNDA:30,_burn
FNDA:24,__redeem
FNDA:21,proceedPool
FNDA:149,_beforeTokenTransfer
FNDA:1207,_msgSender
FNDA:85,_insertBonus
FNDA:0,_removeBonus
FNDA:1,_removeBonusThroughInstances
FNDA:34,_removeMainThroughInstances
FNDA:35,cleanInstancesList
FNDA:0,_cleanInstance
DA:125,60
DA:126,60
DA:127,42
DA:163,198
DA:164,198
DA:166,198
DA:168,198
DA:170,198
DA:172,198
DA:173,198
DA:175,198
DA:177,198
DA:179,198
DA:181,198
DA:182,198
DA:185,198
DA:187,198
DA:216,85
DA:219,85
DA:221,85
DA:224,85
DA:227,85
DA:228,85
DA:230,85
DA:231,0
DA:232,0
DA:234,0
DA:242,85
DA:243,85
DA:244,85
DA:249,85
DA:250,3
DA:258,85
DA:260,85
DA:261,85
DA:265,85
DA:267,85
DA:268,85
DA:270,85
DA:273,0
DA:277,85
DA:278,85
DA:280,85
DA:281,85
DA:289,85
DA:290,1
DA:291,1
DA:298,85
DA:299,0
DA:300,0
DA:301,0
DA:325,1
DA:327,1
DA:331,1
DA:362,3
DA:364,3
DA:366,3
DA:401,88
DA:429,11
DA:443,13
DA:445,13
DA:447,5
DA:449,3
DA:462,1
DA:464,1
DA:466,1
DA:468,1
DA:483,14
DA:486,14
DA:488,13
DA:489,13
DA:491,13
DA:507,18
DA:509,5
DA:530,2
DA:532,2
DA:551,12
DA:553,2
DA:574,2
DA:576,2
DA:595,13
DA:605,2
DA:635,2
DA:643,2
DA:647,0
DA:652,0
DA:653,0
DA:673,16
DA:675,15
DA:676,15
DA:691,199
DA:693,199
DA:694,1
DA:701,199
DA:714,0
DA:726,0
DA:727,0
DA:731,0
DA:733,0
DA:734,0
DA:755,88
DA:766,85
DA:768,85
DA:788,11
DA:798,9
DA:800,9
DA:817,6
DA:820,6
DA:822,6
DA:826,5
DA:835,5
DA:837,5
DA:839,5
DA:843,5
DA:878,24
DA:880,23
DA:896,34
DA:898,21
DA:909,30
DA:910,30
DA:912,27
DA:915,24
DA:929,24
DA:938,18
DA:941,16
DA:943,16
DA:945,16
DA:947,16
DA:949,16
DA:950,16
DA:953,16
DA:955,16
DA:970,21
DA:972,15
DA:980,2
DA:981,1
DA:983,1
DA:988,6
DA:996,1
DA:997,1
DA:999,0
DA:1018,149
DA:1019,63
DA:1025,60
DA:1026,2
DA:1032,2
DA:1036,59
DA:1038,59
DA:1040,59
DA:1064,59
DA:1065,59
DA:1074,59
DA:1076,23
DA:1077,23
DA:1079,2
DA:1085,21
DA:1086,0
DA:1087,0
DA:1089,21
DA:1099,59
DA:1123,35
DA:1124,35
DA:1125,35
DA:1127,1
DA:1128,1
DA:1130,0
DA:1133,1
DA:1136,1
DA:1139,1
DA:1140,1
DA:1141,1
DA:1147,35
DA:1149,34
DA:1150,34
DA:1152,0
DA:1157,34
DA:1158,34
DA:1161,34
DA:1164,33
DA:1167,34
DA:1200,148
DA:1216,1207
DA:1225,85
DA:1226,82
DA:1228,85
DA:1229,85
DA:1241,0
DA:1242,0
DA:1244,0
DA:1245,0
DA:1247,0
DA:1248,0
DA:1251,0
DA:1265,1
DA:1266,1
DA:1267,1
DA:1269,1
DA:1270,1
DA:1271,1
DA:1272,1
DA:1274,1
DA:1277,0
DA:1278,0
DA:1279,0
DA:1280,0
DA:1285,1
DA:1293,34
DA:1294,34
DA:1295,34
DA:1296,34
DA:1297,34
DA:1298,34
DA:1299,34
DA:1300,34
DA:1301,34
DA:1303,0
DA:1304,0
DA:1305,0
DA:1306,0
DA:1311,34
DA:1325,35
DA:1326,0
DA:1327,0
DA:1328,0
DA:1345,0
DA:1349,0
LF:226
LH:185
BRDA:221,1,0,85
BRDA:221,1,1,0
BRDA:230,2,0,0
BRDA:230,2,1,85
BRDA:232,3,0,0
BRDA:232,3,1,0
BRDA:249,4,0,3
BRDA:249,4,1,82
BRDA:270,5,0,0
BRDA:270,5,1,85
BRDA:289,6,0,1
BRDA:289,6,1,84
BRDA:298,7,0,0
BRDA:298,7,1,85
BRDA:362,8,0,0
BRDA:362,8,1,3
BRDA:486,9,0,1
BRDA:486,9,1,13
BRDA:491,10,0,7
BRDA:491,10,1,6
BRDA:652,11,0,0
BRDA:652,11,1,0
BRDA:673,12,0,1
BRDA:673,12,1,15
BRDA:691,13,0,0
BRDA:691,13,1,199
BRDA:693,14,0,1
BRDA:693,14,1,198
BRDA:727,15,0,0
BRDA:727,15,1,0
BRDA:910,16,0,27
BRDA:910,16,1,3
BRDA:912,17,0,6
BRDA:912,17,1,21
BRDA:938,18,0,2
BRDA:938,18,1,16
BRDA:947,19,0,16
BRDA:947,19,1,0
BRDA:970,20,0,15
BRDA:970,20,1,6
BRDA:980,21,0,1
BRDA:980,21,1,1
BRDA:982,22,0,1
BRDA:982,22,1,0
BRDA:987,23,0,6
BRDA:987,23,1,0
BRDA:996,24,0,1
BRDA:996,24,1,0
BRDA:998,25,0,0
BRDA:998,25,1,0
BRDA:1018,26,0,63
BRDA:1018,26,1,86
BRDA:1019,27,0,3
BRDA:1019,27,1,60
BRDA:1025,28,0,2
BRDA:1025,28,1,58
BRDA:1032,29,0,1
BRDA:1032,29,1,1
BRDA:1038,30,0,59
BRDA:1038,30,1,0
BRDA:1074,31,0,23
BRDA:1074,31,1,36
BRDA:1077,32,0,2
BRDA:1077,32,1,21
BRDA:1085,33,0,0
BRDA:1085,33,1,21
BRDA:1099,34,0,24
BRDA:1099,34,1,35
BRDA:1125,35,0,1
BRDA:1125,35,1,34
BRDA:1127,36,0,1
BRDA:1127,36,1,0
BRDA:1133,37,0,0
BRDA:1133,37,1,1
BRDA:1147,38,0,34
BRDA:1147,38,1,1
BRDA:1149,39,0,34
BRDA:1149,39,1,0
BRDA:1161,40,0,1
BRDA:1161,40,1,33
BRDA:1225,41,0,82
BRDA:1225,41,1,3
BRDA:1244,42,0,0
BRDA:1244,42,1,0
BRDA:1246,43,0,0
BRDA:1246,43,1,0
BRDA:1272,44,0,1
BRDA:1272,44,1,0
BRDA:1275,45,0,0
BRDA:1275,45,1,0
BRDA:1299,46,0,34
BRDA:1299,46,1,0
BRDA:1302,47,0,0
BRDA:1302,47,1,0
BRDA:1325,48,0,0
BRDA:1325,48,1,35
BRDA:1345,49,0,0
BRDA:1345,49,1,0
BRF:98
BRH:62
end_of_record
TN:
SF:G:\_projects\intercoin\StakingContract\src\contracts\CommunityCoinFactory.sol
FN:120,constructor
FN:138,instancesCount
FN:167,produce
FNF:3
FNH:3
FNDA:297,constructor
FNDA:1,instancesCount
FNDA:198,produce
DA:122,297
DA:123,297
DA:124,297
DA:125,297
DA:143,1
DA:171,198
DA:172,198
DA:174,198
DA:176,198
DA:178,198
DA:180,198
DA:182,198
DA:185,198
LF:13
LH:13
BRDA:174,1,0,198
BRDA:174,1,1,0
BRF:2
BRH:1
end_of_record
TN:
SF:G:\_projects\intercoin\StakingContract\src\contracts\CommunityStakingPool.sol
FN:77,initialize
FN:109,redeem
FN:128,redeemAndRemoveLiquidity
FN:146,sellAndStakeLiquidity
FN:164,sellAndStakeLiquidity
FN:178,buyAndStakeLiquidity
FN:198,buyAndStakeLiquidity
FN:214,buyAndStakeLiquidity
FN:232,buyAndStakeLiquidity
FN:252,buyAndStakeLiquidity
FN:271,buyAndStakeLiquidity
FN:287,stakeLiquidity
FN:307,addAndStakeLiquidity
FN:342,uniswapPrices
FN:369,_sellTradedAndStake
FN:410,_buyAndStakeLiquidity
FN:456,__redeemAndRemoveLiquidity
FN:482,__redeem
FN:505,_msgSender
FN:521,sqrt
FNF:20
FNH:19
FNDA:86,initialize
FNDA:14,redeem
FNDA:6,redeemAndRemoveLiquidity
FNDA:2,sellAndStakeLiquidity
FNDA:0,sellAndStakeLiquidity
FNDA:12,buyAndStakeLiquidity
FNDA:2,buyAndStakeLiquidity
FNDA:51,buyAndStakeLiquidity
FNDA:2,buyAndStakeLiquidity
FNDA:2,buyAndStakeLiquidity
FNDA:1,buyAndStakeLiquidity
FNDA:2,stakeLiquidity
FNDA:4,addAndStakeLiquidity
FNDA:76,uniswapPrices
FNDA:2,_sellTradedAndStake
FNDA:70,_buyAndStakeLiquidity
FNDA:6,__redeemAndRemoveLiquidity
FNDA:20,__redeem
FNDA:80,_msgSender
FNDA:84,sqrt
DA:83,86
DA:85,86
DA:87,86
DA:88,86
DA:89,85
DA:90,85
DA:91,85
DA:93,85
DA:111,14
DA:112,14
DA:130,6
DA:148,2
DA:149,2
DA:151,2
DA:166,0
DA:167,0
DA:180,12
DA:181,12
DA:182,12
DA:183,12
DA:184,12
DA:185,12
DA:200,2
DA:201,2
DA:202,2
DA:203,2
DA:217,51
DA:218,51
DA:219,51
DA:234,2
DA:235,2
DA:236,2
DA:237,2
DA:238,2
DA:256,2
DA:257,2
DA:258,2
DA:259,2
DA:273,1
DA:274,1
DA:289,2
DA:290,2
DA:293,2
DA:294,2
DA:299,2
DA:309,4
DA:311,4
DA:313,2
DA:314,2
DA:316,2
DA:322,2
DA:332,2
DA:334,2
DA:349,76
DA:351,76
DA:352,76
DA:353,30
DA:360,46
DA:376,2
DA:379,2
DA:383,2
DA:385,2
DA:386,2
DA:388,2
DA:394,2
DA:404,2
DA:406,2
DA:417,70
DA:424,70
DA:428,70
DA:430,70
DA:431,70
DA:432,70
DA:437,70
DA:447,70
DA:449,70
DA:463,6
DA:465,6
DA:466,5
DA:477,5
DA:478,5
DA:489,20
DA:493,20
DA:513,80
DA:514,80
DA:515,15
DA:528,84
DA:529,1
DA:533,83
DA:534,83
DA:535,83
DA:536,3
DA:537,3
DA:539,83
DA:540,71
DA:541,71
DA:543,83
DA:544,71
DA:545,71
DA:547,83
DA:548,73
DA:549,73
DA:551,83
DA:552,72
DA:553,72
DA:555,83
DA:556,72
DA:557,72
DA:559,83
DA:560,1
DA:564,83
DA:565,83
DA:566,83
DA:567,83
DA:568,83
DA:569,83
DA:570,83
DA:571,83
DA:572,83
DA:573,83
LF:120
LH:118
BRDA:88,1,0,85
BRDA:88,1,1,1
BRDA:181,2,0,12
BRDA:181,2,1,0
BRDA:234,3,0,2
BRDA:234,3,1,0
BRDA:289,4,0,2
BRDA:289,4,1,0
BRDA:311,5,0,2
BRDA:311,5,1,2
BRDA:316,6,0,2
BRDA:316,6,1,0
BRDA:332,7,0,2
BRDA:332,7,1,0
BRDA:351,8,0,76
BRDA:351,8,1,0
BRDA:352,9,0,30
BRDA:352,9,1,46
BRDA:383,10,0,2
BRDA:383,10,1,0
BRDA:388,11,0,2
BRDA:388,11,1,0
BRDA:404,12,0,2
BRDA:404,12,1,0
BRDA:428,13,0,70
BRDA:428,13,1,0
BRDA:432,14,0,70
BRDA:432,14,1,0
BRDA:447,15,0,70
BRDA:447,15,1,0
BRDA:465,16,0,5
BRDA:465,16,1,1
BRDA:514,17,0,15
BRDA:514,17,1,65
BRDA:528,18,0,1
BRDA:528,18,1,83
BRDA:535,19,0,3
BRDA:535,19,1,80
BRDA:539,20,0,71
BRDA:539,20,1,12
BRDA:543,21,0,71
BRDA:543,21,1,12
BRDA:547,22,0,73
BRDA:547,22,1,10
BRDA:551,23,0,72
BRDA:551,23,1,11
BRDA:555,24,0,72
BRDA:555,24,1,11
BRDA:559,25,0,1
BRDA:559,25,1,82
BRF:50
BRH:38
end_of_record
TN:
SF:G:\_projects\intercoin\StakingContract\src\contracts\CommunityStakingPoolBase.sol
FN:60,onlyStaking
FN:90,tokensReceived
FN:118,CommunityStakingPoolBase_init
FN:150,doSwapOnUniswap
FN:178,_fractionAmountSend
FN:210,_stake
FN:244,_msgSender
FNF:7
FNH:6
FNDA:21,onlyStaking
FNDA:0,tokensReceived
FNDA:95,CommunityStakingPoolBase_init
FNDA:96,doSwapOnUniswap
FNDA:31,_fractionAmountSend
FNDA:83,_stake
FNDA:7,_msgSender
DA:61,21
DA:62,21
DA:121,95
DA:122,95
DA:123,95
DA:128,95
DA:129,2
DA:132,95
DA:135,95
DA:136,95
DA:158,96
DA:160,0
DA:162,96
DA:163,96
DA:164,96
DA:165,96
DA:167,96
DA:170,96
DA:188,31
DA:189,31
DA:190,31
DA:191,0
DA:194,30
DA:195,20
DA:197,10
DA:200,1
DA:201,1
DA:202,1
DA:203,1
DA:204,0
DA:205,0
DA:218,83
DA:219,83
DA:220,1
DA:221,1
DA:222,2
DA:223,2
DA:224,2
DA:225,2
DA:226,2
DA:233,83
DA:252,7
DA:253,7
DA:254,0
LF:44
LH:39
BRDA:61,1,0,21
BRDA:61,1,1,0
BRDA:158,2,0,0
BRDA:158,2,1,96
BRDA:162,3,0,96
BRDA:162,3,1,0
BRDA:190,4,0,0
BRDA:190,4,1,31
BRDA:193,5,0,30
BRDA:193,5,1,1
BRDA:194,6,0,20
BRDA:194,6,1,10
BRDA:203,7,0,0
BRDA:203,7,1,1
BRDA:219,8,0,1
BRDA:219,8,1,82
BRDA:223,9,0,2
BRDA:223,9,1,0
BRDA:253,10,0,0
BRDA:253,10,1,7
BRF:20
BRH:13
end_of_record
TN:
SF:G:\_projects\intercoin\StakingContract\src\contracts\CommunityStakingPoolErc20.sol
FN:59,initialize
FN:86,redeem
FN:105,redeemAndRemoveLiquidity
FN:115,stake
FN:135,buyAndStake
FN:152,_redeem
FN:164,__redeem
FNF:7
FNH:6
FNDA:9,initialize
FNDA:1,redeem
FNDA:0,redeemAndRemoveLiquidity
FNDA:1,stake
FNDA:6,buyAndStake
FNDA:1,_redeem
FNDA:1,__redeem
DA:25,0
DA:63,9
DA:65,9
DA:88,1
DA:107,0
DA:117,1
DA:118,1
DA:119,1
DA:137,6
DA:139,6
DA:140,6
DA:143,6
DA:144,6
DA:145,6
DA:158,1
DA:159,1
DA:171,1
DA:175,1
LF:18
LH:16
BRDA:140,1,0,6
BRDA:140,1,1,0
BRDA:144,2,0,6
BRDA:144,2,1,0
BRF:4
BRH:2
end_of_record
TN:
SF:G:\_projects\intercoin\StakingContract\src\contracts\CommunityStakingPoolFactory.sol
FN:71,initialize
FN:84,instancesByIndex
FN:87,instances
FN:95,instancesCount
FN:114,getInstanceInfo
FN:127,getInstanceInfoByPoolAddress
FN:137,getInstancesInfo
FN:150,produce
FN:199,produceErc20
FN:243,_createInstanceValidate
FN:263,_createInstanceErc20Validate
FN:280,_createInstance
FN:321,_createInstanceErc20
FN:366,amountAfterSwapLP
FN:414,getPairsAmount
FN:445,expectedAmount
FN:502,_swap
FNF:17
FNH:17
FNDA:198,initialize
FNDA:1,instancesByIndex
FNDA:21,instances
FNDA:1,instancesCount
FNDA:1,getInstanceInfo
FNDA:108,getInstanceInfoByPoolAddress
FNDA:1,getInstancesInfo
FNDA:88,produce
FNDA:11,produceErc20
FNDA:88,_createInstanceValidate
FNDA:11,_createInstanceErc20Validate
FNDA:86,_createInstance
FNDA:9,_createInstanceErc20
FNDA:2,amountAfterSwapLP
FNDA:2,getPairsAmount
FNDA:4,expectedAmount
FNDA:5,_swap
DA:75,198
DA:77,198
DA:78,198
DA:79,198
DA:81,198
DA:85,1
DA:88,21
DA:102,1
DA:123,1
DA:124,1
DA:134,108
DA:143,1
DA:144,1
DA:145,1
DA:147,1
DA:165,88
DA:167,88
DA:171,86
DA:182,86
DA:183,86
DA:190,86
DA:196,85
DA:212,11
DA:214,11
DA:216,9
DA:226,9
DA:227,9
DA:234,9
DA:240,9
DA:251,88
DA:252,88
DA:253,88
DA:254,88
DA:255,88
DA:256,87
DA:270,11
DA:271,11
DA:272,10
DA:273,10
DA:291,86
DA:293,86
DA:295,86
DA:296,86
DA:298,86
DA:300,86
DA:301,86
DA:315,86
DA:316,86
DA:318,86
DA:331,9
DA:333,9
DA:335,9
DA:336,9
DA:338,9
DA:340,9
DA:341,9
DA:354,9
DA:355,9
DA:357,9
DA:376,2
DA:377,2
DA:378,2
DA:379,2
DA:381,2
DA:382,2
DA:383,2
DA:387,2
DA:394,2
DA:400,2
DA:401,2
DA:404,2
DA:407,2
DA:409,2
DA:410,2
DA:428,2
DA:429,2
DA:430,2
DA:432,2
DA:434,2
DA:435,2
DA:436,2
DA:439,2
DA:440,2
DA:441,2
DA:461,4
DA:463,2
DA:464,2
DA:466,2
DA:467,2
DA:468,0
DA:471,2
DA:472,2
DA:474,2
DA:476,3
DA:477,3
DA:480,0
DA:484,3
DA:485,2
DA:487,1
DA:488,1
DA:492,0
DA:494,2
DA:495,2
DA:496,2
DA:498,0
DA:517,5
DA:518,5
DA:520,5
DA:525,5
DA:527,5
DA:531,5
DA:532,5
DA:535,5
DA:536,5
DA:538,5
DA:540,5
DA:541,5
LF:117
LH:113
BRDA:165,1,0,88
BRDA:165,1,1,0
BRDA:182,2,0,86
BRDA:182,2,1,0
BRDA:183,3,0,86
BRDA:183,3,1,0
BRDA:212,4,0,11
BRDA:212,4,1,0
BRDA:226,5,0,9
BRDA:226,5,1,0
BRDA:227,6,0,9
BRDA:227,6,1,0
BRDA:251,7,0,88
BRDA:251,7,1,0
BRDA:252,8,0,88
BRDA:252,8,1,0
BRDA:253,9,0,88
BRDA:253,9,1,0
BRDA:255,10,0,87
BRDA:255,10,1,1
BRDA:256,11,0,86
BRDA:256,11,1,1
BRDA:271,12,0,10
BRDA:271,12,1,1
BRDA:272,13,0,10
BRDA:272,13,1,0
BRDA:273,14,0,9
BRDA:273,14,1,1
BRDA:315,15,0,86
BRDA:315,15,1,0
BRDA:354,16,0,9
BRDA:354,16,1,0
BRDA:430,17,0,2
BRDA:430,17,1,0
BRDA:434,18,0,2
BRDA:434,18,1,0
BRDA:461,19,0,2
BRDA:461,19,1,2
BRDA:467,20,0,0
BRDA:467,20,1,2
BRDA:477,21,0,3
BRDA:477,21,1,0
BRDA:484,22,0,2
BRDA:484,22,1,1
BRDA:495,23,0,2
BRDA:495,23,1,0
BRDA:520,24,0,0
BRDA:520,24,1,5
BRDA:527,25,0,0
BRDA:527,25,1,5
BRDA:532,26,0,0
BRDA:532,26,1,5
BRDA:540,27,0,5
BRDA:540,27,1,0
BRF:54
BRH:33
end_of_record
TN:
SF:G:\_projects\intercoin\StakingContract\src\contracts\interfaces\ICommunityCoin.sol
FNF:0
FNH:0
LF:0
LH:0
BRF:0
BRH:0
end_of_record
TN:
SF:G:\_projects\intercoin\StakingContract\src\contracts\interfaces\ICommunityStakingPool.sol
FNF:0
FNH:0
LF:0
LH:0
BRF:0
BRH:0
end_of_record
TN:
SF:G:\_projects\intercoin\StakingContract\src\contracts\interfaces\ICommunityStakingPoolErc20.sol
FNF:0
FNH:0
LF:0
LH:0
BRF:0
BRH:0
end_of_record
TN:
SF:G:\_projects\intercoin\StakingContract\src\contracts\interfaces\ICommunityStakingPoolFactory.sol
FNF:0
FNH:0
LF:0
LH:0
BRF:0
BRH:0
end_of_record
TN:
SF:G:\_projects\intercoin\StakingContract\src\contracts\interfaces\IERC20Dpl.sol
FNF:0
FNH:0
LF:0
LH:0
BRF:0
BRH:0
end_of_record
TN:
SF:G:\_projects\intercoin\StakingContract\src\contracts\interfaces\IHook.sol
FNF:0
FNH:0
LF:0
LH:0
BRF:0
BRH:0
end_of_record
TN:
SF:G:\_projects\intercoin\StakingContract\src\contracts\interfaces\IStructs.sol
FNF:0
FNH:0
LF:0
LH:0
BRF:0
BRH:0
end_of_record
TN:
SF:G:\_projects\intercoin\StakingContract\src\contracts\interfaces\ITrustedForwarder.sol
FNF:0
FNH:0
LF:0
LH:0
BRF:0
BRH:0
end_of_record
TN:
SF:G:\_projects\intercoin\StakingContract\src\contracts\libs\PoolStakesLib.sol
FN:21,getAmountLeft
FN:101,available
FNF:2
FNH:2
FNDA:24,getAmountLeft
FNDA:23,available
DA:34,24
DA:42,18
DA:43,18
DA:49,18
DA:50,18
DA:51,18
DA:73,18
DA:78,24
DA:85,6
DA:89,1
DA:96,23
DA:127,23
DA:128,17
DA:131,23
DA:132,23
DA:133,23
DA:135,23
DA:138,23
DA:139,23
DA:142,23
DA:144,23
DA:148,5
DA:161,23
DA:165,18
DA:174,23
DA:176,23
DA:177,23
DA:178,23
DA:179,23
DA:181,23
DA:183,23
DA:185,23
DA:192,23
LF:33
LH:33
BRDA:34,1,0,18
BRDA:34,1,1,6
BRDA:78,2,0,6
BRDA:78,2,1,18
BRDA:85,3,0,1
BRDA:85,3,1,5
BRDA:127,4,0,17
BRDA:127,4,1,6
BRDA:144,5,0,5
BRDA:144,5,1,18
BRDA:161,6,0,18
BRDA:161,6,1,5
BRDA:174,7,0,23
BRDA:174,7,1,0
BRDA:192,8,0,0
BRDA:192,8,1,23
BRF:16
BRH:14
end_of_record
TN:
SF:G:\_projects\intercoin\StakingContract\src\contracts\libs\SwapSettingsLib.sol
FN:6,netWorkSettings
FNF:1
FNH:1
FNDA:293,netWorkSettings
DA:12,293
DA:13,293
DA:16,293
DA:18,293
DA:24,0
DA:30,0
DA:35,0
LF:7
LH:4
BRDA:16,1,0,293
BRDA:16,1,1,0
BRDA:22,2,0,0
BRDA:22,2,1,0
BRDA:28,3,0,0
BRDA:28,3,1,0
BRF:6
BRH:1
end_of_record
TN:
SF:G:\_projects\intercoin\StakingContract\src\contracts\maps\CommunityAccessMap.sol
FNF:0
FNH:0
LF:0
LH:0
BRF:0
BRH:0
end_of_record
TN:
SF:G:\_projects\intercoin\StakingContract\src\contracts\minimums\common\MinimumsBase.sol
FN:54,constructor
FN:76,_minimumsAdd
FN:104,_minimumsClear
FN:117,_automaticLockupAdd
FN:130,_automaticLockupRemove
FN:143,_getMinimum
FN:178,_minimumsClear
FN:214,_minimumsAddLow
FN:243,_reduceMinimum
FN:294,minimumsTransfer
FN:408,getIndexInterval
FN:413,sortAsc
FN:418,quickSortAsc
FNF:13
FNH:0
FNDA:0,constructor
FNDA:0,_minimumsAdd
FNDA:0,_minimumsClear
FNDA:0,_automaticLockupAdd
FNDA:0,_automaticLockupRemove
FNDA:0,_getMinimum
FNDA:0,_minimumsClear
FNDA:0,_minimumsAddLow
FNDA:0,_reduceMinimum
FNDA:0,minimumsTransfer
FNDA:0,getIndexInterval
FNDA:0,sortAsc
FNDA:0,quickSortAsc
DA:59,0
DA:61,0
DA:63,0
DA:87,0
DA:88,0
DA:89,0
DA:91,0
DA:93,0
DA:95,0
DA:110,0
DA:123,0
DA:124,0
DA:135,0
DA:151,0
DA:152,0
DA:153,0
DA:154,0
DA:156,0
DA:157,0
DA:159,0
DA:185,0
DA:186,0
DA:187,0
DA:188,0
DA:189,0
DA:190,0
DA:194,0
DA:195,0
DA:200,0
DA:223,0
DA:224,0
DA:226,0
DA:233,0
DA:252,0
DA:254,0
DA:256,0
DA:258,0
DA:259,0
DA:260,0
DA:265,0
DA:266,0
DA:268,0
DA:275,0
DA:279,0
DA:280,0
DA:303,0
DA:304,0
DA:307,0
DA:308,0
DA:309,0
DA:310,0
DA:312,0
DA:314,0
DA:315,0
DA:317,0
DA:319,0
DA:322,0
DA:323,0
DA:324,0
DA:326,0
DA:327,0
DA:331,0
DA:340,0
DA:341,0
DA:344,0
DA:345,0
DA:352,0
DA:355,0
DA:356,0
DA:357,0
DA:360,0
DA:361,0
DA:364,0
DA:376,0
DA:377,0
DA:379,0
DA:380,0
DA:409,0
DA:414,0
DA:415,0
DA:419,0
DA:420,0
DA:421,0
DA:422,0
DA:423,0
DA:424,0
DA:425,0
DA:426,0
DA:427,0
DA:428,0
DA:429,0
DA:432,0
DA:433,0
DA:434,0
DA:435,0
LF:95
LH:0
BRDA:59,1,0,0
BRDA:59,1,1,0
BRDA:89,2,0,0
BRDA:89,2,1,0
BRDA:156,3,0,0
BRDA:156,3,1,0
BRDA:187,4,0,0
BRDA:187,4,1,0
BRDA:190,5,0,0
BRDA:190,5,1,0
BRDA:224,6,0,0
BRDA:224,6,1,0
BRDA:252,7,0,0
BRDA:252,7,1,0
BRDA:254,8,0,0
BRDA:254,8,1,0
BRDA:259,9,0,0
BRDA:259,9,1,0
BRDA:265,10,0,0
BRDA:265,10,1,0
BRDA:275,11,0,0
BRDA:275,11,1,0
BRDA:307,12,0,0
BRDA:307,12,1,0
BRDA:319,13,0,0
BRDA:319,13,1,0
BRDA:322,14,0,0
BRDA:322,14,1,0
BRDA:340,15,0,0
BRDA:340,15,1,0
BRDA:344,16,0,0
BRDA:344,16,1,0
BRDA:355,17,0,0
BRDA:355,17,1,0
BRDA:376,18,0,0
BRDA:376,18,1,0
BRDA:379,19,0,0
BRDA:379,19,1,0
BRDA:421,20,0,0
BRDA:421,20,1,0
BRDA:426,21,0,0
BRDA:426,21,1,0
BRDA:432,22,0,0
BRDA:432,22,1,0
BRDA:434,23,0,0
BRDA:434,23,1,0
BRF:46
BRH:0
end_of_record
TN:
SF:G:\_projects\intercoin\StakingContract\src\contracts\minimums\libs\MinimumsLib.sol
FN:42,_minimumsAdd
FN:71,_minimumsClear
FN:85,_automaticLockupAdd
FN:99,_automaticLockupRemove
FN:111,_getMinimum
FN:140,_getMinimumList
FN:181,_minimumsClear
FN:218,_minimumsAddLow
FN:247,_reduceMinimum
FN:297,minimumsTransfer
FN:415,getIndexInterval
FN:420,sortAsc
FN:425,quickSortAsc
FNF:13
FNH:10
FNDA:86,_minimumsAdd
FNDA:0,_minimumsClear
FNDA:0,_automaticLockupAdd
FNDA:0,_automaticLockupRemove
FNDA:163,_getMinimum
FNDA:4,_getMinimumList
FNDA:86,_minimumsClear
FNDA:86,_minimumsAddLow
FNDA:23,_reduceMinimum
FNDA:23,minimumsTransfer
FNDA:89,getIndexInterval
FNDA:23,sortAsc
FNDA:23,quickSortAsc
DA:54,86
DA:55,86
DA:56,86
DA:58,86
DA:60,86
DA:62,86
DA:78,0
DA:92,0
DA:93,0
DA:104,0
DA:119,163
DA:120,163
DA:121,163
DA:122,66
DA:124,66
DA:125,38
DA:127,38
DA:148,4
DA:149,4
DA:150,4
DA:152,4
DA:155,4
DA:156,3
DA:158,3
DA:159,3
DA:160,3
DA:161,3
DA:162,3
DA:173,4
DA:189,86
DA:190,86
DA:191,86
DA:192,3
DA:193,3
DA:194,3
DA:198,0
DA:199,0
DA:204,86
DA:227,86
DA:228,86
DA:230,0
DA:237,86
DA:256,23
DA:258,23
DA:260,0
DA:262,0
DA:263,0
DA:264,0
DA:269,23
DA:270,2
DA:272,21
DA:279,23
DA:283,21
DA:284,21
DA:308,23
DA:309,23
DA:312,23
DA:313,23
DA:314,23
DA:315,23
DA:317,23
DA:319,23
DA:320,23
DA:322,23
DA:324,23
DA:327,23
DA:328,21
DA:329,21
DA:331,2
DA:332,2
DA:336,23
DA:346,23
DA:347,0
DA:350,23
DA:351,23
DA:358,0
DA:361,0
DA:362,0
DA:363,0
DA:366,0
DA:367,0
DA:370,0
DA:383,0
DA:384,0
DA:386,0
DA:387,0
DA:416,89
DA:421,23
DA:422,23
DA:426,23
DA:427,23
DA:428,23
DA:429,0
DA:430,0
DA:431,0
DA:432,0
DA:433,0
DA:434,0
DA:435,0
DA:436,0
DA:439,0
DA:440,0
DA:441,0
DA:442,0
LF:104
LH:69
BRDA:56,1,0,86
BRDA:56,1,1,0
BRDA:124,2,0,38
BRDA:124,2,1,28
BRDA:158,3,0,3
BRDA:158,3,1,0
BRDA:191,4,0,3
BRDA:191,4,1,83
BRDA:194,5,0,0
BRDA:194,5,1,3
BRDA:228,6,0,0
BRDA:228,6,1,86
BRDA:256,7,0,23
BRDA:256,7,1,0
BRDA:258,8,0,0
BRDA:258,8,1,23
BRDA:263,9,0,0
BRDA:263,9,1,0
BRDA:269,10,0,2
BRDA:269,10,1,21
BRDA:279,11,0,21
BRDA:279,11,1,2
BRDA:312,12,0,23
BRDA:312,12,1,0
BRDA:324,13,0,23
BRDA:324,13,1,0
BRDA:327,14,0,21
BRDA:327,14,1,2
BRDA:346,15,0,0
BRDA:346,15,1,23
BRDA:350,16,0,23
BRDA:350,16,1,0
BRDA:361,17,0,0
BRDA:361,17,1,0
BRDA:383,18,0,0
BRDA:383,18,1,0
BRDA:386,19,0,0
BRDA:386,19,1,0
BRDA:428,20,0,23
BRDA:428,20,1,0
BRDA:433,21,0,0
BRDA:433,21,1,0
BRDA:439,22,0,0
BRDA:439,22,1,0
BRDA:441,23,0,0
BRDA:441,23,1,0
BRF:46
BRH:21
end_of_record
TN:
SF:G:\_projects\intercoin\StakingContract\src\contracts\minimums\upgradeable\MinimumsBaseUpgradeable.sol
FN:59,__MinimumsBaseUpgradeable_init
FN:79,_minimumsAdd
FN:107,_minimumsClear
FN:120,_automaticLockupAdd
FN:133,_automaticLockupRemove
FN:146,_getMinimum
FN:175,_getMinimumList
FN:217,_minimumsClear
FN:253,_minimumsAddLow
FN:282,_reduceMinimum
FN:333,minimumsTransfer
FN:447,getIndexInterval
FN:452,sortAsc
FN:457,quickSortAsc
FNF:14
FNH:0
FNDA:0,__MinimumsBaseUpgradeable_init
FNDA:0,_minimumsAdd
FNDA:0,_minimumsClear
FNDA:0,_automaticLockupAdd
FNDA:0,_automaticLockupRemove
FNDA:0,_getMinimum
FNDA:0,_getMinimumList
FNDA:0,_minimumsClear
FNDA:0,_minimumsAddLow
FNDA:0,_reduceMinimum
FNDA:0,minimumsTransfer
FNDA:0,getIndexInterval
FNDA:0,sortAsc
FNDA:0,quickSortAsc
DA:61,0
DA:63,0
DA:65,0
DA:90,0
DA:91,0
DA:92,0
DA:94,0
DA:96,0
DA:98,0
DA:113,0
DA:126,0
DA:127,0
DA:138,0
DA:154,0
DA:155,0
DA:156,0
DA:157,0
DA:159,0
DA:160,0
DA:162,0
DA:183,0
DA:184,0
DA:185,0
DA:187,0
DA:190,0
DA:191,0
DA:193,0
DA:194,0
DA:195,0
DA:196,0
DA:197,0
DA:208,0
DA:224,0
DA:225,0
DA:226,0
DA:227,0
DA:228,0
DA:229,0
DA:233,0
DA:234,0
DA:239,0
DA:262,0
DA:263,0
DA:265,0
DA:272,0
DA:291,0
DA:293,0
DA:295,0
DA:297,0
DA:298,0
DA:299,0
DA:304,0
DA:305,0
DA:307,0
DA:314,0
DA:318,0
DA:319,0
DA:342,0
DA:343,0
DA:346,0
DA:347,0
DA:348,0
DA:349,0
DA:351,0
DA:353,0
DA:354,0
DA:356,0
DA:358,0
DA:361,0
DA:362,0
DA:363,0
DA:365,0
DA:366,0
DA:370,0
DA:379,0
DA:380,0
DA:383,0
DA:384,0
DA:391,0
DA:394,0
DA:395,0
DA:396,0
DA:399,0
DA:400,0
DA:403,0
DA:415,0
DA:416,0
DA:418,0
DA:419,0
DA:448,0
DA:453,0
DA:454,0
DA:458,0
DA:459,0
DA:460,0
DA:461,0
DA:462,0
DA:463,0
DA:464,0
DA:465,0
DA:466,0
DA:467,0
DA:468,0
DA:471,0
DA:472,0
DA:473,0
DA:474,0
LF:107
LH:0
BRDA:61,1,0,0
BRDA:61,1,1,0
BRDA:92,2,0,0
BRDA:92,2,1,0
BRDA:159,3,0,0
BRDA:159,3,1,0
BRDA:193,4,0,0
BRDA:193,4,1,0
BRDA:226,5,0,0
BRDA:226,5,1,0
BRDA:229,6,0,0
BRDA:229,6,1,0
BRDA:263,7,0,0
BRDA:263,7,1,0
BRDA:291,8,0,0
BRDA:291,8,1,0
BRDA:293,9,0,0
BRDA:293,9,1,0
BRDA:298,10,0,0
BRDA:298,10,1,0
BRDA:304,11,0,0
BRDA:304,11,1,0
BRDA:314,12,0,0
BRDA:314,12,1,0
BRDA:346,13,0,0
BRDA:346,13,1,0
BRDA:358,14,0,0
BRDA:358,14,1,0
BRDA:361,15,0,0
BRDA:361,15,1,0
BRDA:379,16,0,0
BRDA:379,16,1,0
BRDA:383,17,0,0
BRDA:383,17,1,0
BRDA:394,18,0,0
BRDA:394,18,1,0
BRDA:415,19,0,0
BRDA:415,19,1,0
BRDA:418,20,0,0
BRDA:418,20,1,0
BRDA:460,21,0,0
BRDA:460,21,1,0
BRDA:465,22,0,0
BRDA:465,22,1,0
BRDA:471,23,0,0
BRDA:471,23,1,0
BRDA:473,24,0,0
BRDA:473,24,1,0
BRF:48
BRH:0
end_of_record
TN:
SF:G:\_projects\intercoin\StakingContract\src\contracts\mocks\ERC20Mintable.sol
FN:22,constructor
FN:32,mint
FNF:2
FNH:2
FNDA:1941,constructor
FNDA:805,mint
DA:33,805
LF:1
LH:1
BRF:0
BRH:0
end_of_record
TN:
SF:G:\_projects\intercoin\StakingContract\src\contracts\mocks\MockCommunity.sol
FN:10,initialize
FN:21,addressesCount
FN:24,setMemberCount
FN:28,setRoles
FN:38,getRoles
FN:52,getAddresses
FNF:6
FNH:2
FNDA:0,initialize
FNDA:0,addressesCount
FNDA:0,setMemberCount
FNDA:30,setRoles
FNDA:38,getRoles
FNDA:0,getAddresses
DA:22,0
DA:25,0
DA:29,30
DA:30,30
DA:31,146
DA:32,146
DA:46,38
DA:48,38
DA:53,0
DA:54,0
LF:10
LH:6
BRF:0
BRH:0
end_of_record
TN:
SF:G:\_projects\intercoin\StakingContract\src\contracts\mocks\MockCommunityStakingPool.sol
FN:10,setUniswapPair
FNF:1
FNH:1
FNDA:3,setUniswapPair
DA:11,3
LF:1
LH:1
BRF:0
BRH:0
end_of_record
TN:
SF:G:\_projects\intercoin\StakingContract\src\contracts\mocks\MockHook.sol
FN:14,setupVars
FN:25,onlyCaller
FN:31,setupCaller
FN:36,claim
FN:46,bonus
FN:60,transferHook
FNF:6
FNH:3
FNDA:3,setupVars
FNDA:0,onlyCaller
FNDA:0,setupCaller
FNDA:0,claim
FNDA:3,bonus
FNDA:2,transferHook
DA:20,3
DA:21,3
DA:26,0
DA:27,0
DA:32,0
DA:33,0
DA:71,2
LF:7
LH:3
BRDA:26,1,0,0
BRDA:26,1,1,0
BRDA:32,2,0,0
BRDA:32,2,1,0
BRF:4
BRH:0
end_of_record
TN:
SF:G:\_projects\intercoin\StakingContract\src\contracts\mocks\MockReleaseManager.sol
FNF:0
FNH:0
LF:0
LH:0
BRF:0
BRH:0
end_of_record
TN:
SF:G:\_projects\intercoin\StakingContract\src\contracts\mocks\MockReleaseManagerFactory.sol
FN:7,constructor
FNF:1
FNH:1
FNDA:297,constructor
LF:0
LH:0
BRF:0
BRH:0
end_of_record
TN:
SF:G:\_projects\intercoin\StakingContract\src\contracts\mocks\MockSrqtCoverage.sol
FN:8,calculateSqrt
FNF:1
FNH:1
FNDA:12,calculateSqrt
DA:15,12
LF:1
LH:1
BRF:0
BRH:0
end_of_record
TN:
SF:G:\_projects\intercoin\StakingContract\src\contracts\mocks\uniswap\IUniswapV2PairMock.sol
FNF:0
FNH:0
LF:0
LH:0
BRF:0
BRH:0
end_of_record
TN:
SF:G:\_projects\intercoin\StakingContract\src\contracts\Rewards.sol
FN:22,constructor
FN:28,onlyCaller
FN:34,setupCaller
FN:43,claim
FN:55,bonus
FN:73,transferHook
FNF:6
FNH:1
FNDA:12,constructor
FNDA:0,onlyCaller
FNDA:0,setupCaller
FNDA:0,claim
FNDA:0,bonus
FNDA:0,transferHook
DA:29,0
DA:30,0
DA:35,0
DA:36,0
DA:60,0
DA:76,0
LF:6
LH:0
BRDA:29,1,0,0
BRDA:29,1,1,0
BRDA:35,2,0,0
BRDA:35,2,1,0
BRF:4
BRH:0
end_of_record
TN:
SF:G:\_projects\intercoin\StakingContract\src\contracts\RewardsBase.sol
FN:41,validGasPrice
FN:53,constructor
FN:74,getConfig
FN:93,_exchange
FN:116,setGroup
FN:126,getTokenPrice
FN:141,getGroupBonus
FN:145,_getGroupBonus
FN:164,_getTokenAmount
FN:172,_sendTokens
FN:188,_setGroup
FN:220,_addBonus
FN:263,getContractTotalAmount
FNF:13
FNH:1
FNDA:0,validGasPrice
FNDA:12,constructor
FNDA:0,getConfig
FNDA:0,_exchange
FNDA:0,setGroup
FNDA:0,getTokenPrice
FNDA:0,getGroupBonus
FNDA:0,_getGroupBonus
FNDA:0,_getTokenAmount
FNDA:0,_sendTokens
FNDA:0,_setGroup
FNDA:0,_addBonus
FNDA:0,getContractTotalAmount
DA:42,0
DA:43,0
DA:56,12
DA:58,12
DA:60,12
DA:61,12
DA:62,12
DA:63,12
DA:64,12
DA:86,0
DA:87,0
DA:88,0
DA:89,0
DA:90,0
DA:94,0
DA:95,0
DA:96,0
DA:98,0
DA:99,0
DA:101,0
DA:102,0
DA:105,0
DA:117,0
DA:118,0
DA:127,0
DA:128,0
DA:129,0
DA:130,0
DA:131,0
DA:132,0
DA:142,0
DA:146,0
DA:148,0
DA:149,0
DA:150,0
DA:151,0
DA:152,0
DA:153,0
DA:154,0
DA:165,0
DA:174,0
DA:175,0
DA:177,0
DA:178,0
DA:180,0
DA:181,0
DA:189,0
DA:190,0
DA:192,0
DA:193,0
DA:194,0
DA:195,0
DA:197,0
DA:198,0
DA:199,0
DA:200,0
DA:203,0
DA:205,0
DA:206,0
DA:227,0
DA:229,0
DA:231,0
DA:232,0
DA:235,0
DA:236,0
DA:237,0
DA:239,0
DA:241,0
DA:242,0
DA:244,0
DA:249,0
DA:250,0
DA:251,0
DA:253,0
DA:259,0
DA:264,0
LF:76
LH:7
BRDA:42,1,0,0
BRDA:42,1,1,0
BRDA:56,2,0,12
BRDA:56,2,1,0
BRDA:96,3,0,0
BRDA:96,3,1,0
BRDA:99,4,0,0
BRDA:99,4,1,0
BRDA:102,5,0,0
BRDA:102,5,1,0
BRDA:130,6,0,0
BRDA:130,6,1,0
BRDA:148,7,0,0
BRDA:148,7,1,0
BRDA:152,8,0,0
BRDA:152,8,1,0
BRDA:174,9,0,0
BRDA:174,9,1,0
BRDA:175,10,0,0
BRDA:175,10,1,0
BRDA:178,11,0,0
BRDA:178,11,1,0
BRDA:181,12,0,0
BRDA:181,12,1,0
BRDA:189,13,0,0
BRDA:189,13,1,0
BRDA:190,14,0,0
BRDA:190,14,1,0
BRDA:192,15,0,0
BRDA:192,15,1,0
BRDA:197,16,0,0
BRDA:197,16,1,0
BRDA:205,17,0,0
BRDA:205,17,1,0
BRDA:227,18,0,0
BRDA:227,18,1,0
BRDA:249,19,0,0
BRDA:249,19,1,0
BRF:38
BRH:1
end_of_record
TN:
SF:G:\_projects\intercoin\StakingContract\src\contracts\RolesManagement.sol
FN:26,__RolesManagement_init
FN:44,_setCommission
FN:53,_invitedBy
FN:64,_checkRole
FN:84,hasRole
FNF:5
FNH:3
FNDA:198,__RolesManagement_init
FNDA:0,_setCommission
FNDA:0,_invitedBy
FNDA:38,_checkRole
FNDA:38,hasRole
DA:29,198
DA:31,198
DA:32,198
DA:33,198
DA:34,198
DA:35,198
DA:36,198
DA:49,0
DA:60,0
DA:65,38
DA:66,13
DA:94,38
DA:96,38
DA:97,120
DA:98,25
DA:102,13
LF:16
LH:14
BRDA:29,1,0,198
BRDA:29,1,1,0
BRDA:65,2,0,13
BRDA:65,2,1,25
BRDA:97,3,0,25
BRDA:97,3,1,95
BRF:6
BRH:5
end_of_record
